#
# There is insufficient memory for the Java Runtime Environment to continue.
# Native memory allocation (malloc) failed to allocate 1112512 bytes. Error detail: Chunk::new
# Possible reasons:
#   The system is out of physical RAM or swap space
#   This process is running with CompressedOops enabled, and the Java Heap may be blocking the growth of the native heap
# Possible solutions:
#   Reduce memory load on the system
#   Increase physical memory or swap space
#   Check if swap backing store is full
#   Decrease Java heap size (-Xmx/-Xms)
#   Decrease number of Java threads
#   Decrease Java thread stack sizes (-Xss)
#   Set larger code cache with -XX:ReservedCodeCacheSize=
#   JVM is running with Unscaled Compressed Oops mode in which the Java heap is
#     placed in the first 4GB address space. The Java Heap base address is the
#     maximum limit for the native heap growth. Please use -XX:HeapBaseMinAddress
#     to set the Java Heap base and to place the Java Heap above 4GB virtual address.
# This output file may be truncated or incomplete.
#
#  Out of Memory Error (arena.cpp:168), pid=5720, tid=13564
#
# JRE version: OpenJDK Runtime Environment Temurin-21.0.6+7 (21.0.6+7) (build 21.0.6+7-LTS)
# Java VM: OpenJDK 64-Bit Server VM Temurin-21.0.6+7 (21.0.6+7-LTS, mixed mode, sharing, tiered, compressed oops, compressed class ptrs, parallel gc, windows-amd64)
# No core dump will be written. Minidumps are not enabled by default on client versions of Windows
#

---------------  S U M M A R Y ------------

Command Line: --add-modules=ALL-SYSTEM --add-opens=java.base/java.util=ALL-UNNAMED --add-opens=java.base/java.lang=ALL-UNNAMED --add-opens=java.base/sun.nio.fs=ALL-UNNAMED -Declipse.application=org.eclipse.jdt.ls.core.id1 -Dosgi.bundles.defaultStartLevel=4 -Declipse.product=org.eclipse.jdt.ls.core.product -Djava.import.generatesMetadataFilesAtProjectRoot=false -DDetectVMInstallationsJob.disabled=true -Dfile.encoding=utf8 -XX:+UseParallelGC -XX:GCTimeRatio=4 -XX:AdaptiveSizePolicyWeight=90 -Dsun.zip.disableMemoryMapping=true -Xmx1G -Xms100m -Xlog:disable -javaagent:c:\Users\DELL\.vscode\extensions\redhat.java-1.41.1-win32-x64\lombok\lombok-1.18.36.jar -XX:+HeapDumpOnOutOfMemoryError -XX:HeapDumpPath=c:\Users\DELL\AppData\Roaming\Code\User\workspaceStorage\3445d51e809f9ea81cb50ad7f9c6bd4c\redhat.java -Daether.dependencyCollector.impl=bf c:\Users\DELL\.vscode\extensions\redhat.java-1.41.1-win32-x64\server\plugins\org.eclipse.equinox.launcher_1.7.0.v20250331-1702.jar -configuration c:\Users\DELL\AppData\Roaming\Code\User\globalStorage\redhat.java\1.41.1\config_win -data c:\Users\DELL\AppData\Roaming\Code\User\workspaceStorage\3445d51e809f9ea81cb50ad7f9c6bd4c\redhat.java\jdt_ws --pipe=\\.\pipe\lsp-58c61f503bd2727a67eaa0631a3b5f59-sock

Host: 11th Gen Intel(R) Core(TM) i5-1135G7 @ 2.40GHz, 8 cores, 7G,  Windows 11 , 64 bit Build 26100 (10.0.26100.3912)
Time: Mon May 12 22:46:33 2025 India Standard Time elapsed time: 11.677716 seconds (0d 0h 0m 11s)

---------------  T H R E A D  ---------------

Current thread (0x00000209f6eed390):  JavaThread "C2 CompilerThread0" daemon [_thread_in_native, id=13564, stack(0x0000007668f00000,0x0000007669000000) (1024K)]


Current CompileTask:
C2:11677 3288       4       java.lang.invoke.MethodType::makeImpl (109 bytes)

Stack: [0x0000007668f00000,0x0000007669000000]
Native frames: (J=compiled Java code, j=interpreted, Vv=VM code, C=native code)
V  [jvm.dll+0x6cdee9]
V  [jvm.dll+0x8a83d1]
V  [jvm.dll+0x8aa8fe]
V  [jvm.dll+0x8aafe3]
V  [jvm.dll+0x27f706]
V  [jvm.dll+0xc500d]
V  [jvm.dll+0xc5543]
V  [jvm.dll+0x3b678c]
V  [jvm.dll+0x1dfe13]
V  [jvm.dll+0x247b42]
V  [jvm.dll+0x246fcf]
V  [jvm.dll+0x1c75ee]
V  [jvm.dll+0x25685a]
V  [jvm.dll+0x254dfa]
V  [jvm.dll+0x3f0256]
V  [jvm.dll+0x851f8b]
V  [jvm.dll+0x6cc5ed]
C  [ucrtbase.dll+0x37b0]
C  [KERNEL32.DLL+0x2e8d7]
C  [ntdll.dll+0x9c5dc]


---------------  P R O C E S S  ---------------

Threads class SMR info:
_java_thread_list=0x00000209fde14ac0, length=23, elements={
0x00000209e2b2b780, 0x00000209f6edd650, 0x00000209f6ee0710, 0x00000209f6ee2eb0,
0x00000209f6ee3f50, 0x00000209f6ee81a0, 0x00000209f6eeb000, 0x00000209f6eed390,
0x00000209f6ef8f60, 0x00000209f6f1dda0, 0x00000209f8be4a30, 0x00000209fd7c65f0,
0x00000209fdae1940, 0x00000209fd910740, 0x00000209fd911170, 0x00000209fdcc10d0,
0x00000209fd75f240, 0x00000209fe1d00f0, 0x00000209fd3afc50, 0x00000209fd3b1d20,
0x00000209fd3b0970, 0x00000209fd3b1000, 0x00000209fd3af5c0
}

Java Threads: ( => current thread )
  0x00000209e2b2b780 JavaThread "main"                              [_thread_blocked, id=12232, stack(0x0000007668500000,0x0000007668600000) (1024K)]
  0x00000209f6edd650 JavaThread "Reference Handler"          daemon [_thread_blocked, id=16172, stack(0x0000007668900000,0x0000007668a00000) (1024K)]
  0x00000209f6ee0710 JavaThread "Finalizer"                  daemon [_thread_blocked, id=9500, stack(0x0000007668a00000,0x0000007668b00000) (1024K)]
  0x00000209f6ee2eb0 JavaThread "Signal Dispatcher"          daemon [_thread_blocked, id=10912, stack(0x0000007668b00000,0x0000007668c00000) (1024K)]
  0x00000209f6ee3f50 JavaThread "Attach Listener"            daemon [_thread_blocked, id=2040, stack(0x0000007668c00000,0x0000007668d00000) (1024K)]
  0x00000209f6ee81a0 JavaThread "Service Thread"             daemon [_thread_blocked, id=7048, stack(0x0000007668d00000,0x0000007668e00000) (1024K)]
  0x00000209f6eeb000 JavaThread "Monitor Deflation Thread"   daemon [_thread_blocked, id=5704, stack(0x0000007668e00000,0x0000007668f00000) (1024K)]
=>0x00000209f6eed390 JavaThread "C2 CompilerThread0"         daemon [_thread_in_native, id=13564, stack(0x0000007668f00000,0x0000007669000000) (1024K)]
  0x00000209f6ef8f60 JavaThread "C1 CompilerThread0"         daemon [_thread_in_native, id=8404, stack(0x0000007669000000,0x0000007669100000) (1024K)]
  0x00000209f6f1dda0 JavaThread "Common-Cleaner"             daemon [_thread_blocked, id=6036, stack(0x0000007669100000,0x0000007669200000) (1024K)]
  0x00000209f8be4a30 JavaThread "Notification Thread"        daemon [_thread_blocked, id=2856, stack(0x0000007669200000,0x0000007669300000) (1024K)]
  0x00000209fd7c65f0 JavaThread "Active Thread: Equinox Container: 8ae85185-ae8f-4b39-9bd1-22a4e0202d34"        [_thread_blocked, id=12208, stack(0x0000007669b00000,0x0000007669c00000) (1024K)]
  0x00000209fdae1940 JavaThread "Refresh Thread: Equinox Container: 8ae85185-ae8f-4b39-9bd1-22a4e0202d34" daemon [_thread_blocked, id=1764, stack(0x0000007669400000,0x0000007669500000) (1024K)]
  0x00000209fd910740 JavaThread "Framework Event Dispatcher: Equinox Container: 8ae85185-ae8f-4b39-9bd1-22a4e0202d34" daemon [_thread_blocked, id=5276, stack(0x0000007669d00000,0x0000007669e00000) (1024K)]
  0x00000209fd911170 JavaThread "Start Level: Equinox Container: 8ae85185-ae8f-4b39-9bd1-22a4e0202d34" daemon [_thread_in_vm, id=12652, stack(0x0000007669e00000,0x0000007669f00000) (1024K)]
  0x00000209fdcc10d0 JavaThread "Bundle File Closer"         daemon [_thread_blocked, id=3324, stack(0x000000766a000000,0x000000766a100000) (1024K)]
  0x00000209fd75f240 JavaThread "SCR Component Actor"        daemon [_thread_blocked, id=13848, stack(0x0000007669f00000,0x000000766a000000) (1024K)]
  0x00000209fe1d00f0 JavaThread "SCR Component Registry"     daemon [_thread_blocked, id=12624, stack(0x000000766a100000,0x000000766a200000) (1024K)]
  0x00000209fd3afc50 JavaThread "Worker-JM"                         [_thread_blocked, id=2892, stack(0x000000766a200000,0x000000766a300000) (1024K)]
  0x00000209fd3b1d20 JavaThread "JNA Cleaner"                daemon [_thread_blocked, id=1196, stack(0x000000766a300000,0x000000766a400000) (1024K)]
  0x00000209fd3b0970 JavaThread "Worker-0: Checking project encoding"        [_thread_blocked, id=1748, stack(0x000000766a400000,0x000000766a500000) (1024K)]
  0x00000209fd3b1000 JavaThread "Worker-1: Refreshing workspace"        [_thread_blocked, id=13536, stack(0x000000766a500000,0x000000766a600000) (1024K)]
  0x00000209fd3af5c0 JavaThread "Worker-2"                          [_thread_blocked, id=1796, stack(0x000000766a600000,0x000000766a700000) (1024K)]
Total: 23

Other Threads:
  0x00000209f6ec1870 VMThread "VM Thread"                           [id=12900, stack(0x0000007668800000,0x0000007668900000) (1024K)]
  0x00000209e2b99ae0 WatcherThread "VM Periodic Task Thread"        [id=8516, stack(0x0000007668700000,0x0000007668800000) (1024K)]
  0x00000209e2b4b3f0 WorkerThread "GC Thread#0"                     [id=5396, stack(0x0000007668600000,0x0000007668700000) (1024K)]
  0x00000209fd8c1fe0 WorkerThread "GC Thread#1"                     [id=2384, stack(0x0000007669500000,0x0000007669600000) (1024K)]
  0x00000209fd8c2380 WorkerThread "GC Thread#2"                     [id=2148, stack(0x0000007669600000,0x0000007669700000) (1024K)]
  0x00000209fd4dc1f0 WorkerThread "GC Thread#3"                     [id=7888, stack(0x0000007669700000,0x0000007669800000) (1024K)]
  0x00000209fd4dc590 WorkerThread "GC Thread#4"                     [id=2044, stack(0x0000007669800000,0x0000007669900000) (1024K)]
  0x00000209fd4dc930 WorkerThread "GC Thread#5"                     [id=8096, stack(0x0000007669900000,0x0000007669a00000) (1024K)]
  0x00000209fd01b4f0 WorkerThread "GC Thread#6"                     [id=2364, stack(0x0000007669a00000,0x0000007669b00000) (1024K)]
  0x00000209fd326530 WorkerThread "GC Thread#7"                     [id=5140, stack(0x0000007669c00000,0x0000007669d00000) (1024K)]
Total: 10

Threads with active compile tasks:
C2 CompilerThread0  11711 3288       4       java.lang.invoke.MethodType::makeImpl (109 bytes)
C1 CompilerThread0  11711 3503       3       org.objectweb.asm.ClassReader::readCode (5117 bytes)
Total: 2

VM state: not at safepoint (normal execution)

VM Mutex/Monitor currently owned by a thread: None

Heap address: 0x00000000c0000000, size: 1024 MB, Compressed Oops mode: 32-bit

CDS archive(s) mapped at: [0x0000020980000000-0x0000020980ba0000-0x0000020980ba0000), size 12189696, SharedBaseAddress: 0x0000020980000000, ArchiveRelocationMode: 1.
Compressed class space mapped at: 0x0000020981000000-0x00000209c1000000, reserved size: 1073741824
Narrow klass base: 0x0000020980000000, Narrow klass shift: 0, Narrow klass range: 0x100000000

GC Precious Log:
 CardTable entry size: 512
 CPUs: 8 total, 8 available
 Memory: 7926M
 Large Page Support: Disabled
 NUMA Support: Disabled
 Compressed Oops: Enabled (32-bit)
 Alignments: Space 512K, Generation 512K, Heap 2M
 Heap Min Capacity: 100M
 Heap Initial Capacity: 100M
 Heap Max Capacity: 1G
 Pre-touch: Disabled
 Parallel Workers: 8

Heap:
 PSYoungGen      total 29184K, used 22239K [0x00000000eab00000, 0x00000000ed080000, 0x0000000100000000)
  eden space 25088K, 72% used [0x00000000eab00000,0x00000000ebcb9298,0x00000000ec380000)
  from space 4096K, 99% used [0x00000000ec400000,0x00000000ec7feba8,0x00000000ec800000)
  to   space 6656K, 0% used [0x00000000eca00000,0x00000000eca00000,0x00000000ed080000)
 ParOldGen       total 68608K, used 8466K [0x00000000c0000000, 0x00000000c4300000, 0x00000000eab00000)
  object space 68608K, 12% used [0x00000000c0000000,0x00000000c0844b48,0x00000000c4300000)
 Metaspace       used 18153K, committed 18880K, reserved 1114112K
  class space    used 1817K, committed 2112K, reserved 1048576K

Card table byte_map: [0x00000209e24d0000,0x00000209e26e0000] _byte_map_base: 0x00000209e1ed0000

Marking Bits: (ParMarkBitMap*) 0x00007ffedee53260
 Begin Bits: [0x00000209f4d20000, 0x00000209f5d20000)
 End Bits:   [0x00000209f5d20000, 0x00000209f6d20000)

Polling page: 0x00000209e09f0000

Metaspace:

Usage:
  Non-class:     15.95 MB used.
      Class:      1.78 MB used.
       Both:     17.73 MB used.

Virtual space:
  Non-class space:       64.00 MB reserved,      16.38 MB ( 26%) committed,  1 nodes.
      Class space:        1.00 GB reserved,       2.06 MB ( <1%) committed,  1 nodes.
             Both:        1.06 GB reserved,      18.44 MB (  2%) committed. 

Chunk freelists:
   Non-Class:  15.61 MB
       Class:  13.96 MB
        Both:  29.57 MB

MaxMetaspaceSize: unlimited
CompressedClassSpaceSize: 1.00 GB
Initial GC threshold: 21.00 MB
Current GC threshold: 21.00 MB
CDS: on
 - commit_granule_bytes: 65536.
 - commit_granule_words: 8192.
 - virtual_space_node_default_size: 8388608.
 - enlarge_chunks_in_place: 1.
 - use_allocation_guard: 0.


Internal statistics:

num_allocs_failed_limit: 0.
num_arena_births: 532.
num_arena_deaths: 0.
num_vsnodes_births: 2.
num_vsnodes_deaths: 0.
num_space_committed: 295.
num_space_uncommitted: 0.
num_chunks_returned_to_freelist: 0.
num_chunks_taken_from_freelist: 1184.
num_chunk_merges: 0.
num_chunk_splits: 772.
num_chunks_enlarged: 511.
num_inconsistent_stats: 0.

CodeHeap 'non-profiled nmethods': size=120000Kb used=1551Kb max_used=1551Kb free=118449Kb
 bounds [0x00000209ed7f0000, 0x00000209eda60000, 0x00000209f4d20000]
CodeHeap 'profiled nmethods': size=120000Kb used=7109Kb max_used=7109Kb free=112890Kb
 bounds [0x00000209e5d20000, 0x00000209e6420000, 0x00000209ed250000]
CodeHeap 'non-nmethods': size=5760Kb used=1293Kb max_used=1309Kb free=4466Kb
 bounds [0x00000209ed250000, 0x00000209ed4c0000, 0x00000209ed7f0000]
 total_blobs=4055 nmethods=3499 adapters=462
 compilation: enabled
              stopped_count=0, restarted_count=0
 full_count=0

Compilation events (20 events):
Event: 9.642 Thread 0x00000209f6ef8f60 3491       3       org.objectweb.asm.tree.VarInsnNode::<init> (11 bytes)
Event: 9.642 Thread 0x00000209f6ef8f60 nmethod 3491 0x00000209e640c910 code [0x00000209e640cac0, 0x00000209e640cc98]
Event: 9.642 Thread 0x00000209f6ef8f60 3492       3       org.objectweb.asm.tree.VarInsnNode::accept (18 bytes)
Event: 9.642 Thread 0x00000209f6ef8f60 nmethod 3492 0x00000209e640cd90 code [0x00000209e640cf40, 0x00000209e640d178]
Event: 9.642 Thread 0x00000209f6ef8f60 3493       3       org.apache.aries.spifly.weaver.TCCLSetterVisitor$TCCLSetterMethodVisitor::visitVarInsn (22 bytes)
Event: 9.643 Thread 0x00000209f6ef8f60 nmethod 3493 0x00000209e640d290 code [0x00000209e640d440, 0x00000209e640d5a8]
Event: 9.643 Thread 0x00000209f6ef8f60 3494       3       org.objectweb.asm.commons.LocalVariablesSorter::visitVarInsn (159 bytes)
Event: 9.643 Thread 0x00000209f6ef8f60 nmethod 3494 0x00000209e640d690 code [0x00000209e640d900, 0x00000209e640e308]
Event: 9.643 Thread 0x00000209f6ef8f60 3495       3       org.objectweb.asm.MethodVisitor::visitVarInsn (17 bytes)
Event: 9.644 Thread 0x00000209f6ef8f60 nmethod 3495 0x00000209e640e690 code [0x00000209e640e840, 0x00000209e640ea48]
Event: 9.644 Thread 0x00000209f6ef8f60 3498       3       org.objectweb.asm.Frame::push (59 bytes)
Event: 9.645 Thread 0x00000209f6ef8f60 nmethod 3498 0x00000209e640eb10 code [0x00000209e640ed60, 0x00000209e640f4f0]
Event: 9.645 Thread 0x00000209f6ef8f60 3499       3       org.objectweb.asm.MethodWriter::visitVarInsn (302 bytes)
Event: 9.645 Thread 0x00000209fdcd7770 3500       4       java.lang.ThreadLocal::get (8 bytes)
Event: 9.646 Thread 0x00000209f6ef8f60 nmethod 3499 0x00000209e640f890 code [0x00000209e640fb00, 0x00000209e6410480]
Event: 9.646 Thread 0x00000209f6ef8f60 3487       3       org.objectweb.asm.tree.Util::add (27 bytes)
Event: 9.647 Thread 0x00000209f6ef8f60 nmethod 3487 0x00000209e6410710 code [0x00000209e64108e0, 0x00000209e6410b98]
Event: 9.647 Thread 0x00000209f6ef8f60 3497       1       org.objectweb.asm.tree.InsnList::getLast (5 bytes)
Event: 9.647 Thread 0x00000209f6ef8f60 nmethod 3497 0x00000209ed973110 code [0x00000209ed9732a0, 0x00000209ed973368]
Event: 9.649 Thread 0x00000209fdcd7770 nmethod 3500 0x00000209ed973410 code [0x00000209ed9735c0, 0x00000209ed973760]

GC Heap History (10 events):
Event: 5.384 GC heap before
{Heap before GC invocations=1 (full 0):
 PSYoungGen      total 29696K, used 25600K [0x00000000eab00000, 0x00000000ecc00000, 0x0000000100000000)
  eden space 25600K, 100% used [0x00000000eab00000,0x00000000ec400000,0x00000000ec400000)
  from space 4096K, 0% used [0x00000000ec800000,0x00000000ec800000,0x00000000ecc00000)
  to   space 4096K, 0% used [0x00000000ec400000,0x00000000ec400000,0x00000000ec800000)
 ParOldGen       total 68608K, used 0K [0x00000000c0000000, 0x00000000c4300000, 0x00000000eab00000)
  object space 68608K, 0% used [0x00000000c0000000,0x00000000c0000000,0x00000000c4300000)
 Metaspace       used 4316K, committed 4480K, reserved 1114112K
  class space    used 437K, committed 512K, reserved 1048576K
}
Event: 5.395 GC heap after
{Heap after GC invocations=1 (full 0):
 PSYoungGen      total 29696K, used 3214K [0x00000000eab00000, 0x00000000ecc00000, 0x0000000100000000)
  eden space 25600K, 0% used [0x00000000eab00000,0x00000000eab00000,0x00000000ec400000)
  from space 4096K, 78% used [0x00000000ec400000,0x00000000ec723aa0,0x00000000ec800000)
  to   space 4096K, 0% used [0x00000000ec800000,0x00000000ec800000,0x00000000ecc00000)
 ParOldGen       total 68608K, used 16K [0x00000000c0000000, 0x00000000c4300000, 0x00000000eab00000)
  object space 68608K, 0% used [0x00000000c0000000,0x00000000c0004000,0x00000000c4300000)
 Metaspace       used 4316K, committed 4480K, reserved 1114112K
  class space    used 437K, committed 512K, reserved 1048576K
}
Event: 6.484 GC heap before
{Heap before GC invocations=2 (full 0):
 PSYoungGen      total 29696K, used 28814K [0x00000000eab00000, 0x00000000ecc00000, 0x0000000100000000)
  eden space 25600K, 100% used [0x00000000eab00000,0x00000000ec400000,0x00000000ec400000)
  from space 4096K, 78% used [0x00000000ec400000,0x00000000ec723aa0,0x00000000ec800000)
  to   space 4096K, 0% used [0x00000000ec800000,0x00000000ec800000,0x00000000ecc00000)
 ParOldGen       total 68608K, used 16K [0x00000000c0000000, 0x00000000c4300000, 0x00000000eab00000)
  object space 68608K, 0% used [0x00000000c0000000,0x00000000c0004000,0x00000000c4300000)
 Metaspace       used 7937K, committed 8192K, reserved 1114112K
  class space    used 777K, committed 896K, reserved 1048576K
}
Event: 6.494 GC heap after
{Heap after GC invocations=2 (full 0):
 PSYoungGen      total 29696K, used 4068K [0x00000000eab00000, 0x00000000ecc00000, 0x0000000100000000)
  eden space 25600K, 0% used [0x00000000eab00000,0x00000000eab00000,0x00000000ec400000)
  from space 4096K, 99% used [0x00000000ec800000,0x00000000ecbf9158,0x00000000ecc00000)
  to   space 4096K, 0% used [0x00000000ec400000,0x00000000ec400000,0x00000000ec800000)
 ParOldGen       total 68608K, used 1702K [0x00000000c0000000, 0x00000000c4300000, 0x00000000eab00000)
  object space 68608K, 2% used [0x00000000c0000000,0x00000000c01a9a28,0x00000000c4300000)
 Metaspace       used 7937K, committed 8192K, reserved 1114112K
  class space    used 777K, committed 896K, reserved 1048576K
}
Event: 7.226 GC heap before
{Heap before GC invocations=3 (full 0):
 PSYoungGen      total 29696K, used 29668K [0x00000000eab00000, 0x00000000ecc00000, 0x0000000100000000)
  eden space 25600K, 100% used [0x00000000eab00000,0x00000000ec400000,0x00000000ec400000)
  from space 4096K, 99% used [0x00000000ec800000,0x00000000ecbf9158,0x00000000ecc00000)
  to   space 4096K, 0% used [0x00000000ec400000,0x00000000ec400000,0x00000000ec800000)
 ParOldGen       total 68608K, used 1702K [0x00000000c0000000, 0x00000000c4300000, 0x00000000eab00000)
  object space 68608K, 2% used [0x00000000c0000000,0x00000000c01a9a28,0x00000000c4300000)
 Metaspace       used 9127K, committed 9472K, reserved 1114112K
  class space    used 916K, committed 1088K, reserved 1048576K
}
Event: 7.235 GC heap after
{Heap after GC invocations=3 (full 0):
 PSYoungGen      total 29696K, used 4089K [0x00000000eab00000, 0x00000000ecc00000, 0x0000000100000000)
  eden space 25600K, 0% used [0x00000000eab00000,0x00000000eab00000,0x00000000ec400000)
  from space 4096K, 99% used [0x00000000ec400000,0x00000000ec7fe560,0x00000000ec800000)
  to   space 4096K, 0% used [0x00000000ec800000,0x00000000ec800000,0x00000000ecc00000)
 ParOldGen       total 68608K, used 5748K [0x00000000c0000000, 0x00000000c4300000, 0x00000000eab00000)
  object space 68608K, 8% used [0x00000000c0000000,0x00000000c059d048,0x00000000c4300000)
 Metaspace       used 9127K, committed 9472K, reserved 1114112K
  class space    used 916K, committed 1088K, reserved 1048576K
}
Event: 8.116 GC heap before
{Heap before GC invocations=4 (full 0):
 PSYoungGen      total 29696K, used 29689K [0x00000000eab00000, 0x00000000ecc00000, 0x0000000100000000)
  eden space 25600K, 100% used [0x00000000eab00000,0x00000000ec400000,0x00000000ec400000)
  from space 4096K, 99% used [0x00000000ec400000,0x00000000ec7fe560,0x00000000ec800000)
  to   space 4096K, 0% used [0x00000000ec800000,0x00000000ec800000,0x00000000ecc00000)
 ParOldGen       total 68608K, used 5748K [0x00000000c0000000, 0x00000000c4300000, 0x00000000eab00000)
  object space 68608K, 8% used [0x00000000c0000000,0x00000000c059d048,0x00000000c4300000)
 Metaspace       used 12185K, committed 12544K, reserved 1114112K
  class space    used 1210K, committed 1344K, reserved 1048576K
}
Event: 8.125 GC heap after
{Heap after GC invocations=4 (full 0):
 PSYoungGen      total 29696K, used 4089K [0x00000000eab00000, 0x00000000ecc00000, 0x0000000100000000)
  eden space 25600K, 0% used [0x00000000eab00000,0x00000000eab00000,0x00000000ec400000)
  from space 4096K, 99% used [0x00000000ec800000,0x00000000ecbfe410,0x00000000ecc00000)
  to   space 4096K, 0% used [0x00000000ec400000,0x00000000ec400000,0x00000000ec800000)
 ParOldGen       total 68608K, used 6580K [0x00000000c0000000, 0x00000000c4300000, 0x00000000eab00000)
  object space 68608K, 9% used [0x00000000c0000000,0x00000000c066d258,0x00000000c4300000)
 Metaspace       used 12185K, committed 12544K, reserved 1114112K
  class space    used 1210K, committed 1344K, reserved 1048576K
}
Event: 9.040 GC heap before
{Heap before GC invocations=5 (full 0):
 PSYoungGen      total 29696K, used 29657K [0x00000000eab00000, 0x00000000ecc00000, 0x0000000100000000)
  eden space 25600K, 99% used [0x00000000eab00000,0x00000000ec3f8280,0x00000000ec400000)
  from space 4096K, 99% used [0x00000000ec800000,0x00000000ecbfe410,0x00000000ecc00000)
  to   space 4096K, 0% used [0x00000000ec400000,0x00000000ec400000,0x00000000ec800000)
 ParOldGen       total 68608K, used 6580K [0x00000000c0000000, 0x00000000c4300000, 0x00000000eab00000)
  object space 68608K, 9% used [0x00000000c0000000,0x00000000c066d258,0x00000000c4300000)
 Metaspace       used 15892K, committed 16576K, reserved 1114112K
  class space    used 1557K, committed 1856K, reserved 1048576K
}
Event: 9.045 GC heap after
{Heap after GC invocations=5 (full 0):
 PSYoungGen      total 29184K, used 4090K [0x00000000eab00000, 0x00000000ed080000, 0x0000000100000000)
  eden space 25088K, 0% used [0x00000000eab00000,0x00000000eab00000,0x00000000ec380000)
  from space 4096K, 99% used [0x00000000ec400000,0x00000000ec7feba8,0x00000000ec800000)
  to   space 6656K, 0% used [0x00000000eca00000,0x00000000eca00000,0x00000000ed080000)
 ParOldGen       total 68608K, used 8466K [0x00000000c0000000, 0x00000000c4300000, 0x00000000eab00000)
  object space 68608K, 12% used [0x00000000c0000000,0x00000000c0844b48,0x00000000c4300000)
 Metaspace       used 15892K, committed 16576K, reserved 1114112K
  class space    used 1557K, committed 1856K, reserved 1048576K
}

Dll operation events (10 events):
Event: 0.018 Loaded shared library c:\Users\DELL\.vscode\extensions\redhat.java-1.41.1-win32-x64\jre\21.0.6-win32-x86_64\bin\java.dll
Event: 0.191 Loaded shared library c:\Users\DELL\.vscode\extensions\redhat.java-1.41.1-win32-x64\jre\21.0.6-win32-x86_64\bin\zip.dll
Event: 0.267 Loaded shared library C:\Users\DELL\.vscode\extensions\redhat.java-1.41.1-win32-x64\jre\21.0.6-win32-x86_64\bin\instrument.dll
Event: 0.288 Loaded shared library C:\Users\DELL\.vscode\extensions\redhat.java-1.41.1-win32-x64\jre\21.0.6-win32-x86_64\bin\net.dll
Event: 0.312 Loaded shared library C:\Users\DELL\.vscode\extensions\redhat.java-1.41.1-win32-x64\jre\21.0.6-win32-x86_64\bin\nio.dll
Event: 0.322 Loaded shared library C:\Users\DELL\.vscode\extensions\redhat.java-1.41.1-win32-x64\jre\21.0.6-win32-x86_64\bin\zip.dll
Event: 0.362 Loaded shared library C:\Users\DELL\.vscode\extensions\redhat.java-1.41.1-win32-x64\jre\21.0.6-win32-x86_64\bin\jimage.dll
Event: 1.517 Loaded shared library c:\Users\DELL\.vscode\extensions\redhat.java-1.41.1-win32-x64\jre\21.0.6-win32-x86_64\bin\verify.dll
Event: 6.465 Loaded shared library C:\Users\DELL\AppData\Roaming\Code\User\globalStorage\redhat.java\1.41.1\config_win\org.eclipse.equinox.launcher\org.eclipse.equinox.launcher.win32.win32.x86_64_1.2.1300.v20250331-1702\eclipse_11911.dll
Event: 9.291 Loaded shared library C:\Users\DELL\AppData\Local\Temp\jna-2094529\jna16527041664945716884.dll

Deoptimization events (20 events):
Event: 9.383 Thread 0x00000209fd911170 Uncommon trap: trap_request=0xffffff45 fr.pc=0x00000209ed9429a4 relative=0x0000000000000084
Event: 9.383 Thread 0x00000209fd911170 Uncommon trap: reason=unstable_if action=reinterpret pc=0x00000209ed9429a4 method=java.lang.ref.SoftReference.get()Ljava/lang/Object; @ 6 c2
Event: 9.383 Thread 0x00000209fd911170 DEOPT PACKING pc=0x00000209ed9429a4 sp=0x0000007669ef9460
Event: 9.383 Thread 0x00000209fd911170 DEOPT UNPACKING pc=0x00000209ed2a6da2 sp=0x0000007669ef93f8 mode 2
Event: 9.626 Thread 0x00000209fd911170 Uncommon trap: trap_request=0xffffffde fr.pc=0x00000209ed94d070 relative=0x0000000000000050
Event: 9.626 Thread 0x00000209fd911170 Uncommon trap: reason=class_check action=maybe_recompile pc=0x00000209ed94d070 method=java.lang.invoke.DirectMethodHandle.internalMemberName(Ljava/lang/Object;)Ljava/lang/Object; @ 1 c2
Event: 9.626 Thread 0x00000209fd911170 DEOPT PACKING pc=0x00000209ed94d070 sp=0x0000007669ef33c0
Event: 9.626 Thread 0x00000209fd911170 DEOPT UNPACKING pc=0x00000209ed2a6da2 sp=0x0000007669ef3350 mode 2
Event: 9.627 Thread 0x00000209fd911170 Uncommon trap: trap_request=0xffffffde fr.pc=0x00000209ed94d070 relative=0x0000000000000050
Event: 9.627 Thread 0x00000209fd911170 Uncommon trap: reason=class_check action=maybe_recompile pc=0x00000209ed94d070 method=java.lang.invoke.DirectMethodHandle.internalMemberName(Ljava/lang/Object;)Ljava/lang/Object; @ 1 c2
Event: 9.627 Thread 0x00000209fd911170 DEOPT PACKING pc=0x00000209ed94d070 sp=0x0000007669ef33f0
Event: 9.627 Thread 0x00000209fd911170 DEOPT UNPACKING pc=0x00000209ed2a6da2 sp=0x0000007669ef3380 mode 2
Event: 9.627 Thread 0x00000209fd911170 Uncommon trap: trap_request=0xffffffde fr.pc=0x00000209ed94d070 relative=0x0000000000000050
Event: 9.627 Thread 0x00000209fd911170 Uncommon trap: reason=class_check action=maybe_recompile pc=0x00000209ed94d070 method=java.lang.invoke.DirectMethodHandle.internalMemberName(Ljava/lang/Object;)Ljava/lang/Object; @ 1 c2
Event: 9.627 Thread 0x00000209fd911170 DEOPT PACKING pc=0x00000209ed94d070 sp=0x0000007669ef33f0
Event: 9.627 Thread 0x00000209fd911170 DEOPT UNPACKING pc=0x00000209ed2a6da2 sp=0x0000007669ef3380 mode 2
Event: 9.627 Thread 0x00000209fd911170 Uncommon trap: trap_request=0xffffff45 fr.pc=0x00000209ed9366b8 relative=0x00000000000000d8
Event: 9.627 Thread 0x00000209fd911170 Uncommon trap: reason=unstable_if action=reinterpret pc=0x00000209ed9366b8 method=java.util.WeakHashMap.expungeStaleEntries()V @ 9 c2
Event: 9.628 Thread 0x00000209fd911170 DEOPT PACKING pc=0x00000209ed9366b8 sp=0x0000007669ef3500
Event: 9.628 Thread 0x00000209fd911170 DEOPT UNPACKING pc=0x00000209ed2a6da2 sp=0x0000007669ef3458 mode 2

Classes loaded (20 events):
Event: 9.387 Loading class java/io/DataOutputStream
Event: 9.387 Loading class java/io/DataOutputStream done
Event: 9.394 Loading class java/util/stream/SortedOps$SizedRefSortingSink
Event: 9.394 Loading class java/util/stream/SortedOps$SizedRefSortingSink done
Event: 9.434 Loading class java/util/concurrent/atomic/Striped64$1
Event: 9.434 Loading class java/util/concurrent/atomic/Striped64$1 done
Event: 9.505 Loading class java/util/BitSet
Event: 9.506 Loading class java/util/BitSet done
Event: 9.514 Loading class sun/net/www/protocol/jrt/JavaRuntimeURLConnection
Event: 9.514 Loading class sun/net/www/protocol/jrt/JavaRuntimeURLConnection done
Event: 9.515 Loading class sun/net/www/protocol/jrt/JavaRuntimeURLConnection$1
Event: 9.516 Loading class sun/net/www/protocol/jrt/JavaRuntimeURLConnection$1 done
Event: 9.542 Loading class java/util/function/UnaryOperator
Event: 9.542 Loading class java/util/function/UnaryOperator done
Event: 9.544 Loading class java/util/ServiceConfigurationError
Event: 9.544 Loading class java/util/ServiceConfigurationError done
Event: 9.565 Loading class java/lang/InheritableThreadLocal
Event: 9.565 Loading class java/lang/InheritableThreadLocal done
Event: 9.620 Loading class java/security/AccessControlException
Event: 9.621 Loading class java/security/AccessControlException done

Classes unloaded (0 events):
No events

Classes redefined (0 events):
No events

Internal exceptions (20 events):
Event: 8.763 Thread 0x00000209fd911170 Exception <a 'java/io/FileNotFoundException'{0x00000000ebc28c58}> (0x00000000ebc28c58) 
thrown [s\src\hotspot\share\prims\jni.cpp, line 520]
Event: 8.764 Thread 0x00000209fd911170 Exception <a 'java/io/FileNotFoundException'{0x00000000ebc30570}> (0x00000000ebc30570) 
thrown [s\src\hotspot\share\prims\jni.cpp, line 520]
Event: 9.012 Thread 0x00000209fd911170 Exception <a 'java/lang/NoSuchMethodError'{0x00000000ec269f48}: 'java.lang.Object java.lang.invoke.DirectMethodHandle$Holder.invokeStaticInit(java.lang.Object, int)'> (0x00000000ec269f48) 
thrown [s\src\hotspot\share\interpreter\linkResolver.cpp, line 773]
Event: 9.068 Thread 0x00000209fd911170 Exception <a 'java/lang/NoSuchMethodError'{0x00000000eabf96b8}: 'java.lang.Object java.lang.invoke.DirectMethodHandle$Holder.invokeStaticInit(java.lang.Object, int, int, int, int)'> (0x00000000eabf96b8) 
thrown [s\src\hotspot\share\interpreter\linkResolver.cpp, line 773]
Event: 9.111 Thread 0x00000209fd911170 Exception <a 'java/lang/NoSuchMethodError'{0x00000000eacf9568}: 'java.lang.Object java.lang.invoke.DirectMethodHandle$Holder.invokeStaticInit(java.lang.Object, java.lang.Object, int, int, int, int)'> (0x00000000eacf9568) 
thrown [s\src\hotspot\share\interpreter\linkResolver.cpp, line 773]
Event: 9.316 Thread 0x00000209fd911170 Exception <a 'java/lang/NoSuchMethodError'{0x00000000eae07788}: 'void java.lang.invoke.DirectMethodHandle$Holder.invokeSpecial(java.lang.Object, java.lang.Object, java.lang.Object, int)'> (0x00000000eae07788) 
thrown [s\src\hotspot\share\interpreter\linkResolver.cpp, line 773]
Event: 9.316 Thread 0x00000209fd911170 Exception <a 'java/lang/NoSuchMethodError'{0x00000000eae0b118}: 'void java.lang.invoke.DelegatingMethodHandle$Holder.reinvoke_L(java.lang.Object, java.lang.Object, int)'> (0x00000000eae0b118) 
thrown [s\src\hotspot\share\interpreter\linkResolver.cpp, line 773]
Event: 9.317 Thread 0x00000209fd911170 Exception <a 'java/lang/NoSuchMethodError'{0x00000000eae11e50}: 'int java.lang.invoke.Invokers$Holder.invokeExact_MT(java.lang.Object, java.lang.Object, java.lang.Object)'> (0x00000000eae11e50) 
thrown [s\src\hotspot\share\interpreter\linkResolver.cpp, line 773]
Event: 9.341 Thread 0x00000209fd911170 Exception <a 'java/lang/NoSuchMethodError'{0x00000000eaf2ec20}: 'void java.lang.invoke.Invokers$Holder.invokeExact_MT(java.lang.Object, java.lang.Object, int, java.lang.Object)'> (0x00000000eaf2ec20) 
thrown [s\src\hotspot\share\interpreter\linkResolver.cpp, line 773]
Event: 9.365 Thread 0x00000209fd911170 Exception <a 'java/lang/NoSuchMethodError'{0x00000000eb0425f8}: 'java.lang.Object java.lang.invoke.DirectMethodHandle$Holder.invokeSpecial(java.lang.Object, java.lang.Object, java.lang.Object, long, java.lang.Object)'> (0x00000000eb0425f8) 
thrown [s\src\hotspot\share\interpreter\linkResolver.cpp, line 773]
Event: 9.367 Thread 0x00000209fd911170 Exception <a 'java/lang/NoSuchMethodError'{0x00000000eb049d88}: 'java.lang.Object java.lang.invoke.DirectMethodHandle$Holder.newInvokeSpecial(java.lang.Object, java.lang.Object, java.lang.Object, long)'> (0x00000000eb049d88) 
thrown [s\src\hotspot\share\interpreter\linkResolver.cpp, line 773]
Event: 9.367 Thread 0x00000209fd911170 Exception <a 'java/lang/NoSuchMethodError'{0x00000000eb04da08}: 'java.lang.Object java.lang.invoke.Invokers$Holder.linkToTargetMethod(java.lang.Object, java.lang.Object, long, java.lang.Object)'> (0x00000000eb04da08) 
thrown [s\src\hotspot\share\interpreter\linkResolver.cpp, line 773]
Event: 9.385 Thread 0x00000209fd911170 Exception <a 'java/lang/NoSuchMethodError'{0x00000000eb0b5100}: 'int java.lang.invoke.DirectMethodHandle$Holder.invokeStaticInit(java.lang.Object, java.lang.Object, java.lang.Object)'> (0x00000000eb0b5100) 
thrown [s\src\hotspot\share\interpreter\linkResolver.cpp, line 773]
Event: 9.408 Thread 0x00000209fd911170 Exception <a 'java/lang/IncompatibleClassChangeError'{0x00000000eb17c498}: Found class java.lang.Object, but interface was expected> (0x00000000eb17c498) 
thrown [s\src\hotspot\share\interpreter\linkResolver.cpp, line 840]
Event: 9.414 Thread 0x00000209fd911170 Exception <a 'java/lang/NoSuchMethodError'{0x00000000eb1902e0}: 'java.lang.Object java.lang.invoke.DirectMethodHandle$Holder.invokeSpecial(java.lang.Object, java.lang.Object, java.lang.Object, int, java.lang.Object, java.lang.Object)'> (0x00000000eb1902e0) 
thrown [s\src\hotspot\share\interpreter\linkResolver.cpp, line 773]
Event: 9.416 Thread 0x00000209fd911170 Exception <a 'java/lang/NoSuchMethodError'{0x00000000eb197bf0}: 'java.lang.Object java.lang.invoke.DirectMethodHandle$Holder.newInvokeSpecial(java.lang.Object, java.lang.Object, java.lang.Object, int, java.lang.Object)'> (0x00000000eb197bf0) 
thrown [s\src\hotspot\share\interpreter\linkResolver.cpp, line 773]
Event: 9.416 Thread 0x00000209fd911170 Exception <a 'java/lang/NoSuchMethodError'{0x00000000eb19b6e0}: 'java.lang.Object java.lang.invoke.Invokers$Holder.linkToTargetMethod(java.lang.Object, java.lang.Object, int, java.lang.Object, java.lang.Object)'> (0x00000000eb19b6e0) 
thrown [s\src\hotspot\share\interpreter\linkResolver.cpp, line 773]
Event: 9.417 Thread 0x00000209fd3b0970 Exception <a 'java/lang/NoSuchMethodError'{0x00000000eb0da3c8}: 'java.lang.Object java.lang.invoke.DirectMethodHandle$Holder.invokeSpecial(java.lang.Object, java.lang.Object, int, java.lang.Object, java.lang.Object)'> (0x00000000eb0da3c8) 
thrown [s\src\hotspot\share\interpreter\linkResolver.cpp, line 773]
Event: 9.437 Thread 0x00000209fd911170 Exception <a 'java/lang/NoSuchMethodError'{0x00000000eb30ebc0}: 'void java.lang.invoke.DirectMethodHandle$Holder.invokeSpecial(java.lang.Object, java.lang.Object, java.lang.Object, java.lang.Object, java.lang.Object)'> (0x00000000eb30ebc0) 
thrown [s\src\hotspot\share\interpreter\linkResolver.cpp, line 773]
Event: 9.625 Thread 0x00000209fd911170 Exception <a 'java/lang/NoSuchMethodError'{0x00000000ebab59f0}: 'java.lang.Object java.lang.invoke.DirectMethodHandle$Holder.invokeInterface(java.lang.Object, java.lang.Object, java.lang.Object)'> (0x00000000ebab59f0) 
thrown [s\src\hotspot\share\interpreter\linkResolver.cpp, line 773]

ZGC Phase Switch (0 events):
No events

VM Operations (20 events):
Event: 8.125 Executing VM operation: ParallelGCFailedAllocation (Allocation Failure) done
Event: 8.782 Executing VM operation: HandshakeAllThreads (Deoptimize)
Event: 8.782 Executing VM operation: HandshakeAllThreads (Deoptimize) done
Event: 8.998 Executing VM operation: ICBufferFull
Event: 8.999 Executing VM operation: ICBufferFull done
Event: 9.023 Executing VM operation: HandshakeAllThreads (Deoptimize)
Event: 9.023 Executing VM operation: HandshakeAllThreads (Deoptimize) done
Event: 9.040 Executing VM operation: ParallelGCFailedAllocation (Allocation Failure)
Event: 9.045 Executing VM operation: ParallelGCFailedAllocation (Allocation Failure) done
Event: 9.096 Executing VM operation: HandshakeAllThreads (Deoptimize)
Event: 9.096 Executing VM operation: HandshakeAllThreads (Deoptimize) done
Event: 9.300 Executing VM operation: HandshakeAllThreads (Deoptimize)
Event: 9.301 Executing VM operation: HandshakeAllThreads (Deoptimize) done
Event: 9.517 Executing VM operation: HandshakeAllThreads (Deoptimize)
Event: 9.517 Executing VM operation: HandshakeAllThreads (Deoptimize) done
Event: 9.572 Executing VM operation: HandshakeAllThreads (Deoptimize)
Event: 9.573 Executing VM operation: HandshakeAllThreads (Deoptimize) done
Event: 9.582 Executing VM operation: HandshakeAllThreads (Deoptimize)
Event: 9.582 Executing VM operation: HandshakeAllThreads (Deoptimize) done
Event: 10.594 Executing VM operation: Cleanup

Memory protections (0 events):
No events

Nmethod flushes (0 events):
No events

Events (20 events):
Event: 5.642 Thread 0x00000209fd0060a0 Thread exited: 0x00000209fd0060a0
Event: 5.750 Thread 0x00000209f6ef8f60 Thread added: 0x00000209fd41f900
Event: 5.754 Thread 0x00000209f6eed390 Thread added: 0x00000209fd3a2e90
Event: 6.124 Thread 0x00000209e2b2b780 Thread added: 0x00000209fd7c65f0
Event: 6.210 Thread 0x00000209fd3a2e90 Thread exited: 0x00000209fd3a2e90
Event: 6.451 Thread 0x00000209e2b2b780 Thread added: 0x00000209fdae1940
Event: 6.515 Thread 0x00000209fdae1940 Thread added: 0x00000209fd910740
Event: 6.520 Thread 0x00000209e2b2b780 Thread added: 0x00000209fd911170
Event: 6.749 Thread 0x00000209f6ef8f60 Thread added: 0x00000209fd31df20
Event: 7.066 Thread 0x00000209fd911170 Thread added: 0x00000209fdcc10d0
Event: 7.320 Thread 0x00000209fd31df20 Thread exited: 0x00000209fd31df20
Event: 7.392 Thread 0x00000209fd911170 Thread added: 0x00000209fd75f240
Event: 7.558 Thread 0x00000209fd911170 Thread added: 0x00000209fe1d00f0
Event: 7.772 Thread 0x00000209fd41f900 Thread exited: 0x00000209fd41f900
Event: 8.016 Thread 0x00000209f6ef8f60 Thread added: 0x00000209fdcd7770
Event: 8.443 Thread 0x00000209fd911170 Thread added: 0x00000209fd3afc50
Event: 9.325 Thread 0x00000209fd911170 Thread added: 0x00000209fd3b1d20
Event: 9.372 Thread 0x00000209fd911170 Thread added: 0x00000209fd3b0970
Event: 9.417 Thread 0x00000209fd911170 Thread added: 0x00000209fd3b1000
Event: 11.675 Thread 0x00000209fd3b1000 Thread added: 0x00000209fd3af5c0


Dynamic libraries:
0x00007ff6e0d10000 - 0x00007ff6e0d1e000 	c:\Users\DELL\.vscode\extensions\redhat.java-1.41.1-win32-x64\jre\21.0.6-win32-x86_64\bin\java.exe
0x00007fff576c0000 - 0x00007fff57926000 	C:\WINDOWS\SYSTEM32\ntdll.dll
0x00007fff56130000 - 0x00007fff561f9000 	C:\WINDOWS\System32\KERNEL32.DLL
0x00007fff550b0000 - 0x00007fff5547c000 	C:\WINDOWS\System32\KERNELBASE.dll
0x00007fff54c80000 - 0x00007fff54dcb000 	C:\WINDOWS\System32\ucrtbase.dll
0x00007fff401c0000 - 0x00007fff401d8000 	c:\Users\DELL\.vscode\extensions\redhat.java-1.41.1-win32-x64\jre\21.0.6-win32-x86_64\bin\jli.dll
0x00007fff564a0000 - 0x00007fff5666a000 	C:\WINDOWS\System32\USER32.dll
0x00007fff54850000 - 0x00007fff54877000 	C:\WINDOWS\System32\win32u.dll
0x00007fff56200000 - 0x00007fff5622b000 	C:\WINDOWS\System32\GDI32.dll
0x00007fff54880000 - 0x00007fff549b2000 	C:\WINDOWS\System32\gdi32full.dll
0x00007fff549c0000 - 0x00007fff54a63000 	C:\WINDOWS\System32\msvcp_win.dll
0x00007fff401e0000 - 0x00007fff401fe000 	c:\Users\DELL\.vscode\extensions\redhat.java-1.41.1-win32-x64\jre\21.0.6-win32-x86_64\bin\VCRUNTIME140.dll
0x00007fff3d0f0000 - 0x00007fff3d38a000 	C:\WINDOWS\WinSxS\amd64_microsoft.windows.common-controls_6595b64144ccf1df_6.0.26100.3912_none_3e07963ce335137e\COMCTL32.dll
0x00007fff55ff0000 - 0x00007fff56099000 	C:\WINDOWS\System32\msvcrt.dll
0x00007fff55fb0000 - 0x00007fff55fe0000 	C:\WINDOWS\System32\IMM32.DLL
0x00007fff40ae0000 - 0x00007fff40aec000 	c:\Users\DELL\.vscode\extensions\redhat.java-1.41.1-win32-x64\jre\21.0.6-win32-x86_64\bin\vcruntime140_1.dll
0x00007fff400c0000 - 0x00007fff4014d000 	c:\Users\DELL\.vscode\extensions\redhat.java-1.41.1-win32-x64\jre\21.0.6-win32-x86_64\bin\msvcp140.dll
0x00007ffede1a0000 - 0x00007ffedef30000 	c:\Users\DELL\.vscode\extensions\redhat.java-1.41.1-win32-x64\jre\21.0.6-win32-x86_64\bin\server\jvm.dll
0x00007fff566f0000 - 0x00007fff567a2000 	C:\WINDOWS\System32\ADVAPI32.dll
0x00007fff575d0000 - 0x00007fff57676000 	C:\WINDOWS\System32\sechost.dll
0x00007fff567b0000 - 0x00007fff568c6000 	C:\WINDOWS\System32\RPCRT4.dll
0x00007fff569f0000 - 0x00007fff56a64000 	C:\WINDOWS\System32\WS2_32.dll
0x00007fff53480000 - 0x00007fff534de000 	C:\WINDOWS\SYSTEM32\POWRPROF.dll
0x00007fff4be50000 - 0x00007fff4be86000 	C:\WINDOWS\SYSTEM32\WINMM.dll
0x00007fff4b7a0000 - 0x00007fff4b7ab000 	C:\WINDOWS\SYSTEM32\VERSION.dll
0x00007fff53460000 - 0x00007fff53474000 	C:\WINDOWS\SYSTEM32\UMPDC.dll
0x00007fff53730000 - 0x00007fff5374a000 	C:\WINDOWS\SYSTEM32\kernel.appcore.dll
0x00007fff401b0000 - 0x00007fff401ba000 	c:\Users\DELL\.vscode\extensions\redhat.java-1.41.1-win32-x64\jre\21.0.6-win32-x86_64\bin\jimage.dll
0x00007fff51ef0000 - 0x00007fff52131000 	C:\WINDOWS\SYSTEM32\DBGHELP.DLL
0x00007fff55600000 - 0x00007fff55984000 	C:\WINDOWS\System32\combase.dll
0x00007fff568e0000 - 0x00007fff569c0000 	C:\WINDOWS\System32\OLEAUT32.dll
0x00007fff34570000 - 0x00007fff345a9000 	C:\WINDOWS\SYSTEM32\dbgcore.DLL
0x00007fff54e90000 - 0x00007fff54f29000 	C:\WINDOWS\System32\bcryptPrimitives.dll
0x00007fff400b0000 - 0x00007fff400bf000 	c:\Users\DELL\.vscode\extensions\redhat.java-1.41.1-win32-x64\jre\21.0.6-win32-x86_64\bin\instrument.dll
0x00007fff40090000 - 0x00007fff400af000 	c:\Users\DELL\.vscode\extensions\redhat.java-1.41.1-win32-x64\jre\21.0.6-win32-x86_64\bin\java.dll
0x00007fff56b00000 - 0x00007fff5722d000 	C:\WINDOWS\System32\SHELL32.dll
0x00007fff54b00000 - 0x00007fff54c74000 	C:\WINDOWS\System32\wintypes.dll
0x00007fff524c0000 - 0x00007fff52d16000 	C:\WINDOWS\SYSTEM32\windows.storage.dll
0x00007fff56230000 - 0x00007fff5631f000 	C:\WINDOWS\System32\SHCORE.dll
0x00007fff560c0000 - 0x00007fff56129000 	C:\WINDOWS\System32\shlwapi.dll
0x00007fff54760000 - 0x00007fff5478f000 	C:\WINDOWS\SYSTEM32\profapi.dll
0x00007fff38260000 - 0x00007fff38278000 	c:\Users\DELL\.vscode\extensions\redhat.java-1.41.1-win32-x64\jre\21.0.6-win32-x86_64\bin\zip.dll
0x00007fff40080000 - 0x00007fff40090000 	C:\Users\DELL\.vscode\extensions\redhat.java-1.41.1-win32-x64\jre\21.0.6-win32-x86_64\bin\net.dll
0x00007fff46e20000 - 0x00007fff46f3e000 	C:\WINDOWS\SYSTEM32\WINHTTP.dll
0x00007fff53ca0000 - 0x00007fff53d0a000 	C:\WINDOWS\system32\mswsock.dll
0x00007fff382c0000 - 0x00007fff382d6000 	C:\Users\DELL\.vscode\extensions\redhat.java-1.41.1-win32-x64\jre\21.0.6-win32-x86_64\bin\nio.dll
0x00007fff40070000 - 0x00007fff40080000 	c:\Users\DELL\.vscode\extensions\redhat.java-1.41.1-win32-x64\jre\21.0.6-win32-x86_64\bin\verify.dll
0x00007fff41780000 - 0x00007fff417c5000 	C:\Users\DELL\AppData\Roaming\Code\User\globalStorage\redhat.java\1.41.1\config_win\org.eclipse.equinox.launcher\org.eclipse.equinox.launcher.win32.win32.x86_64_1.2.1300.v20250331-1702\eclipse_11911.dll
0x00007fff57420000 - 0x00007fff575bf000 	C:\WINDOWS\System32\ole32.dll
0x00007fff53f40000 - 0x00007fff53f5c000 	C:\WINDOWS\SYSTEM32\CRYPTSP.dll
0x00007fff53690000 - 0x00007fff536ca000 	C:\WINDOWS\system32\rsaenh.dll
0x00007fff53d40000 - 0x00007fff53d6b000 	C:\WINDOWS\SYSTEM32\USERENV.dll
0x00007fff54730000 - 0x00007fff54756000 	C:\WINDOWS\SYSTEM32\bcrypt.dll
0x00007fff53f60000 - 0x00007fff53f6c000 	C:\WINDOWS\SYSTEM32\CRYPTBASE.dll
0x00007fff53170000 - 0x00007fff531a3000 	C:\WINDOWS\SYSTEM32\IPHLPAPI.DLL
0x00007fff560b0000 - 0x00007fff560ba000 	C:\WINDOWS\System32\NSI.dll
0x00007fff41730000 - 0x00007fff41779000 	C:\Users\DELL\AppData\Local\Temp\jna-2094529\jna16527041664945716884.dll
0x00007fff57230000 - 0x00007fff57238000 	C:\WINDOWS\System32\PSAPI.DLL

dbghelp: loaded successfully - version: 4.0.5 - missing functions: none
symbol engine: initialized successfully - sym options: 0x614 - pdb path: .;c:\Users\DELL\.vscode\extensions\redhat.java-1.41.1-win32-x64\jre\21.0.6-win32-x86_64\bin;C:\WINDOWS\SYSTEM32;C:\WINDOWS\WinSxS\amd64_microsoft.windows.common-controls_6595b64144ccf1df_6.0.26100.3912_none_3e07963ce335137e;c:\Users\DELL\.vscode\extensions\redhat.java-1.41.1-win32-x64\jre\21.0.6-win32-x86_64\bin\server;C:\Users\DELL\AppData\Roaming\Code\User\globalStorage\redhat.java\1.41.1\config_win\org.eclipse.equinox.launcher\org.eclipse.equinox.launcher.win32.win32.x86_64_1.2.1300.v20250331-1702;C:\Users\DELL\AppData\Local\Temp\jna-2094529

VM Arguments:
jvm_args: --add-modules=ALL-SYSTEM --add-opens=java.base/java.util=ALL-UNNAMED --add-opens=java.base/java.lang=ALL-UNNAMED --add-opens=java.base/sun.nio.fs=ALL-UNNAMED -Declipse.application=org.eclipse.jdt.ls.core.id1 -Dosgi.bundles.defaultStartLevel=4 -Declipse.product=org.eclipse.jdt.ls.core.product -Djava.import.generatesMetadataFilesAtProjectRoot=false -DDetectVMInstallationsJob.disabled=true -Dfile.encoding=utf8 -XX:+UseParallelGC -XX:GCTimeRatio=4 -XX:AdaptiveSizePolicyWeight=90 -Dsun.zip.disableMemoryMapping=true -Xmx1G -Xms100m -Xlog:disable -javaagent:c:\Users\DELL\.vscode\extensions\redhat.java-1.41.1-win32-x64\lombok\lombok-1.18.36.jar -XX:+HeapDumpOnOutOfMemoryError -XX:HeapDumpPath=c:\Users\DELL\AppData\Roaming\Code\User\workspaceStorage\3445d51e809f9ea81cb50ad7f9c6bd4c\redhat.java -Daether.dependencyCollector.impl=bf 
java_command: c:\Users\DELL\.vscode\extensions\redhat.java-1.41.1-win32-x64\server\plugins\org.eclipse.equinox.launcher_1.7.0.v20250331-1702.jar -configuration c:\Users\DELL\AppData\Roaming\Code\User\globalStorage\redhat.java\1.41.1\config_win -data c:\Users\DELL\AppData\Roaming\Code\User\workspaceStorage\3445d51e809f9ea81cb50ad7f9c6bd4c\redhat.java\jdt_ws --pipe=\\.\pipe\lsp-58c61f503bd2727a67eaa0631a3b5f59-sock
java_class_path (initial): c:\Users\DELL\.vscode\extensions\redhat.java-1.41.1-win32-x64\server\plugins\org.eclipse.equinox.launcher_1.7.0.v20250331-1702.jar
Launcher Type: SUN_STANDARD

[Global flags]
    uintx AdaptiveSizePolicyWeight                 = 90                                        {product} {command line}
     intx CICompilerCount                          = 4                                         {product} {ergonomic}
    uintx GCTimeRatio                              = 4                                         {product} {command line}
     bool HeapDumpOnOutOfMemoryError               = true                                   {manageable} {command line}
    ccstr HeapDumpPath                             = c:\Users\DELL\AppData\Roaming\Code\User\workspaceStorage\3445d51e809f9ea81cb50ad7f9c6bd4c\redhat.java         {manageable} {command line}
   size_t InitialHeapSize                          = 104857600                                 {product} {command line}
   size_t MaxHeapSize                              = 1073741824                                {product} {command line}
   size_t MaxNewSize                               = 357564416                                 {product} {ergonomic}
   size_t MinHeapDeltaBytes                        = 524288                                    {product} {ergonomic}
   size_t MinHeapSize                              = 104857600                                 {product} {command line}
   size_t NewSize                                  = 34603008                                  {product} {ergonomic}
    uintx NonNMethodCodeHeapSize                   = 5839372                                {pd product} {ergonomic}
    uintx NonProfiledCodeHeapSize                  = 122909434                              {pd product} {ergonomic}
   size_t OldSize                                  = 70254592                                  {product} {ergonomic}
    uintx ProfiledCodeHeapSize                     = 122909434                              {pd product} {ergonomic}
    uintx ReservedCodeCacheSize                    = 251658240                              {pd product} {ergonomic}
     bool SegmentedCodeCache                       = true                                      {product} {ergonomic}
   size_t SoftMaxHeapSize                          = 1073741824                             {manageable} {ergonomic}
     bool UseCompressedOops                        = true                           {product lp64_product} {ergonomic}
     bool UseLargePagesIndividualAllocation        = false                                  {pd product} {ergonomic}
     bool UseParallelGC                            = true                                      {product} {command line}

Logging:
Log output configuration:
 #0: stdout all=off uptime,level,tags foldmultilines=false
 #1: stderr all=off uptime,level,tags foldmultilines=false

Environment Variables:
JAVA_HOME=C:\Program Files\Java\jdk-17\
CLASSPATH=C:\Program Files\Java\jdk-22\lib\sqlite-jdbc-3.34.0.jar
PATH=C:\Program Files\Python312\Scripts\;C:\Program Files\Python312\;C:\Program Files\Common Files\Oracle\Java\javapath;C:\WINDOWS\system32;C:\WINDOWS;C:\WINDOWS\System32\Wbem;C:\WINDOWS\System32\WindowsPowerShell\v1.0\;C:\WINDOWS\System32\OpenSSH\;C:\Program Files\Java\jdk-22\bin;C:\Program Files\Git\cmd;C:\Program Files\nodejs\;C:\Program Files\Java\jdk-17\bin;C:\Program Files\MySQL\MySQL Shell 8.0\bin\;C:\Users\DELL\AppData\Local\Microsoft\WindowsApps;C:\Users\DELL\AppData\Local\Programs\Microsoft VS Code\bin;C:\Users\DELL\AppData\Local\Microsoft\WinGet\Packages\Schniz.fnm_Microsoft.Winget.Source_8wekyb3d8bbwe;C:\Users\DELL\AppData\Roaming\npm;C:\Users\DELL\AppData\Local\Pub\Cache\bin;E:\Mongosh\;C:\Flutter\src\flutter\bin;
USERNAME=DELL
OS=Windows_NT
PROCESSOR_IDENTIFIER=Intel64 Family 6 Model 140 Stepping 1, GenuineIntel
TMP=C:\Users\DELL\AppData\Local\Temp
TEMP=C:\Users\DELL\AppData\Local\Temp




Periodic native trim disabled

---------------  S Y S T E M  ---------------

OS:
 Windows 11 , 64 bit Build 26100 (10.0.26100.3912)
OS uptime: 0 days 0:03 hours
Hyper-V role detected

CPU: total 8 (initial active 8) (4 cores per cpu, 2 threads per core) family 6 model 140 stepping 1 microcode 0xbc, cx8, cmov, fxsr, ht, mmx, 3dnowpref, sse, sse2, sse3, ssse3, sse4.1, sse4.2, popcnt, lzcnt, tsc, tscinvbit, avx, avx2, aes, erms, clmul, bmi1, bmi2, adx, avx512f, avx512dq, avx512cd, avx512bw, avx512vl, sha, fma, vzeroupper, avx512_vpopcntdq, avx512_vpclmulqdq, avx512_vaes, avx512_vnni, clflush, clflushopt, clwb, avx512_vbmi2, avx512_vbmi, hv, rdtscp, rdpid, fsrm, gfni, avx512_bitalg, f16c, cet_ibt, cet_ss, avx512_ifma
Processor Information for processor 0
  Max Mhz: 2419, Current Mhz: 2419, Mhz Limit: 2419
Processor Information for processor 1
  Max Mhz: 2419, Current Mhz: 2419, Mhz Limit: 2419
Processor Information for processor 2
  Max Mhz: 2419, Current Mhz: 1209, Mhz Limit: 2419
Processor Information for processor 3
  Max Mhz: 2419, Current Mhz: 1209, Mhz Limit: 2419
Processor Information for processor 4
  Max Mhz: 2419, Current Mhz: 2419, Mhz Limit: 2419
Processor Information for processor 5
  Max Mhz: 2419, Current Mhz: 1209, Mhz Limit: 2419
Processor Information for processor 6
  Max Mhz: 2419, Current Mhz: 2419, Mhz Limit: 2419
Processor Information for processor 7
  Max Mhz: 2419, Current Mhz: 1209, Mhz Limit: 2419

Memory: 4k page, system-wide physical 7926M (1284M free)
TotalPageFile size 7926M (AvailPageFile size 5M)
current process WorkingSet (physical memory assigned to process): 139M, peak: 141M
current process commit charge ("private bytes"): 245M, peak: 246M

vm_info: OpenJDK 64-Bit Server VM (21.0.6+7-LTS) for windows-amd64 JRE (21.0.6+7-LTS), built on 2025-01-21T00:00:00Z by "admin" with MS VC++ 17.7 (VS2022)

END.
