#
# There is insufficient memory for the Java Runtime Environment to continue.
# Native memory allocation (malloc) failed to allocate 294288 bytes. Error detail: Chunk::new
# Possible reasons:
#   The system is out of physical RAM or swap space
#   This process is running with CompressedOops enabled, and the Java Heap may be blocking the growth of the native heap
# Possible solutions:
#   Reduce memory load on the system
#   Increase physical memory or swap space
#   Check if swap backing store is full
#   Decrease Java heap size (-Xmx/-Xms)
#   Decrease number of Java threads
#   Decrease Java thread stack sizes (-Xss)
#   Set larger code cache with -XX:ReservedCodeCacheSize=
#   JVM is running with Unscaled Compressed Oops mode in which the Java heap is
#     placed in the first 4GB address space. The Java Heap base address is the
#     maximum limit for the native heap growth. Please use -XX:HeapBaseMinAddress
#     to set the Java Heap base and to place the Java Heap above 4GB virtual address.
# This output file may be truncated or incomplete.
#
#  Out of Memory Error (arena.cpp:168), pid=14960, tid=12548
#
# JRE version: OpenJDK Runtime Environment Temurin-21.0.6+7 (21.0.6+7) (build 21.0.6+7-LTS)
# Java VM: OpenJDK 64-Bit Server VM Temurin-21.0.6+7 (21.0.6+7-LTS, mixed mode, sharing, tiered, compressed oops, compressed class ptrs, parallel gc, windows-amd64)
# No core dump will be written. Minidumps are not enabled by default on client versions of Windows
#

---------------  S U M M A R Y ------------

Command Line: --add-modules=ALL-SYSTEM --add-opens=java.base/java.util=ALL-UNNAMED --add-opens=java.base/java.lang=ALL-UNNAMED --add-opens=java.base/sun.nio.fs=ALL-UNNAMED -Declipse.application=org.eclipse.jdt.ls.core.id1 -Dosgi.bundles.defaultStartLevel=4 -Declipse.product=org.eclipse.jdt.ls.core.product -Djava.import.generatesMetadataFilesAtProjectRoot=false -DDetectVMInstallationsJob.disabled=true -Dfile.encoding=utf8 -XX:+UseParallelGC -XX:GCTimeRatio=4 -XX:AdaptiveSizePolicyWeight=90 -Dsun.zip.disableMemoryMapping=true -Xmx1G -Xms100m -Xlog:disable -javaagent:c:\Users\DELL\.vscode\extensions\redhat.java-1.41.1-win32-x64\lombok\lombok-1.18.36.jar c:\Users\DELL\.vscode\extensions\redhat.java-1.41.1-win32-x64\server\plugins\org.eclipse.equinox.launcher_1.7.0.v20250331-1702.jar -configuration c:\Users\DELL\AppData\Roaming\Code\User\globalStorage\redhat.java\1.41.1\config_ss_win -data c:\Users\DELL\AppData\Roaming\Code\User\workspaceStorage\3445d51e809f9ea81cb50ad7f9c6bd4c\redhat.java\ss_ws --pipe=\\.\pipe\lsp-056d1bdea6b595d2a878fac6f4ca937e-sock

Host: 11th Gen Intel(R) Core(TM) i5-1135G7 @ 2.40GHz, 8 cores, 7G,  Windows 11 , 64 bit Build 26100 (10.0.26100.3912)
Time: Thu May 15 21:26:06 2025 India Standard Time elapsed time: 12.615479 seconds (0d 0h 0m 12s)

---------------  T H R E A D  ---------------

Current thread (0x000002023fea4f60):  JavaThread "C2 CompilerThread0" daemon [_thread_in_native, id=12548, stack(0x000000f7a4f00000,0x000000f7a5000000) (1024K)]


Current CompileTask:
C2:12615 2139 %     4       java.util.Properties$LineReader::readLine @ 53 (584 bytes)

Stack: [0x000000f7a4f00000,0x000000f7a5000000]
Native frames: (J=compiled Java code, j=interpreted, Vv=VM code, C=native code)
V  [jvm.dll+0x6cdee9]
V  [jvm.dll+0x8a83d1]
V  [jvm.dll+0x8aa8fe]
V  [jvm.dll+0x8aafe3]
V  [jvm.dll+0x27f706]
V  [jvm.dll+0xc500d]
V  [jvm.dll+0xc5543]
V  [jvm.dll+0x3b678c]
V  [jvm.dll+0x382935]
V  [jvm.dll+0x381d9a]
V  [jvm.dll+0x2479f0]
V  [jvm.dll+0x246fcf]
V  [jvm.dll+0x1c75ee]
V  [jvm.dll+0x25685a]
V  [jvm.dll+0x254dfa]
V  [jvm.dll+0x3f0256]
V  [jvm.dll+0x851f8b]
V  [jvm.dll+0x6cc5ed]
C  [ucrtbase.dll+0x37b0]
C  [KERNEL32.DLL+0x2e8d7]
C  [ntdll.dll+0x9c5dc]


---------------  P R O C E S S  ---------------

Threads class SMR info:
_java_thread_list=0x0000020282912560, length=19, elements={
0x000002022badb4c0, 0x000002023fe8cbb0, 0x000002023fe8f790, 0x000002023fe94d90,
0x000002023fe95c60, 0x000002023fe9a0c0, 0x000002023fe9e3e0, 0x000002023fea4f60,
0x000002023feafbb0, 0x00000202829500b0, 0x0000020282bb9060, 0x0000020287466810,
0x00000202876c9ee0, 0x0000020287963bc0, 0x00000202879f7e60, 0x0000020287913390,
0x0000020287466eb0, 0x0000020287aa81e0, 0x000002028705f730
}

Java Threads: ( => current thread )
  0x000002022badb4c0 JavaThread "main"                              [_thread_blocked, id=4984, stack(0x000000f7a4500000,0x000000f7a4600000) (1024K)]
  0x000002023fe8cbb0 JavaThread "Reference Handler"          daemon [_thread_blocked, id=7704, stack(0x000000f7a4900000,0x000000f7a4a00000) (1024K)]
  0x000002023fe8f790 JavaThread "Finalizer"                  daemon [_thread_blocked, id=12792, stack(0x000000f7a4a00000,0x000000f7a4b00000) (1024K)]
  0x000002023fe94d90 JavaThread "Signal Dispatcher"          daemon [_thread_blocked, id=14908, stack(0x000000f7a4b00000,0x000000f7a4c00000) (1024K)]
  0x000002023fe95c60 JavaThread "Attach Listener"            daemon [_thread_blocked, id=8388, stack(0x000000f7a4c00000,0x000000f7a4d00000) (1024K)]
  0x000002023fe9a0c0 JavaThread "Service Thread"             daemon [_thread_blocked, id=13432, stack(0x000000f7a4d00000,0x000000f7a4e00000) (1024K)]
  0x000002023fe9e3e0 JavaThread "Monitor Deflation Thread"   daemon [_thread_blocked, id=11452, stack(0x000000f7a4e00000,0x000000f7a4f00000) (1024K)]
=>0x000002023fea4f60 JavaThread "C2 CompilerThread0"         daemon [_thread_in_native, id=12548, stack(0x000000f7a4f00000,0x000000f7a5000000) (1024K)]
  0x000002023feafbb0 JavaThread "C1 CompilerThread0"         daemon [_thread_blocked, id=2176, stack(0x000000f7a5000000,0x000000f7a5100000) (1024K)]
  0x00000202829500b0 JavaThread "Common-Cleaner"             daemon [_thread_blocked, id=12364, stack(0x000000f7a5100000,0x000000f7a5200000) (1024K)]
  0x0000020282bb9060 JavaThread "Notification Thread"        daemon [_thread_blocked, id=8224, stack(0x000000f7a5300000,0x000000f7a5400000) (1024K)]
  0x0000020287466810 JavaThread "C2 CompilerThread1"         daemon [_thread_blocked, id=6628, stack(0x000000f7a5200000,0x000000f7a5300000) (1024K)]
  0x00000202876c9ee0 JavaThread "Active Thread: Equinox Container: b938b667-b539-4668-919f-35122e5d878c"        [_thread_blocked, id=3908, stack(0x000000f7a5b00000,0x000000f7a5c00000) (1024K)]
  0x0000020287963bc0 JavaThread "Framework Event Dispatcher: Equinox Container: b938b667-b539-4668-919f-35122e5d878c" daemon [_thread_blocked, id=14412, stack(0x000000f7a5c00000,0x000000f7a5d00000) (1024K)]
  0x00000202879f7e60 JavaThread "Start Level: Equinox Container: b938b667-b539-4668-919f-35122e5d878c" daemon [_thread_in_vm, id=3424, stack(0x000000f7a5d00000,0x000000f7a5e00000) (1024K)]
  0x0000020287913390 JavaThread "SCR Component Actor"        daemon [_thread_blocked, id=11136, stack(0x000000f7a5e00000,0x000000f7a5f00000) (1024K)]
  0x0000020287466eb0 JavaThread "SCR Component Registry"     daemon [_thread_blocked, id=5808, stack(0x000000f7a5400000,0x000000f7a5500000) (1024K)]
  0x0000020287aa81e0 JavaThread "C2 CompilerThread2"         daemon [_thread_in_native, id=13504, stack(0x000000f7a6000000,0x000000f7a6100000) (1024K)]
  0x000002028705f730 JavaThread "Worker-JM"                         [_thread_blocked, id=3064, stack(0x000000f7a6100000,0x000000f7a6200000) (1024K)]
Total: 19

Other Threads:
  0x000002023fe70b80 VMThread "VM Thread"                           [id=9480, stack(0x000000f7a4800000,0x000000f7a4900000) (1024K)]
  0x000002022bb45ec0 WatcherThread "VM Periodic Task Thread"        [id=7608, stack(0x000000f7a4700000,0x000000f7a4800000) (1024K)]
  0x000002022baf9640 WorkerThread "GC Thread#0"                     [id=11556, stack(0x000000f7a4600000,0x000000f7a4700000) (1024K)]
  0x0000020287345730 WorkerThread "GC Thread#1"                     [id=12572, stack(0x000000f7a5500000,0x000000f7a5600000) (1024K)]
  0x0000020287345ad0 WorkerThread "GC Thread#2"                     [id=13672, stack(0x000000f7a5600000,0x000000f7a5700000) (1024K)]
  0x0000020287345e70 WorkerThread "GC Thread#3"                     [id=9508, stack(0x000000f7a5700000,0x000000f7a5800000) (1024K)]
  0x0000020287346210 WorkerThread "GC Thread#4"                     [id=13780, stack(0x000000f7a5800000,0x000000f7a5900000) (1024K)]
  0x00000202873c5700 WorkerThread "GC Thread#5"                     [id=8872, stack(0x000000f7a5900000,0x000000f7a5a00000) (1024K)]
  0x00000202873c66c0 WorkerThread "GC Thread#6"                     [id=1968, stack(0x000000f7a5a00000,0x000000f7a5b00000) (1024K)]
  0x000002028790dfb0 WorkerThread "GC Thread#7"                     [id=884, stack(0x000000f7a5f00000,0x000000f7a6000000) (1024K)]
Total: 10

Threads with active compile tasks:
C2 CompilerThread0  13639 2139 %     4       java.util.Properties$LineReader::readLine @ 53 (584 bytes)
C2 CompilerThread2  13639 2179 % !   4       java.util.concurrent.ConcurrentHashMap::transfer @ 96 (849 bytes)
Total: 2

VM state: not at safepoint (normal execution)

VM Mutex/Monitor currently owned by a thread:  ([mutex/lock_event])
[0x00007ffe0ca1c300] Metaspace_lock - owner thread: 0x00000202879f7e60

Heap address: 0x00000000c0000000, size: 1024 MB, Compressed Oops mode: 32-bit

CDS archive(s) mapped at: [0x0000020240000000-0x0000020240ba0000-0x0000020240ba0000), size 12189696, SharedBaseAddress: 0x0000020240000000, ArchiveRelocationMode: 1.
Compressed class space mapped at: 0x0000020241000000-0x0000020281000000, reserved size: 1073741824
Narrow klass base: 0x0000020240000000, Narrow klass shift: 0, Narrow klass range: 0x100000000

GC Precious Log:
 CardTable entry size: 512
 CPUs: 8 total, 8 available
 Memory: 7926M
 Large Page Support: Disabled
 NUMA Support: Disabled
 Compressed Oops: Enabled (32-bit)
 Alignments: Space 512K, Generation 512K, Heap 2M
 Heap Min Capacity: 100M
 Heap Initial Capacity: 100M
 Heap Max Capacity: 1G
 Pre-touch: Disabled
 Parallel Workers: 8

Heap:
 PSYoungGen      total 29696K, used 26879K [0x00000000eab00000, 0x00000000ecc00000, 0x0000000100000000)
  eden space 25600K, 89% used [0x00000000eab00000,0x00000000ec144fc8,0x00000000ec400000)
  from space 4096K, 99% used [0x00000000ec800000,0x00000000ecbfafe0,0x00000000ecc00000)
  to   space 4096K, 0% used [0x00000000ec400000,0x00000000ec400000,0x00000000ec800000)
 ParOldGen       total 68608K, used 894K [0x00000000c0000000, 0x00000000c4300000, 0x00000000eab00000)
  object space 68608K, 1% used [0x00000000c0000000,0x00000000c00df830,0x00000000c4300000)
 Metaspace       used 12543K, committed 12992K, reserved 1114112K
  class space    used 1265K, committed 1472K, reserved 1048576K

Card table byte_map: [0x000002022b4b0000,0x000002022b6c0000] _byte_map_base: 0x000002022aeb0000

Marking Bits: (ParMarkBitMap*) 0x00007ffe0ca23260
 Begin Bits: [0x000002023dcd0000, 0x000002023ecd0000)
 End Bits:   [0x000002023ecd0000, 0x000002023fcd0000)

Polling page: 0x000002022b2a0000

Metaspace:

Usage:
  Non-class:     11.01 MB used.
      Class:      1.24 MB used.
       Both:     12.25 MB used.

Virtual space:
  Non-class space:       64.00 MB reserved,      11.25 MB ( 18%) committed,  1 nodes.
      Class space:        1.00 GB reserved,       1.44 MB ( <1%) committed,  1 nodes.
             Both:        1.06 GB reserved,      12.69 MB (  1%) committed. 

Chunk freelists:
   Non-Class:  4.30 MB
       Class:  14.52 MB
        Both:  18.81 MB

MaxMetaspaceSize: unlimited
CompressedClassSpaceSize: 1.00 GB
Initial GC threshold: 21.00 MB
Current GC threshold: 21.00 MB
CDS: on
 - commit_granule_bytes: 65536.
 - commit_granule_words: 8192.
 - virtual_space_node_default_size: 8388608.
 - enlarge_chunks_in_place: 1.
 - use_allocation_guard: 0.


Internal statistics:

num_allocs_failed_limit: 0.
num_arena_births: 320.
num_arena_deaths: 0.
num_vsnodes_births: 2.
num_vsnodes_deaths: 0.
num_space_committed: 203.
num_space_uncommitted: 0.
num_chunks_returned_to_freelist: 0.
num_chunks_taken_from_freelist: 728.
num_chunk_merges: 0.
num_chunk_splits: 485.
num_chunks_enlarged: 309.
num_inconsistent_stats: 0.

CodeHeap 'non-profiled nmethods': size=120000Kb used=913Kb max_used=913Kb free=119086Kb
 bounds [0x00000202367a0000, 0x0000020236a10000, 0x000002023dcd0000]
CodeHeap 'profiled nmethods': size=120000Kb used=4056Kb max_used=4056Kb free=115944Kb
 bounds [0x000002022ecd0000, 0x000002022f0d0000, 0x0000020236200000]
CodeHeap 'non-nmethods': size=5760Kb used=1258Kb max_used=1277Kb free=4501Kb
 bounds [0x0000020236200000, 0x0000020236470000, 0x00000202367a0000]
 total_blobs=2677 nmethods=2161 adapters=422
 compilation: enabled
              stopped_count=0, restarted_count=0
 full_count=0

Compilation events (20 events):
Event: 9.576 Thread 0x000002023feafbb0 nmethod 2162 0x000002022f0b9710 code [0x000002022f0b98c0, 0x000002022f0b9aa0]
Event: 9.576 Thread 0x000002023feafbb0 2157       3       java.lang.invoke.DirectMethodHandle::ftypeKind (38 bytes)
Event: 9.576 Thread 0x000002023feafbb0 nmethod 2157 0x000002022f0b9c10 code [0x000002022f0b9e00, 0x000002022f0ba0d8]
Event: 9.576 Thread 0x000002023feafbb0 2163       3       java.lang.invoke.MethodHandle::asTypeCached (52 bytes)
Event: 9.576 Thread 0x000002023feafbb0 nmethod 2163 0x000002022f0ba210 code [0x000002022f0ba3e0, 0x000002022f0ba808]
Event: 9.576 Thread 0x000002023feafbb0 2165       3       java.lang.invoke.MethodHandle::keepsAlive (49 bytes)
Event: 9.576 Thread 0x0000020287aa81e0 2171       4       java.lang.invoke.MethodType::hashCode (53 bytes)
Event: 9.577 Thread 0x000002023feafbb0 nmethod 2165 0x000002022f0ba990 code [0x000002022f0bac00, 0x000002022f0bb700]
Event: 9.578 Thread 0x000002023feafbb0 2169       3       java.lang.invoke.MethodHandleImpl::computeValueConversions (121 bytes)
Event: 9.578 Thread 0x000002023feafbb0 nmethod 2169 0x000002022f0bbb10 code [0x000002022f0bbd20, 0x000002022f0bc4b8]
Event: 9.578 Thread 0x000002023feafbb0 2168       3       java.lang.invoke.MethodHandleImpl::makePairwiseConvertByEditor (617 bytes)
Event: 9.579 Thread 0x0000020287aa81e0 nmethod 2171 0x0000020236880b10 code [0x0000020236880cc0, 0x0000020236880eb0]
Event: 9.579 Thread 0x0000020287aa81e0 2173       4       jdk.internal.util.StrongReferenceKey::hashCode (8 bytes)
Event: 9.582 Thread 0x000002023feafbb0 nmethod 2168 0x000002022f0bc890 code [0x000002022f0bd080, 0x000002022f0c1f68]
Event: 9.585 Thread 0x000002023feafbb0 2170       3       java.lang.invoke.MethodHandleImpl::countNonNull (42 bytes)
Event: 9.586 Thread 0x000002023feafbb0 nmethod 2170 0x000002022f0c3e90 code [0x000002022f0c4040, 0x000002022f0c4278]
Event: 9.586 Thread 0x000002023feafbb0 2160       3       java.lang.invoke.BoundMethodHandle$Species_L::<init> (12 bytes)
Event: 9.586 Thread 0x000002023feafbb0 nmethod 2160 0x000002022f0c4390 code [0x000002022f0c4540, 0x000002022f0c4728]
Event: 9.586 Thread 0x000002023feafbb0 2152       3       java.lang.invoke.MethodHandle::asTypeUncached (54 bytes)
Event: 10.588 Thread 0x000002023feafbb0 nmethod 2152 0x000002022f0c4810 code [0x000002022f0c4ae0, 0x000002022f0c55d8]

GC Heap History (4 events):
Event: 5.750 GC heap before
{Heap before GC invocations=1 (full 0):
 PSYoungGen      total 29696K, used 25600K [0x00000000eab00000, 0x00000000ecc00000, 0x0000000100000000)
  eden space 25600K, 100% used [0x00000000eab00000,0x00000000ec400000,0x00000000ec400000)
  from space 4096K, 0% used [0x00000000ec800000,0x00000000ec800000,0x00000000ecc00000)
  to   space 4096K, 0% used [0x00000000ec400000,0x00000000ec400000,0x00000000ec800000)
 ParOldGen       total 68608K, used 0K [0x00000000c0000000, 0x00000000c4300000, 0x00000000eab00000)
  object space 68608K, 0% used [0x00000000c0000000,0x00000000c0000000,0x00000000c4300000)
 Metaspace       used 4330K, committed 4480K, reserved 1114112K
  class space    used 438K, committed 512K, reserved 1048576K
}
Event: 5.754 GC heap after
{Heap after GC invocations=1 (full 0):
 PSYoungGen      total 29696K, used 3190K [0x00000000eab00000, 0x00000000ecc00000, 0x0000000100000000)
  eden space 25600K, 0% used [0x00000000eab00000,0x00000000eab00000,0x00000000ec400000)
  from space 4096K, 77% used [0x00000000ec400000,0x00000000ec71d800,0x00000000ec800000)
  to   space 4096K, 0% used [0x00000000ec800000,0x00000000ec800000,0x00000000ecc00000)
 ParOldGen       total 68608K, used 16K [0x00000000c0000000, 0x00000000c4300000, 0x00000000eab00000)
  object space 68608K, 0% used [0x00000000c0000000,0x00000000c0004000,0x00000000c4300000)
 Metaspace       used 4330K, committed 4480K, reserved 1114112K
  class space    used 438K, committed 512K, reserved 1048576K
}
Event: 8.196 GC heap before
{Heap before GC invocations=2 (full 0):
 PSYoungGen      total 29696K, used 28790K [0x00000000eab00000, 0x00000000ecc00000, 0x0000000100000000)
  eden space 25600K, 100% used [0x00000000eab00000,0x00000000ec400000,0x00000000ec400000)
  from space 4096K, 77% used [0x00000000ec400000,0x00000000ec71d800,0x00000000ec800000)
  to   space 4096K, 0% used [0x00000000ec800000,0x00000000ec800000,0x00000000ecc00000)
 ParOldGen       total 68608K, used 16K [0x00000000c0000000, 0x00000000c4300000, 0x00000000eab00000)
  object space 68608K, 0% used [0x00000000c0000000,0x00000000c0004000,0x00000000c4300000)
 Metaspace       used 8207K, committed 8512K, reserved 1114112K
  class space    used 817K, committed 960K, reserved 1048576K
}
Event: 8.200 GC heap after
{Heap after GC invocations=2 (full 0):
 PSYoungGen      total 29696K, used 4075K [0x00000000eab00000, 0x00000000ecc00000, 0x0000000100000000)
  eden space 25600K, 0% used [0x00000000eab00000,0x00000000eab00000,0x00000000ec400000)
  from space 4096K, 99% used [0x00000000ec800000,0x00000000ecbfafe0,0x00000000ecc00000)
  to   space 4096K, 0% used [0x00000000ec400000,0x00000000ec400000,0x00000000ec800000)
 ParOldGen       total 68608K, used 894K [0x00000000c0000000, 0x00000000c4300000, 0x00000000eab00000)
  object space 68608K, 1% used [0x00000000c0000000,0x00000000c00df830,0x00000000c4300000)
 Metaspace       used 8207K, committed 8512K, reserved 1114112K
  class space    used 817K, committed 960K, reserved 1048576K
}

Dll operation events (9 events):
Event: 0.009 Loaded shared library c:\Users\DELL\.vscode\extensions\redhat.java-1.41.1-win32-x64\jre\21.0.6-win32-x86_64\bin\java.dll
Event: 0.085 Loaded shared library c:\Users\DELL\.vscode\extensions\redhat.java-1.41.1-win32-x64\jre\21.0.6-win32-x86_64\bin\zip.dll
Event: 0.104 Loaded shared library C:\Users\DELL\.vscode\extensions\redhat.java-1.41.1-win32-x64\jre\21.0.6-win32-x86_64\bin\instrument.dll
Event: 0.109 Loaded shared library C:\Users\DELL\.vscode\extensions\redhat.java-1.41.1-win32-x64\jre\21.0.6-win32-x86_64\bin\net.dll
Event: 0.112 Loaded shared library C:\Users\DELL\.vscode\extensions\redhat.java-1.41.1-win32-x64\jre\21.0.6-win32-x86_64\bin\nio.dll
Event: 0.114 Loaded shared library C:\Users\DELL\.vscode\extensions\redhat.java-1.41.1-win32-x64\jre\21.0.6-win32-x86_64\bin\zip.dll
Event: 0.129 Loaded shared library C:\Users\DELL\.vscode\extensions\redhat.java-1.41.1-win32-x64\jre\21.0.6-win32-x86_64\bin\jimage.dll
Event: 2.213 Loaded shared library c:\Users\DELL\.vscode\extensions\redhat.java-1.41.1-win32-x64\jre\21.0.6-win32-x86_64\bin\verify.dll
Event: 8.151 Loaded shared library C:\Users\DELL\AppData\Roaming\Code\User\globalStorage\redhat.java\1.41.1\config_ss_win\org.eclipse.equinox.launcher\org.eclipse.equinox.launcher.win32.win32.x86_64_1.2.1300.v20250331-1702\eclipse_11911.dll

Deoptimization events (20 events):
Event: 9.475 Thread 0x00000202879f7e60 Uncommon trap: trap_request=0xffffff45 fr.pc=0x00000202367fd670 relative=0x0000000000000490
Event: 9.475 Thread 0x00000202879f7e60 Uncommon trap: reason=unstable_if action=reinterpret pc=0x00000202367fd670 method=java.util.jar.Manifest$FastInputStream.readLine([BII)I @ 106 c2
Event: 9.475 Thread 0x00000202879f7e60 DEOPT PACKING pc=0x00000202367fd670 sp=0x000000f7a5dfde20
Event: 9.475 Thread 0x00000202879f7e60 DEOPT UNPACKING pc=0x0000020236256da2 sp=0x000000f7a5dfddd0 mode 2
Event: 9.492 Thread 0x00000202879f7e60 Uncommon trap: trap_request=0xffffffc6 fr.pc=0x00000202368771b0 relative=0x0000000000000470
Event: 9.492 Thread 0x00000202879f7e60 Uncommon trap: reason=bimorphic_or_optimized_type_check action=maybe_recompile pc=0x00000202368771b0 method=java.io.DataInputStream.readUnsignedByte()I @ 4 c2
Event: 9.492 Thread 0x00000202879f7e60 DEOPT PACKING pc=0x00000202368771b0 sp=0x000000f7a5df8660
Event: 9.492 Thread 0x00000202879f7e60 DEOPT UNPACKING pc=0x0000020236256da2 sp=0x000000f7a5df85a8 mode 2
Event: 9.492 Thread 0x00000202879f7e60 Uncommon trap: trap_request=0xffffffc6 fr.pc=0x00000202368771b0 relative=0x0000000000000470
Event: 9.492 Thread 0x00000202879f7e60 Uncommon trap: reason=bimorphic_or_optimized_type_check action=maybe_recompile pc=0x00000202368771b0 method=java.io.DataInputStream.readUnsignedByte()I @ 4 c2
Event: 9.492 Thread 0x00000202879f7e60 DEOPT PACKING pc=0x00000202368771b0 sp=0x000000f7a5df85d0
Event: 9.492 Thread 0x00000202879f7e60 DEOPT UNPACKING pc=0x0000020236256da2 sp=0x000000f7a5df8518 mode 2
Event: 9.493 Thread 0x00000202879f7e60 Uncommon trap: trap_request=0xffffffc6 fr.pc=0x00000202368771b0 relative=0x0000000000000470
Event: 9.493 Thread 0x00000202879f7e60 Uncommon trap: reason=bimorphic_or_optimized_type_check action=maybe_recompile pc=0x00000202368771b0 method=java.io.DataInputStream.readUnsignedByte()I @ 4 c2
Event: 9.493 Thread 0x00000202879f7e60 DEOPT PACKING pc=0x00000202368771b0 sp=0x000000f7a5df85d0
Event: 9.493 Thread 0x00000202879f7e60 DEOPT UNPACKING pc=0x0000020236256da2 sp=0x000000f7a5df8518 mode 2
Event: 9.493 Thread 0x00000202879f7e60 Uncommon trap: trap_request=0xffffffc6 fr.pc=0x00000202368771b0 relative=0x0000000000000470
Event: 9.493 Thread 0x00000202879f7e60 Uncommon trap: reason=bimorphic_or_optimized_type_check action=maybe_recompile pc=0x00000202368771b0 method=java.io.DataInputStream.readUnsignedByte()I @ 4 c2
Event: 9.493 Thread 0x00000202879f7e60 DEOPT PACKING pc=0x00000202368771b0 sp=0x000000f7a5df85d0
Event: 9.493 Thread 0x00000202879f7e60 DEOPT UNPACKING pc=0x0000020236256da2 sp=0x000000f7a5df8518 mode 2

Classes loaded (20 events):
Event: 9.493 Loading class java/time/zone/ZoneRulesProvider$1
Event: 9.493 Loading class java/time/zone/ZoneRulesProvider$1 done
Event: 9.493 Loading class java/time/zone/TzdbZoneRulesProvider
Event: 9.493 Loading class java/time/zone/TzdbZoneRulesProvider done
Event: 9.495 Loading class java/time/zone/Ser
Event: 9.495 Loading class java/io/Externalizable
Event: 9.495 Loading class java/io/Externalizable done
Event: 9.495 Loading class java/time/zone/Ser done
Event: 9.497 Loading class java/util/Formatter$FixedString
Event: 9.497 Loading class java/util/Formatter$FixedString done
Event: 9.518 Loading class java/util/concurrent/TimeoutException
Event: 9.518 Loading class java/util/concurrent/TimeoutException done
Event: 9.545 Loading class java/util/PropertyResourceBundle
Event: 9.545 Loading class java/util/PropertyResourceBundle done
Event: 9.546 Loading class sun/util/PropertyResourceBundleCharset
Event: 9.546 Loading class sun/util/PropertyResourceBundleCharset done
Event: 9.546 Loading class sun/util/PropertyResourceBundleCharset$PropertiesFileDecoder
Event: 9.546 Loading class sun/util/PropertyResourceBundleCharset$PropertiesFileDecoder done
Event: 9.564 Loading class java/lang/AbstractMethodError
Event: 9.564 Loading class java/lang/AbstractMethodError done

Classes unloaded (0 events):
No events

Classes redefined (0 events):
No events

Internal exceptions (20 events):
Event: 5.788 Thread 0x000002022badb4c0 Exception <a 'java/lang/NoSuchMethodError'{0x00000000ead529f0}: 'java.lang.Object java.lang.invoke.DirectMethodHandle$Holder.invokeSpecial(java.lang.Object, java.lang.Object, java.lang.Object, java.lang.Object, long)'> (0x00000000ead529f0) 
thrown [s\src\hotspot\share\interpreter\linkResolver.cpp, line 773]
Event: 5.789 Thread 0x000002022badb4c0 Exception <a 'java/lang/NoSuchMethodError'{0x00000000ead60670}: 'java.lang.Object java.lang.invoke.DirectMethodHandle$Holder.invokeSpecial(java.lang.Object, java.lang.Object, java.lang.Object, int, java.lang.Object)'> (0x00000000ead60670) 
thrown [s\src\hotspot\share\interpreter\linkResolver.cpp, line 773]
Event: 5.790 Thread 0x000002022badb4c0 Exception <a 'java/lang/NoSuchMethodError'{0x00000000ead780d0}: 'java.lang.Object java.lang.invoke.Invokers$Holder.invokeExact_MT(java.lang.Object, java.lang.Object, java.lang.Object, java.lang.Object, java.lang.Object, java.lang.Object)'> (0x00000000ead780d0) 
thrown [s\src\hotspot\share\interpreter\linkResolver.cpp, line 773]
Event: 6.817 Thread 0x000002022badb4c0 Exception <a 'java/lang/NoSuchMethodError'{0x00000000ead91980}: 'int java.lang.invoke.DirectMethodHandle$Holder.invokeStaticInit(java.lang.Object, java.lang.Object, java.lang.Object, java.lang.Object)'> (0x00000000ead91980) 
thrown [s\src\hotspot\share\interpreter\linkResolver.cpp, line 773]
Event: 6.818 Thread 0x000002022badb4c0 Exception <a 'java/lang/NoSuchMethodError'{0x00000000ead9a138}: 'java.lang.Object java.lang.invoke.DirectMethodHandle$Holder.invokeInterface(java.lang.Object, java.lang.Object)'> (0x00000000ead9a138) 
thrown [s\src\hotspot\share\interpreter\linkResolver.cpp, line 773]
Event: 6.819 Thread 0x000002022badb4c0 Exception <a 'java/lang/IncompatibleClassChangeError'{0x00000000ead9d670}: Found class java.lang.Object, but interface was expected> (0x00000000ead9d670) 
thrown [s\src\hotspot\share\interpreter\linkResolver.cpp, line 840]
Event: 6.820 Thread 0x000002022badb4c0 Exception <a 'java/lang/NoSuchMethodError'{0x00000000eada1828}: 'void java.lang.invoke.DirectMethodHandle$Holder.invokeStatic(java.lang.Object, java.lang.Object)'> (0x00000000eada1828) 
thrown [s\src\hotspot\share\interpreter\linkResolver.cpp, line 773]
Event: 6.820 Thread 0x000002022badb4c0 Exception <a 'java/lang/NoSuchMethodError'{0x00000000eada4bd0}: 'void java.lang.invoke.DirectMethodHandle$Holder.invokeStaticInit(java.lang.Object, java.lang.Object)'> (0x00000000eada4bd0) 
thrown [s\src\hotspot\share\interpreter\linkResolver.cpp, line 773]
Event: 6.821 Thread 0x000002022badb4c0 Exception <a 'java/lang/NoSuchMethodError'{0x00000000eadabbd0}: 'int java.lang.invoke.DirectMethodHandle$Holder.invokeStaticInit(java.lang.Object, java.lang.Object)'> (0x00000000eadabbd0) 
thrown [s\src\hotspot\share\interpreter\linkResolver.cpp, line 773]
Event: 6.852 Thread 0x000002022badb4c0 Exception <a 'java/lang/NoSuchMethodError'{0x00000000eaeeac78}: 'void java.lang.invoke.DirectMethodHandle$Holder.invokeSpecial(java.lang.Object, java.lang.Object, java.lang.Object)'> (0x00000000eaeeac78) 
thrown [s\src\hotspot\share\interpreter\linkResolver.cpp, line 773]
Event: 6.984 Thread 0x000002022badb4c0 Exception <a 'java/lang/NoSuchMethodError'{0x00000000eb78eae0}: 'int java.lang.invoke.DirectMethodHandle$Holder.invokeVirtual(java.lang.Object, java.lang.Object)'> (0x00000000eb78eae0) 
thrown [s\src\hotspot\share\interpreter\linkResolver.cpp, line 773]
Event: 7.030 Thread 0x000002022badb4c0 Exception <a 'java/lang/NoSuchMethodError'{0x00000000ebac69f0}: 'java.lang.Object java.lang.invoke.DirectMethodHandle$Holder.newInvokeSpecial(java.lang.Object, int, java.lang.Object)'> (0x00000000ebac69f0) 
thrown [s\src\hotspot\share\interpreter\linkResolver.cpp, line 773]
Event: 7.046 Thread 0x000002022badb4c0 Exception <a 'java/lang/NoSuchMethodError'{0x00000000ebc58b18}: 'java.lang.Object java.lang.invoke.DirectMethodHandle$Holder.newInvokeSpecial(java.lang.Object, java.lang.Object, java.lang.Object, java.lang.Object, int, java.lang.Object)'> (0x00000000ebc58b18) 
thrown [s\src\hotspot\share\interpreter\linkResolver.cpp, line 773]
Event: 8.142 Thread 0x000002022badb4c0 Exception <a 'java/lang/UnsatisfiedLinkError'{0x00000000ec0da390}: 'void org.eclipse.equinox.launcher.JNIBridge._update_splash()'> (0x00000000ec0da390) 
thrown [s\src\hotspot\share\prims\nativeLookup.cpp, line 415]
Event: 8.207 Thread 0x00000202879f7e60 Exception <a 'java/lang/NullPointerException'{0x00000000eab8f8d8}> (0x00000000eab8f8d8) 
thrown [s\src\hotspot\share\interpreter\linkResolver.cpp, line 1372]
Event: 8.207 Thread 0x00000202879f7e60 Exception <a 'java/lang/NullPointerException'{0x00000000eab8fbb8}> (0x00000000eab8fbb8) 
thrown [s\src\hotspot\share\interpreter\linkResolver.cpp, line 1372]
Event: 9.400 Thread 0x00000202879f7e60 Exception <a 'java/io/FileNotFoundException'{0x00000000eb6d2860}> (0x00000000eb6d2860) 
thrown [s\src\hotspot\share\prims\jni.cpp, line 520]
Event: 9.460 Thread 0x00000202879f7e60 Exception <a 'java/lang/NoSuchMethodError'{0x00000000eb9995d0}: 'java.lang.Object java.lang.invoke.Invokers$Holder.linkToTargetMethod(java.lang.Object, long, java.lang.Object)'> (0x00000000eb9995d0) 
thrown [s\src\hotspot\share\interpreter\linkResolver.cpp, line 773]
Event: 9.519 Thread 0x00000202879f7e60 Exception <a 'java/lang/NoSuchMethodError'{0x00000000ebd2f5a0}: 'void java.lang.invoke.DirectMethodHandle$Holder.invokeInterface(java.lang.Object, java.lang.Object, java.lang.Object)'> (0x00000000ebd2f5a0) 
thrown [s\src\hotspot\share\interpreter\linkResolver.cpp, line 773]
Event: 9.548 Thread 0x00000202879f7e60 Exception <a 'java/lang/NoSuchMethodError'{0x00000000ebf2e4a8}: 'void java.lang.invoke.Invokers$Holder.invokeExact_MT(java.lang.Object, java.lang.Object, java.lang.Object)'> (0x00000000ebf2e4a8) 
thrown [s\src\hotspot\share\interpreter\linkResolver.cpp, line 773]

ZGC Phase Switch (0 events):
No events

VM Operations (20 events):
Event: 7.013 Executing VM operation: HandshakeAllThreads (Deoptimize)
Event: 7.013 Executing VM operation: HandshakeAllThreads (Deoptimize) done
Event: 7.022 Executing VM operation: HandshakeAllThreads (Deoptimize)
Event: 7.022 Executing VM operation: HandshakeAllThreads (Deoptimize) done
Event: 7.044 Executing VM operation: HandshakeAllThreads (Deoptimize)
Event: 7.044 Executing VM operation: HandshakeAllThreads (Deoptimize) done
Event: 8.045 Executing VM operation: Cleanup
Event: 8.128 Executing VM operation: Cleanup done
Event: 8.196 Executing VM operation: ParallelGCFailedAllocation (Allocation Failure)
Event: 8.200 Executing VM operation: ParallelGCFailedAllocation (Allocation Failure) done
Event: 8.205 Executing VM operation: HandshakeAllThreads (Deoptimize)
Event: 8.206 Executing VM operation: HandshakeAllThreads (Deoptimize) done
Event: 8.273 Executing VM operation: HandshakeAllThreads (Deoptimize)
Event: 8.273 Executing VM operation: HandshakeAllThreads (Deoptimize) done
Event: 9.279 Executing VM operation: Cleanup
Event: 9.328 Executing VM operation: Cleanup done
Event: 9.493 Executing VM operation: HandshakeAllThreads (Deoptimize)
Event: 9.493 Executing VM operation: HandshakeAllThreads (Deoptimize) done
Event: 10.492 Executing VM operation: Cleanup
Event: 10.604 Executing VM operation: Cleanup done

Memory protections (0 events):
No events

Nmethod flushes (0 events):
No events

Events (20 events):
Event: 0.041 Thread 0x000002022badb4c0 Thread added: 0x000002023fe9a0c0
Event: 0.042 Thread 0x000002022badb4c0 Thread added: 0x000002023fe9e3e0
Event: 0.042 Thread 0x000002022badb4c0 Thread added: 0x000002023fea4f60
Event: 0.042 Thread 0x000002022badb4c0 Thread added: 0x000002023feafbb0
Event: 0.069 Thread 0x000002022badb4c0 Thread added: 0x00000202829500b0
Event: 2.205 Thread 0x000002023fea4f60 Thread added: 0x0000020282b99200
Event: 3.323 Thread 0x000002022badb4c0 Thread added: 0x0000020282bb9060
Event: 3.455 Thread 0x000002023feafbb0 Thread added: 0x0000020282bc6d00
Event: 6.814 Thread 0x0000020282bc6d00 Thread exited: 0x0000020282bc6d00
Event: 6.815 Thread 0x0000020282b99200 Thread exited: 0x0000020282b99200
Event: 6.887 Thread 0x000002023feafbb0 Thread added: 0x0000020287466810
Event: 6.888 Thread 0x000002023feafbb0 Thread added: 0x0000020287466eb0
Event: 7.006 Thread 0x000002022badb4c0 Thread added: 0x00000202876c9ee0
Event: 8.138 Thread 0x000002022badb4c0 Thread added: 0x0000020287963bc0
Event: 8.141 Thread 0x000002022badb4c0 Thread added: 0x00000202879f7e60
Event: 8.175 Thread 0x00000202879f7e60 Thread added: 0x0000020287913390
Event: 8.246 Thread 0x0000020287466eb0 Thread exited: 0x0000020287466eb0
Event: 8.263 Thread 0x00000202879f7e60 Thread added: 0x0000020287466eb0
Event: 9.365 Thread 0x000002023feafbb0 Thread added: 0x0000020287aa81e0
Event: 9.526 Thread 0x00000202879f7e60 Thread added: 0x000002028705f730


Dynamic libraries:
0x00007ff723b90000 - 0x00007ff723b9e000 	c:\Users\DELL\.vscode\extensions\redhat.java-1.41.1-win32-x64\jre\21.0.6-win32-x86_64\bin\java.exe
0x00007ffe73f40000 - 0x00007ffe741a6000 	C:\WINDOWS\SYSTEM32\ntdll.dll
0x00007ffe72eb0000 - 0x00007ffe72f79000 	C:\WINDOWS\System32\KERNEL32.DLL
0x00007ffe712b0000 - 0x00007ffe7167c000 	C:\WINDOWS\System32\KERNELBASE.dll
0x00007ffe71160000 - 0x00007ffe712ab000 	C:\WINDOWS\System32\ucrtbase.dll
0x00007ffe5ea00000 - 0x00007ffe5ea18000 	c:\Users\DELL\.vscode\extensions\redhat.java-1.41.1-win32-x64\jre\21.0.6-win32-x86_64\bin\jli.dll
0x00007ffe5d040000 - 0x00007ffe5d05e000 	c:\Users\DELL\.vscode\extensions\redhat.java-1.41.1-win32-x64\jre\21.0.6-win32-x86_64\bin\VCRUNTIME140.dll
0x00007ffe73bf0000 - 0x00007ffe73dba000 	C:\WINDOWS\System32\USER32.dll
0x00007ffe5b7e0000 - 0x00007ffe5ba7a000 	C:\WINDOWS\WinSxS\amd64_microsoft.windows.common-controls_6595b64144ccf1df_6.0.26100.3912_none_3e07963ce335137e\COMCTL32.dll
0x00007ffe71a10000 - 0x00007ffe71a37000 	C:\WINDOWS\System32\win32u.dll
0x00007ffe73ed0000 - 0x00007ffe73efb000 	C:\WINDOWS\System32\GDI32.dll
0x00007ffe727c0000 - 0x00007ffe72869000 	C:\WINDOWS\System32\msvcrt.dll
0x00007ffe71a40000 - 0x00007ffe71b72000 	C:\WINDOWS\System32\gdi32full.dll
0x00007ffe71720000 - 0x00007ffe717c3000 	C:\WINDOWS\System32\msvcp_win.dll
0x00007ffe72700000 - 0x00007ffe72730000 	C:\WINDOWS\System32\IMM32.DLL
0x00007ffe6bd30000 - 0x00007ffe6bd3c000 	c:\Users\DELL\.vscode\extensions\redhat.java-1.41.1-win32-x64\jre\21.0.6-win32-x86_64\bin\vcruntime140_1.dll
0x00007ffe4e7c0000 - 0x00007ffe4e84d000 	c:\Users\DELL\.vscode\extensions\redhat.java-1.41.1-win32-x64\jre\21.0.6-win32-x86_64\bin\msvcp140.dll
0x00007ffe0bd70000 - 0x00007ffe0cb00000 	c:\Users\DELL\.vscode\extensions\redhat.java-1.41.1-win32-x64\jre\21.0.6-win32-x86_64\bin\server\jvm.dll
0x00007ffe72de0000 - 0x00007ffe72e92000 	C:\WINDOWS\System32\ADVAPI32.dll
0x00007ffe71e20000 - 0x00007ffe71ec6000 	C:\WINDOWS\System32\sechost.dll
0x00007ffe71d00000 - 0x00007ffe71e16000 	C:\WINDOWS\System32\RPCRT4.dll
0x00007ffe736c0000 - 0x00007ffe73734000 	C:\WINDOWS\System32\WS2_32.dll
0x00007ffe6fd00000 - 0x00007ffe6fd5e000 	C:\WINDOWS\SYSTEM32\POWRPROF.dll
0x00007ffe683a0000 - 0x00007ffe683d6000 	C:\WINDOWS\SYSTEM32\WINMM.dll
0x00007ffe67fd0000 - 0x00007ffe67fdb000 	C:\WINDOWS\SYSTEM32\VERSION.dll
0x00007ffe6fce0000 - 0x00007ffe6fcf4000 	C:\WINDOWS\SYSTEM32\UMPDC.dll
0x00007ffe6ffb0000 - 0x00007ffe6ffca000 	C:\WINDOWS\SYSTEM32\kernel.appcore.dll
0x00007ffe6b230000 - 0x00007ffe6b23a000 	c:\Users\DELL\.vscode\extensions\redhat.java-1.41.1-win32-x64\jre\21.0.6-win32-x86_64\bin\jimage.dll
0x00007ffe6e600000 - 0x00007ffe6e841000 	C:\WINDOWS\SYSTEM32\DBGHELP.DLL
0x00007ffe72a50000 - 0x00007ffe72dd4000 	C:\WINDOWS\System32\combase.dll
0x00007ffe737b0000 - 0x00007ffe73890000 	C:\WINDOWS\System32\OLEAUT32.dll
0x00007ffe582e0000 - 0x00007ffe58319000 	C:\WINDOWS\SYSTEM32\dbgcore.DLL
0x00007ffe71680000 - 0x00007ffe71719000 	C:\WINDOWS\System32\bcryptPrimitives.dll
0x00007ffe63520000 - 0x00007ffe6352f000 	c:\Users\DELL\.vscode\extensions\redhat.java-1.41.1-win32-x64\jre\21.0.6-win32-x86_64\bin\instrument.dll
0x00007ffe5caf0000 - 0x00007ffe5cb0f000 	c:\Users\DELL\.vscode\extensions\redhat.java-1.41.1-win32-x64\jre\21.0.6-win32-x86_64\bin\java.dll
0x00007ffe71f00000 - 0x00007ffe7262d000 	C:\WINDOWS\System32\SHELL32.dll
0x00007ffe71b80000 - 0x00007ffe71cf4000 	C:\WINDOWS\System32\wintypes.dll
0x00007ffe6ed40000 - 0x00007ffe6f596000 	C:\WINDOWS\SYSTEM32\windows.storage.dll
0x00007ffe73dd0000 - 0x00007ffe73ebf000 	C:\WINDOWS\System32\SHCORE.dll
0x00007ffe73740000 - 0x00007ffe737a9000 	C:\WINDOWS\System32\shlwapi.dll
0x00007ffe70fe0000 - 0x00007ffe7100f000 	C:\WINDOWS\SYSTEM32\profapi.dll
0x00007ffe557d0000 - 0x00007ffe557e8000 	c:\Users\DELL\.vscode\extensions\redhat.java-1.41.1-win32-x64\jre\21.0.6-win32-x86_64\bin\zip.dll
0x00007ffe5cbb0000 - 0x00007ffe5cbc0000 	C:\Users\DELL\.vscode\extensions\redhat.java-1.41.1-win32-x64\jre\21.0.6-win32-x86_64\bin\net.dll
0x00007ffe68110000 - 0x00007ffe6822e000 	C:\WINDOWS\SYSTEM32\WINHTTP.dll
0x00007ffe70520000 - 0x00007ffe7058a000 	C:\WINDOWS\system32\mswsock.dll
0x00007ffe54e10000 - 0x00007ffe54e26000 	C:\Users\DELL\.vscode\extensions\redhat.java-1.41.1-win32-x64\jre\21.0.6-win32-x86_64\bin\nio.dll
0x00007ffe5cb60000 - 0x00007ffe5cb70000 	c:\Users\DELL\.vscode\extensions\redhat.java-1.41.1-win32-x64\jre\21.0.6-win32-x86_64\bin\verify.dll
0x00007ffe4e370000 - 0x00007ffe4e3b5000 	C:\Users\DELL\AppData\Roaming\Code\User\globalStorage\redhat.java\1.41.1\config_ss_win\org.eclipse.equinox.launcher\org.eclipse.equinox.launcher.win32.win32.x86_64_1.2.1300.v20250331-1702\eclipse_11911.dll
0x00007ffe72f80000 - 0x00007ffe7311f000 	C:\WINDOWS\System32\ole32.dll

dbghelp: loaded successfully - version: 4.0.5 - missing functions: none
symbol engine: initialized successfully - sym options: 0x614 - pdb path: .;c:\Users\DELL\.vscode\extensions\redhat.java-1.41.1-win32-x64\jre\21.0.6-win32-x86_64\bin;C:\WINDOWS\SYSTEM32;C:\WINDOWS\WinSxS\amd64_microsoft.windows.common-controls_6595b64144ccf1df_6.0.26100.3912_none_3e07963ce335137e;c:\Users\DELL\.vscode\extensions\redhat.java-1.41.1-win32-x64\jre\21.0.6-win32-x86_64\bin\server;C:\Users\DELL\AppData\Roaming\Code\User\globalStorage\redhat.java\1.41.1\config_ss_win\org.eclipse.equinox.launcher\org.eclipse.equinox.launcher.win32.win32.x86_64_1.2.1300.v20250331-1702

VM Arguments:
jvm_args: --add-modules=ALL-SYSTEM --add-opens=java.base/java.util=ALL-UNNAMED --add-opens=java.base/java.lang=ALL-UNNAMED --add-opens=java.base/sun.nio.fs=ALL-UNNAMED -Declipse.application=org.eclipse.jdt.ls.core.id1 -Dosgi.bundles.defaultStartLevel=4 -Declipse.product=org.eclipse.jdt.ls.core.product -Djava.import.generatesMetadataFilesAtProjectRoot=false -DDetectVMInstallationsJob.disabled=true -Dfile.encoding=utf8 -XX:+UseParallelGC -XX:GCTimeRatio=4 -XX:AdaptiveSizePolicyWeight=90 -Dsun.zip.disableMemoryMapping=true -Xmx1G -Xms100m -Xlog:disable -javaagent:c:\Users\DELL\.vscode\extensions\redhat.java-1.41.1-win32-x64\lombok\lombok-1.18.36.jar 
java_command: c:\Users\DELL\.vscode\extensions\redhat.java-1.41.1-win32-x64\server\plugins\org.eclipse.equinox.launcher_1.7.0.v20250331-1702.jar -configuration c:\Users\DELL\AppData\Roaming\Code\User\globalStorage\redhat.java\1.41.1\config_ss_win -data c:\Users\DELL\AppData\Roaming\Code\User\workspaceStorage\3445d51e809f9ea81cb50ad7f9c6bd4c\redhat.java\ss_ws --pipe=\\.\pipe\lsp-056d1bdea6b595d2a878fac6f4ca937e-sock
java_class_path (initial): c:\Users\DELL\.vscode\extensions\redhat.java-1.41.1-win32-x64\server\plugins\org.eclipse.equinox.launcher_1.7.0.v20250331-1702.jar
Launcher Type: SUN_STANDARD

[Global flags]
    uintx AdaptiveSizePolicyWeight                 = 90                                        {product} {command line}
     intx CICompilerCount                          = 4                                         {product} {ergonomic}
    uintx GCTimeRatio                              = 4                                         {product} {command line}
   size_t InitialHeapSize                          = 104857600                                 {product} {command line}
   size_t MaxHeapSize                              = 1073741824                                {product} {command line}
   size_t MaxNewSize                               = 357564416                                 {product} {ergonomic}
   size_t MinHeapDeltaBytes                        = 524288                                    {product} {ergonomic}
   size_t MinHeapSize                              = 104857600                                 {product} {command line}
   size_t NewSize                                  = 34603008                                  {product} {ergonomic}
    uintx NonNMethodCodeHeapSize                   = 5839372                                {pd product} {ergonomic}
    uintx NonProfiledCodeHeapSize                  = 122909434                              {pd product} {ergonomic}
   size_t OldSize                                  = 70254592                                  {product} {ergonomic}
    uintx ProfiledCodeHeapSize                     = 122909434                              {pd product} {ergonomic}
    uintx ReservedCodeCacheSize                    = 251658240                              {pd product} {ergonomic}
     bool SegmentedCodeCache                       = true                                      {product} {ergonomic}
   size_t SoftMaxHeapSize                          = 1073741824                             {manageable} {ergonomic}
     bool UseCompressedOops                        = true                           {product lp64_product} {ergonomic}
     bool UseLargePagesIndividualAllocation        = false                                  {pd product} {ergonomic}
     bool UseParallelGC                            = true                                      {product} {command line}

Logging:
Log output configuration:
 #0: stdout all=off uptime,level,tags foldmultilines=false
 #1: stderr all=off uptime,level,tags foldmultilines=false

Environment Variables:
JAVA_HOME=C:\Program Files\Java\jdk-17\
CLASSPATH=C:\Program Files\Java\jdk-22\lib\sqlite-jdbc-3.34.0.jar
PATH=C:\Program Files\Python312\Scripts\;C:\Program Files\Python312\;C:\Program Files\Common Files\Oracle\Java\javapath;C:\WINDOWS\system32;C:\WINDOWS;C:\WINDOWS\System32\Wbem;C:\WINDOWS\System32\WindowsPowerShell\v1.0\;C:\WINDOWS\System32\OpenSSH\;C:\Program Files\Java\jdk-22\bin;C:\Program Files\Git\cmd;C:\Program Files\nodejs\;C:\Program Files\Java\jdk-17\bin;C:\Program Files\MySQL\MySQL Shell 8.0\bin\;C:\Users\DELL\AppData\Local\Microsoft\WindowsApps;C:\Users\DELL\AppData\Local\Programs\Microsoft VS Code\bin;C:\Users\DELL\AppData\Local\Microsoft\WinGet\Packages\Schniz.fnm_Microsoft.Winget.Source_8wekyb3d8bbwe;C:\Users\DELL\AppData\Roaming\npm;C:\Users\DELL\AppData\Local\Pub\Cache\bin;E:\Mongosh\;C:\Flutter\src\flutter\bin;
USERNAME=DELL
OS=Windows_NT
PROCESSOR_IDENTIFIER=Intel64 Family 6 Model 140 Stepping 1, GenuineIntel
TMP=C:\Users\DELL\AppData\Local\Temp
TEMP=C:\Users\DELL\AppData\Local\Temp




Periodic native trim disabled

---------------  S Y S T E M  ---------------

OS:
 Windows 11 , 64 bit Build 26100 (10.0.26100.3912)
OS uptime: 0 days 7:49 hours
Hyper-V role detected

CPU: total 8 (initial active 8) (4 cores per cpu, 2 threads per core) family 6 model 140 stepping 1 microcode 0xbc, cx8, cmov, fxsr, ht, mmx, 3dnowpref, sse, sse2, sse3, ssse3, sse4.1, sse4.2, popcnt, lzcnt, tsc, tscinvbit, avx, avx2, aes, erms, clmul, bmi1, bmi2, adx, avx512f, avx512dq, avx512cd, avx512bw, avx512vl, sha, fma, vzeroupper, avx512_vpopcntdq, avx512_vpclmulqdq, avx512_vaes, avx512_vnni, clflush, clflushopt, clwb, avx512_vbmi2, avx512_vbmi, hv, rdtscp, rdpid, fsrm, gfni, avx512_bitalg, f16c, cet_ibt, cet_ss, avx512_ifma
Processor Information for the first 8 processors :
  Max Mhz: 2419, Current Mhz: 2419, Mhz Limit: 2419

Memory: 4k page, system-wide physical 7926M (1896M free)
TotalPageFile size 7926M (AvailPageFile size 2M)
current process WorkingSet (physical memory assigned to process): 105M, peak: 105M
current process commit charge ("private bytes"): 216M, peak: 216M

vm_info: OpenJDK 64-Bit Server VM (21.0.6+7-LTS) for windows-amd64 JRE (21.0.6+7-LTS), built on 2025-01-21T00:00:00Z by "admin" with MS VC++ 17.7 (VS2022)

END.
