#
# There is insufficient memory for the Java Runtime Environment to continue.
# Native memory allocation (malloc) failed to allocate 235328 bytes. Error detail: Chunk::new
# Possible reasons:
#   The system is out of physical RAM or swap space
#   This process is running with CompressedOops enabled, and the Java Heap may be blocking the growth of the native heap
# Possible solutions:
#   Reduce memory load on the system
#   Increase physical memory or swap space
#   Check if swap backing store is full
#   Decrease Java heap size (-Xmx/-Xms)
#   Decrease number of Java threads
#   Decrease Java thread stack sizes (-Xss)
#   Set larger code cache with -XX:ReservedCodeCacheSize=
#   JVM is running with Unscaled Compressed Oops mode in which the Java heap is
#     placed in the first 4GB address space. The Java Heap base address is the
#     maximum limit for the native heap growth. Please use -XX:HeapBaseMinAddress
#     to set the Java Heap base and to place the Java Heap above 4GB virtual address.
# This output file may be truncated or incomplete.
#
#  Out of Memory Error (arena.cpp:168), pid=12916, tid=3340
#
# JRE version: OpenJDK Runtime Environment Temurin-21.0.6+7 (21.0.6+7) (build 21.0.6+7-LTS)
# Java VM: OpenJDK 64-Bit Server VM Temurin-21.0.6+7 (21.0.6+7-LTS, mixed mode, sharing, tiered, compressed oops, compressed class ptrs, parallel gc, windows-amd64)
# No core dump will be written. Minidumps are not enabled by default on client versions of Windows
#

---------------  S U M M A R Y ------------

Command Line: --add-modules=ALL-SYSTEM --add-opens=java.base/java.util=ALL-UNNAMED --add-opens=java.base/java.lang=ALL-UNNAMED --add-opens=java.base/sun.nio.fs=ALL-UNNAMED -Declipse.application=org.eclipse.jdt.ls.core.id1 -Dosgi.bundles.defaultStartLevel=4 -Declipse.product=org.eclipse.jdt.ls.core.product -Djava.import.generatesMetadataFilesAtProjectRoot=false -DDetectVMInstallationsJob.disabled=true -Dfile.encoding=utf8 -XX:+UseParallelGC -XX:GCTimeRatio=4 -XX:AdaptiveSizePolicyWeight=90 -Dsun.zip.disableMemoryMapping=true -Xmx1G -Xms100m -Xlog:disable -javaagent:c:\Users\DELL\.vscode\extensions\redhat.java-1.41.1-win32-x64\lombok\lombok-1.18.36.jar c:\Users\DELL\.vscode\extensions\redhat.java-1.41.1-win32-x64\server\plugins\org.eclipse.equinox.launcher_1.7.0.v20250331-1702.jar -configuration c:\Users\DELL\AppData\Roaming\Code\User\globalStorage\redhat.java\1.41.1\config_ss_win -data c:\Users\DELL\AppData\Roaming\Code\User\workspaceStorage\3445d51e809f9ea81cb50ad7f9c6bd4c\redhat.java\ss_ws --pipe=\\.\pipe\lsp-2d5b91f25ac48d7df02565453d710abd-sock

Host: 11th Gen Intel(R) Core(TM) i5-1135G7 @ 2.40GHz, 8 cores, 7G,  Windows 11 , 64 bit Build 26100 (10.0.26100.3912)
Time: Mon May 12 22:46:25 2025 India Standard Time elapsed time: 4.312924 seconds (0d 0h 0m 4s)

---------------  T H R E A D  ---------------

Current thread (0x0000022fd133e5d0):  JavaThread "C2 CompilerThread2" daemon [_thread_in_native, id=3340, stack(0x000000e494600000,0x000000e494700000) (1024K)]


Current CompileTask:
C2:4313  891   !   4       java.lang.String::<init> (890 bytes)

Stack: [0x000000e494600000,0x000000e494700000]
Native frames: (J=compiled Java code, j=interpreted, Vv=VM code, C=native code)
V  [jvm.dll+0x6cdee9]
V  [jvm.dll+0x8a83d1]
V  [jvm.dll+0x8aa8fe]
V  [jvm.dll+0x8aafe3]
V  [jvm.dll+0x27f706]
V  [jvm.dll+0xc500d]
V  [jvm.dll+0xc5543]
V  [jvm.dll+0x3b678c]
V  [jvm.dll+0x382935]
V  [jvm.dll+0x381d9a]
V  [jvm.dll+0x2479f0]
V  [jvm.dll+0x246fcf]
V  [jvm.dll+0x1c75ee]
V  [jvm.dll+0x25685a]
V  [jvm.dll+0x254dfa]
V  [jvm.dll+0x3f0256]
V  [jvm.dll+0x851f8b]
V  [jvm.dll+0x6cc5ed]
C  [ucrtbase.dll+0x37b0]
C  [KERNEL32.DLL+0x2e8d7]
C  [ntdll.dll+0x9c5dc]


---------------  P R O C E S S  ---------------

Threads class SMR info:
_java_thread_list=0x00000230182ca9d0, length=13, elements={
0x0000022fbcf6a5b0, 0x0000022fbd028690, 0x0000022fbd02c280, 0x0000022fd13240d0,
0x0000022fd1328160, 0x0000022fd13287f0, 0x0000022fd1328e80, 0x0000022fd1334940,
0x0000022fd1340eb0, 0x0000022fd1329510, 0x0000022fd1329ba0, 0x0000022fd133d830,
0x0000022fd133e5d0
}

Java Threads: ( => current thread )
  0x0000022fbcf6a5b0 JavaThread "main"                              [_thread_in_native, id=7908, stack(0x000000e493700000,0x000000e493800000) (1024K)]
  0x0000022fbd028690 JavaThread "Reference Handler"          daemon [_thread_blocked, id=2300, stack(0x000000e493b00000,0x000000e493c00000) (1024K)]
  0x0000022fbd02c280 JavaThread "Finalizer"                  daemon [_thread_blocked, id=9936, stack(0x000000e493c00000,0x000000e493d00000) (1024K)]
  0x0000022fd13240d0 JavaThread "Signal Dispatcher"          daemon [_thread_blocked, id=12936, stack(0x000000e493d00000,0x000000e493e00000) (1024K)]
  0x0000022fd1328160 JavaThread "Attach Listener"            daemon [_thread_blocked, id=10000, stack(0x000000e493e00000,0x000000e493f00000) (1024K)]
  0x0000022fd13287f0 JavaThread "Service Thread"             daemon [_thread_blocked, id=12660, stack(0x000000e493f00000,0x000000e494000000) (1024K)]
  0x0000022fd1328e80 JavaThread "Monitor Deflation Thread"   daemon [_thread_blocked, id=2004, stack(0x000000e494000000,0x000000e494100000) (1024K)]
  0x0000022fd1334940 JavaThread "C2 CompilerThread0"         daemon [_thread_blocked, id=13044, stack(0x000000e494100000,0x000000e494200000) (1024K)]
  0x0000022fd1340eb0 JavaThread "C1 CompilerThread0"         daemon [_thread_blocked, id=5180, stack(0x000000e494200000,0x000000e494300000) (1024K)]
  0x0000022fd1329510 JavaThread "Common-Cleaner"             daemon [_thread_blocked, id=1836, stack(0x000000e494300000,0x000000e494400000) (1024K)]
  0x0000022fd1329ba0 JavaThread "Notification Thread"        daemon [_thread_blocked, id=9324, stack(0x000000e494400000,0x000000e494500000) (1024K)]
  0x0000022fd133d830 JavaThread "C2 CompilerThread1"         daemon [_thread_in_native, id=12680, stack(0x000000e494500000,0x000000e494600000) (1024K)]
=>0x0000022fd133e5d0 JavaThread "C2 CompilerThread2"         daemon [_thread_in_native, id=3340, stack(0x000000e494600000,0x000000e494700000) (1024K)]
Total: 13

Other Threads:
  0x0000022fd13238a0 VMThread "VM Thread"                           [id=11704, stack(0x000000e493a00000,0x000000e493b00000) (1024K)]
  0x0000022fbcfd6ad0 WatcherThread "VM Periodic Task Thread"        [id=8340, stack(0x000000e493900000,0x000000e493a00000) (1024K)]
  0x0000022fbcf87f80 WorkerThread "GC Thread#0"                     [id=8336, stack(0x000000e493800000,0x000000e493900000) (1024K)]
Total: 3

Threads with active compile tasks:
C1 CompilerThread0  5370  925       3       java.util.WeakHashMap::getTable (9 bytes)
C2 CompilerThread1  5370  890   !   4       java.util.jar.Attributes::read (494 bytes)
C2 CompilerThread2  5370  891   !   4       java.lang.String::<init> (890 bytes)
Total: 3

VM state: not at safepoint (normal execution)

VM Mutex/Monitor currently owned by a thread: None

Heap address: 0x00000000c0000000, size: 1024 MB, Compressed Oops mode: 32-bit

CDS archive(s) mapped at: [0x0000022fd2000000-0x0000022fd2ba0000-0x0000022fd2ba0000), size 12189696, SharedBaseAddress: 0x0000022fd2000000, ArchiveRelocationMode: 1.
Compressed class space mapped at: 0x0000022fd3000000-0x0000023013000000, reserved size: 1073741824
Narrow klass base: 0x0000022fd2000000, Narrow klass shift: 0, Narrow klass range: 0x100000000

GC Precious Log:
 CardTable entry size: 512
 CPUs: 8 total, 8 available
 Memory: 7926M
 Large Page Support: Disabled
 NUMA Support: Disabled
 Compressed Oops: Enabled (32-bit)
 Alignments: Space 512K, Generation 512K, Heap 2M
 Heap Min Capacity: 100M
 Heap Initial Capacity: 100M
 Heap Max Capacity: 1G
 Pre-touch: Disabled
 Parallel Workers: 8

Heap:
 PSYoungGen      total 29696K, used 19603K [0x00000000eab00000, 0x00000000ecc00000, 0x0000000100000000)
  eden space 25600K, 76% used [0x00000000eab00000,0x00000000ebe24e50,0x00000000ec400000)
  from space 4096K, 0% used [0x00000000ec800000,0x00000000ec800000,0x00000000ecc00000)
  to   space 4096K, 0% used [0x00000000ec400000,0x00000000ec400000,0x00000000ec800000)
 ParOldGen       total 68608K, used 0K [0x00000000c0000000, 0x00000000c4300000, 0x00000000eab00000)
  object space 68608K, 0% used [0x00000000c0000000,0x00000000c0000000,0x00000000c4300000)
 Metaspace       used 3371K, committed 3648K, reserved 1114112K
  class space    used 342K, committed 512K, reserved 1048576K

Card table byte_map: [0x0000022fbc820000,0x0000022fbca30000] _byte_map_base: 0x0000022fbc220000

Marking Bits: (ParMarkBitMap*) 0x00007ffedee53260
 Begin Bits: [0x0000022fcf160000, 0x0000022fd0160000)
 End Bits:   [0x0000022fd0160000, 0x0000022fd1160000)

Polling page: 0x0000022fbad20000

Metaspace:

Usage:
  Non-class:      2.96 MB used.
      Class:    342.20 KB used.
       Both:      3.29 MB used.

Virtual space:
  Non-class space:       64.00 MB reserved,       3.06 MB (  5%) committed,  1 nodes.
      Class space:        1.00 GB reserved,     512.00 KB ( <1%) committed,  1 nodes.
             Both:        1.06 GB reserved,       3.56 MB ( <1%) committed. 

Chunk freelists:
   Non-Class:  11.41 MB
       Class:  15.50 MB
        Both:  26.90 MB

MaxMetaspaceSize: unlimited
CompressedClassSpaceSize: 1.00 GB
Initial GC threshold: 21.00 MB
Current GC threshold: 21.00 MB
CDS: on
 - commit_granule_bytes: 65536.
 - commit_granule_words: 8192.
 - virtual_space_node_default_size: 8388608.
 - enlarge_chunks_in_place: 1.
 - use_allocation_guard: 0.


Internal statistics:

num_allocs_failed_limit: 0.
num_arena_births: 140.
num_arena_deaths: 0.
num_vsnodes_births: 2.
num_vsnodes_deaths: 0.
num_space_committed: 57.
num_space_uncommitted: 0.
num_chunks_returned_to_freelist: 0.
num_chunks_taken_from_freelist: 189.
num_chunk_merges: 0.
num_chunk_splits: 120.
num_chunks_enlarged: 66.
num_inconsistent_stats: 0.

CodeHeap 'non-profiled nmethods': size=120000Kb used=361Kb max_used=361Kb free=119638Kb
 bounds [0x0000022fc7c30000, 0x0000022fc7ea0000, 0x0000022fcf160000]
CodeHeap 'profiled nmethods': size=120000Kb used=1453Kb max_used=1453Kb free=118546Kb
 bounds [0x0000022fc0160000, 0x0000022fc03d0000, 0x0000022fc7690000]
CodeHeap 'non-nmethods': size=5760Kb used=1198Kb max_used=1220Kb free=4561Kb
 bounds [0x0000022fc7690000, 0x0000022fc7900000, 0x0000022fc7c30000]
 total_blobs=1369 nmethods=920 adapters=356
 compilation: enabled
              stopped_count=0, restarted_count=0
 full_count=0

Compilation events (20 events):
Event: 2.253 Thread 0x0000022fd133d830  890   !   4       java.util.jar.Attributes::read (494 bytes)
Event: 2.254 Thread 0x0000022fd133e5d0  891   !   4       java.lang.String::<init> (890 bytes)
Event: 2.259 Thread 0x0000022fd1334940 nmethod 888 0x0000022fc7c87010 code [0x0000022fc7c871e0, 0x0000022fc7c87560]
Event: 2.259 Thread 0x0000022fd1334940  892       4       java.lang.String::<init> (22 bytes)
Event: 2.262 Thread 0x0000022fd1334940 nmethod 892 0x0000022fc7c87810 code [0x0000022fc7c879c0, 0x0000022fc7c87b48]
Event: 2.266 Thread 0x0000022fd1340eb0  893  s    1       java.io.ByteArrayOutputStream::size (5 bytes)
Event: 2.266 Thread 0x0000022fd1340eb0 nmethod 893 0x0000022fc7c87d10 code [0x0000022fc7c87ea0, 0x0000022fc7c88028]
Event: 2.275 Thread 0x0000022fd1340eb0  894       1       sun.security.util.DerOutputStream::buf (5 bytes)
Event: 2.276 Thread 0x0000022fd1340eb0 nmethod 894 0x0000022fc7c88090 code [0x0000022fc7c88220, 0x0000022fc7c882e8]
Event: 2.284 Thread 0x0000022fd1340eb0  895       3       java.util.Arrays::equals (43 bytes)
Event: 2.285 Thread 0x0000022fd1340eb0 nmethod 895 0x0000022fc02bc610 code [0x0000022fc02bc7e0, 0x0000022fc02bcaa8]
Event: 2.293 Thread 0x0000022fd1340eb0  896       3       sun.security.util.ObjectIdentifier::equals (36 bytes)
Event: 2.293 Thread 0x0000022fd1340eb0 nmethod 896 0x0000022fc02bcb90 code [0x0000022fc02bcd60, 0x0000022fc02bd158]
Event: 2.295 Thread 0x0000022fd1340eb0  897       3       java.math.MutableBigInteger::unsignedLongCompare (20 bytes)
Event: 2.295 Thread 0x0000022fd1340eb0 nmethod 897 0x0000022fc02bd210 code [0x0000022fc02bd3a0, 0x0000022fc02bd510]
Event: 2.306 Thread 0x0000022fd1340eb0  898 %     3       java.math.BigInteger::implMultiplyToLen @ 135 (216 bytes)
Event: 4.307 Thread 0x0000022fd1340eb0 nmethod 898% 0x0000022fc02bd590 code [0x0000022fc02bd7a0, 0x0000022fc02bde88]
Event: 4.307 Thread 0x0000022fd1340eb0  903  s    3       java.util.Hashtable::put (104 bytes)
Event: 4.308 Thread 0x0000022fd1340eb0 nmethod 903 0x0000022fc02be310 code [0x0000022fc02be520, 0x0000022fc02bebf8]
Event: 4.308 Thread 0x0000022fd1340eb0  906  s    3       java.util.Hashtable::get (69 bytes)

GC Heap History (0 events):
No events

Dll operation events (8 events):
Event: 0.016 Loaded shared library c:\Users\DELL\.vscode\extensions\redhat.java-1.41.1-win32-x64\jre\21.0.6-win32-x86_64\bin\java.dll
Event: 0.167 Loaded shared library c:\Users\DELL\.vscode\extensions\redhat.java-1.41.1-win32-x64\jre\21.0.6-win32-x86_64\bin\zip.dll
Event: 0.255 Loaded shared library C:\Users\DELL\.vscode\extensions\redhat.java-1.41.1-win32-x64\jre\21.0.6-win32-x86_64\bin\instrument.dll
Event: 0.270 Loaded shared library C:\Users\DELL\.vscode\extensions\redhat.java-1.41.1-win32-x64\jre\21.0.6-win32-x86_64\bin\net.dll
Event: 0.273 Loaded shared library C:\Users\DELL\.vscode\extensions\redhat.java-1.41.1-win32-x64\jre\21.0.6-win32-x86_64\bin\nio.dll
Event: 0.280 Loaded shared library C:\Users\DELL\.vscode\extensions\redhat.java-1.41.1-win32-x64\jre\21.0.6-win32-x86_64\bin\zip.dll
Event: 0.318 Loaded shared library C:\Users\DELL\.vscode\extensions\redhat.java-1.41.1-win32-x64\jre\21.0.6-win32-x86_64\bin\jimage.dll
Event: 0.456 Loaded shared library c:\Users\DELL\.vscode\extensions\redhat.java-1.41.1-win32-x64\jre\21.0.6-win32-x86_64\bin\verify.dll

Deoptimization events (20 events):
Event: 2.243 Thread 0x0000022fbcf6a5b0 DEOPT PACKING pc=0x0000022fc02b6431 sp=0x000000e4937fec80
Event: 2.243 Thread 0x0000022fbcf6a5b0 DEOPT UNPACKING pc=0x0000022fc76e78e2 sp=0x000000e4937fe0f8 mode 0
Event: 2.244 Thread 0x0000022fbcf6a5b0 DEOPT PACKING pc=0x0000022fc02b6431 sp=0x000000e4937fec80
Event: 2.244 Thread 0x0000022fbcf6a5b0 DEOPT UNPACKING pc=0x0000022fc76e78e2 sp=0x000000e4937fe0f8 mode 0
Event: 2.247 Thread 0x0000022fbcf6a5b0 DEOPT PACKING pc=0x0000022fc02b6431 sp=0x000000e4937fec80
Event: 2.247 Thread 0x0000022fbcf6a5b0 DEOPT UNPACKING pc=0x0000022fc76e78e2 sp=0x000000e4937fe0f8 mode 0
Event: 2.248 Thread 0x0000022fbcf6a5b0 DEOPT PACKING pc=0x0000022fc02b6431 sp=0x000000e4937fec80
Event: 2.248 Thread 0x0000022fbcf6a5b0 DEOPT UNPACKING pc=0x0000022fc76e78e2 sp=0x000000e4937fe0f8 mode 0
Event: 2.265 Thread 0x0000022fbcf6a5b0 Uncommon trap: trap_request=0xffffffc6 fr.pc=0x0000022fc7c874c4 relative=0x00000000000002e4
Event: 2.265 Thread 0x0000022fbcf6a5b0 Uncommon trap: reason=bimorphic_or_optimized_type_check action=maybe_recompile pc=0x0000022fc7c874c4 method=java.util.HashMap.getNode(Ljava/lang/Object;)Ljava/util/HashMap$Node; @ 128 c2
Event: 2.265 Thread 0x0000022fbcf6a5b0 DEOPT PACKING pc=0x0000022fc7c874c4 sp=0x000000e4937fe410
Event: 2.265 Thread 0x0000022fbcf6a5b0 DEOPT UNPACKING pc=0x0000022fc76e6da2 sp=0x000000e4937fe388 mode 2
Event: 2.265 Thread 0x0000022fbcf6a5b0 Uncommon trap: trap_request=0xffffffc6 fr.pc=0x0000022fc7c874c4 relative=0x00000000000002e4
Event: 2.265 Thread 0x0000022fbcf6a5b0 Uncommon trap: reason=bimorphic_or_optimized_type_check action=maybe_recompile pc=0x0000022fc7c874c4 method=java.util.HashMap.getNode(Ljava/lang/Object;)Ljava/util/HashMap$Node; @ 128 c2
Event: 2.265 Thread 0x0000022fbcf6a5b0 DEOPT PACKING pc=0x0000022fc7c874c4 sp=0x000000e4937fe410
Event: 2.265 Thread 0x0000022fbcf6a5b0 DEOPT UNPACKING pc=0x0000022fc76e6da2 sp=0x000000e4937fe388 mode 2
Event: 2.266 Thread 0x0000022fbcf6a5b0 Uncommon trap: trap_request=0xffffffc6 fr.pc=0x0000022fc7c874c4 relative=0x00000000000002e4
Event: 2.266 Thread 0x0000022fbcf6a5b0 Uncommon trap: reason=bimorphic_or_optimized_type_check action=maybe_recompile pc=0x0000022fc7c874c4 method=java.util.HashMap.getNode(Ljava/lang/Object;)Ljava/util/HashMap$Node; @ 128 c2
Event: 2.266 Thread 0x0000022fbcf6a5b0 DEOPT PACKING pc=0x0000022fc7c874c4 sp=0x000000e4937fe410
Event: 2.266 Thread 0x0000022fbcf6a5b0 DEOPT UNPACKING pc=0x0000022fc76e6da2 sp=0x000000e4937fe388 mode 2

Classes loaded (20 events):
Event: 2.195 Loading class sun/nio/fs/WindowsFileSystemProvider$1
Event: 2.195 Loading class sun/nio/fs/WindowsFileSystemProvider$1 done
Event: 2.195 Loading class sun/nio/fs/WindowsLinkSupport
Event: 2.196 Loading class sun/nio/fs/WindowsLinkSupport done
Event: 2.196 Loading class sun/nio/fs/WindowsAclFileAttributeView
Event: 2.196 Loading class sun/nio/fs/AbstractAclFileAttributeView
Event: 2.196 Loading class java/nio/file/attribute/AclFileAttributeView
Event: 2.197 Loading class java/nio/file/attribute/FileOwnerAttributeView
Event: 2.197 Loading class java/nio/file/attribute/FileOwnerAttributeView done
Event: 2.197 Loading class java/nio/file/attribute/AclFileAttributeView done
Event: 2.197 Loading class sun/nio/fs/AbstractAclFileAttributeView done
Event: 2.197 Loading class sun/nio/fs/WindowsAclFileAttributeView done
Event: 2.197 Loading class sun/nio/fs/WindowsSecurity
Event: 2.197 Loading class sun/nio/fs/WindowsSecurity done
Event: 2.198 Loading class sun/nio/fs/WindowsFileStore
Event: 2.198 Loading class java/nio/file/FileStore
Event: 2.198 Loading class java/nio/file/FileStore done
Event: 2.198 Loading class sun/nio/fs/WindowsFileStore done
Event: 2.202 Loading class java/net/URLClassLoader$1
Event: 2.202 Loading class java/net/URLClassLoader$1 done

Classes unloaded (0 events):
No events

Classes redefined (0 events):
No events

Internal exceptions (19 events):
Event: 0.159 Thread 0x0000022fbcf6a5b0 Exception <a 'java/lang/NoSuchMethodError'{0x00000000ead2a070}: 'void java.lang.invoke.DirectMethodHandle$Holder.invokeStatic(java.lang.Object, java.lang.Object, java.lang.Object)'> (0x00000000ead2a070) 
thrown [s\src\hotspot\share\interpreter\linkResolver.cpp, line 773]
Event: 0.306 Thread 0x0000022fbcf6a5b0 Exception <a 'java/lang/NoSuchMethodError'{0x00000000eae92348}: 'java.lang.Object java.lang.invoke.Invokers$Holder.invokeExact_MT(java.lang.Object, java.lang.Object, java.lang.Object, java.lang.Object, java.lang.Object)'> (0x00000000eae92348) 
thrown [s\src\hotspot\share\interpreter\linkResolver.cpp, line 773]
Event: 0.371 Thread 0x0000022fbcf6a5b0 Exception <a 'java/lang/NoSuchMethodError'{0x00000000eaf4bac8}: 'int java.lang.invoke.DirectMethodHandle$Holder.invokeSpecial(java.lang.Object, java.lang.Object, java.lang.Object, int)'> (0x00000000eaf4bac8) 
thrown [s\src\hotspot\share\interpreter\linkResolver.cpp, line 773]
Event: 0.375 Thread 0x0000022fbcf6a5b0 Exception <a 'java/lang/NoSuchMethodError'{0x00000000eaf5e4b0}: 'java.lang.Object java.lang.invoke.DirectMethodHandle$Holder.invokeStatic(java.lang.Object, java.lang.Object, java.lang.Object, java.lang.Object, int)'> (0x00000000eaf5e4b0) 
thrown [s\src\hotspot\share\interpreter\linkResolver.cpp, line 773]
Event: 0.379 Thread 0x0000022fbcf6a5b0 Exception <a 'java/lang/NoSuchMethodError'{0x00000000eaf698f0}: 'void java.lang.invoke.DelegatingMethodHandle$Holder.reinvoke_L(java.lang.Object, java.lang.Object, java.lang.Object, int, java.lang.Object)'> (0x00000000eaf698f0) 
thrown [s\src\hotspot\share\interpreter\linkResolver.cpp, line 773]
Event: 0.384 Thread 0x0000022fbcf6a5b0 Exception <a 'java/lang/NoSuchMethodError'{0x00000000eaf7a3e8}: 'int java.lang.invoke.DirectMethodHandle$Holder.invokeSpecial(java.lang.Object, java.lang.Object, java.lang.Object)'> (0x00000000eaf7a3e8) 
thrown [s\src\hotspot\share\interpreter\linkResolver.cpp, line 773]
Event: 0.387 Thread 0x0000022fbcf6a5b0 Exception <a 'java/lang/NoSuchMethodError'{0x00000000eaf860a8}: 'java.lang.Object java.lang.invoke.DirectMethodHandle$Holder.invokeStatic(java.lang.Object, java.lang.Object, int)'> (0x00000000eaf860a8) 
thrown [s\src\hotspot\share\interpreter\linkResolver.cpp, line 773]
Event: 0.389 Thread 0x0000022fbcf6a5b0 Exception <a 'java/lang/NoSuchMethodError'{0x00000000eaf8a9f8}: 'void java.lang.invoke.DirectMethodHandle$Holder.invokeStatic(java.lang.Object, java.lang.Object, int, java.lang.Object)'> (0x00000000eaf8a9f8) 
thrown [s\src\hotspot\share\interpreter\linkResolver.cpp, line 773]
Event: 0.390 Thread 0x0000022fbcf6a5b0 Exception <a 'java/lang/NoSuchMethodError'{0x00000000eaf8e588}: 'void java.lang.invoke.DirectMethodHandle$Holder.invokeSpecial(java.lang.Object, java.lang.Object, java.lang.Object, int, java.lang.Object)'> (0x00000000eaf8e588) 
thrown [s\src\hotspot\share\interpreter\linkResolver.cpp, line 773]
Event: 0.392 Thread 0x0000022fbcf6a5b0 Exception <a 'java/lang/NoSuchMethodError'{0x00000000eaf919f8}: 'void java.lang.invoke.DelegatingMethodHandle$Holder.delegate(java.lang.Object, java.lang.Object, int, java.lang.Object)'> (0x00000000eaf919f8) 
thrown [s\src\hotspot\share\interpreter\linkResolver.cpp, line 773]
Event: 0.517 Thread 0x0000022fbcf6a5b0 Exception <a 'java/lang/NoSuchMethodError'{0x00000000eb14eb70}: 'void java.lang.invoke.DelegatingMethodHandle$Holder.reinvoke_L(java.lang.Object, java.lang.Object, java.lang.Object, int)'> (0x00000000eb14eb70) 
thrown [s\src\hotspot\share\interpreter\linkResolver.cpp, line 773]
Event: 0.801 Thread 0x0000022fbcf6a5b0 Exception <a 'java/lang/NoSuchMethodError'{0x00000000eb5d6060}: 'void java.lang.invoke.DirectMethodHandle$Holder.invokeVirtual(java.lang.Object, java.lang.Object)'> (0x00000000eb5d6060) 
thrown [s\src\hotspot\share\interpreter\linkResolver.cpp, line 773]
Event: 1.077 Thread 0x0000022fbcf6a5b0 Exception <a 'java/lang/ClassNotFoundException'{0x00000000eb9d1b50}: sun/net/www/protocol/c/Handler> (0x00000000eb9d1b50) 
thrown [s\src\hotspot\share\classfile\systemDictionary.cpp, line 312]
Event: 1.088 Thread 0x0000022fbcf6a5b0 Exception <a 'java/io/FileNotFoundException'{0x00000000eb9e6e20}> (0x00000000eb9e6e20) 
thrown [s\src\hotspot\share\prims\jni.cpp, line 520]
Event: 1.091 Thread 0x0000022fbcf6a5b0 Exception <a 'java/io/FileNotFoundException'{0x00000000eb9ebd10}> (0x00000000eb9ebd10) 
thrown [s\src\hotspot\share\prims\jni.cpp, line 520]
Event: 1.091 Thread 0x0000022fbcf6a5b0 Exception <a 'java/io/FileNotFoundException'{0x00000000eb9ec988}> (0x00000000eb9ec988) 
thrown [s\src\hotspot\share\prims\jni.cpp, line 520]
Event: 1.091 Thread 0x0000022fbcf6a5b0 Exception <a 'java/io/FileNotFoundException'{0x00000000eb9ed4c8}> (0x00000000eb9ed4c8) 
thrown [s\src\hotspot\share\prims\jni.cpp, line 520]
Event: 1.104 Thread 0x0000022fbcf6a5b0 Implicit null exception at 0x0000022fc7c61024 to 0x0000022fc7c61624
Event: 1.112 Thread 0x0000022fbcf6a5b0 Exception <a 'java/io/FileNotFoundException'{0x00000000eba27658}> (0x00000000eba27658) 
thrown [s\src\hotspot\share\prims\jni.cpp, line 520]

ZGC Phase Switch (0 events):
No events

VM Operations (14 events):
Event: 0.165 Executing VM operation: HandshakeAllThreads (Deoptimize)
Event: 0.165 Executing VM operation: HandshakeAllThreads (Deoptimize) done
Event: 0.339 Executing VM operation: HandshakeAllThreads (Deoptimize)
Event: 0.339 Executing VM operation: HandshakeAllThreads (Deoptimize) done
Event: 1.019 Executing VM operation: HandshakeAllThreads (Deoptimize)
Event: 1.019 Executing VM operation: HandshakeAllThreads (Deoptimize) done
Event: 1.057 Executing VM operation: HandshakeAllThreads (Deoptimize)
Event: 1.057 Executing VM operation: HandshakeAllThreads (Deoptimize) done
Event: 1.057 Executing VM operation: Cleanup
Event: 1.057 Executing VM operation: Cleanup done
Event: 2.068 Executing VM operation: Cleanup
Event: 2.068 Executing VM operation: Cleanup done
Event: 3.073 Executing VM operation: Cleanup
Event: 3.073 Executing VM operation: Cleanup done

Memory protections (0 events):
No events

Nmethod flushes (0 events):
No events

Events (15 events):
Event: 0.050 Thread 0x0000022fbcf6a5b0 Thread added: 0x0000022fbcf6a5b0
Event: 0.079 Thread 0x0000022fbcf6a5b0 Thread added: 0x0000022fbd028690
Event: 0.079 Thread 0x0000022fbcf6a5b0 Thread added: 0x0000022fbd02c280
Event: 0.079 Thread 0x0000022fbcf6a5b0 Thread added: 0x0000022fd13240d0
Event: 0.079 Thread 0x0000022fbcf6a5b0 Thread added: 0x0000022fd1328160
Event: 0.079 Thread 0x0000022fbcf6a5b0 Thread added: 0x0000022fd13287f0
Event: 0.080 Thread 0x0000022fbcf6a5b0 Thread added: 0x0000022fd1328e80
Event: 0.080 Thread 0x0000022fbcf6a5b0 Thread added: 0x0000022fd1334940
Event: 0.080 Thread 0x0000022fbcf6a5b0 Thread added: 0x0000022fd1340eb0
Event: 0.143 Thread 0x0000022fbcf6a5b0 Thread added: 0x0000022fd1329510
Event: 0.192 Thread 0x0000022fd1340eb0 Thread added: 0x0000022fd1340110
Event: 0.556 Thread 0x0000022fd1340110 Thread exited: 0x0000022fd1340110
Event: 0.654 Thread 0x0000022fbcf6a5b0 Thread added: 0x0000022fd1329ba0
Event: 0.863 Thread 0x0000022fd1334940 Thread added: 0x0000022fd133d830
Event: 0.933 Thread 0x0000022fd1340eb0 Thread added: 0x0000022fd133e5d0


Dynamic libraries:
0x00007ff6e0d10000 - 0x00007ff6e0d1e000 	c:\Users\DELL\.vscode\extensions\redhat.java-1.41.1-win32-x64\jre\21.0.6-win32-x86_64\bin\java.exe
0x00007fff576c0000 - 0x00007fff57926000 	C:\WINDOWS\SYSTEM32\ntdll.dll
0x00007fff56130000 - 0x00007fff561f9000 	C:\WINDOWS\System32\KERNEL32.DLL
0x00007fff550b0000 - 0x00007fff5547c000 	C:\WINDOWS\System32\KERNELBASE.dll
0x00007fff54c80000 - 0x00007fff54dcb000 	C:\WINDOWS\System32\ucrtbase.dll
0x00007fff401c0000 - 0x00007fff401d8000 	c:\Users\DELL\.vscode\extensions\redhat.java-1.41.1-win32-x64\jre\21.0.6-win32-x86_64\bin\jli.dll
0x00007fff401e0000 - 0x00007fff401fe000 	c:\Users\DELL\.vscode\extensions\redhat.java-1.41.1-win32-x64\jre\21.0.6-win32-x86_64\bin\VCRUNTIME140.dll
0x00007fff564a0000 - 0x00007fff5666a000 	C:\WINDOWS\System32\USER32.dll
0x00007fff3d0f0000 - 0x00007fff3d38a000 	C:\WINDOWS\WinSxS\amd64_microsoft.windows.common-controls_6595b64144ccf1df_6.0.26100.3912_none_3e07963ce335137e\COMCTL32.dll
0x00007fff54850000 - 0x00007fff54877000 	C:\WINDOWS\System32\win32u.dll
0x00007fff55ff0000 - 0x00007fff56099000 	C:\WINDOWS\System32\msvcrt.dll
0x00007fff56200000 - 0x00007fff5622b000 	C:\WINDOWS\System32\GDI32.dll
0x00007fff54880000 - 0x00007fff549b2000 	C:\WINDOWS\System32\gdi32full.dll
0x00007fff549c0000 - 0x00007fff54a63000 	C:\WINDOWS\System32\msvcp_win.dll
0x00007fff55fb0000 - 0x00007fff55fe0000 	C:\WINDOWS\System32\IMM32.DLL
0x00007fff40ae0000 - 0x00007fff40aec000 	c:\Users\DELL\.vscode\extensions\redhat.java-1.41.1-win32-x64\jre\21.0.6-win32-x86_64\bin\vcruntime140_1.dll
0x00007fff400c0000 - 0x00007fff4014d000 	c:\Users\DELL\.vscode\extensions\redhat.java-1.41.1-win32-x64\jre\21.0.6-win32-x86_64\bin\msvcp140.dll
0x00007ffede1a0000 - 0x00007ffedef30000 	c:\Users\DELL\.vscode\extensions\redhat.java-1.41.1-win32-x64\jre\21.0.6-win32-x86_64\bin\server\jvm.dll
0x00007fff566f0000 - 0x00007fff567a2000 	C:\WINDOWS\System32\ADVAPI32.dll
0x00007fff575d0000 - 0x00007fff57676000 	C:\WINDOWS\System32\sechost.dll
0x00007fff567b0000 - 0x00007fff568c6000 	C:\WINDOWS\System32\RPCRT4.dll
0x00007fff569f0000 - 0x00007fff56a64000 	C:\WINDOWS\System32\WS2_32.dll
0x00007fff53480000 - 0x00007fff534de000 	C:\WINDOWS\SYSTEM32\POWRPROF.dll
0x00007fff4be50000 - 0x00007fff4be86000 	C:\WINDOWS\SYSTEM32\WINMM.dll
0x00007fff4b7a0000 - 0x00007fff4b7ab000 	C:\WINDOWS\SYSTEM32\VERSION.dll
0x00007fff53460000 - 0x00007fff53474000 	C:\WINDOWS\SYSTEM32\UMPDC.dll
0x00007fff53730000 - 0x00007fff5374a000 	C:\WINDOWS\SYSTEM32\kernel.appcore.dll
0x00007fff401b0000 - 0x00007fff401ba000 	c:\Users\DELL\.vscode\extensions\redhat.java-1.41.1-win32-x64\jre\21.0.6-win32-x86_64\bin\jimage.dll
0x00007fff51ef0000 - 0x00007fff52131000 	C:\WINDOWS\SYSTEM32\DBGHELP.DLL
0x00007fff55600000 - 0x00007fff55984000 	C:\WINDOWS\System32\combase.dll
0x00007fff568e0000 - 0x00007fff569c0000 	C:\WINDOWS\System32\OLEAUT32.dll
0x00007fff34570000 - 0x00007fff345a9000 	C:\WINDOWS\SYSTEM32\dbgcore.DLL
0x00007fff54e90000 - 0x00007fff54f29000 	C:\WINDOWS\System32\bcryptPrimitives.dll
0x00007fff400b0000 - 0x00007fff400bf000 	c:\Users\DELL\.vscode\extensions\redhat.java-1.41.1-win32-x64\jre\21.0.6-win32-x86_64\bin\instrument.dll
0x00007fff40090000 - 0x00007fff400af000 	c:\Users\DELL\.vscode\extensions\redhat.java-1.41.1-win32-x64\jre\21.0.6-win32-x86_64\bin\java.dll
0x00007fff56b00000 - 0x00007fff5722d000 	C:\WINDOWS\System32\SHELL32.dll
0x00007fff54b00000 - 0x00007fff54c74000 	C:\WINDOWS\System32\wintypes.dll
0x00007fff524c0000 - 0x00007fff52d16000 	C:\WINDOWS\SYSTEM32\windows.storage.dll
0x00007fff56230000 - 0x00007fff5631f000 	C:\WINDOWS\System32\SHCORE.dll
0x00007fff560c0000 - 0x00007fff56129000 	C:\WINDOWS\System32\shlwapi.dll
0x00007fff54760000 - 0x00007fff5478f000 	C:\WINDOWS\SYSTEM32\profapi.dll
0x00007fff38260000 - 0x00007fff38278000 	c:\Users\DELL\.vscode\extensions\redhat.java-1.41.1-win32-x64\jre\21.0.6-win32-x86_64\bin\zip.dll
0x00007fff40080000 - 0x00007fff40090000 	C:\Users\DELL\.vscode\extensions\redhat.java-1.41.1-win32-x64\jre\21.0.6-win32-x86_64\bin\net.dll
0x00007fff46e20000 - 0x00007fff46f3e000 	C:\WINDOWS\SYSTEM32\WINHTTP.dll
0x00007fff53ca0000 - 0x00007fff53d0a000 	C:\WINDOWS\system32\mswsock.dll
0x00007fff382c0000 - 0x00007fff382d6000 	C:\Users\DELL\.vscode\extensions\redhat.java-1.41.1-win32-x64\jre\21.0.6-win32-x86_64\bin\nio.dll
0x00007fff40070000 - 0x00007fff40080000 	c:\Users\DELL\.vscode\extensions\redhat.java-1.41.1-win32-x64\jre\21.0.6-win32-x86_64\bin\verify.dll

dbghelp: loaded successfully - version: 4.0.5 - missing functions: none
symbol engine: initialized successfully - sym options: 0x614 - pdb path: .;c:\Users\DELL\.vscode\extensions\redhat.java-1.41.1-win32-x64\jre\21.0.6-win32-x86_64\bin;C:\WINDOWS\SYSTEM32;C:\WINDOWS\WinSxS\amd64_microsoft.windows.common-controls_6595b64144ccf1df_6.0.26100.3912_none_3e07963ce335137e;c:\Users\DELL\.vscode\extensions\redhat.java-1.41.1-win32-x64\jre\21.0.6-win32-x86_64\bin\server

VM Arguments:
jvm_args: --add-modules=ALL-SYSTEM --add-opens=java.base/java.util=ALL-UNNAMED --add-opens=java.base/java.lang=ALL-UNNAMED --add-opens=java.base/sun.nio.fs=ALL-UNNAMED -Declipse.application=org.eclipse.jdt.ls.core.id1 -Dosgi.bundles.defaultStartLevel=4 -Declipse.product=org.eclipse.jdt.ls.core.product -Djava.import.generatesMetadataFilesAtProjectRoot=false -DDetectVMInstallationsJob.disabled=true -Dfile.encoding=utf8 -XX:+UseParallelGC -XX:GCTimeRatio=4 -XX:AdaptiveSizePolicyWeight=90 -Dsun.zip.disableMemoryMapping=true -Xmx1G -Xms100m -Xlog:disable -javaagent:c:\Users\DELL\.vscode\extensions\redhat.java-1.41.1-win32-x64\lombok\lombok-1.18.36.jar 
java_command: c:\Users\DELL\.vscode\extensions\redhat.java-1.41.1-win32-x64\server\plugins\org.eclipse.equinox.launcher_1.7.0.v20250331-1702.jar -configuration c:\Users\DELL\AppData\Roaming\Code\User\globalStorage\redhat.java\1.41.1\config_ss_win -data c:\Users\DELL\AppData\Roaming\Code\User\workspaceStorage\3445d51e809f9ea81cb50ad7f9c6bd4c\redhat.java\ss_ws --pipe=\\.\pipe\lsp-2d5b91f25ac48d7df02565453d710abd-sock
java_class_path (initial): c:\Users\DELL\.vscode\extensions\redhat.java-1.41.1-win32-x64\server\plugins\org.eclipse.equinox.launcher_1.7.0.v20250331-1702.jar
Launcher Type: SUN_STANDARD

[Global flags]
    uintx AdaptiveSizePolicyWeight                 = 90                                        {product} {command line}
     intx CICompilerCount                          = 4                                         {product} {ergonomic}
    uintx GCTimeRatio                              = 4                                         {product} {command line}
   size_t InitialHeapSize                          = 104857600                                 {product} {command line}
   size_t MaxHeapSize                              = 1073741824                                {product} {command line}
   size_t MaxNewSize                               = 357564416                                 {product} {ergonomic}
   size_t MinHeapDeltaBytes                        = 524288                                    {product} {ergonomic}
   size_t MinHeapSize                              = 104857600                                 {product} {command line}
   size_t NewSize                                  = 34603008                                  {product} {ergonomic}
    uintx NonNMethodCodeHeapSize                   = 5839372                                {pd product} {ergonomic}
    uintx NonProfiledCodeHeapSize                  = 122909434                              {pd product} {ergonomic}
   size_t OldSize                                  = 70254592                                  {product} {ergonomic}
    uintx ProfiledCodeHeapSize                     = 122909434                              {pd product} {ergonomic}
    uintx ReservedCodeCacheSize                    = 251658240                              {pd product} {ergonomic}
     bool SegmentedCodeCache                       = true                                      {product} {ergonomic}
   size_t SoftMaxHeapSize                          = 1073741824                             {manageable} {ergonomic}
     bool UseCompressedOops                        = true                           {product lp64_product} {ergonomic}
     bool UseLargePagesIndividualAllocation        = false                                  {pd product} {ergonomic}
     bool UseParallelGC                            = true                                      {product} {command line}

Logging:
Log output configuration:
 #0: stdout all=off uptime,level,tags foldmultilines=false
 #1: stderr all=off uptime,level,tags foldmultilines=false

Environment Variables:
JAVA_HOME=C:\Program Files\Java\jdk-17\
CLASSPATH=C:\Program Files\Java\jdk-22\lib\sqlite-jdbc-3.34.0.jar
PATH=C:\Program Files\Python312\Scripts\;C:\Program Files\Python312\;C:\Program Files\Common Files\Oracle\Java\javapath;C:\WINDOWS\system32;C:\WINDOWS;C:\WINDOWS\System32\Wbem;C:\WINDOWS\System32\WindowsPowerShell\v1.0\;C:\WINDOWS\System32\OpenSSH\;C:\Program Files\Java\jdk-22\bin;C:\Program Files\Git\cmd;C:\Program Files\nodejs\;C:\Program Files\Java\jdk-17\bin;C:\Program Files\MySQL\MySQL Shell 8.0\bin\;C:\Users\DELL\AppData\Local\Microsoft\WindowsApps;C:\Users\DELL\AppData\Local\Programs\Microsoft VS Code\bin;C:\Users\DELL\AppData\Local\Microsoft\WinGet\Packages\Schniz.fnm_Microsoft.Winget.Source_8wekyb3d8bbwe;C:\Users\DELL\AppData\Roaming\npm;C:\Users\DELL\AppData\Local\Pub\Cache\bin;E:\Mongosh\;C:\Flutter\src\flutter\bin;
USERNAME=DELL
OS=Windows_NT
PROCESSOR_IDENTIFIER=Intel64 Family 6 Model 140 Stepping 1, GenuineIntel
TMP=C:\Users\DELL\AppData\Local\Temp
TEMP=C:\Users\DELL\AppData\Local\Temp




Periodic native trim disabled

---------------  S Y S T E M  ---------------

OS:
 Windows 11 , 64 bit Build 26100 (10.0.26100.3912)
OS uptime: 0 days 0:03 hours
Hyper-V role detected

CPU: total 8 (initial active 8) (4 cores per cpu, 2 threads per core) family 6 model 140 stepping 1 microcode 0xbc, cx8, cmov, fxsr, ht, mmx, 3dnowpref, sse, sse2, sse3, ssse3, sse4.1, sse4.2, popcnt, lzcnt, tsc, tscinvbit, avx, avx2, aes, erms, clmul, bmi1, bmi2, adx, avx512f, avx512dq, avx512cd, avx512bw, avx512vl, sha, fma, vzeroupper, avx512_vpopcntdq, avx512_vpclmulqdq, avx512_vaes, avx512_vnni, clflush, clflushopt, clwb, avx512_vbmi2, avx512_vbmi, hv, rdtscp, rdpid, fsrm, gfni, avx512_bitalg, f16c, cet_ibt, cet_ss, avx512_ifma
Processor Information for processor 0
  Max Mhz: 2419, Current Mhz: 2419, Mhz Limit: 2419
Processor Information for processor 1
  Max Mhz: 2419, Current Mhz: 2419, Mhz Limit: 2419
Processor Information for processor 2
  Max Mhz: 2419, Current Mhz: 2419, Mhz Limit: 2419
Processor Information for processor 3
  Max Mhz: 2419, Current Mhz: 2419, Mhz Limit: 2419
Processor Information for processor 4
  Max Mhz: 2419, Current Mhz: 2419, Mhz Limit: 2419
Processor Information for processor 5
  Max Mhz: 2419, Current Mhz: 2419, Mhz Limit: 2419
Processor Information for processor 6
  Max Mhz: 2419, Current Mhz: 2419, Mhz Limit: 2419
Processor Information for processor 7
  Max Mhz: 2419, Current Mhz: 1209, Mhz Limit: 2419

Memory: 4k page, system-wide physical 7926M (1443M free)
TotalPageFile size 7926M (AvailPageFile size 6M)
current process WorkingSet (physical memory assigned to process): 74M, peak: 74M
current process commit charge ("private bytes"): 203M, peak: 203M

vm_info: OpenJDK 64-Bit Server VM (21.0.6+7-LTS) for windows-amd64 JRE (21.0.6+7-LTS), built on 2025-01-21T00:00:00Z by "admin" with MS VC++ 17.7 (VS2022)

END.
