#
# There is insufficient memory for the Java Runtime Environment to continue.
# Native memory allocation (malloc) failed to allocate 1666256 bytes. Error detail: Chunk::new
# Possible reasons:
#   The system is out of physical RAM or swap space
#   This process is running with CompressedOops enabled, and the Java Heap may be blocking the growth of the native heap
# Possible solutions:
#   Reduce memory load on the system
#   Increase physical memory or swap space
#   Check if swap backing store is full
#   Decrease Java heap size (-Xmx/-Xms)
#   Decrease number of Java threads
#   Decrease Java thread stack sizes (-Xss)
#   Set larger code cache with -XX:ReservedCodeCacheSize=
#   JVM is running with Unscaled Compressed Oops mode in which the Java heap is
#     placed in the first 4GB address space. The Java Heap base address is the
#     maximum limit for the native heap growth. Please use -XX:HeapBaseMinAddress
#     to set the Java Heap base and to place the Java Heap above 4GB virtual address.
# This output file may be truncated or incomplete.
#
#  Out of Memory Error (arena.cpp:168), pid=4772, tid=12628
#
# JRE version: OpenJDK Runtime Environment Temurin-21.0.6+7 (21.0.6+7) (build 21.0.6+7-LTS)
# Java VM: OpenJDK 64-Bit Server VM Temurin-21.0.6+7 (21.0.6+7-LTS, mixed mode, sharing, tiered, compressed oops, compressed class ptrs, parallel gc, windows-amd64)
# No core dump will be written. Minidumps are not enabled by default on client versions of Windows
#

---------------  S U M M A R Y ------------

Command Line: --add-modules=ALL-SYSTEM --add-opens=java.base/java.util=ALL-UNNAMED --add-opens=java.base/java.lang=ALL-UNNAMED --add-opens=java.base/sun.nio.fs=ALL-UNNAMED -Declipse.application=org.eclipse.jdt.ls.core.id1 -Dosgi.bundles.defaultStartLevel=4 -Declipse.product=org.eclipse.jdt.ls.core.product -Djava.import.generatesMetadataFilesAtProjectRoot=false -DDetectVMInstallationsJob.disabled=true -Dfile.encoding=utf8 -XX:+UseParallelGC -XX:GCTimeRatio=4 -XX:AdaptiveSizePolicyWeight=90 -Dsun.zip.disableMemoryMapping=true -Xmx1G -Xms100m -Xlog:disable -javaagent:c:\Users\DELL\.vscode\extensions\redhat.java-1.41.1-win32-x64\lombok\lombok-1.18.36.jar c:\Users\DELL\.vscode\extensions\redhat.java-1.41.1-win32-x64\server\plugins\org.eclipse.equinox.launcher_1.7.0.v20250331-1702.jar -configuration c:\Users\DELL\AppData\Roaming\Code\User\globalStorage\redhat.java\1.41.1\config_ss_win -data c:\Users\DELL\AppData\Roaming\Code\User\workspaceStorage\3445d51e809f9ea81cb50ad7f9c6bd4c\redhat.java\ss_ws --pipe=\\.\pipe\lsp-b3dd2c594b7133f1ca7fa70a2e63606d-sock

Host: 11th Gen Intel(R) Core(TM) i5-1135G7 @ 2.40GHz, 8 cores, 7G,  Windows 11 , 64 bit Build 26100 (10.0.26100.3912)
Time: Thu May 15 21:23:26 2025 India Standard Time elapsed time: 21.363952 seconds (0d 0h 0m 21s)

---------------  T H R E A D  ---------------

Current thread (0x0000016a608c6060):  JavaThread "C2 CompilerThread1" daemon [_thread_in_native, id=12628, stack(0x00000062baf00000,0x00000062bb000000) (1024K)]


Current CompileTask:
C2:21364 4826 %     4       org.lombokweb.asm.ClassReader::readCode @ 92 (5117 bytes)

Stack: [0x00000062baf00000,0x00000062bb000000]
Native frames: (J=compiled Java code, j=interpreted, Vv=VM code, C=native code)
V  [jvm.dll+0x6cdee9]
V  [jvm.dll+0x8a83d1]
V  [jvm.dll+0x8aa8fe]
V  [jvm.dll+0x8aafe3]
V  [jvm.dll+0x27f706]
V  [jvm.dll+0xc500d]
V  [jvm.dll+0xc5543]
V  [jvm.dll+0x3b6752]
V  [jvm.dll+0x1dfe13]
V  [jvm.dll+0x247b42]
V  [jvm.dll+0x246fcf]
V  [jvm.dll+0x1c75ee]
V  [jvm.dll+0x25685a]
V  [jvm.dll+0x254dfa]
V  [jvm.dll+0x3f0256]
V  [jvm.dll+0x851f8b]
V  [jvm.dll+0x6cc5ed]
C  [ucrtbase.dll+0x37b0]
C  [KERNEL32.DLL+0x2e8d7]
C  [ntdll.dll+0x9c5dc]


---------------  P R O C E S S  ---------------

Threads class SMR info:
_java_thread_list=0x0000016a62278380, length=42, elements={
0x0000016a05175690, 0x0000016a195183e0, 0x0000016a0521d060, 0x0000016a19521930,
0x0000016a19524390, 0x0000016a19524de0, 0x0000016a19526d90, 0x0000016a1952c780,
0x0000016a19547f50, 0x0000016a051db9a0, 0x0000016a60337200, 0x0000016a605f0590,
0x0000016a600674e0, 0x0000016a60c97150, 0x0000016a60c86d40, 0x0000016a60e04560,
0x0000016a600b77b0, 0x0000016a60525030, 0x0000016a6015e210, 0x0000016a6048bfb0,
0x0000016a608c6060, 0x0000016a60666c20, 0x0000016a604891c0, 0x0000016a6048c640,
0x0000016a60489ee0, 0x0000016a60489850, 0x0000016a6048b290, 0x0000016a6048a570,
0x0000016a6048ac00, 0x0000016a6048b920, 0x0000016a615c8c10, 0x0000016a615c92a0,
0x0000016a615c9930, 0x0000016a615cace0, 0x0000016a615ca650, 0x0000016a615cb370,
0x0000016a615c7ef0, 0x0000016a615c9fc0, 0x0000016a615c8580, 0x0000016a615cd440,
0x0000016a615cee80, 0x0000016a615cc720
}

Java Threads: ( => current thread )
  0x0000016a05175690 JavaThread "main"                              [_thread_blocked, id=11940, stack(0x00000062b9100000,0x00000062b9200000) (1024K)]
  0x0000016a195183e0 JavaThread "Reference Handler"          daemon [_thread_blocked, id=4092, stack(0x00000062b9500000,0x00000062b9600000) (1024K)]
  0x0000016a0521d060 JavaThread "Finalizer"                  daemon [_thread_blocked, id=8644, stack(0x00000062b9600000,0x00000062b9700000) (1024K)]
  0x0000016a19521930 JavaThread "Signal Dispatcher"          daemon [_thread_blocked, id=4496, stack(0x00000062b9700000,0x00000062b9800000) (1024K)]
  0x0000016a19524390 JavaThread "Attach Listener"            daemon [_thread_blocked, id=4724, stack(0x00000062b9800000,0x00000062b9900000) (1024K)]
  0x0000016a19524de0 JavaThread "Service Thread"             daemon [_thread_blocked, id=1296, stack(0x00000062b9900000,0x00000062b9a00000) (1024K)]
  0x0000016a19526d90 JavaThread "Monitor Deflation Thread"   daemon [_thread_blocked, id=5052, stack(0x00000062b9a00000,0x00000062b9b00000) (1024K)]
  0x0000016a1952c780 JavaThread "C2 CompilerThread0"         daemon [_thread_in_native, id=4388, stack(0x00000062b9b00000,0x00000062b9c00000) (1024K)]
  0x0000016a19547f50 JavaThread "C1 CompilerThread0"         daemon [_thread_in_vm, id=14400, stack(0x00000062b9c00000,0x00000062b9d00000) (1024K)]
  0x0000016a051db9a0 JavaThread "Common-Cleaner"             daemon [_thread_blocked, id=7860, stack(0x00000062b9d00000,0x00000062b9e00000) (1024K)]
  0x0000016a60337200 JavaThread "Notification Thread"        daemon [_thread_blocked, id=12336, stack(0x00000062b9f00000,0x00000062ba000000) (1024K)]
  0x0000016a605f0590 JavaThread "Active Thread: Equinox Container: 281e7a53-1a4c-4c3a-b6e4-126cd40625f8"        [_thread_blocked, id=828, stack(0x00000062ba700000,0x00000062ba800000) (1024K)]
  0x0000016a600674e0 JavaThread "Framework Event Dispatcher: Equinox Container: 281e7a53-1a4c-4c3a-b6e4-126cd40625f8" daemon [_thread_blocked, id=13472, stack(0x00000062b9e00000,0x00000062b9f00000) (1024K)]
  0x0000016a60c97150 JavaThread "Start Level: Equinox Container: 281e7a53-1a4c-4c3a-b6e4-126cd40625f8" daemon [_thread_blocked, id=8772, stack(0x00000062ba000000,0x00000062ba100000) (1024K)]
  0x0000016a60c86d40 JavaThread "SCR Component Actor"        daemon [_thread_blocked, id=6740, stack(0x00000062ba800000,0x00000062ba900000) (1024K)]
  0x0000016a60e04560 JavaThread "Worker-JM"                         [_thread_blocked, id=14960, stack(0x00000062bab00000,0x00000062bac00000) (1024K)]
  0x0000016a600b77b0 JavaThread "JNA Cleaner"                daemon [_thread_blocked, id=740, stack(0x00000062baa00000,0x00000062bab00000) (1024K)]
  0x0000016a60525030 JavaThread "Worker-0"                          [_thread_blocked, id=3604, stack(0x00000062bac00000,0x00000062bad00000) (1024K)]
  0x0000016a6015e210 JavaThread "Worker-1"                          [_thread_blocked, id=9012, stack(0x00000062bad00000,0x00000062bae00000) (1024K)]
  0x0000016a6048bfb0 JavaThread "SCR Component Registry"     daemon [_thread_blocked, id=13324, stack(0x00000062bae00000,0x00000062baf00000) (1024K)]
=>0x0000016a608c6060 JavaThread "C2 CompilerThread1"         daemon [_thread_in_native, id=12628, stack(0x00000062baf00000,0x00000062bb000000) (1024K)]
  0x0000016a60666c20 JavaThread "C2 CompilerThread2"         daemon [_thread_in_native, id=10584, stack(0x00000062bb000000,0x00000062bb100000) (1024K)]
  0x0000016a604891c0 JavaThread "Thread-3"                   daemon [_thread_in_native, id=1908, stack(0x00000062bb300000,0x00000062bb400000) (1024K)]
  0x0000016a6048c640 JavaThread "Thread-4"                   daemon [_thread_in_native, id=6692, stack(0x00000062bb400000,0x00000062bb500000) (1024K)]
  0x0000016a60489ee0 JavaThread "Thread-5"                   daemon [_thread_in_native, id=2624, stack(0x00000062bb500000,0x00000062bb600000) (1024K)]
  0x0000016a60489850 JavaThread "Thread-6"                   daemon [_thread_in_native, id=7820, stack(0x00000062bb600000,0x00000062bb700000) (1024K)]
  0x0000016a6048b290 JavaThread "Thread-7"                   daemon [_thread_in_native, id=14128, stack(0x00000062bb700000,0x00000062bb800000) (1024K)]
  0x0000016a6048a570 JavaThread "Thread-8"                   daemon [_thread_in_native, id=2780, stack(0x00000062bb800000,0x00000062bb900000) (1024K)]
  0x0000016a6048ac00 JavaThread "Thread-9"                   daemon [_thread_in_native, id=8416, stack(0x00000062bb900000,0x00000062bba00000) (1024K)]
  0x0000016a6048b920 JavaThread "Thread-10"                  daemon [_thread_in_native, id=5888, stack(0x00000062bba00000,0x00000062bbb00000) (1024K)]
  0x0000016a615c8c10 JavaThread "Thread-11"                  daemon [_thread_in_native, id=4124, stack(0x00000062bbb00000,0x00000062bbc00000) (1024K)]
  0x0000016a615c92a0 JavaThread "pool-2-thread-1"                   [_thread_blocked, id=14768, stack(0x00000062bbc00000,0x00000062bbd00000) (1024K)]
  0x0000016a615c9930 JavaThread "WorkspaceEventsHandler"            [_thread_blocked, id=4528, stack(0x00000062bbd00000,0x00000062bbe00000) (1024K)]
  0x0000016a615cace0 JavaThread "pool-1-thread-1"                   [_thread_in_Java, id=6488, stack(0x00000062bbe00000,0x00000062bbf00000) (1024K)]
  0x0000016a615ca650 JavaThread "Worker-2"                          [_thread_blocked, id=5596, stack(0x00000062bbf00000,0x00000062bc000000) (1024K)]
  0x0000016a615cb370 JavaThread "ForkJoinPool.commonPool-worker-1" daemon [_thread_in_Java, id=4024, stack(0x00000062bc000000,0x00000062bc100000) (1024K)]
  0x0000016a615c7ef0 JavaThread "ForkJoinPool.commonPool-worker-2" daemon [_thread_in_Java, id=11856, stack(0x00000062bc100000,0x00000062bc200000) (1024K)]
  0x0000016a615c9fc0 JavaThread "ForkJoinPool.commonPool-worker-3" daemon [_thread_blocked, id=13668, stack(0x00000062bc200000,0x00000062bc300000) (1024K)]
  0x0000016a615c8580 JavaThread "ForkJoinPool.commonPool-worker-4" daemon [_thread_blocked, id=9472, stack(0x00000062bc300000,0x00000062bc400000) (1024K)]
  0x0000016a615cd440 JavaThread "ForkJoinPool.commonPool-worker-5" daemon [_thread_in_native, id=2108, stack(0x00000062bc400000,0x00000062bc500000) (1024K)]
  0x0000016a615cee80 JavaThread "ForkJoinPool.commonPool-worker-6" daemon [_thread_blocked, id=9468, stack(0x00000062bc500000,0x00000062bc600000) (1024K)]
  0x0000016a615cc720 JavaThread "ForkJoinPool.commonPool-worker-7" daemon [_thread_blocked, id=10144, stack(0x00000062bc600000,0x00000062bc700000) (1024K)]
Total: 42

Other Threads:
  0x0000016a195134a0 VMThread "VM Thread"                           [id=12040, stack(0x00000062b9400000,0x00000062b9500000) (1024K)]
  0x0000016a051d8750 WatcherThread "VM Periodic Task Thread"        [id=12080, stack(0x00000062b9300000,0x00000062b9400000) (1024K)]
  0x0000016a0518b830 WorkerThread "GC Thread#0"                     [id=8756, stack(0x00000062b9200000,0x00000062b9300000) (1024K)]
  0x0000016a607ff7b0 WorkerThread "GC Thread#1"                     [id=14996, stack(0x00000062ba100000,0x00000062ba200000) (1024K)]
  0x0000016a609cb400 WorkerThread "GC Thread#2"                     [id=7172, stack(0x00000062ba200000,0x00000062ba300000) (1024K)]
  0x0000016a607fb770 WorkerThread "GC Thread#3"                     [id=14896, stack(0x00000062ba300000,0x00000062ba400000) (1024K)]
  0x0000016a607fbb10 WorkerThread "GC Thread#4"                     [id=4800, stack(0x00000062ba400000,0x00000062ba500000) (1024K)]
  0x0000016a607fbeb0 WorkerThread "GC Thread#5"                     [id=5864, stack(0x00000062ba500000,0x00000062ba600000) (1024K)]
  0x0000016a60a5ba00 WorkerThread "GC Thread#6"                     [id=3044, stack(0x00000062ba600000,0x00000062ba700000) (1024K)]
  0x0000016a606dd990 WorkerThread "GC Thread#7"                     [id=7644, stack(0x00000062ba900000,0x00000062baa00000) (1024K)]
Total: 10

Threads with active compile tasks:
C2 CompilerThread0  21401 4834       4       org.lombokweb.asm.ClassReader::readMethod (1070 bytes)
C1 CompilerThread0  21401 4905       2       org.eclipse.core.runtime.Path::<init> (161 bytes)
C2 CompilerThread1  21401 4826 %     4       org.lombokweb.asm.ClassReader::readCode @ 92 (5117 bytes)
C2 CompilerThread2  21401 4779 %     4       org.lombokweb.asm.SymbolTable::<init> @ 98 (536 bytes)
Total: 4

VM state: not at safepoint (normal execution)

VM Mutex/Monitor currently owned by a thread: None

Heap address: 0x00000000c0000000, size: 1024 MB, Compressed Oops mode: 32-bit

CDS archive(s) mapped at: [0x0000016a1a000000-0x0000016a1aba0000-0x0000016a1aba0000), size 12189696, SharedBaseAddress: 0x0000016a1a000000, ArchiveRelocationMode: 1.
Compressed class space mapped at: 0x0000016a1b000000-0x0000016a5b000000, reserved size: 1073741824
Narrow klass base: 0x0000016a1a000000, Narrow klass shift: 0, Narrow klass range: 0x100000000

GC Precious Log:
 CardTable entry size: 512
 CPUs: 8 total, 8 available
 Memory: 7926M
 Large Page Support: Disabled
 NUMA Support: Disabled
 Compressed Oops: Enabled (32-bit)
 Alignments: Space 512K, Generation 512K, Heap 2M
 Heap Min Capacity: 100M
 Heap Initial Capacity: 100M
 Heap Max Capacity: 1G
 Pre-touch: Disabled
 Parallel Workers: 8

Heap:
 PSYoungGen      total 22016K, used 3376K [0x00000000eab00000, 0x00000000ec200000, 0x0000000100000000)
  eden space 20992K, 13% used [0x00000000eab00000,0x00000000eadc4218,0x00000000ebf80000)
  from space 1024K, 53% used [0x00000000ec080000,0x00000000ec108000,0x00000000ec180000)
  to   space 512K, 0% used [0x00000000ec180000,0x00000000ec180000,0x00000000ec200000)
 ParOldGen       total 68608K, used 29515K [0x00000000c0000000, 0x00000000c4300000, 0x00000000eab00000)
  object space 68608K, 43% used [0x00000000c0000000,0x00000000c1cd2c38,0x00000000c4300000)
 Metaspace       used 38328K, committed 39296K, reserved 1114112K
  class space    used 3771K, committed 4224K, reserved 1048576K

Card table byte_map: [0x0000016a04b00000,0x0000016a04d10000] _byte_map_base: 0x0000016a04500000

Marking Bits: (ParMarkBitMap*) 0x00007ffe10763260
 Begin Bits: [0x0000016a17350000, 0x0000016a18350000)
 End Bits:   [0x0000016a18350000, 0x0000016a19350000)

Polling page: 0x0000016a02fe0000

Metaspace:

Usage:
  Non-class:     33.75 MB used.
      Class:      3.68 MB used.
       Both:     37.43 MB used.

Virtual space:
  Non-class space:       64.00 MB reserved,      34.25 MB ( 54%) committed,  1 nodes.
      Class space:        1.00 GB reserved,       4.12 MB ( <1%) committed,  1 nodes.
             Both:        1.06 GB reserved,      38.38 MB (  4%) committed. 

Chunk freelists:
   Non-Class:  13.00 MB
       Class:  11.92 MB
        Both:  24.92 MB

MaxMetaspaceSize: unlimited
CompressedClassSpaceSize: 1.00 GB
Initial GC threshold: 21.00 MB
Current GC threshold: 58.38 MB
CDS: on
 - commit_granule_bytes: 65536.
 - commit_granule_words: 8192.
 - virtual_space_node_default_size: 8388608.
 - enlarge_chunks_in_place: 1.
 - use_allocation_guard: 0.


Internal statistics:

num_allocs_failed_limit: 6.
num_arena_births: 1110.
num_arena_deaths: 348.
num_vsnodes_births: 2.
num_vsnodes_deaths: 0.
num_space_committed: 614.
num_space_uncommitted: 0.
num_chunks_returned_to_freelist: 505.
num_chunks_taken_from_freelist: 2931.
num_chunk_merges: 218.
num_chunk_splits: 1730.
num_chunks_enlarged: 927.
num_inconsistent_stats: 0.

CodeHeap 'non-profiled nmethods': size=120000Kb used=2488Kb max_used=2575Kb free=117511Kb
 bounds [0x0000016a0fe20000, 0x0000016a100c0000, 0x0000016a17350000]
CodeHeap 'profiled nmethods': size=120000Kb used=9409Kb max_used=9409Kb free=110590Kb
 bounds [0x0000016a08350000, 0x0000016a08d00000, 0x0000016a0f880000]
CodeHeap 'non-nmethods': size=5760Kb used=1390Kb max_used=1444Kb free=4369Kb
 bounds [0x0000016a0f880000, 0x0000016a0faf0000, 0x0000016a0fe20000]
 total_blobs=5180 nmethods=4500 adapters=586
 compilation: enabled
              stopped_count=0, restarted_count=0
 full_count=0

Compilation events (20 events):
Event: 20.296 Thread 0x0000016a19547f50 4874       3       lombok.core.LombokImmutableList::get (7 bytes)
Event: 20.296 Thread 0x0000016a19547f50 nmethod 4874 0x0000016a085af690 code [0x0000016a085af840, 0x0000016a085af978]
Event: 20.297 Thread 0x0000016a19547f50 4864       2       lombok.core.LombokImmutableList$1::hasNext (19 bytes)
Event: 20.297 Thread 0x0000016a19547f50 nmethod 4864 0x0000016a085fc110 code [0x0000016a085fc2c0, 0x0000016a085fc418]
Event: 20.297 Thread 0x0000016a19547f50 4880       1       org.eclipse.jdt.internal.core.AbstractModule::getElementType (3 bytes)
Event: 20.297 Thread 0x0000016a19547f50 nmethod 4880 0x0000016a0fe67910 code [0x0000016a0fe67aa0, 0x0000016a0fe67b68]
Event: 20.298 Thread 0x0000016a19547f50 4857       3       org.eclipse.jdt.internal.compiler.parser.Scanner::atMultiCaseComma (45 bytes)
Event: 20.298 Thread 0x0000016a19547f50 nmethod 4857 0x0000016a084b3f90 code [0x0000016a084b4160, 0x0000016a084b4590]
Event: 20.298 Thread 0x0000016a19547f50 4858       3       org.eclipse.jdt.internal.compiler.parser.Scanner::mayBeAtCasePattern (18 bytes)
Event: 20.299 Thread 0x0000016a19547f50 nmethod 4858 0x0000016a084e9610 code [0x0000016a084e97c0, 0x0000016a084e9a18]
Event: 20.299 Thread 0x0000016a19547f50 4863       1       lombok.eclipse.EclipseNode::getAst (5 bytes)
Event: 20.299 Thread 0x0000016a19547f50 nmethod 4863 0x0000016a0fe67610 code [0x0000016a0fe677a0, 0x0000016a0fe67868]
Event: 20.299 Thread 0x0000016a19547f50 4850       3       java.lang.Class::getDeclaredFields (27 bytes)
Event: 20.300 Thread 0x0000016a19547f50 nmethod 4850 0x0000016a0840e190 code [0x0000016a0840e360, 0x0000016a0840e5c8]
Event: 20.339 Thread 0x0000016a1952c780 nmethod 4833 0x0000016a100ad390 code [0x0000016a100ad960, 0x0000016a100af940]
Event: 20.340 Thread 0x0000016a1952c780 4834       4       org.lombokweb.asm.ClassReader::readMethod (1070 bytes)
Event: 20.345 Thread 0x0000016a19547f50 4885       3       java.lang.StringLatin1::toBytes (9 bytes)
Event: 20.345 Thread 0x0000016a19547f50 nmethod 4885 0x0000016a08605a90 code [0x0000016a08605c20, 0x0000016a08605da8]
Event: 20.345 Thread 0x0000016a19547f50 4886       3       java.lang.Long::toString (55 bytes)
Event: 20.346 Thread 0x0000016a19547f50 nmethod 4886 0x0000016a08595410 code [0x0000016a085955e0, 0x0000016a08595920]

GC Heap History (20 events):
Event: 19.341 GC heap before
{Heap before GC invocations=14 (full 1):
 PSYoungGen      total 23040K, used 23010K [0x00000000eab00000, 0x00000000ecd80000, 0x0000000100000000)
  eden space 20992K, 100% used [0x00000000eab00000,0x00000000ebf80000,0x00000000ebf80000)
  from space 2048K, 98% used [0x00000000ec600000,0x00000000ec7f8810,0x00000000ec800000)
  to   space 6656K, 0% used [0x00000000ebf80000,0x00000000ebf80000,0x00000000ec600000)
 ParOldGen       total 68608K, used 20160K [0x00000000c0000000, 0x00000000c4300000, 0x00000000eab00000)
  object space 68608K, 29% used [0x00000000c0000000,0x00000000c13b00d8,0x00000000c4300000)
 Metaspace       used 32227K, committed 33280K, reserved 1114112K
  class space    used 3229K, committed 3712K, reserved 1048576K
}
Event: 19.345 GC heap after
{Heap after GC invocations=14 (full 1):
 PSYoungGen      total 23552K, used 2308K [0x00000000eab00000, 0x00000000ec680000, 0x0000000100000000)
  eden space 20992K, 0% used [0x00000000eab00000,0x00000000eab00000,0x00000000ebf80000)
  from space 2560K, 90% used [0x00000000ebf80000,0x00000000ec1c1000,0x00000000ec200000)
  to   space 3584K, 0% used [0x00000000ec300000,0x00000000ec300000,0x00000000ec680000)
 ParOldGen       total 68608K, used 22109K [0x00000000c0000000, 0x00000000c4300000, 0x00000000eab00000)
  object space 68608K, 32% used [0x00000000c0000000,0x00000000c1597448,0x00000000c4300000)
 Metaspace       used 32227K, committed 33280K, reserved 1114112K
  class space    used 3229K, committed 3712K, reserved 1048576K
}
Event: 19.401 GC heap before
{Heap before GC invocations=15 (full 1):
 PSYoungGen      total 23552K, used 23300K [0x00000000eab00000, 0x00000000ec680000, 0x0000000100000000)
  eden space 20992K, 100% used [0x00000000eab00000,0x00000000ebf80000,0x00000000ebf80000)
  from space 2560K, 90% used [0x00000000ebf80000,0x00000000ec1c1000,0x00000000ec200000)
  to   space 3584K, 0% used [0x00000000ec300000,0x00000000ec300000,0x00000000ec680000)
 ParOldGen       total 68608K, used 22109K [0x00000000c0000000, 0x00000000c4300000, 0x00000000eab00000)
  object space 68608K, 32% used [0x00000000c0000000,0x00000000c1597448,0x00000000c4300000)
 Metaspace       used 32322K, committed 33344K, reserved 1114112K
  class space    used 3229K, committed 3712K, reserved 1048576K
}
Event: 19.406 GC heap after
{Heap after GC invocations=15 (full 1):
 PSYoungGen      total 24064K, used 2624K [0x00000000eab00000, 0x00000000ec600000, 0x0000000100000000)
  eden space 20992K, 0% used [0x00000000eab00000,0x00000000eab00000,0x00000000ebf80000)
  from space 3072K, 85% used [0x00000000ec300000,0x00000000ec590010,0x00000000ec600000)
  to   space 3072K, 0% used [0x00000000ec000000,0x00000000ec000000,0x00000000ec300000)
 ParOldGen       total 68608K, used 24255K [0x00000000c0000000, 0x00000000c4300000, 0x00000000eab00000)
  object space 68608K, 35% used [0x00000000c0000000,0x00000000c17aff98,0x00000000c4300000)
 Metaspace       used 32322K, committed 33344K, reserved 1114112K
  class space    used 3229K, committed 3712K, reserved 1048576K
}
Event: 19.457 GC heap before
{Heap before GC invocations=16 (full 1):
 PSYoungGen      total 24064K, used 23616K [0x00000000eab00000, 0x00000000ec600000, 0x0000000100000000)
  eden space 20992K, 100% used [0x00000000eab00000,0x00000000ebf80000,0x00000000ebf80000)
  from space 3072K, 85% used [0x00000000ec300000,0x00000000ec590010,0x00000000ec600000)
  to   space 3072K, 0% used [0x00000000ec000000,0x00000000ec000000,0x00000000ec300000)
 ParOldGen       total 68608K, used 24255K [0x00000000c0000000, 0x00000000c4300000, 0x00000000eab00000)
  object space 68608K, 35% used [0x00000000c0000000,0x00000000c17aff98,0x00000000c4300000)
 Metaspace       used 32414K, committed 33472K, reserved 1114112K
  class space    used 3229K, committed 3712K, reserved 1048576K
}
Event: 19.462 GC heap after
{Heap after GC invocations=16 (full 1):
 PSYoungGen      total 23552K, used 2360K [0x00000000eab00000, 0x00000000ec480000, 0x0000000100000000)
  eden space 20992K, 0% used [0x00000000eab00000,0x00000000eab00000,0x00000000ebf80000)
  from space 2560K, 92% used [0x00000000ec000000,0x00000000ec24e200,0x00000000ec280000)
  to   space 2048K, 0% used [0x00000000ec280000,0x00000000ec280000,0x00000000ec480000)
 ParOldGen       total 68608K, used 26775K [0x00000000c0000000, 0x00000000c4300000, 0x00000000eab00000)
  object space 68608K, 39% used [0x00000000c0000000,0x00000000c1a25fa8,0x00000000c4300000)
 Metaspace       used 32414K, committed 33472K, reserved 1114112K
  class space    used 3229K, committed 3712K, reserved 1048576K
}
Event: 19.600 GC heap before
{Heap before GC invocations=17 (full 1):
 PSYoungGen      total 23552K, used 23352K [0x00000000eab00000, 0x00000000ec480000, 0x0000000100000000)
  eden space 20992K, 100% used [0x00000000eab00000,0x00000000ebf80000,0x00000000ebf80000)
  from space 2560K, 92% used [0x00000000ec000000,0x00000000ec24e200,0x00000000ec280000)
  to   space 2048K, 0% used [0x00000000ec280000,0x00000000ec280000,0x00000000ec480000)
 ParOldGen       total 68608K, used 26775K [0x00000000c0000000, 0x00000000c4300000, 0x00000000eab00000)
  object space 68608K, 39% used [0x00000000c0000000,0x00000000c1a25fa8,0x00000000c4300000)
 Metaspace       used 33523K, committed 34560K, reserved 1114112K
  class space    used 3375K, committed 3840K, reserved 1048576K
}
Event: 19.602 GC heap after
{Heap after GC invocations=17 (full 1):
 PSYoungGen      total 23040K, used 1610K [0x00000000eab00000, 0x00000000ec480000, 0x0000000100000000)
  eden space 20992K, 0% used [0x00000000eab00000,0x00000000eab00000,0x00000000ebf80000)
  from space 2048K, 78% used [0x00000000ec280000,0x00000000ec4129e8,0x00000000ec480000)
  to   space 2048K, 0% used [0x00000000ec080000,0x00000000ec080000,0x00000000ec280000)
 ParOldGen       total 68608K, used 29016K [0x00000000c0000000, 0x00000000c4300000, 0x00000000eab00000)
  object space 68608K, 42% used [0x00000000c0000000,0x00000000c1c561a8,0x00000000c4300000)
 Metaspace       used 33523K, committed 34560K, reserved 1114112K
  class space    used 3375K, committed 3840K, reserved 1048576K
}
Event: 19.829 GC heap before
{Heap before GC invocations=18 (full 1):
 PSYoungGen      total 23040K, used 22553K [0x00000000eab00000, 0x00000000ec480000, 0x0000000100000000)
  eden space 20992K, 99% used [0x00000000eab00000,0x00000000ebf73b20,0x00000000ebf80000)
  from space 2048K, 78% used [0x00000000ec280000,0x00000000ec4129e8,0x00000000ec480000)
  to   space 2048K, 0% used [0x00000000ec080000,0x00000000ec080000,0x00000000ec280000)
 ParOldGen       total 68608K, used 29016K [0x00000000c0000000, 0x00000000c4300000, 0x00000000eab00000)
  object space 68608K, 42% used [0x00000000c0000000,0x00000000c1c561a8,0x00000000c4300000)
 Metaspace       used 34722K, committed 35840K, reserved 1114112K
  class space    used 3533K, committed 4032K, reserved 1048576K
}
Event: 19.831 GC heap after
{Heap after GC invocations=18 (full 1):
 PSYoungGen      total 22016K, used 749K [0x00000000eab00000, 0x00000000ec300000, 0x0000000100000000)
  eden space 20992K, 0% used [0x00000000eab00000,0x00000000eab00000,0x00000000ebf80000)
  from space 1024K, 73% used [0x00000000ec080000,0x00000000ec13b4d8,0x00000000ec180000)
  to   space 1536K, 0% used [0x00000000ec180000,0x00000000ec180000,0x00000000ec300000)
 ParOldGen       total 68608K, used 30377K [0x00000000c0000000, 0x00000000c4300000, 0x00000000eab00000)
  object space 68608K, 44% used [0x00000000c0000000,0x00000000c1daa590,0x00000000c4300000)
 Metaspace       used 34722K, committed 35840K, reserved 1114112K
  class space    used 3533K, committed 4032K, reserved 1048576K
}
Event: 19.836 GC heap before
{Heap before GC invocations=19 (full 1):
 PSYoungGen      total 22016K, used 1338K [0x00000000eab00000, 0x00000000ec300000, 0x0000000100000000)
  eden space 20992K, 2% used [0x00000000eab00000,0x00000000eab93650,0x00000000ebf80000)
  from space 1024K, 73% used [0x00000000ec080000,0x00000000ec13b4d8,0x00000000ec180000)
  to   space 1536K, 0% used [0x00000000ec180000,0x00000000ec180000,0x00000000ec300000)
 ParOldGen       total 68608K, used 30377K [0x00000000c0000000, 0x00000000c4300000, 0x00000000eab00000)
  object space 68608K, 44% used [0x00000000c0000000,0x00000000c1daa590,0x00000000c4300000)
 Metaspace       used 34774K, committed 35840K, reserved 1114112K
  class space    used 3536K, committed 4032K, reserved 1048576K
}
Event: 19.837 GC heap after
{Heap after GC invocations=19 (full 1):
 PSYoungGen      total 21504K, used 192K [0x00000000eab00000, 0x00000000ec200000, 0x0000000100000000)
  eden space 20992K, 0% used [0x00000000eab00000,0x00000000eab00000,0x00000000ebf80000)
  from space 512K, 37% used [0x00000000ec180000,0x00000000ec1b0000,0x00000000ec200000)
  to   space 512K, 0% used [0x00000000ec100000,0x00000000ec100000,0x00000000ec180000)
 ParOldGen       total 68608K, used 31013K [0x00000000c0000000, 0x00000000c4300000, 0x00000000eab00000)
  object space 68608K, 45% used [0x00000000c0000000,0x00000000c1e497f0,0x00000000c4300000)
 Metaspace       used 34774K, committed 35840K, reserved 1114112K
  class space    used 3536K, committed 4032K, reserved 1048576K
}
Event: 19.837 GC heap before
{Heap before GC invocations=20 (full 2):
 PSYoungGen      total 21504K, used 192K [0x00000000eab00000, 0x00000000ec200000, 0x0000000100000000)
  eden space 20992K, 0% used [0x00000000eab00000,0x00000000eab00000,0x00000000ebf80000)
  from space 512K, 37% used [0x00000000ec180000,0x00000000ec1b0000,0x00000000ec200000)
  to   space 512K, 0% used [0x00000000ec100000,0x00000000ec100000,0x00000000ec180000)
 ParOldGen       total 68608K, used 31013K [0x00000000c0000000, 0x00000000c4300000, 0x00000000eab00000)
  object space 68608K, 45% used [0x00000000c0000000,0x00000000c1e497f0,0x00000000c4300000)
 Metaspace       used 34774K, committed 35840K, reserved 1114112K
  class space    used 3536K, committed 4032K, reserved 1048576K
}
Event: 19.880 GC heap after
{Heap after GC invocations=20 (full 2):
 PSYoungGen      total 21504K, used 0K [0x00000000eab00000, 0x00000000ec200000, 0x0000000100000000)
  eden space 20992K, 0% used [0x00000000eab00000,0x00000000eab00000,0x00000000ebf80000)
  from space 512K, 0% used [0x00000000ec180000,0x00000000ec180000,0x00000000ec200000)
  to   space 512K, 0% used [0x00000000ec100000,0x00000000ec100000,0x00000000ec180000)
 ParOldGen       total 68608K, used 28215K [0x00000000c0000000, 0x00000000c4300000, 0x00000000eab00000)
  object space 68608K, 41% used [0x00000000c0000000,0x00000000c1b8dfb8,0x00000000c4300000)
 Metaspace       used 34482K, committed 35840K, reserved 1114112K
  class space    used 3454K, committed 4032K, reserved 1048576K
}
Event: 20.084 GC heap before
{Heap before GC invocations=21 (full 2):
 PSYoungGen      total 21504K, used 20992K [0x00000000eab00000, 0x00000000ec200000, 0x0000000100000000)
  eden space 20992K, 100% used [0x00000000eab00000,0x00000000ebf80000,0x00000000ebf80000)
  from space 512K, 0% used [0x00000000ec180000,0x00000000ec180000,0x00000000ec200000)
  to   space 512K, 0% used [0x00000000ec100000,0x00000000ec100000,0x00000000ec180000)
 ParOldGen       total 68608K, used 28215K [0x00000000c0000000, 0x00000000c4300000, 0x00000000eab00000)
  object space 68608K, 41% used [0x00000000c0000000,0x00000000c1b8dfb8,0x00000000c4300000)
 Metaspace       used 36135K, committed 37056K, reserved 1114112K
  class space    used 3581K, committed 4032K, reserved 1048576K
}
Event: 20.086 GC heap after
{Heap after GC invocations=21 (full 2):
 PSYoungGen      total 21504K, used 503K [0x00000000eab00000, 0x00000000ec380000, 0x0000000100000000)
  eden space 20992K, 0% used [0x00000000eab00000,0x00000000eab00000,0x00000000ebf80000)
  from space 512K, 98% used [0x00000000ec100000,0x00000000ec17dca8,0x00000000ec180000)
  to   space 2048K, 0% used [0x00000000ec180000,0x00000000ec180000,0x00000000ec380000)
 ParOldGen       total 68608K, used 29115K [0x00000000c0000000, 0x00000000c4300000, 0x00000000eab00000)
  object space 68608K, 42% used [0x00000000c0000000,0x00000000c1c6ec38,0x00000000c4300000)
 Metaspace       used 36135K, committed 37056K, reserved 1114112K
  class space    used 3581K, committed 4032K, reserved 1048576K
}
Event: 20.139 GC heap before
{Heap before GC invocations=22 (full 2):
 PSYoungGen      total 21504K, used 21495K [0x00000000eab00000, 0x00000000ec380000, 0x0000000100000000)
  eden space 20992K, 100% used [0x00000000eab00000,0x00000000ebf80000,0x00000000ebf80000)
  from space 512K, 98% used [0x00000000ec100000,0x00000000ec17dca8,0x00000000ec180000)
  to   space 2048K, 0% used [0x00000000ec180000,0x00000000ec180000,0x00000000ec380000)
 ParOldGen       total 68608K, used 29115K [0x00000000c0000000, 0x00000000c4300000, 0x00000000eab00000)
  object space 68608K, 42% used [0x00000000c0000000,0x00000000c1c6ec38,0x00000000c4300000)
 Metaspace       used 36165K, committed 37120K, reserved 1114112K
  class space    used 3581K, committed 4032K, reserved 1048576K
}
Event: 20.141 GC heap after
{Heap after GC invocations=22 (full 2):
 PSYoungGen      total 22016K, used 662K [0x00000000eab00000, 0x00000000ec280000, 0x0000000100000000)
  eden space 20992K, 0% used [0x00000000eab00000,0x00000000eab00000,0x00000000ebf80000)
  from space 1024K, 64% used [0x00000000ec180000,0x00000000ec225930,0x00000000ec280000)
  to   space 1024K, 0% used [0x00000000ec080000,0x00000000ec080000,0x00000000ec180000)
 ParOldGen       total 68608K, used 29427K [0x00000000c0000000, 0x00000000c4300000, 0x00000000eab00000)
  object space 68608K, 42% used [0x00000000c0000000,0x00000000c1cbcc38,0x00000000c4300000)
 Metaspace       used 36165K, committed 37120K, reserved 1114112K
  class space    used 3581K, committed 4032K, reserved 1048576K
}
Event: 20.317 GC heap before
{Heap before GC invocations=23 (full 2):
 PSYoungGen      total 22016K, used 21654K [0x00000000eab00000, 0x00000000ec280000, 0x0000000100000000)
  eden space 20992K, 100% used [0x00000000eab00000,0x00000000ebf80000,0x00000000ebf80000)
  from space 1024K, 64% used [0x00000000ec180000,0x00000000ec225930,0x00000000ec280000)
  to   space 1024K, 0% used [0x00000000ec080000,0x00000000ec080000,0x00000000ec180000)
 ParOldGen       total 68608K, used 29427K [0x00000000c0000000, 0x00000000c4300000, 0x00000000eab00000)
  object space 68608K, 42% used [0x00000000c0000000,0x00000000c1cbcc38,0x00000000c4300000)
 Metaspace       used 38117K, committed 39104K, reserved 1114112K
  class space    used 3760K, committed 4160K, reserved 1048576K
}
Event: 20.319 GC heap after
{Heap after GC invocations=23 (full 2):
 PSYoungGen      total 22016K, used 544K [0x00000000eab00000, 0x00000000ec200000, 0x0000000100000000)
  eden space 20992K, 0% used [0x00000000eab00000,0x00000000eab00000,0x00000000ebf80000)
  from space 1024K, 53% used [0x00000000ec080000,0x00000000ec108000,0x00000000ec180000)
  to   space 512K, 0% used [0x00000000ec180000,0x00000000ec180000,0x00000000ec200000)
 ParOldGen       total 68608K, used 29515K [0x00000000c0000000, 0x00000000c4300000, 0x00000000eab00000)
  object space 68608K, 43% used [0x00000000c0000000,0x00000000c1cd2c38,0x00000000c4300000)
 Metaspace       used 38117K, committed 39104K, reserved 1114112K
  class space    used 3760K, committed 4160K, reserved 1048576K
}

Dll operation events (10 events):
Event: 0.080 Loaded shared library c:\Users\DELL\.vscode\extensions\redhat.java-1.41.1-win32-x64\jre\21.0.6-win32-x86_64\bin\java.dll
Event: 0.233 Loaded shared library c:\Users\DELL\.vscode\extensions\redhat.java-1.41.1-win32-x64\jre\21.0.6-win32-x86_64\bin\zip.dll
Event: 0.270 Loaded shared library C:\Users\DELL\.vscode\extensions\redhat.java-1.41.1-win32-x64\jre\21.0.6-win32-x86_64\bin\instrument.dll
Event: 0.275 Loaded shared library C:\Users\DELL\.vscode\extensions\redhat.java-1.41.1-win32-x64\jre\21.0.6-win32-x86_64\bin\net.dll
Event: 0.279 Loaded shared library C:\Users\DELL\.vscode\extensions\redhat.java-1.41.1-win32-x64\jre\21.0.6-win32-x86_64\bin\nio.dll
Event: 0.282 Loaded shared library C:\Users\DELL\.vscode\extensions\redhat.java-1.41.1-win32-x64\jre\21.0.6-win32-x86_64\bin\zip.dll
Event: 0.319 Loaded shared library C:\Users\DELL\.vscode\extensions\redhat.java-1.41.1-win32-x64\jre\21.0.6-win32-x86_64\bin\jimage.dll
Event: 0.464 Loaded shared library c:\Users\DELL\.vscode\extensions\redhat.java-1.41.1-win32-x64\jre\21.0.6-win32-x86_64\bin\verify.dll
Event: 7.491 Loaded shared library C:\Users\DELL\AppData\Roaming\Code\User\globalStorage\redhat.java\1.41.1\config_ss_win\org.eclipse.equinox.launcher\org.eclipse.equinox.launcher.win32.win32.x86_64_1.2.1300.v20250331-1702\eclipse_11911.dll
Event: 15.531 Loaded shared library C:\Users\DELL\AppData\Local\Temp\jna-2094529\jna492526971894009166.dll

Deoptimization events (20 events):
Event: 20.105 Thread 0x0000016a615cb370 Uncommon trap: trap_request=0xffffffde fr.pc=0x0000016a0ff7afc4 relative=0x0000000000007b84
Event: 20.105 Thread 0x0000016a615cb370 Uncommon trap: reason=class_check action=maybe_recompile pc=0x0000016a0ff7afc4 method=lombok.patcher.PatchScript$MethodPatcher.visitMethod(ILjava/lang/String;Ljava/lang/String;Ljava/lang/String;[Ljava/lang/String;)Lorg/lombokweb/asm/MethodVisitor; @ 101 c
Event: 20.105 Thread 0x0000016a615cb370 DEOPT PACKING pc=0x0000016a0ff7afc4 sp=0x00000062bc0fa1c0
Event: 20.105 Thread 0x0000016a615cb370 DEOPT UNPACKING pc=0x0000016a0f8d6da2 sp=0x00000062bc0fa168 mode 2
Event: 20.105 Thread 0x0000016a615cb370 Uncommon trap: trap_request=0xffffffde fr.pc=0x0000016a0ff7afc4 relative=0x0000000000007b84
Event: 20.105 Thread 0x0000016a615cb370 Uncommon trap: reason=class_check action=maybe_recompile pc=0x0000016a0ff7afc4 method=lombok.patcher.PatchScript$MethodPatcher.visitMethod(ILjava/lang/String;Ljava/lang/String;Ljava/lang/String;[Ljava/lang/String;)Lorg/lombokweb/asm/MethodVisitor; @ 101 c
Event: 20.105 Thread 0x0000016a615cb370 DEOPT PACKING pc=0x0000016a0ff7afc4 sp=0x00000062bc0fa1c0
Event: 20.105 Thread 0x0000016a615cb370 DEOPT UNPACKING pc=0x0000016a0f8d6da2 sp=0x00000062bc0fa168 mode 2
Event: 20.105 Thread 0x0000016a615cb370 Uncommon trap: trap_request=0xffffffde fr.pc=0x0000016a0ff438c4 relative=0x0000000000001004
Event: 20.105 Thread 0x0000016a615cb370 Uncommon trap: reason=class_check action=maybe_recompile pc=0x0000016a0ff438c4 method=lombok.patcher.PatchScript$MethodPatcher.visitMethod(ILjava/lang/String;Ljava/lang/String;Ljava/lang/String;[Ljava/lang/String;)Lorg/lombokweb/asm/MethodVisitor; @ 101 c
Event: 20.106 Thread 0x0000016a615cb370 DEOPT PACKING pc=0x0000016a0ff438c4 sp=0x00000062bc0fa180
Event: 20.106 Thread 0x0000016a615cb370 DEOPT UNPACKING pc=0x0000016a0f8d6da2 sp=0x00000062bc0fa168 mode 2
Event: 20.272 Thread 0x0000016a615cace0 Uncommon trap: trap_request=0xffffffc6 fr.pc=0x0000016a0ff560ec relative=0x00000000000006ac
Event: 20.273 Thread 0x0000016a615cace0 Uncommon trap: reason=bimorphic_or_optimized_type_check action=maybe_recompile pc=0x0000016a0ff560ec method=java.util.HashMap.putVal(ILjava/lang/Object;Ljava/lang/Object;ZZ)Ljava/lang/Object; @ 203 c2
Event: 20.273 Thread 0x0000016a615cace0 DEOPT PACKING pc=0x0000016a0ff560ec sp=0x00000062bbefe480
Event: 20.273 Thread 0x0000016a615cace0 DEOPT UNPACKING pc=0x0000016a0f8d6da2 sp=0x00000062bbefe3f0 mode 2
Event: 20.273 Thread 0x0000016a615cace0 Uncommon trap: trap_request=0xffffffc6 fr.pc=0x0000016a0ff560ec relative=0x00000000000006ac
Event: 20.273 Thread 0x0000016a615cace0 Uncommon trap: reason=bimorphic_or_optimized_type_check action=maybe_recompile pc=0x0000016a0ff560ec method=java.util.HashMap.putVal(ILjava/lang/Object;Ljava/lang/Object;ZZ)Ljava/lang/Object; @ 203 c2
Event: 20.273 Thread 0x0000016a615cace0 DEOPT PACKING pc=0x0000016a0ff560ec sp=0x00000062bbefe480
Event: 20.273 Thread 0x0000016a615cace0 DEOPT UNPACKING pc=0x0000016a0f8d6da2 sp=0x00000062bbefe3f0 mode 2

Classes loaded (20 events):
Event: 19.189 Loading class java/lang/invoke/MethodHandleImpl$CountingWrapper
Event: 19.189 Loading class java/lang/invoke/MethodHandleImpl$CountingWrapper done
Event: 19.203 Loading class java/util/AbstractList$ListItr
Event: 19.203 Loading class java/util/AbstractList$ListItr done
Event: 19.214 Loading class java/nio/channels/Channels$ReadableByteChannelImpl
Event: 19.214 Loading class java/nio/channels/Channels$ReadableByteChannelImpl done
Event: 19.215 Loading class java/nio/channels/NonWritableChannelException
Event: 19.215 Loading class java/nio/channels/NonWritableChannelException done
Event: 19.291 Loading class java/lang/invoke/MethodHandleImpl$CountingWrapper$1
Event: 19.291 Loading class java/lang/invoke/MethodHandleImpl$CountingWrapper$1 done
Event: 19.535 Loading class java/lang/ExceptionInInitializerError
Event: 19.535 Loading class java/lang/ExceptionInInitializerError done
Event: 19.787 Loading class java/util/Vector$1
Event: 19.787 Loading class java/util/Vector$1 done
Event: 19.992 Loading class java/util/regex/Pattern$Caret
Event: 19.992 Loading class java/util/regex/Pattern$Caret done
Event: 20.015 Loading class java/util/regex/Pattern$LazyLoop
Event: 20.016 Loading class java/util/regex/Pattern$LazyLoop done
Event: 20.269 Loading class java/util/Hashtable$ValueCollection
Event: 20.269 Loading class java/util/Hashtable$ValueCollection done

Classes unloaded (20 events):
Event: 19.846 Thread 0x0000016a195134a0 Unloading class 0x0000016a1b354800 'java/lang/invoke/LambdaForm$MH+0x0000016a1b354800'
Event: 19.846 Thread 0x0000016a195134a0 Unloading class 0x0000016a1b354400 'java/lang/invoke/LambdaForm$MH+0x0000016a1b354400'
Event: 19.847 Thread 0x0000016a195134a0 Unloading class 0x0000016a1b354000 'java/lang/invoke/LambdaForm$MH+0x0000016a1b354000'
Event: 19.847 Thread 0x0000016a195134a0 Unloading class 0x0000016a1b353c00 'java/lang/invoke/LambdaForm$MH+0x0000016a1b353c00'
Event: 19.847 Thread 0x0000016a195134a0 Unloading class 0x0000016a1b355400 'java/lang/invoke/LambdaForm$MH+0x0000016a1b355400'
Event: 19.847 Thread 0x0000016a195134a0 Unloading class 0x0000016a1b353800 'java/lang/invoke/LambdaForm$MH+0x0000016a1b353800'
Event: 19.847 Thread 0x0000016a195134a0 Unloading class 0x0000016a1b353400 'java/lang/invoke/LambdaForm$MH+0x0000016a1b353400'
Event: 19.847 Thread 0x0000016a195134a0 Unloading class 0x0000016a1b353000 'java/lang/invoke/LambdaForm$MH+0x0000016a1b353000'
Event: 19.847 Thread 0x0000016a195134a0 Unloading class 0x0000016a1b352800 'java/lang/invoke/LambdaForm$MH+0x0000016a1b352800'
Event: 19.847 Thread 0x0000016a195134a0 Unloading class 0x0000016a1b352c00 'java/lang/invoke/LambdaForm$MH+0x0000016a1b352c00'
Event: 19.847 Thread 0x0000016a195134a0 Unloading class 0x0000016a1b351c00 'java/lang/invoke/LambdaForm$MH+0x0000016a1b351c00'
Event: 19.847 Thread 0x0000016a195134a0 Unloading class 0x0000016a1b352400 'java/lang/invoke/LambdaForm$MH+0x0000016a1b352400'
Event: 19.847 Thread 0x0000016a195134a0 Unloading class 0x0000016a1b351800 'java/lang/invoke/LambdaForm$MH+0x0000016a1b351800'
Event: 19.847 Thread 0x0000016a195134a0 Unloading class 0x0000016a1b351400 'java/lang/invoke/LambdaForm$DMH+0x0000016a1b351400'
Event: 19.847 Thread 0x0000016a195134a0 Unloading class 0x0000016a1b351000 'java/lang/invoke/LambdaForm$DMH+0x0000016a1b351000'
Event: 19.847 Thread 0x0000016a195134a0 Unloading class 0x0000016a1b350c00 'java/lang/invoke/LambdaForm$DMH+0x0000016a1b350c00'
Event: 19.847 Thread 0x0000016a195134a0 Unloading class 0x0000016a1b350800 'java/lang/invoke/LambdaForm$DMH+0x0000016a1b350800'
Event: 19.847 Thread 0x0000016a195134a0 Unloading class 0x0000016a1b350400 'java/lang/invoke/LambdaForm$DMH+0x0000016a1b350400'
Event: 19.847 Thread 0x0000016a195134a0 Unloading class 0x0000016a1b350000 'java/lang/invoke/LambdaForm$DMH+0x0000016a1b350000'
Event: 19.847 Thread 0x0000016a195134a0 Unloading class 0x0000016a1b34dc00 'java/lang/invoke/LambdaForm$DMH+0x0000016a1b34dc00'

Classes redefined (0 events):
No events

Internal exceptions (20 events):
Event: 19.193 Thread 0x0000016a615cc720 Exception <a 'java/lang/NoSuchMethodError'{0x00000000eb947360}: 'int java.lang.invoke.Invokers$Holder.linkToTargetMethod(java.lang.Object, java.lang.Object, java.lang.Object)'> (0x00000000eb947360) 
thrown [s\src\hotspot\share\interpreter\linkResolver.cpp, line 773]
Event: 19.194 Thread 0x0000016a615c7ef0 Exception <a 'java/lang/NoSuchMethodError'{0x00000000eb91ff20}: 'int java.lang.invoke.Invokers$Holder.linkToTargetMethod(java.lang.Object, java.lang.Object, java.lang.Object)'> (0x00000000eb91ff20) 
thrown [s\src\hotspot\share\interpreter\linkResolver.cpp, line 773]
Event: 19.692 Thread 0x0000016a615c9fc0 Exception <a 'java/lang/LinkageError'{0x00000000eb1146b8}: loader lombok.launch.ShadowClassLoader @7f8ed5ef attempted duplicate class definition for lombok.launch.PatchFixesHider$Transform. (lombok.launch.PatchFixesHider$Transform is in unnamed module of loader lombok.launch.ShadowClassLoader @7f8ed5ef, parent loader org.eclipse.osgi.internal.loader.EquinoxClassLoader @279912c1)> (0x00000000eb1146b8) 
thrown [s\src\hotspot\share\classfile\systemDictionary.cpp, line 1682]
Event: 19.694 Thread 0x0000016a615cc720 Exception <a 'java/lang/LinkageError'{0x00000000eb103228}: loader lombok.launch.ShadowClassLoader @7f8ed5ef attempted duplicate class definition for lombok.launch.PatchFixesHider$Transform. (lombok.launch.PatchFixesHider$Transform is in unnamed module of loader lombok.launch.ShadowClassLoader @7f8ed5ef, parent loader org.eclipse.osgi.internal.loader.EquinoxClassLoader @279912c1)> (0x00000000eb103228) 
thrown [s\src\hotspot\share\classfile\systemDictionary.cpp, line 1682]
Event: 19.694 Thread 0x0000016a615c7ef0 Exception <a 'java/lang/LinkageError'{0x00000000eb13f598}: loader lombok.launch.ShadowClassLoader @7f8ed5ef attempted duplicate class definition for lombok.launch.PatchFixesHider$Transform. (lombok.launch.PatchFixesHider$Transform is in unnamed module of loader lombok.launch.ShadowClassLoader @7f8ed5ef, parent loader org.eclipse.osgi.internal.loader.EquinoxClassLoader @279912c1)> (0x00000000eb13f598) 
thrown [s\src\hotspot\share\classfile\systemDictionary.cpp, line 1682]
Event: 19.694 Thread 0x0000016a615cee80 Exception <a 'java/lang/LinkageError'{0x00000000eb145f98}: loader lombok.launch.ShadowClassLoader @7f8ed5ef attempted duplicate class definition for lombok.launch.PatchFixesHider$Transform. (lombok.launch.PatchFixesHider$Transform is in unnamed module of loader lombok.launch.ShadowClassLoader @7f8ed5ef, parent loader org.eclipse.osgi.internal.loader.EquinoxClassLoader @279912c1)> (0x00000000eb145f98) 
thrown [s\src\hotspot\share\classfile\systemDictionary.cpp, line 1682]
Event: 19.695 Thread 0x0000016a615cace0 Exception <a 'java/lang/LinkageError'{0x00000000eb0c4da8}: loader lombok.launch.ShadowClassLoader @7f8ed5ef attempted duplicate class definition for lombok.launch.PatchFixesHider$Transform. (lombok.launch.PatchFixesHider$Transform is in unnamed module of loader lombok.launch.ShadowClassLoader @7f8ed5ef, parent loader org.eclipse.osgi.internal.loader.EquinoxClassLoader @279912c1)> (0x00000000eb0c4da8) 
thrown [s\src\hotspot\share\classfile\systemDictionary.cpp, line 1682]
Event: 19.695 Thread 0x0000016a615cd440 Exception <a 'java/lang/LinkageError'{0x00000000eb151fe8}: loader lombok.launch.ShadowClassLoader @7f8ed5ef attempted duplicate class definition for lombok.launch.PatchFixesHider$Transform. (lombok.launch.PatchFixesHider$Transform is in unnamed module of loader lombok.launch.ShadowClassLoader @7f8ed5ef, parent loader org.eclipse.osgi.internal.loader.EquinoxClassLoader @279912c1)> (0x00000000eb151fe8) 
thrown [s\src\hotspot\share\classfile\systemDictionary.cpp, line 1682]
Event: 19.695 Thread 0x0000016a615cb370 Exception <a 'java/lang/LinkageError'{0x00000000eb08b060}: loader lombok.launch.ShadowClassLoader @7f8ed5ef attempted duplicate class definition for lombok.launch.PatchFixesHider$Transform. (lombok.launch.PatchFixesHider$Transform is in unnamed module of loader lombok.launch.ShadowClassLoader @7f8ed5ef, parent loader org.eclipse.osgi.internal.loader.EquinoxClassLoader @279912c1)> (0x00000000eb08b060) 
thrown [s\src\hotspot\share\classfile\systemDictionary.cpp, line 1682]
Event: 19.956 Thread 0x0000016a615c8580 Implicit null exception at 0x0000016a100a249d to 0x0000016a100a2f88
Event: 20.032 Thread 0x0000016a615c8580 Exception <a 'java/lang/LinkageError'{0x00000000eb76b588}: loader lombok.launch.ShadowClassLoader @7f8ed5ef attempted duplicate class definition for lombok.launch.PatchFixesHider$ValPortal. (lombok.launch.PatchFixesHider$ValPortal is in unnamed module of loader lombok.launch.ShadowClassLoader @7f8ed5ef, parent loader org.eclipse.osgi.internal.loader.EquinoxClassLoader @279912c1)> (0x00000000eb76b588) 
thrown [s\src\hotspot\share\classfile\systemDictionary.cpp, line 1682]
Event: 20.035 Thread 0x0000016a615c9fc0 Exception <a 'java/lang/LinkageError'{0x00000000eba561c0}: loader lombok.launch.ShadowClassLoader @7f8ed5ef attempted duplicate class definition for lombok.launch.PatchFixesHider$ValPortal. (lombok.launch.PatchFixesHider$ValPortal is in unnamed module of loader lombok.launch.ShadowClassLoader @7f8ed5ef, parent loader org.eclipse.osgi.internal.loader.EquinoxClassLoader @279912c1)> (0x00000000eba561c0) 
thrown [s\src\hotspot\share\classfile\systemDictionary.cpp, line 1682]
Event: 20.036 Thread 0x0000016a615cee80 Exception <a 'java/lang/LinkageError'{0x00000000eba4f868}: loader lombok.launch.ShadowClassLoader @7f8ed5ef attempted duplicate class definition for lombok.launch.PatchFixesHider$ValPortal. (lombok.launch.PatchFixesHider$ValPortal is in unnamed module of loader lombok.launch.ShadowClassLoader @7f8ed5ef, parent loader org.eclipse.osgi.internal.loader.EquinoxClassLoader @279912c1)> (0x00000000eba4f868) 
thrown [s\src\hotspot\share\classfile\systemDictionary.cpp, line 1682]
Event: 20.037 Thread 0x0000016a615cb370 Exception <a 'java/lang/LinkageError'{0x00000000eba0aa20}: loader lombok.launch.ShadowClassLoader @7f8ed5ef attempted duplicate class definition for lombok.launch.PatchFixesHider$ValPortal. (lombok.launch.PatchFixesHider$ValPortal is in unnamed module of loader lombok.launch.ShadowClassLoader @7f8ed5ef, parent loader org.eclipse.osgi.internal.loader.EquinoxClassLoader @279912c1)> (0x00000000eba0aa20) 
thrown [s\src\hotspot\share\classfile\systemDictionary.cpp, line 1682]
Event: 20.037 Thread 0x0000016a615c7ef0 Exception <a 'java/lang/LinkageError'{0x00000000eba685d8}: loader lombok.launch.ShadowClassLoader @7f8ed5ef attempted duplicate class definition for lombok.launch.PatchFixesHider$ValPortal. (lombok.launch.PatchFixesHider$ValPortal is in unnamed module of loader lombok.launch.ShadowClassLoader @7f8ed5ef, parent loader org.eclipse.osgi.internal.loader.EquinoxClassLoader @279912c1)> (0x00000000eba685d8) 
thrown [s\src\hotspot\share\classfile\systemDictionary.cpp, line 1682]
Event: 20.037 Thread 0x0000016a615cace0 Exception <a 'java/lang/LinkageError'{0x00000000eba6b9a8}: loader lombok.launch.ShadowClassLoader @7f8ed5ef attempted duplicate class definition for lombok.launch.PatchFixesHider$ValPortal. (lombok.launch.PatchFixesHider$ValPortal is in unnamed module of loader lombok.launch.ShadowClassLoader @7f8ed5ef, parent loader org.eclipse.osgi.internal.loader.EquinoxClassLoader @279912c1)> (0x00000000eba6b9a8) 
thrown [s\src\hotspot\share\classfile\systemDictionary.cpp, line 1682]
Event: 20.039 Thread 0x0000016a615cd440 Exception <a 'java/lang/LinkageError'{0x00000000eb991ee0}: loader lombok.launch.ShadowClassLoader @7f8ed5ef attempted duplicate class definition for lombok.launch.PatchFixesHider$ValPortal. (lombok.launch.PatchFixesHider$ValPortal is in unnamed module of loader lombok.launch.ShadowClassLoader @7f8ed5ef, parent loader org.eclipse.osgi.internal.loader.EquinoxClassLoader @279912c1)> (0x00000000eb991ee0) 
thrown [s\src\hotspot\share\classfile\systemDictionary.cpp, line 1682]
Event: 20.278 Thread 0x0000016a615c7ef0 Exception <a 'java/lang/NoSuchMethodError'{0x00000000ebe2a860}: 'java.lang.Object java.lang.invoke.DirectMethodHandle$Holder.newInvokeSpecial(java.lang.Object, java.lang.Object, java.lang.Object, java.lang.Object, int)'> (0x00000000ebe2a860) 
thrown [s\src\hotspot\share\interpreter\linkResolver.cpp, line 773]
Event: 20.278 Thread 0x0000016a615c7ef0 Exception <a 'java/lang/NoSuchMethodError'{0x00000000ebe3ebe8}: 'java.lang.Object java.lang.invoke.DirectMethodHandle$Holder.invokeSpecial(java.lang.Object, java.lang.Object, java.lang.Object, java.lang.Object, java.lang.Object, int)'> (0x00000000ebe3ebe8) 
thrown [s\src\hotspot\share\interpreter\linkResolver.cpp, line 773]
Event: 20.279 Thread 0x0000016a615c7ef0 Exception <a 'java/lang/NoSuchMethodError'{0x00000000ebe4d628}: 'java.lang.Object java.lang.invoke.Invokers$Holder.linkToTargetMethod(java.lang.Object, java.lang.Object, java.lang.Object, int, java.lang.Object)'> (0x00000000ebe4d628) 
thrown [s\src\hotspot\share\interpreter\linkResolver.cpp, line 773]

ZGC Phase Switch (0 events):
No events

VM Operations (20 events):
Event: 19.401 Executing VM operation: ParallelGCFailedAllocation (Allocation Failure)
Event: 19.406 Executing VM operation: ParallelGCFailedAllocation (Allocation Failure) done
Event: 19.457 Executing VM operation: ParallelGCFailedAllocation (Allocation Failure)
Event: 19.462 Executing VM operation: ParallelGCFailedAllocation (Allocation Failure) done
Event: 19.600 Executing VM operation: ParallelGCFailedAllocation (Allocation Failure)
Event: 19.602 Executing VM operation: ParallelGCFailedAllocation (Allocation Failure) done
Event: 19.653 Executing VM operation: HandshakeAllThreads (Deoptimize)
Event: 19.653 Executing VM operation: HandshakeAllThreads (Deoptimize) done
Event: 19.829 Executing VM operation: ParallelGCFailedAllocation (Allocation Failure)
Event: 19.831 Executing VM operation: ParallelGCFailedAllocation (Allocation Failure) done
Event: 19.836 Executing VM operation: CollectForMetadataAllocation (Metadata GC Threshold)
Event: 19.880 Executing VM operation: CollectForMetadataAllocation (Metadata GC Threshold) done
Event: 20.084 Executing VM operation: ParallelGCFailedAllocation (Allocation Failure)
Event: 20.086 Executing VM operation: ParallelGCFailedAllocation (Allocation Failure) done
Event: 20.139 Executing VM operation: ParallelGCFailedAllocation (Allocation Failure)
Event: 20.141 Executing VM operation: ParallelGCFailedAllocation (Allocation Failure) done
Event: 20.234 Executing VM operation: HandshakeAllThreads (Deoptimize)
Event: 20.234 Executing VM operation: HandshakeAllThreads (Deoptimize) done
Event: 20.317 Executing VM operation: ParallelGCFailedAllocation (Allocation Failure)
Event: 20.319 Executing VM operation: ParallelGCFailedAllocation (Allocation Failure) done

Memory protections (0 events):
No events

Nmethod flushes (20 events):
Event: 19.852 Thread 0x0000016a195134a0 flushing  nmethod 0x0000016a08669990
Event: 19.852 Thread 0x0000016a195134a0 flushing  nmethod 0x0000016a086b3210
Event: 19.852 Thread 0x0000016a195134a0 flushing  nmethod 0x0000016a086b5810
Event: 19.852 Thread 0x0000016a195134a0 flushing  nmethod 0x0000016a086b5b10
Event: 19.852 Thread 0x0000016a195134a0 flushing  nmethod 0x0000016a086b7b90
Event: 19.852 Thread 0x0000016a195134a0 flushing  nmethod 0x0000016a08768a10
Event: 19.852 Thread 0x0000016a195134a0 flushing  nmethod 0x0000016a08768e90
Event: 19.852 Thread 0x0000016a195134a0 flushing  nmethod 0x0000016a08769890
Event: 19.852 Thread 0x0000016a195134a0 flushing  nmethod 0x0000016a0876a210
Event: 19.852 Thread 0x0000016a195134a0 flushing  nmethod 0x0000016a0879b990
Event: 19.852 Thread 0x0000016a195134a0 flushing  nmethod 0x0000016a0879bd90
Event: 19.852 Thread 0x0000016a195134a0 flushing  nmethod 0x0000016a0879c790
Event: 19.852 Thread 0x0000016a195134a0 flushing  nmethod 0x0000016a087a1410
Event: 19.852 Thread 0x0000016a195134a0 flushing  nmethod 0x0000016a087a5f90
Event: 19.852 Thread 0x0000016a195134a0 flushing  nmethod 0x0000016a087cf010
Event: 19.852 Thread 0x0000016a195134a0 flushing  nmethod 0x0000016a08813410
Event: 19.852 Thread 0x0000016a195134a0 flushing  nmethod 0x0000016a0881f410
Event: 19.852 Thread 0x0000016a195134a0 flushing  nmethod 0x0000016a0882e490
Event: 19.852 Thread 0x0000016a195134a0 flushing  nmethod 0x0000016a08831010
Event: 19.852 Thread 0x0000016a195134a0 flushing  nmethod 0x0000016a08833f10

Events (20 events):
Event: 18.564 Thread 0x0000016a05175690 Thread added: 0x0000016a604891c0
Event: 18.564 Thread 0x0000016a05175690 Thread added: 0x0000016a6048c640
Event: 18.564 Thread 0x0000016a05175690 Thread added: 0x0000016a60489ee0
Event: 18.564 Thread 0x0000016a05175690 Thread added: 0x0000016a60489850
Event: 18.564 Thread 0x0000016a05175690 Thread added: 0x0000016a6048b290
Event: 18.564 Thread 0x0000016a05175690 Thread added: 0x0000016a6048a570
Event: 18.564 Thread 0x0000016a05175690 Thread added: 0x0000016a6048ac00
Event: 18.565 Thread 0x0000016a05175690 Thread added: 0x0000016a6048b920
Event: 18.565 Thread 0x0000016a05175690 Thread added: 0x0000016a615c8c10
Event: 18.577 Thread 0x0000016a05175690 Thread added: 0x0000016a615c92a0
Event: 18.706 Thread 0x0000016a05175690 Thread added: 0x0000016a615c9930
Event: 18.707 Thread 0x0000016a05175690 Thread added: 0x0000016a615cace0
Event: 18.725 Thread 0x0000016a60525030 Thread added: 0x0000016a615ca650
Event: 18.890 Thread 0x0000016a615cace0 Thread added: 0x0000016a615cb370
Event: 18.892 Thread 0x0000016a615cace0 Thread added: 0x0000016a615c7ef0
Event: 18.893 Thread 0x0000016a615cace0 Thread added: 0x0000016a615c9fc0
Event: 18.895 Thread 0x0000016a615cace0 Thread added: 0x0000016a615c8580
Event: 18.896 Thread 0x0000016a615cace0 Thread added: 0x0000016a615cd440
Event: 18.898 Thread 0x0000016a615cace0 Thread added: 0x0000016a615cee80
Event: 18.900 Thread 0x0000016a615cace0 Thread added: 0x0000016a615cc720


Dynamic libraries:
0x00007ff723b90000 - 0x00007ff723b9e000 	c:\Users\DELL\.vscode\extensions\redhat.java-1.41.1-win32-x64\jre\21.0.6-win32-x86_64\bin\java.exe
0x00007ffe73f40000 - 0x00007ffe741a6000 	C:\WINDOWS\SYSTEM32\ntdll.dll
0x00007ffe72eb0000 - 0x00007ffe72f79000 	C:\WINDOWS\System32\KERNEL32.DLL
0x00007ffe712b0000 - 0x00007ffe7167c000 	C:\WINDOWS\System32\KERNELBASE.dll
0x00007ffe6dc40000 - 0x00007ffe6dcde000 	C:\WINDOWS\SYSTEM32\apphelp.dll
0x00007ffe71160000 - 0x00007ffe712ab000 	C:\WINDOWS\System32\ucrtbase.dll
0x00007ffe61230000 - 0x00007ffe61248000 	c:\Users\DELL\.vscode\extensions\redhat.java-1.41.1-win32-x64\jre\21.0.6-win32-x86_64\bin\jli.dll
0x00007ffe73bf0000 - 0x00007ffe73dba000 	C:\WINDOWS\System32\USER32.dll
0x00007ffe71a10000 - 0x00007ffe71a37000 	C:\WINDOWS\System32\win32u.dll
0x00007ffe5b7e0000 - 0x00007ffe5ba7a000 	C:\WINDOWS\WinSxS\amd64_microsoft.windows.common-controls_6595b64144ccf1df_6.0.26100.3912_none_3e07963ce335137e\COMCTL32.dll
0x00007ffe61200000 - 0x00007ffe6121e000 	c:\Users\DELL\.vscode\extensions\redhat.java-1.41.1-win32-x64\jre\21.0.6-win32-x86_64\bin\VCRUNTIME140.dll
0x00007ffe73ed0000 - 0x00007ffe73efb000 	C:\WINDOWS\System32\GDI32.dll
0x00007ffe727c0000 - 0x00007ffe72869000 	C:\WINDOWS\System32\msvcrt.dll
0x00007ffe71a40000 - 0x00007ffe71b72000 	C:\WINDOWS\System32\gdi32full.dll
0x00007ffe71720000 - 0x00007ffe717c3000 	C:\WINDOWS\System32\msvcp_win.dll
0x00007ffe72700000 - 0x00007ffe72730000 	C:\WINDOWS\System32\IMM32.DLL
0x00007ffe6bd30000 - 0x00007ffe6bd3c000 	c:\Users\DELL\.vscode\extensions\redhat.java-1.41.1-win32-x64\jre\21.0.6-win32-x86_64\bin\vcruntime140_1.dll
0x00007ffe4e530000 - 0x00007ffe4e5bd000 	c:\Users\DELL\.vscode\extensions\redhat.java-1.41.1-win32-x64\jre\21.0.6-win32-x86_64\bin\msvcp140.dll
0x00007ffe0fab0000 - 0x00007ffe10840000 	c:\Users\DELL\.vscode\extensions\redhat.java-1.41.1-win32-x64\jre\21.0.6-win32-x86_64\bin\server\jvm.dll
0x00007ffe72de0000 - 0x00007ffe72e92000 	C:\WINDOWS\System32\ADVAPI32.dll
0x00007ffe71e20000 - 0x00007ffe71ec6000 	C:\WINDOWS\System32\sechost.dll
0x00007ffe71d00000 - 0x00007ffe71e16000 	C:\WINDOWS\System32\RPCRT4.dll
0x00007ffe736c0000 - 0x00007ffe73734000 	C:\WINDOWS\System32\WS2_32.dll
0x00007ffe6fd00000 - 0x00007ffe6fd5e000 	C:\WINDOWS\SYSTEM32\POWRPROF.dll
0x00007ffe683a0000 - 0x00007ffe683d6000 	C:\WINDOWS\SYSTEM32\WINMM.dll
0x00007ffe67fd0000 - 0x00007ffe67fdb000 	C:\WINDOWS\SYSTEM32\VERSION.dll
0x00007ffe6fce0000 - 0x00007ffe6fcf4000 	C:\WINDOWS\SYSTEM32\UMPDC.dll
0x00007ffe6ffb0000 - 0x00007ffe6ffca000 	C:\WINDOWS\SYSTEM32\kernel.appcore.dll
0x00007ffe6b230000 - 0x00007ffe6b23a000 	c:\Users\DELL\.vscode\extensions\redhat.java-1.41.1-win32-x64\jre\21.0.6-win32-x86_64\bin\jimage.dll
0x00007ffe6e600000 - 0x00007ffe6e841000 	C:\WINDOWS\SYSTEM32\DBGHELP.DLL
0x00007ffe72a50000 - 0x00007ffe72dd4000 	C:\WINDOWS\System32\combase.dll
0x00007ffe737b0000 - 0x00007ffe73890000 	C:\WINDOWS\System32\OLEAUT32.dll
0x00007ffe582e0000 - 0x00007ffe58319000 	C:\WINDOWS\SYSTEM32\dbgcore.DLL
0x00007ffe71680000 - 0x00007ffe71719000 	C:\WINDOWS\System32\bcryptPrimitives.dll
0x00007ffe63520000 - 0x00007ffe6352f000 	c:\Users\DELL\.vscode\extensions\redhat.java-1.41.1-win32-x64\jre\21.0.6-win32-x86_64\bin\instrument.dll
0x00007ffe5cbb0000 - 0x00007ffe5cbcf000 	c:\Users\DELL\.vscode\extensions\redhat.java-1.41.1-win32-x64\jre\21.0.6-win32-x86_64\bin\java.dll
0x00007ffe71f00000 - 0x00007ffe7262d000 	C:\WINDOWS\System32\SHELL32.dll
0x00007ffe71b80000 - 0x00007ffe71cf4000 	C:\WINDOWS\System32\wintypes.dll
0x00007ffe6ed40000 - 0x00007ffe6f596000 	C:\WINDOWS\SYSTEM32\windows.storage.dll
0x00007ffe73dd0000 - 0x00007ffe73ebf000 	C:\WINDOWS\System32\SHCORE.dll
0x00007ffe73740000 - 0x00007ffe737a9000 	C:\WINDOWS\System32\shlwapi.dll
0x00007ffe70fe0000 - 0x00007ffe7100f000 	C:\WINDOWS\SYSTEM32\profapi.dll
0x00007ffe5d040000 - 0x00007ffe5d058000 	c:\Users\DELL\.vscode\extensions\redhat.java-1.41.1-win32-x64\jre\21.0.6-win32-x86_64\bin\zip.dll
0x00007ffe5cb50000 - 0x00007ffe5cb60000 	C:\Users\DELL\.vscode\extensions\redhat.java-1.41.1-win32-x64\jre\21.0.6-win32-x86_64\bin\net.dll
0x00007ffe68110000 - 0x00007ffe6822e000 	C:\WINDOWS\SYSTEM32\WINHTTP.dll
0x00007ffe70520000 - 0x00007ffe7058a000 	C:\WINDOWS\system32\mswsock.dll
0x00007ffe5aad0000 - 0x00007ffe5aae6000 	C:\Users\DELL\.vscode\extensions\redhat.java-1.41.1-win32-x64\jre\21.0.6-win32-x86_64\bin\nio.dll
0x00007ffe5cb00000 - 0x00007ffe5cb10000 	c:\Users\DELL\.vscode\extensions\redhat.java-1.41.1-win32-x64\jre\21.0.6-win32-x86_64\bin\verify.dll
0x00007ffe4e310000 - 0x00007ffe4e355000 	C:\Users\DELL\AppData\Roaming\Code\User\globalStorage\redhat.java\1.41.1\config_ss_win\org.eclipse.equinox.launcher\org.eclipse.equinox.launcher.win32.win32.x86_64_1.2.1300.v20250331-1702\eclipse_11911.dll
0x00007ffe72f80000 - 0x00007ffe7311f000 	C:\WINDOWS\System32\ole32.dll
0x00007ffe707c0000 - 0x00007ffe707dc000 	C:\WINDOWS\SYSTEM32\CRYPTSP.dll
0x00007ffe6ff10000 - 0x00007ffe6ff4a000 	C:\WINDOWS\system32\rsaenh.dll
0x00007ffe705c0000 - 0x00007ffe705eb000 	C:\WINDOWS\SYSTEM32\USERENV.dll
0x00007ffe70fb0000 - 0x00007ffe70fd6000 	C:\WINDOWS\SYSTEM32\bcrypt.dll
0x00007ffe707e0000 - 0x00007ffe707ec000 	C:\WINDOWS\SYSTEM32\CRYPTBASE.dll
0x00007ffe6f9f0000 - 0x00007ffe6fa23000 	C:\WINDOWS\SYSTEM32\IPHLPAPI.DLL
0x00007ffe72ea0000 - 0x00007ffe72eaa000 	C:\WINDOWS\System32\NSI.dll
0x00007ffe4e270000 - 0x00007ffe4e2b9000 	C:\Users\DELL\AppData\Local\Temp\jna-2094529\jna492526971894009166.dll
0x00007ffe72920000 - 0x00007ffe72928000 	C:\WINDOWS\System32\PSAPI.DLL
0x00007ffe6aeb0000 - 0x00007ffe6aecf000 	C:\WINDOWS\SYSTEM32\dhcpcsvc6.DLL
0x00007ffe6ab00000 - 0x00007ffe6ab25000 	C:\WINDOWS\SYSTEM32\dhcpcsvc.DLL

dbghelp: loaded successfully - version: 4.0.5 - missing functions: none
symbol engine: initialized successfully - sym options: 0x614 - pdb path: .;c:\Users\DELL\.vscode\extensions\redhat.java-1.41.1-win32-x64\jre\21.0.6-win32-x86_64\bin;C:\WINDOWS\SYSTEM32;C:\WINDOWS\WinSxS\amd64_microsoft.windows.common-controls_6595b64144ccf1df_6.0.26100.3912_none_3e07963ce335137e;c:\Users\DELL\.vscode\extensions\redhat.java-1.41.1-win32-x64\jre\21.0.6-win32-x86_64\bin\server;C:\Users\DELL\AppData\Roaming\Code\User\globalStorage\redhat.java\1.41.1\config_ss_win\org.eclipse.equinox.launcher\org.eclipse.equinox.launcher.win32.win32.x86_64_1.2.1300.v20250331-1702;C:\Users\DELL\AppData\Local\Temp\jna-2094529

VM Arguments:
jvm_args: --add-modules=ALL-SYSTEM --add-opens=java.base/java.util=ALL-UNNAMED --add-opens=java.base/java.lang=ALL-UNNAMED --add-opens=java.base/sun.nio.fs=ALL-UNNAMED -Declipse.application=org.eclipse.jdt.ls.core.id1 -Dosgi.bundles.defaultStartLevel=4 -Declipse.product=org.eclipse.jdt.ls.core.product -Djava.import.generatesMetadataFilesAtProjectRoot=false -DDetectVMInstallationsJob.disabled=true -Dfile.encoding=utf8 -XX:+UseParallelGC -XX:GCTimeRatio=4 -XX:AdaptiveSizePolicyWeight=90 -Dsun.zip.disableMemoryMapping=true -Xmx1G -Xms100m -Xlog:disable -javaagent:c:\Users\DELL\.vscode\extensions\redhat.java-1.41.1-win32-x64\lombok\lombok-1.18.36.jar 
java_command: c:\Users\DELL\.vscode\extensions\redhat.java-1.41.1-win32-x64\server\plugins\org.eclipse.equinox.launcher_1.7.0.v20250331-1702.jar -configuration c:\Users\DELL\AppData\Roaming\Code\User\globalStorage\redhat.java\1.41.1\config_ss_win -data c:\Users\DELL\AppData\Roaming\Code\User\workspaceStorage\3445d51e809f9ea81cb50ad7f9c6bd4c\redhat.java\ss_ws --pipe=\\.\pipe\lsp-b3dd2c594b7133f1ca7fa70a2e63606d-sock
java_class_path (initial): c:\Users\DELL\.vscode\extensions\redhat.java-1.41.1-win32-x64\server\plugins\org.eclipse.equinox.launcher_1.7.0.v20250331-1702.jar
Launcher Type: SUN_STANDARD

[Global flags]
    uintx AdaptiveSizePolicyWeight                 = 90                                        {product} {command line}
     intx CICompilerCount                          = 4                                         {product} {ergonomic}
    uintx GCTimeRatio                              = 4                                         {product} {command line}
   size_t InitialHeapSize                          = 104857600                                 {product} {command line}
   size_t MaxHeapSize                              = 1073741824                                {product} {command line}
   size_t MaxNewSize                               = 357564416                                 {product} {ergonomic}
   size_t MinHeapDeltaBytes                        = 524288                                    {product} {ergonomic}
   size_t MinHeapSize                              = 104857600                                 {product} {command line}
   size_t NewSize                                  = 34603008                                  {product} {ergonomic}
    uintx NonNMethodCodeHeapSize                   = 5839372                                {pd product} {ergonomic}
    uintx NonProfiledCodeHeapSize                  = 122909434                              {pd product} {ergonomic}
   size_t OldSize                                  = 70254592                                  {product} {ergonomic}
    uintx ProfiledCodeHeapSize                     = 122909434                              {pd product} {ergonomic}
    uintx ReservedCodeCacheSize                    = 251658240                              {pd product} {ergonomic}
     bool SegmentedCodeCache                       = true                                      {product} {ergonomic}
   size_t SoftMaxHeapSize                          = 1073741824                             {manageable} {ergonomic}
     bool UseCompressedOops                        = true                           {product lp64_product} {ergonomic}
     bool UseLargePagesIndividualAllocation        = false                                  {pd product} {ergonomic}
     bool UseParallelGC                            = true                                      {product} {command line}

Logging:
Log output configuration:
 #0: stdout all=off uptime,level,tags foldmultilines=false
 #1: stderr all=off uptime,level,tags foldmultilines=false

Environment Variables:
JAVA_HOME=C:\Program Files\Java\jdk-17\
CLASSPATH=C:\Program Files\Java\jdk-22\lib\sqlite-jdbc-3.34.0.jar
PATH=C:\Program Files\Python312\Scripts\;C:\Program Files\Python312\;C:\Program Files\Common Files\Oracle\Java\javapath;C:\WINDOWS\system32;C:\WINDOWS;C:\WINDOWS\System32\Wbem;C:\WINDOWS\System32\WindowsPowerShell\v1.0\;C:\WINDOWS\System32\OpenSSH\;C:\Program Files\Java\jdk-22\bin;C:\Program Files\Git\cmd;C:\Program Files\nodejs\;C:\Program Files\Java\jdk-17\bin;C:\Program Files\MySQL\MySQL Shell 8.0\bin\;C:\Users\DELL\AppData\Local\Microsoft\WindowsApps;C:\Users\DELL\AppData\Local\Programs\Microsoft VS Code\bin;C:\Users\DELL\AppData\Local\Microsoft\WinGet\Packages\Schniz.fnm_Microsoft.Winget.Source_8wekyb3d8bbwe;C:\Users\DELL\AppData\Roaming\npm;C:\Users\DELL\AppData\Local\Pub\Cache\bin;E:\Mongosh\;C:\Flutter\src\flutter\bin;
USERNAME=DELL
OS=Windows_NT
PROCESSOR_IDENTIFIER=Intel64 Family 6 Model 140 Stepping 1, GenuineIntel
TMP=C:\Users\DELL\AppData\Local\Temp
TEMP=C:\Users\DELL\AppData\Local\Temp




Periodic native trim disabled

---------------  S Y S T E M  ---------------

OS:
 Windows 11 , 64 bit Build 26100 (10.0.26100.3912)
OS uptime: 0 days 7:46 hours
Hyper-V role detected

CPU: total 8 (initial active 8) (4 cores per cpu, 2 threads per core) family 6 model 140 stepping 1 microcode 0xbc, cx8, cmov, fxsr, ht, mmx, 3dnowpref, sse, sse2, sse3, ssse3, sse4.1, sse4.2, popcnt, lzcnt, tsc, tscinvbit, avx, avx2, aes, erms, clmul, bmi1, bmi2, adx, avx512f, avx512dq, avx512cd, avx512bw, avx512vl, sha, fma, vzeroupper, avx512_vpopcntdq, avx512_vpclmulqdq, avx512_vaes, avx512_vnni, clflush, clflushopt, clwb, avx512_vbmi2, avx512_vbmi, hv, rdtscp, rdpid, fsrm, gfni, avx512_bitalg, f16c, cet_ibt, cet_ss, avx512_ifma
Processor Information for the first 8 processors :
  Max Mhz: 2419, Current Mhz: 2419, Mhz Limit: 2419

Memory: 4k page, system-wide physical 7926M (1985M free)
TotalPageFile size 7926M (AvailPageFile size 12M)
current process WorkingSet (physical memory assigned to process): 221M, peak: 226M
current process commit charge ("private bytes"): 295M, peak: 300M

vm_info: OpenJDK 64-Bit Server VM (21.0.6+7-LTS) for windows-amd64 JRE (21.0.6+7-LTS), built on 2025-01-21T00:00:00Z by "admin" with MS VC++ 17.7 (VS2022)

END.
