#
# There is insufficient memory for the Java Runtime Environment to continue.
# Native memory allocation (malloc) failed to allocate 1279184 bytes. Error detail: Chunk::new
# Possible reasons:
#   The system is out of physical RAM or swap space
#   This process is running with CompressedOops enabled, and the Java Heap may be blocking the growth of the native heap
# Possible solutions:
#   Reduce memory load on the system
#   Increase physical memory or swap space
#   Check if swap backing store is full
#   Decrease Java heap size (-Xmx/-Xms)
#   Decrease number of Java threads
#   Decrease Java thread stack sizes (-Xss)
#   Set larger code cache with -XX:ReservedCodeCacheSize=
#   JVM is running with Unscaled Compressed Oops mode in which the Java heap is
#     placed in the first 4GB address space. The Java Heap base address is the
#     maximum limit for the native heap growth. Please use -XX:HeapBaseMinAddress
#     to set the Java Heap base and to place the Java Heap above 4GB virtual address.
# This output file may be truncated or incomplete.
#
#  Out of Memory Error (arena.cpp:168), pid=8388, tid=2176
#
# JRE version: OpenJDK Runtime Environment Temurin-21.0.6+7 (21.0.6+7) (build 21.0.6+7-LTS)
# Java VM: OpenJDK 64-Bit Server VM Temurin-21.0.6+7 (21.0.6+7-LTS, mixed mode, sharing, tiered, compressed oops, compressed class ptrs, parallel gc, windows-amd64)
# No core dump will be written. Minidumps are not enabled by default on client versions of Windows
#

---------------  S U M M A R Y ------------

Command Line: --add-modules=ALL-SYSTEM --add-opens=java.base/java.util=ALL-UNNAMED --add-opens=java.base/java.lang=ALL-UNNAMED --add-opens=java.base/sun.nio.fs=ALL-UNNAMED -Declipse.application=org.eclipse.jdt.ls.core.id1 -Dosgi.bundles.defaultStartLevel=4 -Declipse.product=org.eclipse.jdt.ls.core.product -Djava.import.generatesMetadataFilesAtProjectRoot=false -DDetectVMInstallationsJob.disabled=true -Dfile.encoding=utf8 -XX:+UseParallelGC -XX:GCTimeRatio=4 -XX:AdaptiveSizePolicyWeight=90 -Dsun.zip.disableMemoryMapping=true -Xmx1G -Xms100m -Xlog:disable -javaagent:c:\Users\DELL\.vscode\extensions\redhat.java-1.41.1-win32-x64\lombok\lombok-1.18.36.jar -XX:+HeapDumpOnOutOfMemoryError -XX:HeapDumpPath=c:\Users\DELL\AppData\Roaming\Code\User\workspaceStorage\3445d51e809f9ea81cb50ad7f9c6bd4c\redhat.java -Daether.dependencyCollector.impl=bf c:\Users\DELL\.vscode\extensions\redhat.java-1.41.1-win32-x64\server\plugins\org.eclipse.equinox.launcher_1.7.0.v20250331-1702.jar -configuration c:\Users\DELL\AppData\Roaming\Code\User\globalStorage\redhat.java\1.41.1\config_win -data c:\Users\DELL\AppData\Roaming\Code\User\workspaceStorage\3445d51e809f9ea81cb50ad7f9c6bd4c\redhat.java\jdt_ws --pipe=\\.\pipe\lsp-85c581282f589db4a166e92134e9ea0b-sock

Host: 11th Gen Intel(R) Core(TM) i5-1135G7 @ 2.40GHz, 8 cores, 7G,  Windows 11 , 64 bit Build 26100 (10.0.26100.3912)
Time: Thu May 15 21:23:34 2025 India Standard Time elapsed time: 29.445220 seconds (0d 0h 0m 29s)

---------------  T H R E A D  ---------------

Current thread (0x0000024de2ac84b0):  JavaThread "C2 CompilerThread1" daemon [_thread_in_native, id=2176, stack(0x000000aa44200000,0x000000aa44300000) (1024K)]


Current CompileTask:
C2:29445 4150       4       org.eclipse.osgi.internal.serviceregistry.ServiceRegistry::notifyHooksPrivileged (58 bytes)

Stack: [0x000000aa44200000,0x000000aa44300000]
Native frames: (J=compiled Java code, j=interpreted, Vv=VM code, C=native code)
V  [jvm.dll+0x6cdee9]
V  [jvm.dll+0x8a83d1]
V  [jvm.dll+0x8aa8fe]
V  [jvm.dll+0x8aafe3]
V  [jvm.dll+0x27f706]
V  [jvm.dll+0xc500d]
V  [jvm.dll+0xc5543]
V  [jvm.dll+0x3b678c]
V  [jvm.dll+0x1e0009]
V  [jvm.dll+0x247b42]
V  [jvm.dll+0x246fcf]
V  [jvm.dll+0x1c75ee]
V  [jvm.dll+0x25685a]
V  [jvm.dll+0x254dfa]
V  [jvm.dll+0x3f0256]
V  [jvm.dll+0x851f8b]
V  [jvm.dll+0x6cc5ed]
C  [ucrtbase.dll+0x37b0]
C  [KERNEL32.DLL+0x2e8d7]
C  [ntdll.dll+0x9c5dc]


---------------  P R O C E S S  ---------------

Threads class SMR info:
_java_thread_list=0x0000024ddd884b50, length=26, elements={
0x0000024d84042280, 0x0000024d9a8883c0, 0x0000024d8658d2e0, 0x0000024d9a88f350,
0x0000024d9a891eb0, 0x0000024d9a892900, 0x0000024d9a893350, 0x0000024d9a895810,
0x0000024ddd338120, 0x0000024ddd3ecd80, 0x0000024ddd6f42f0, 0x0000024ddddcc4d0,
0x0000024dddcd1000, 0x0000024ddd8c40f0, 0x0000024ddd8c4b50, 0x0000024de22b6f70,
0x0000024de224d680, 0x0000024de22b40e0, 0x0000024ddde9bf20, 0x0000024ddde9d960,
0x0000024ddde9ab70, 0x0000024ddde9b890, 0x0000024de2ac84b0, 0x0000024ddde9dff0,
0x0000024ddde9b200, 0x0000024ddde9c5b0
}

Java Threads: ( => current thread )
  0x0000024d84042280 JavaThread "main"                              [_thread_blocked, id=11452, stack(0x000000aa42200000,0x000000aa42300000) (1024K)]
  0x0000024d9a8883c0 JavaThread "Reference Handler"          daemon [_thread_blocked, id=12452, stack(0x000000aa42600000,0x000000aa42700000) (1024K)]
  0x0000024d8658d2e0 JavaThread "Finalizer"                  daemon [_thread_blocked, id=9672, stack(0x000000aa42700000,0x000000aa42800000) (1024K)]
  0x0000024d9a88f350 JavaThread "Signal Dispatcher"          daemon [_thread_blocked, id=14436, stack(0x000000aa42800000,0x000000aa42900000) (1024K)]
  0x0000024d9a891eb0 JavaThread "Attach Listener"            daemon [_thread_blocked, id=12932, stack(0x000000aa42900000,0x000000aa42a00000) (1024K)]
  0x0000024d9a892900 JavaThread "Service Thread"             daemon [_thread_blocked, id=13768, stack(0x000000aa42a00000,0x000000aa42b00000) (1024K)]
  0x0000024d9a893350 JavaThread "Monitor Deflation Thread"   daemon [_thread_blocked, id=4884, stack(0x000000aa42b00000,0x000000aa42c00000) (1024K)]
  0x0000024d9a895810 JavaThread "C2 CompilerThread0"         daemon [_thread_in_native, id=984, stack(0x000000aa42c00000,0x000000aa42d00000) (1024K)]
  0x0000024ddd338120 JavaThread "C1 CompilerThread0"         daemon [_thread_blocked, id=9208, stack(0x000000aa42d00000,0x000000aa42e00000) (1024K)]
  0x0000024ddd3ecd80 JavaThread "Common-Cleaner"             daemon [_thread_blocked, id=1336, stack(0x000000aa42e00000,0x000000aa42f00000) (1024K)]
  0x0000024ddd6f42f0 JavaThread "Notification Thread"        daemon [_thread_blocked, id=9144, stack(0x000000aa43000000,0x000000aa43100000) (1024K)]
  0x0000024ddddcc4d0 JavaThread "Active Thread: Equinox Container: 2c257287-728a-4b92-a483-bd6476b1ba37"        [_thread_blocked, id=7488, stack(0x000000aa43800000,0x000000aa43900000) (1024K)]
  0x0000024dddcd1000 JavaThread "Refresh Thread: Equinox Container: 2c257287-728a-4b92-a483-bd6476b1ba37" daemon [_thread_blocked, id=15128, stack(0x000000aa42f00000,0x000000aa43000000) (1024K)]
  0x0000024ddd8c40f0 JavaThread "Framework Event Dispatcher: Equinox Container: 2c257287-728a-4b92-a483-bd6476b1ba37" daemon [_thread_blocked, id=13624, stack(0x000000aa43900000,0x000000aa43a00000) (1024K)]
  0x0000024ddd8c4b50 JavaThread "Start Level: Equinox Container: 2c257287-728a-4b92-a483-bd6476b1ba37" daemon [_thread_in_native, id=8888, stack(0x000000aa43a00000,0x000000aa43b00000) (1024K)]
  0x0000024de22b6f70 JavaThread "Bundle File Closer"         daemon [_thread_blocked, id=14792, stack(0x000000aa43c00000,0x000000aa43d00000) (1024K)]
  0x0000024de224d680 JavaThread "SCR Component Actor"        daemon [_thread_blocked, id=14808, stack(0x000000aa43b00000,0x000000aa43c00000) (1024K)]
  0x0000024de22b40e0 JavaThread "SCR Component Registry"     daemon [_thread_blocked, id=4432, stack(0x000000aa43d00000,0x000000aa43e00000) (1024K)]
  0x0000024ddde9bf20 JavaThread "Worker-JM"                         [_thread_blocked, id=8012, stack(0x000000aa43f00000,0x000000aa44000000) (1024K)]
  0x0000024ddde9d960 JavaThread "JNA Cleaner"                daemon [_thread_blocked, id=4636, stack(0x000000aa43e00000,0x000000aa43f00000) (1024K)]
  0x0000024ddde9ab70 JavaThread "Worker-0: Repository registry initialization"        [_thread_in_Java, id=13156, stack(0x000000aa44000000,0x000000aa44100000) (1024K)]
  0x0000024ddde9b890 JavaThread "Worker-1: Updating Maven Dependencies"        [_thread_in_native, id=13244, stack(0x000000aa44100000,0x000000aa44200000) (1024K)]
=>0x0000024de2ac84b0 JavaThread "C2 CompilerThread1"         daemon [_thread_in_native, id=2176, stack(0x000000aa44200000,0x000000aa44300000) (1024K)]
  0x0000024ddde9dff0 JavaThread "Java indexing"              daemon [_thread_blocked, id=6484, stack(0x000000aa44300000,0x000000aa44400000) (1024K)]
  0x0000024ddde9b200 JavaThread "Worker-2"                          [_thread_blocked, id=13252, stack(0x000000aa44400000,0x000000aa44500000) (1024K)]
  0x0000024ddde9c5b0 JavaThread "Worker-3"                          [_thread_blocked, id=2220, stack(0x000000aa44500000,0x000000aa44600000) (1024K)]
Total: 26

Other Threads:
  0x0000024d86574930 VMThread "VM Thread"                           [id=6424, stack(0x000000aa42500000,0x000000aa42600000) (1024K)]
  0x0000024d86541e90 WatcherThread "VM Periodic Task Thread"        [id=2776, stack(0x000000aa42400000,0x000000aa42500000) (1024K)]
  0x0000024d864f3f70 WorkerThread "GC Thread#0"                     [id=11188, stack(0x000000aa42300000,0x000000aa42400000) (1024K)]
  0x0000024ddddeee60 WorkerThread "GC Thread#1"                     [id=8484, stack(0x000000aa43100000,0x000000aa43200000) (1024K)]
  0x0000024ddd95e310 WorkerThread "GC Thread#2"                     [id=2596, stack(0x000000aa43200000,0x000000aa43300000) (1024K)]
  0x0000024ddd95e6b0 WorkerThread "GC Thread#3"                     [id=14664, stack(0x000000aa43300000,0x000000aa43400000) (1024K)]
  0x0000024dddb568b0 WorkerThread "GC Thread#4"                     [id=15280, stack(0x000000aa43400000,0x000000aa43500000) (1024K)]
  0x0000024dddb56c50 WorkerThread "GC Thread#5"                     [id=11052, stack(0x000000aa43500000,0x000000aa43600000) (1024K)]
  0x0000024dddb56ff0 WorkerThread "GC Thread#6"                     [id=2436, stack(0x000000aa43600000,0x000000aa43700000) (1024K)]
  0x0000024ddd6fbbe0 WorkerThread "GC Thread#7"                     [id=13236, stack(0x000000aa43700000,0x000000aa43800000) (1024K)]
Total: 10

Threads with active compile tasks:
C2 CompilerThread0  29465 4019       4       org.lombokweb.asm.ClassReader::readMethod (1070 bytes)
C2 CompilerThread1  29465 4150       4       org.eclipse.osgi.internal.serviceregistry.ServiceRegistry::notifyHooksPrivileged (58 bytes)
Total: 2

VM state: not at safepoint (normal execution)

VM Mutex/Monitor currently owned by a thread: None

Heap address: 0x00000000c0000000, size: 1024 MB, Compressed Oops mode: 32-bit

CDS archive(s) mapped at: [0x0000024d9b000000-0x0000024d9bba0000-0x0000024d9bba0000), size 12189696, SharedBaseAddress: 0x0000024d9b000000, ArchiveRelocationMode: 1.
Compressed class space mapped at: 0x0000024d9c000000-0x0000024ddc000000, reserved size: 1073741824
Narrow klass base: 0x0000024d9b000000, Narrow klass shift: 0, Narrow klass range: 0x100000000

GC Precious Log:
 CardTable entry size: 512
 CPUs: 8 total, 8 available
 Memory: 7926M
 Large Page Support: Disabled
 NUMA Support: Disabled
 Compressed Oops: Enabled (32-bit)
 Alignments: Space 512K, Generation 512K, Heap 2M
 Heap Min Capacity: 100M
 Heap Initial Capacity: 100M
 Heap Max Capacity: 1G
 Pre-touch: Disabled
 Parallel Workers: 8

Heap:
 PSYoungGen      total 25088K, used 3293K [0x00000000eab00000, 0x00000000ec880000, 0x0000000100000000)
  eden space 23040K, 5% used [0x00000000eab00000,0x00000000eac3c600,0x00000000ec180000)
  from space 2048K, 99% used [0x00000000ec680000,0x00000000ec87b180,0x00000000ec880000)
  to   space 3072K, 0% used [0x00000000ec280000,0x00000000ec280000,0x00000000ec580000)
 ParOldGen       total 68608K, used 13991K [0x00000000c0000000, 0x00000000c4300000, 0x00000000eab00000)
  object space 68608K, 20% used [0x00000000c0000000,0x00000000c0da9ce8,0x00000000c4300000)
 Metaspace       used 28866K, committed 29696K, reserved 1114112K
  class space    used 2721K, committed 3072K, reserved 1048576K

Card table byte_map: [0x0000024d85e70000,0x0000024d86080000] _byte_map_base: 0x0000024d85870000

Marking Bits: (ParMarkBitMap*) 0x00007ffe10763260
 Begin Bits: [0x0000024d986c0000, 0x0000024d996c0000)
 End Bits:   [0x0000024d996c0000, 0x0000024d9a6c0000)

Polling page: 0x0000024d842d0000

Metaspace:

Usage:
  Non-class:     25.53 MB used.
      Class:      2.66 MB used.
       Both:     28.19 MB used.

Virtual space:
  Non-class space:       64.00 MB reserved,      26.00 MB ( 41%) committed,  1 nodes.
      Class space:        1.00 GB reserved,       3.00 MB ( <1%) committed,  1 nodes.
             Both:        1.06 GB reserved,      29.00 MB (  3%) committed. 

Chunk freelists:
   Non-Class:  6.01 MB
       Class:  13.02 MB
        Both:  19.03 MB

MaxMetaspaceSize: unlimited
CompressedClassSpaceSize: 1.00 GB
Initial GC threshold: 21.00 MB
Current GC threshold: 35.00 MB
CDS: on
 - commit_granule_bytes: 65536.
 - commit_granule_words: 8192.
 - virtual_space_node_default_size: 8388608.
 - enlarge_chunks_in_place: 1.
 - use_allocation_guard: 0.


Internal statistics:

num_allocs_failed_limit: 3.
num_arena_births: 606.
num_arena_deaths: 14.
num_vsnodes_births: 2.
num_vsnodes_deaths: 0.
num_space_committed: 464.
num_space_uncommitted: 0.
num_chunks_returned_to_freelist: 17.
num_chunks_taken_from_freelist: 1704.
num_chunk_merges: 9.
num_chunk_splits: 1124.
num_chunks_enlarged: 736.
num_inconsistent_stats: 0.

CodeHeap 'non-profiled nmethods': size=120000Kb used=2008Kb max_used=2008Kb free=117991Kb
 bounds [0x0000024d91190000, 0x0000024d91400000, 0x0000024d986c0000]
CodeHeap 'profiled nmethods': size=120000Kb used=8927Kb max_used=8927Kb free=111072Kb
 bounds [0x0000024d896c0000, 0x0000024d89f80000, 0x0000024d90bf0000]
CodeHeap 'non-nmethods': size=5760Kb used=1346Kb max_used=1364Kb free=4413Kb
 bounds [0x0000024d90bf0000, 0x0000024d90e60000, 0x0000024d91190000]
 total_blobs=4874 nmethods=4246 adapters=534
 compilation: enabled
              stopped_count=0, restarted_count=0
 full_count=0

Compilation events (20 events):
Event: 28.420 Thread 0x0000024ddd338120 nmethod 4233 0x0000024d89f6a190 code [0x0000024d89f6a5c0, 0x0000024d89f6c498]
Event: 28.421 Thread 0x0000024ddd338120 4234       3       jdk.internal.loader.BuiltinClassLoader::findResourcesOnClassPath (43 bytes)
Event: 28.421 Thread 0x0000024ddd338120 nmethod 4234 0x0000024d89f6d110 code [0x0000024d89f6d300, 0x0000024d89f6d738]
Event: 28.421 Thread 0x0000024ddd338120 4235       3       jdk.internal.loader.BuiltinClassLoader$1::<init> (28 bytes)
Event: 28.422 Thread 0x0000024ddd338120 nmethod 4235 0x0000024d89f6d890 code [0x0000024d89f6da40, 0x0000024d89f6dcc8]
Event: 28.422 Thread 0x0000024ddd338120 4236       3       java.lang.ClassLoader::createOrGetClassLoaderValueMap (37 bytes)
Event: 28.422 Thread 0x0000024ddd338120 nmethod 4236 0x0000024d89f6de10 code [0x0000024d89f6dfe0, 0x0000024d89f6e340]
Event: 28.423 Thread 0x0000024ddd338120 4237       3       jdk.internal.jimage.ImageLocation::getAttribute (44 bytes)
Event: 28.423 Thread 0x0000024ddd338120 nmethod 4237 0x0000024d89f6e490 code [0x0000024d89f6e6c0, 0x0000024d89f6ece0]
Event: 28.426 Thread 0x0000024ddd338120 4238       3       java.util.ServiceLoader$ModuleServicesLookupIterator::iteratorFor (191 bytes)
Event: 28.428 Thread 0x0000024de2e87b90 nmethod 4231 0x0000024d91384810 code [0x0000024d91384a00, 0x0000024d913850b8]
Event: 28.428 Thread 0x0000024de2e87b90 4232       4       java.util.TreeMap::clear (21 bytes)
Event: 28.429 Thread 0x0000024ddd338120 nmethod 4238 0x0000024d89f6ef90 code [0x0000024d89f6f540, 0x0000024d89f72810]
Event: 28.429 Thread 0x0000024de2e87b90 nmethod 4232 0x0000024d91385610 code [0x0000024d913857a0, 0x0000024d91385830]
Event: 28.429 Thread 0x0000024ddd338120 4239   !   3       java.security.AccessController::doPrivileged (22 bytes)
Event: 28.430 Thread 0x0000024ddd338120 nmethod 4239 0x0000024d89f73a90 code [0x0000024d89f73c80, 0x0000024d89f74128]
Event: 28.430 Thread 0x0000024ddd338120 4240       3       com.sun.org.apache.xml.internal.serializer.Encodings::toUpperCaseFast (83 bytes)
Event: 28.431 Thread 0x0000024ddd338120 nmethod 4240 0x0000024d89f74390 code [0x0000024d89f745e0, 0x0000024d89f74fb0]
Event: 28.687 Thread 0x0000024ddd338120 4241       1       org.eclipse.core.internal.jobs.InternalJob::previous (5 bytes)
Event: 28.688 Thread 0x0000024ddd338120 nmethod 4241 0x0000024d91385910 code [0x0000024d91385aa0, 0x0000024d91385b68]

GC Heap History (20 events):
Event: 7.341 GC heap before
{Heap before GC invocations=2 (full 0):
 PSYoungGen      total 29696K, used 28790K [0x00000000eab00000, 0x00000000ecc00000, 0x0000000100000000)
  eden space 25600K, 100% used [0x00000000eab00000,0x00000000ec400000,0x00000000ec400000)
  from space 4096K, 77% used [0x00000000ec400000,0x00000000ec71d800,0x00000000ec800000)
  to   space 4096K, 0% used [0x00000000ec800000,0x00000000ec800000,0x00000000ecc00000)
 ParOldGen       total 68608K, used 16K [0x00000000c0000000, 0x00000000c4300000, 0x00000000eab00000)
  object space 68608K, 0% used [0x00000000c0000000,0x00000000c0004000,0x00000000c4300000)
 Metaspace       used 8044K, committed 8384K, reserved 1114112K
  class space    used 795K, committed 960K, reserved 1048576K
}
Event: 7.346 GC heap after
{Heap after GC invocations=2 (full 0):
 PSYoungGen      total 29696K, used 4086K [0x00000000eab00000, 0x00000000ecc00000, 0x0000000100000000)
  eden space 25600K, 0% used [0x00000000eab00000,0x00000000eab00000,0x00000000ec400000)
  from space 4096K, 99% used [0x00000000ec800000,0x00000000ecbfd800,0x00000000ecc00000)
  to   space 4096K, 0% used [0x00000000ec400000,0x00000000ec400000,0x00000000ec800000)
 ParOldGen       total 68608K, used 1710K [0x00000000c0000000, 0x00000000c4300000, 0x00000000eab00000)
  object space 68608K, 2% used [0x00000000c0000000,0x00000000c01ab8b8,0x00000000c4300000)
 Metaspace       used 8044K, committed 8384K, reserved 1114112K
  class space    used 795K, committed 960K, reserved 1048576K
}
Event: 23.648 GC heap before
{Heap before GC invocations=3 (full 0):
 PSYoungGen      total 29696K, used 29686K [0x00000000eab00000, 0x00000000ecc00000, 0x0000000100000000)
  eden space 25600K, 100% used [0x00000000eab00000,0x00000000ec400000,0x00000000ec400000)
  from space 4096K, 99% used [0x00000000ec800000,0x00000000ecbfd800,0x00000000ecc00000)
  to   space 4096K, 0% used [0x00000000ec400000,0x00000000ec400000,0x00000000ec800000)
 ParOldGen       total 68608K, used 1710K [0x00000000c0000000, 0x00000000c4300000, 0x00000000eab00000)
  object space 68608K, 2% used [0x00000000c0000000,0x00000000c01ab8b8,0x00000000c4300000)
 Metaspace       used 9193K, committed 9536K, reserved 1114112K
  class space    used 917K, committed 1088K, reserved 1048576K
}
Event: 23.653 GC heap after
{Heap after GC invocations=3 (full 0):
 PSYoungGen      total 29696K, used 4065K [0x00000000eab00000, 0x00000000ecc00000, 0x0000000100000000)
  eden space 25600K, 0% used [0x00000000eab00000,0x00000000eab00000,0x00000000ec400000)
  from space 4096K, 99% used [0x00000000ec400000,0x00000000ec7f84d8,0x00000000ec800000)
  to   space 4096K, 0% used [0x00000000ec800000,0x00000000ec800000,0x00000000ecc00000)
 ParOldGen       total 68608K, used 5846K [0x00000000c0000000, 0x00000000c4300000, 0x00000000eab00000)
  object space 68608K, 8% used [0x00000000c0000000,0x00000000c05b5970,0x00000000c4300000)
 Metaspace       used 9193K, committed 9536K, reserved 1114112K
  class space    used 917K, committed 1088K, reserved 1048576K
}
Event: 26.501 GC heap before
{Heap before GC invocations=4 (full 0):
 PSYoungGen      total 29696K, used 29665K [0x00000000eab00000, 0x00000000ecc00000, 0x0000000100000000)
  eden space 25600K, 100% used [0x00000000eab00000,0x00000000ec400000,0x00000000ec400000)
  from space 4096K, 99% used [0x00000000ec400000,0x00000000ec7f84d8,0x00000000ec800000)
  to   space 4096K, 0% used [0x00000000ec800000,0x00000000ec800000,0x00000000ecc00000)
 ParOldGen       total 68608K, used 5846K [0x00000000c0000000, 0x00000000c4300000, 0x00000000eab00000)
  object space 68608K, 8% used [0x00000000c0000000,0x00000000c05b5970,0x00000000c4300000)
 Metaspace       used 12343K, committed 12736K, reserved 1114112K
  class space    used 1228K, committed 1344K, reserved 1048576K
}
Event: 26.506 GC heap after
{Heap after GC invocations=4 (full 0):
 PSYoungGen      total 29696K, used 4076K [0x00000000eab00000, 0x00000000ecc00000, 0x0000000100000000)
  eden space 25600K, 0% used [0x00000000eab00000,0x00000000eab00000,0x00000000ec400000)
  from space 4096K, 99% used [0x00000000ec800000,0x00000000ecbfb228,0x00000000ecc00000)
  to   space 4096K, 0% used [0x00000000ec400000,0x00000000ec400000,0x00000000ec800000)
 ParOldGen       total 68608K, used 6647K [0x00000000c0000000, 0x00000000c4300000, 0x00000000eab00000)
  object space 68608K, 9% used [0x00000000c0000000,0x00000000c067dd98,0x00000000c4300000)
 Metaspace       used 12343K, committed 12736K, reserved 1114112K
  class space    used 1228K, committed 1344K, reserved 1048576K
}
Event: 27.009 GC heap before
{Heap before GC invocations=5 (full 0):
 PSYoungGen      total 29696K, used 29676K [0x00000000eab00000, 0x00000000ecc00000, 0x0000000100000000)
  eden space 25600K, 100% used [0x00000000eab00000,0x00000000ec400000,0x00000000ec400000)
  from space 4096K, 99% used [0x00000000ec800000,0x00000000ecbfb228,0x00000000ecc00000)
  to   space 4096K, 0% used [0x00000000ec400000,0x00000000ec400000,0x00000000ec800000)
 ParOldGen       total 68608K, used 6647K [0x00000000c0000000, 0x00000000c4300000, 0x00000000eab00000)
  object space 68608K, 9% used [0x00000000c0000000,0x00000000c067dd98,0x00000000c4300000)
 Metaspace       used 16276K, committed 16896K, reserved 1114112K
  class space    used 1610K, committed 1856K, reserved 1048576K
}
Event: 27.013 GC heap after
{Heap after GC invocations=5 (full 0):
 PSYoungGen      total 29184K, used 4084K [0x00000000eab00000, 0x00000000ece80000, 0x0000000100000000)
  eden space 25088K, 0% used [0x00000000eab00000,0x00000000eab00000,0x00000000ec380000)
  from space 4096K, 99% used [0x00000000ec400000,0x00000000ec7fd0e8,0x00000000ec800000)
  to   space 5632K, 0% used [0x00000000ec900000,0x00000000ec900000,0x00000000ece80000)
 ParOldGen       total 68608K, used 8036K [0x00000000c0000000, 0x00000000c4300000, 0x00000000eab00000)
  object space 68608K, 11% used [0x00000000c0000000,0x00000000c07d93f0,0x00000000c4300000)
 Metaspace       used 16276K, committed 16896K, reserved 1114112K
  class space    used 1610K, committed 1856K, reserved 1048576K
}
Event: 27.452 GC heap before
{Heap before GC invocations=6 (full 0):
 PSYoungGen      total 29184K, used 29172K [0x00000000eab00000, 0x00000000ece80000, 0x0000000100000000)
  eden space 25088K, 100% used [0x00000000eab00000,0x00000000ec380000,0x00000000ec380000)
  from space 4096K, 99% used [0x00000000ec400000,0x00000000ec7fd0e8,0x00000000ec800000)
  to   space 5632K, 0% used [0x00000000ec900000,0x00000000ec900000,0x00000000ece80000)
 ParOldGen       total 68608K, used 8036K [0x00000000c0000000, 0x00000000c4300000, 0x00000000eab00000)
  object space 68608K, 11% used [0x00000000c0000000,0x00000000c07d93f0,0x00000000c4300000)
 Metaspace       used 18827K, committed 19584K, reserved 1114112K
  class space    used 1893K, committed 2240K, reserved 1048576K
}
Event: 27.456 GC heap after
{Heap after GC invocations=6 (full 0):
 PSYoungGen      total 29184K, used 4256K [0x00000000eab00000, 0x00000000ecd80000, 0x0000000100000000)
  eden space 24576K, 0% used [0x00000000eab00000,0x00000000eab00000,0x00000000ec300000)
  from space 4608K, 92% used [0x00000000ec900000,0x00000000ecd28070,0x00000000ecd80000)
  to   space 5120K, 0% used [0x00000000ec380000,0x00000000ec380000,0x00000000ec880000)
 ParOldGen       total 68608K, used 8044K [0x00000000c0000000, 0x00000000c4300000, 0x00000000eab00000)
  object space 68608K, 11% used [0x00000000c0000000,0x00000000c07db3f0,0x00000000c4300000)
 Metaspace       used 18827K, committed 19584K, reserved 1114112K
  class space    used 1893K, committed 2240K, reserved 1048576K
}
Event: 27.733 GC heap before
{Heap before GC invocations=7 (full 0):
 PSYoungGen      total 29184K, used 19520K [0x00000000eab00000, 0x00000000ecd80000, 0x0000000100000000)
  eden space 24576K, 62% used [0x00000000eab00000,0x00000000eb9e80e0,0x00000000ec300000)
  from space 4608K, 92% used [0x00000000ec900000,0x00000000ecd28070,0x00000000ecd80000)
  to   space 5120K, 0% used [0x00000000ec380000,0x00000000ec380000,0x00000000ec880000)
 ParOldGen       total 68608K, used 8044K [0x00000000c0000000, 0x00000000c4300000, 0x00000000eab00000)
  object space 68608K, 11% used [0x00000000c0000000,0x00000000c07db3f0,0x00000000c4300000)
 Metaspace       used 20709K, committed 21504K, reserved 1114112K
  class space    used 2090K, committed 2432K, reserved 1048576K
}
Event: 27.738 GC heap after
{Heap after GC invocations=7 (full 0):
 PSYoungGen      total 29184K, used 4455K [0x00000000eab00000, 0x00000000ecc00000, 0x0000000100000000)
  eden space 24576K, 0% used [0x00000000eab00000,0x00000000eab00000,0x00000000ec300000)
  from space 4608K, 96% used [0x00000000ec380000,0x00000000ec7d9d30,0x00000000ec800000)
  to   space 4096K, 0% used [0x00000000ec800000,0x00000000ec800000,0x00000000ecc00000)
 ParOldGen       total 68608K, used 9287K [0x00000000c0000000, 0x00000000c4300000, 0x00000000eab00000)
  object space 68608K, 13% used [0x00000000c0000000,0x00000000c0911f00,0x00000000c4300000)
 Metaspace       used 20709K, committed 21504K, reserved 1114112K
  class space    used 2090K, committed 2432K, reserved 1048576K
}
Event: 27.738 GC heap before
{Heap before GC invocations=8 (full 1):
 PSYoungGen      total 29184K, used 4455K [0x00000000eab00000, 0x00000000ecc00000, 0x0000000100000000)
  eden space 24576K, 0% used [0x00000000eab00000,0x00000000eab00000,0x00000000ec300000)
  from space 4608K, 96% used [0x00000000ec380000,0x00000000ec7d9d30,0x00000000ec800000)
  to   space 4096K, 0% used [0x00000000ec800000,0x00000000ec800000,0x00000000ecc00000)
 ParOldGen       total 68608K, used 9287K [0x00000000c0000000, 0x00000000c4300000, 0x00000000eab00000)
  object space 68608K, 13% used [0x00000000c0000000,0x00000000c0911f00,0x00000000c4300000)
 Metaspace       used 20709K, committed 21504K, reserved 1114112K
  class space    used 2090K, committed 2432K, reserved 1048576K
}
Event: 27.767 GC heap after
{Heap after GC invocations=8 (full 1):
 PSYoungGen      total 29184K, used 0K [0x00000000eab00000, 0x00000000ecc00000, 0x0000000100000000)
  eden space 24576K, 0% used [0x00000000eab00000,0x00000000eab00000,0x00000000ec300000)
  from space 4608K, 0% used [0x00000000ec380000,0x00000000ec380000,0x00000000ec800000)
  to   space 4096K, 0% used [0x00000000ec800000,0x00000000ec800000,0x00000000ecc00000)
 ParOldGen       total 68608K, used 12821K [0x00000000c0000000, 0x00000000c4300000, 0x00000000eab00000)
  object space 68608K, 18% used [0x00000000c0000000,0x00000000c0c856e0,0x00000000c4300000)
 Metaspace       used 20696K, committed 21504K, reserved 1114112K
  class space    used 2087K, committed 2432K, reserved 1048576K
}
Event: 27.934 GC heap before
{Heap before GC invocations=9 (full 1):
 PSYoungGen      total 29184K, used 24576K [0x00000000eab00000, 0x00000000ecc00000, 0x0000000100000000)
  eden space 24576K, 100% used [0x00000000eab00000,0x00000000ec300000,0x00000000ec300000)
  from space 4608K, 0% used [0x00000000ec380000,0x00000000ec380000,0x00000000ec800000)
  to   space 4096K, 0% used [0x00000000ec800000,0x00000000ec800000,0x00000000ecc00000)
 ParOldGen       total 68608K, used 12821K [0x00000000c0000000, 0x00000000c4300000, 0x00000000eab00000)
  object space 68608K, 18% used [0x00000000c0000000,0x00000000c0c856e0,0x00000000c4300000)
 Metaspace       used 23351K, committed 24192K, reserved 1114112K
  class space    used 2248K, committed 2624K, reserved 1048576K
}
Event: 27.935 GC heap after
{Heap after GC invocations=9 (full 1):
 PSYoungGen      total 24576K, used 316K [0x00000000eab00000, 0x00000000ec880000, 0x0000000100000000)
  eden space 24064K, 0% used [0x00000000eab00000,0x00000000eab00000,0x00000000ec280000)
  from space 512K, 61% used [0x00000000ec800000,0x00000000ec84f048,0x00000000ec880000)
  to   space 2048K, 0% used [0x00000000ec480000,0x00000000ec480000,0x00000000ec680000)
 ParOldGen       total 68608K, used 12821K [0x00000000c0000000, 0x00000000c4300000, 0x00000000eab00000)
  object space 68608K, 18% used [0x00000000c0000000,0x00000000c0c856e0,0x00000000c4300000)
 Metaspace       used 23351K, committed 24192K, reserved 1114112K
  class space    used 2248K, committed 2624K, reserved 1048576K
}
Event: 28.100 GC heap before
{Heap before GC invocations=10 (full 1):
 PSYoungGen      total 24576K, used 24380K [0x00000000eab00000, 0x00000000ec880000, 0x0000000100000000)
  eden space 24064K, 100% used [0x00000000eab00000,0x00000000ec280000,0x00000000ec280000)
  from space 512K, 61% used [0x00000000ec800000,0x00000000ec84f048,0x00000000ec880000)
  to   space 2048K, 0% used [0x00000000ec480000,0x00000000ec480000,0x00000000ec680000)
 ParOldGen       total 68608K, used 12821K [0x00000000c0000000, 0x00000000c4300000, 0x00000000eab00000)
  object space 68608K, 18% used [0x00000000c0000000,0x00000000c0c856e0,0x00000000c4300000)
 Metaspace       used 26222K, committed 27072K, reserved 1114112K
  class space    used 2469K, committed 2816K, reserved 1048576K
}
Event: 28.101 GC heap after
{Heap after GC invocations=10 (full 1):
 PSYoungGen      total 25600K, used 1403K [0x00000000eab00000, 0x00000000ec880000, 0x0000000100000000)
  eden space 23552K, 0% used [0x00000000eab00000,0x00000000eab00000,0x00000000ec200000)
  from space 2048K, 68% used [0x00000000ec480000,0x00000000ec5deda0,0x00000000ec680000)
  to   space 2048K, 0% used [0x00000000ec680000,0x00000000ec680000,0x00000000ec880000)
 ParOldGen       total 68608K, used 13610K [0x00000000c0000000, 0x00000000c4300000, 0x00000000eab00000)
  object space 68608K, 19% used [0x00000000c0000000,0x00000000c0d4abf0,0x00000000c4300000)
 Metaspace       used 26222K, committed 27072K, reserved 1114112K
  class space    used 2469K, committed 2816K, reserved 1048576K
}
Event: 28.415 GC heap before
{Heap before GC invocations=11 (full 1):
 PSYoungGen      total 25600K, used 24955K [0x00000000eab00000, 0x00000000ec880000, 0x0000000100000000)
  eden space 23552K, 100% used [0x00000000eab00000,0x00000000ec200000,0x00000000ec200000)
  from space 2048K, 68% used [0x00000000ec480000,0x00000000ec5deda0,0x00000000ec680000)
  to   space 2048K, 0% used [0x00000000ec680000,0x00000000ec680000,0x00000000ec880000)
 ParOldGen       total 68608K, used 13610K [0x00000000c0000000, 0x00000000c4300000, 0x00000000eab00000)
  object space 68608K, 19% used [0x00000000c0000000,0x00000000c0d4abf0,0x00000000c4300000)
 Metaspace       used 28723K, committed 29568K, reserved 1114112K
  class space    used 2708K, committed 3072K, reserved 1048576K
}
Event: 28.418 GC heap after
{Heap after GC invocations=11 (full 1):
 PSYoungGen      total 25088K, used 2028K [0x00000000eab00000, 0x00000000ec880000, 0x0000000100000000)
  eden space 23040K, 0% used [0x00000000eab00000,0x00000000eab00000,0x00000000ec180000)
  from space 2048K, 99% used [0x00000000ec680000,0x00000000ec87b180,0x00000000ec880000)
  to   space 3072K, 0% used [0x00000000ec280000,0x00000000ec280000,0x00000000ec580000)
 ParOldGen       total 68608K, used 13991K [0x00000000c0000000, 0x00000000c4300000, 0x00000000eab00000)
  object space 68608K, 20% used [0x00000000c0000000,0x00000000c0da9ce8,0x00000000c4300000)
 Metaspace       used 28723K, committed 29568K, reserved 1114112K
  class space    used 2708K, committed 3072K, reserved 1048576K
}

Dll operation events (10 events):
Event: 0.011 Loaded shared library c:\Users\DELL\.vscode\extensions\redhat.java-1.41.1-win32-x64\jre\21.0.6-win32-x86_64\bin\java.dll
Event: 0.105 Loaded shared library c:\Users\DELL\.vscode\extensions\redhat.java-1.41.1-win32-x64\jre\21.0.6-win32-x86_64\bin\zip.dll
Event: 0.127 Loaded shared library C:\Users\DELL\.vscode\extensions\redhat.java-1.41.1-win32-x64\jre\21.0.6-win32-x86_64\bin\instrument.dll
Event: 0.135 Loaded shared library C:\Users\DELL\.vscode\extensions\redhat.java-1.41.1-win32-x64\jre\21.0.6-win32-x86_64\bin\net.dll
Event: 0.140 Loaded shared library C:\Users\DELL\.vscode\extensions\redhat.java-1.41.1-win32-x64\jre\21.0.6-win32-x86_64\bin\nio.dll
Event: 0.146 Loaded shared library C:\Users\DELL\.vscode\extensions\redhat.java-1.41.1-win32-x64\jre\21.0.6-win32-x86_64\bin\zip.dll
Event: 0.169 Loaded shared library C:\Users\DELL\.vscode\extensions\redhat.java-1.41.1-win32-x64\jre\21.0.6-win32-x86_64\bin\jimage.dll
Event: 0.318 Loaded shared library c:\Users\DELL\.vscode\extensions\redhat.java-1.41.1-win32-x64\jre\21.0.6-win32-x86_64\bin\verify.dll
Event: 7.331 Loaded shared library C:\Users\DELL\AppData\Roaming\Code\User\globalStorage\redhat.java\1.41.1\config_win\org.eclipse.equinox.launcher\org.eclipse.equinox.launcher.win32.win32.x86_64_1.2.1300.v20250331-1702\eclipse_11911.dll
Event: 26.987 Loaded shared library C:\Users\DELL\AppData\Local\Temp\jna-2094529\jna7791618404391626787.dll

Deoptimization events (20 events):
Event: 28.263 Thread 0x0000024ddd8c4b50 Uncommon trap: trap_request=0xffffff45 fr.pc=0x0000024d9127d730 relative=0x0000000000000470
Event: 28.263 Thread 0x0000024ddd8c4b50 Uncommon trap: reason=unstable_if action=reinterpret pc=0x0000024d9127d730 method=java.lang.AbstractStringBuilder.isLatin1()Z @ 10 c2
Event: 28.263 Thread 0x0000024ddd8c4b50 DEOPT PACKING pc=0x0000024d9127d730 sp=0x000000aa43afe420
Event: 28.263 Thread 0x0000024ddd8c4b50 DEOPT UNPACKING pc=0x0000024d90c46da2 sp=0x000000aa43afe388 mode 2
Event: 28.265 Thread 0x0000024ddd8c4b50 Uncommon trap: trap_request=0xffffffc6 fr.pc=0x0000024d91230754 relative=0x00000000000009d4
Event: 28.265 Thread 0x0000024ddd8c4b50 Uncommon trap: reason=bimorphic_or_optimized_type_check action=maybe_recompile pc=0x0000024d91230754 method=java.util.HashMap.putVal(ILjava/lang/Object;Ljava/lang/Object;ZZ)Ljava/lang/Object; @ 56 c2
Event: 28.265 Thread 0x0000024ddd8c4b50 DEOPT PACKING pc=0x0000024d91230754 sp=0x000000aa43afdb70
Event: 28.265 Thread 0x0000024ddd8c4b50 DEOPT UNPACKING pc=0x0000024d90c46da2 sp=0x000000aa43afda70 mode 2
Event: 28.265 Thread 0x0000024ddd8c4b50 Uncommon trap: trap_request=0xffffffc6 fr.pc=0x0000024d91230754 relative=0x00000000000009d4
Event: 28.265 Thread 0x0000024ddd8c4b50 Uncommon trap: reason=bimorphic_or_optimized_type_check action=maybe_recompile pc=0x0000024d91230754 method=java.util.HashMap.putVal(ILjava/lang/Object;Ljava/lang/Object;ZZ)Ljava/lang/Object; @ 56 c2
Event: 28.265 Thread 0x0000024ddd8c4b50 DEOPT PACKING pc=0x0000024d91230754 sp=0x000000aa43afdb70
Event: 28.265 Thread 0x0000024ddd8c4b50 DEOPT UNPACKING pc=0x0000024d90c46da2 sp=0x000000aa43afda70 mode 2
Event: 28.265 Thread 0x0000024ddd8c4b50 Uncommon trap: trap_request=0xffffffc6 fr.pc=0x0000024d911f0d00 relative=0x0000000000000920
Event: 28.265 Thread 0x0000024ddd8c4b50 Uncommon trap: reason=bimorphic_or_optimized_type_check action=maybe_recompile pc=0x0000024d911f0d00 method=java.util.HashMap.putVal(ILjava/lang/Object;Ljava/lang/Object;ZZ)Ljava/lang/Object; @ 56 c2
Event: 28.265 Thread 0x0000024ddd8c4b50 DEOPT PACKING pc=0x0000024d911f0d00 sp=0x000000aa43afdae0
Event: 28.265 Thread 0x0000024ddd8c4b50 DEOPT UNPACKING pc=0x0000024d90c46da2 sp=0x000000aa43afda78 mode 2
Event: 28.334 Thread 0x0000024ddd8c4b50 Uncommon trap: trap_request=0xffffff45 fr.pc=0x0000024d912cfb60 relative=0x0000000000000300
Event: 28.334 Thread 0x0000024ddd8c4b50 Uncommon trap: reason=unstable_if action=reinterpret pc=0x0000024d912cfb60 method=java.util.Properties.getProperty(Ljava/lang/String;)Ljava/lang/String; @ 36 c2
Event: 28.334 Thread 0x0000024ddd8c4b50 DEOPT PACKING pc=0x0000024d912cfb60 sp=0x000000aa43afe400
Event: 28.334 Thread 0x0000024ddd8c4b50 DEOPT UNPACKING pc=0x0000024d90c46da2 sp=0x000000aa43afe3a8 mode 2

Classes loaded (20 events):
Event: 28.396 Loading class sun/nio/cs/MS1250 done
Event: 28.397 Loading class sun/nio/cs/ISO_8859_2
Event: 28.397 Loading class sun/nio/cs/ISO_8859_2 done
Event: 28.402 Loading class sun/nio/cs/ISO_8859_4
Event: 28.402 Loading class sun/nio/cs/ISO_8859_4 done
Event: 28.402 Loading class sun/nio/cs/ISO_8859_5
Event: 28.402 Loading class sun/nio/cs/ISO_8859_5 done
Event: 28.403 Loading class sun/nio/cs/ISO_8859_9
Event: 28.403 Loading class sun/nio/cs/ISO_8859_9 done
Event: 28.405 Loading class sun/nio/cs/ISO_8859_7
Event: 28.406 Loading class sun/nio/cs/ISO_8859_7 done
Event: 28.406 Loading class sun/nio/cs/IBM850
Event: 28.407 Loading class sun/nio/cs/IBM850 done
Event: 28.411 Loading class sun/nio/cs/SJIS
Event: 28.411 Loading class sun/nio/cs/SJIS done
Event: 28.418 Loading class sun/nio/cs/KOI8_R
Event: 28.418 Loading class sun/nio/cs/KOI8_R done
Event: 28.431 Loading class com/sun/org/apache/xml/internal/serializer/NamespaceMappings
Event: 28.432 Loading class com/sun/org/apache/xml/internal/serializer/NamespaceMappings done
Event: 28.432 Loading class com/sun/org/apache/xml/internal/serializer/NamespaceMappings$MappingRecord

Classes unloaded (7 events):
Event: 27.743 Thread 0x0000024d86574930 Unloading class 0x0000024d9c19bc00 'java/lang/invoke/LambdaForm$MH+0x0000024d9c19bc00'
Event: 27.743 Thread 0x0000024d86574930 Unloading class 0x0000024d9c19b800 'java/lang/invoke/LambdaForm$MH+0x0000024d9c19b800'
Event: 27.743 Thread 0x0000024d86574930 Unloading class 0x0000024d9c19b400 'java/lang/invoke/LambdaForm$MH+0x0000024d9c19b400'
Event: 27.743 Thread 0x0000024d86574930 Unloading class 0x0000024d9c19b000 'java/lang/invoke/LambdaForm$MH+0x0000024d9c19b000'
Event: 27.743 Thread 0x0000024d86574930 Unloading class 0x0000024d9c19ac00 'java/lang/invoke/LambdaForm$BMH+0x0000024d9c19ac00'
Event: 27.743 Thread 0x0000024d86574930 Unloading class 0x0000024d9c19a800 'java/lang/invoke/LambdaForm$DMH+0x0000024d9c19a800'
Event: 27.743 Thread 0x0000024d86574930 Unloading class 0x0000024d9c199400 'java/lang/invoke/LambdaForm$DMH+0x0000024d9c199400'

Classes redefined (0 events):
No events

Internal exceptions (20 events):
Event: 27.071 Thread 0x0000024ddd8c4b50 Exception <a 'java/lang/NoSuchMethodError'{0x00000000eaec3f18}: 'java.lang.Object java.lang.invoke.Invokers$Holder.linkToTargetMethod(java.lang.Object, java.lang.Object, int, java.lang.Object, java.lang.Object)'> (0x00000000eaec3f18) 
thrown [s\src\hotspot\share\interpreter\linkResolver.cpp, line 773]
Event: 27.071 Thread 0x0000024ddde9ab70 Exception <a 'java/lang/NoSuchMethodError'{0x00000000eadc7640}: 'java.lang.Object java.lang.invoke.DirectMethodHandle$Holder.invokeSpecial(java.lang.Object, java.lang.Object, int, java.lang.Object, java.lang.Object)'> (0x00000000eadc7640) 
thrown [s\src\hotspot\share\interpreter\linkResolver.cpp, line 773]
Event: 27.085 Thread 0x0000024ddd8c4b50 Exception <a 'java/lang/NoSuchMethodError'{0x00000000eafc89e8}: 'void java.lang.invoke.DirectMethodHandle$Holder.invokeSpecial(java.lang.Object, java.lang.Object, java.lang.Object, java.lang.Object, java.lang.Object)'> (0x00000000eafc89e8) 
thrown [s\src\hotspot\share\interpreter\linkResolver.cpp, line 773]
Event: 27.211 Thread 0x0000024ddd8c4b50 Exception <a 'java/lang/NoSuchMethodError'{0x00000000eb771030}: 'java.lang.Object java.lang.invoke.DirectMethodHandle$Holder.invokeInterface(java.lang.Object, java.lang.Object, java.lang.Object)'> (0x00000000eb771030) 
thrown [s\src\hotspot\share\interpreter\linkResolver.cpp, line 773]
Event: 27.302 Thread 0x0000024ddd8c4b50 Exception <a 'java/lang/NoSuchMethodError'{0x00000000ebbe35d0}: 'java.lang.Object java.lang.invoke.Invokers$Holder.linkToTargetMethod(java.lang.Object, long, java.lang.Object, java.lang.Object)'> (0x00000000ebbe35d0) 
thrown [s\src\hotspot\share\interpreter\linkResolver.cpp, line 773]
Event: 27.447 Thread 0x0000024ddd8c4b50 Exception <a 'java/io/FileNotFoundException'{0x00000000ec344898}> (0x00000000ec344898) 
thrown [s\src\hotspot\share\prims\jni.cpp, line 520]
Event: 27.448 Thread 0x0000024ddd8c4b50 Exception <a 'java/lang/NoSuchMethodError'{0x00000000ec34ce50}: 'java.lang.Object java.lang.invoke.DirectMethodHandle$Holder.newInvokeSpecial(java.lang.Object, int, java.lang.Object, java.lang.Object)'> (0x00000000ec34ce50) 
thrown [s\src\hotspot\share\interpreter\linkResolver.cpp, line 773]
Event: 27.645 Thread 0x0000024ddd8c4b50 Exception <a 'java/lang/NoSuchMethodError'{0x00000000eb366b48}: 'long java.lang.invoke.DirectMethodHandle$Holder.invokeSpecial(java.lang.Object, java.lang.Object)'> (0x00000000eb366b48) 
thrown [s\src\hotspot\share\interpreter\linkResolver.cpp, line 773]
Event: 27.646 Thread 0x0000024ddd8c4b50 Exception <a 'java/lang/NoSuchMethodError'{0x00000000eb36ace0}: 'long java.lang.invoke.Invokers$Holder.invokeExact_MT(java.lang.Object, java.lang.Object)'> (0x00000000eb36ace0) 
thrown [s\src\hotspot\share\interpreter\linkResolver.cpp, line 773]
Event: 27.780 Thread 0x0000024ddd8c4b50 Exception <a 'java/lang/NoSuchMethodError'{0x00000000eab5ca58}: 'double java.lang.invoke.DirectMethodHandle$Holder.invokeStatic(java.lang.Object, java.lang.Object)'> (0x00000000eab5ca58) 
thrown [s\src\hotspot\share\interpreter\linkResolver.cpp, line 773]
Event: 27.781 Thread 0x0000024ddd8c4b50 Exception <a 'java/lang/NoSuchMethodError'{0x00000000eab600e8}: 'double java.lang.invoke.DirectMethodHandle$Holder.invokeStaticInit(java.lang.Object, java.lang.Object)'> (0x00000000eab600e8) 
thrown [s\src\hotspot\share\interpreter\linkResolver.cpp, line 773]
Event: 27.875 Thread 0x0000024ddd8c4b50 Exception <a 'java/io/FileNotFoundException'{0x00000000ebca5230}> (0x00000000ebca5230) 
thrown [s\src\hotspot\share\prims\jni.cpp, line 520]
Event: 27.875 Thread 0x0000024ddd8c4b50 Exception <a 'java/io/FileNotFoundException'{0x00000000ebca6060}> (0x00000000ebca6060) 
thrown [s\src\hotspot\share\prims\jni.cpp, line 520]
Event: 27.875 Thread 0x0000024ddd8c4b50 Exception <a 'java/io/FileNotFoundException'{0x00000000ebca7040}> (0x00000000ebca7040) 
thrown [s\src\hotspot\share\prims\jni.cpp, line 520]
Event: 28.000 Thread 0x0000024ddd8c4b50 Implicit null exception at 0x0000024d913641f5 to 0x0000024d91364308
Event: 28.106 Thread 0x0000024ddd8c4b50 Exception <a 'java/io/FileNotFoundException'{0x00000000eb153a10}> (0x00000000eb153a10) 
thrown [s\src\hotspot\share\prims\jni.cpp, line 520]
Event: 28.241 Thread 0x0000024ddd8c4b50 Exception <a 'java/lang/ClassNotFoundException'{0x00000000eb9c4b70}: com/sun/org/apache/xerces/internal/impl/msg/spi/DOMMessagesProvider> (0x00000000eb9c4b70) 
thrown [s\src\hotspot\share\classfile\systemDictionary.cpp, line 312]
Event: 28.242 Thread 0x0000024ddd8c4b50 Exception <a 'java/lang/ClassNotFoundException'{0x00000000eb9d6328}: com/sun/org/apache/xerces/internal/impl/msg/spi/XMLSerializerMessagesProvider> (0x00000000eb9d6328) 
thrown [s\src\hotspot\share\classfile\systemDictionary.cpp, line 312]
Event: 28.243 Thread 0x0000024ddd8c4b50 Exception <a 'java/lang/ClassNotFoundException'{0x00000000eb9e3898}: com/sun/org/apache/xerces/internal/impl/msg/spi/XMLMessagesProvider> (0x00000000eb9e3898) 
thrown [s\src\hotspot\share\classfile\systemDictionary.cpp, line 312]
Event: 28.341 Thread 0x0000024ddd8c4b50 Exception <a 'java/lang/ClassNotFoundException'{0x00000000ebfe8f00}: com/sun/org/apache/xml/internal/serializer/spi/XMLEntitiesProvider> (0x00000000ebfe8f00) 
thrown [s\src\hotspot\share\classfile\systemDictionary.cpp, line 312]

ZGC Phase Switch (0 events):
No events

VM Operations (20 events):
Event: 27.768 Executing VM operation: CollectForMetadataAllocation (Metadata GC Threshold) done
Event: 27.934 Executing VM operation: ParallelGCFailedAllocation (Allocation Failure)
Event: 27.935 Executing VM operation: ParallelGCFailedAllocation (Allocation Failure) done
Event: 28.100 Executing VM operation: ParallelGCFailedAllocation (Allocation Failure)
Event: 28.101 Executing VM operation: ParallelGCFailedAllocation (Allocation Failure) done
Event: 28.196 Executing VM operation: HandshakeAllThreads (Deoptimize)
Event: 28.196 Executing VM operation: HandshakeAllThreads (Deoptimize) done
Event: 28.265 Executing VM operation: HandshakeAllThreads (Deoptimize)
Event: 28.265 Executing VM operation: HandshakeAllThreads (Deoptimize) done
Event: 28.311 Executing VM operation: HandshakeAllThreads (Deoptimize)
Event: 28.312 Executing VM operation: HandshakeAllThreads (Deoptimize) done
Event: 28.338 Executing VM operation: HandshakeAllThreads (Deoptimize)
Event: 28.338 Executing VM operation: HandshakeAllThreads (Deoptimize) done
Event: 28.344 Executing VM operation: HandshakeAllThreads (Deoptimize)
Event: 28.345 Executing VM operation: HandshakeAllThreads (Deoptimize) done
Event: 28.395 Executing VM operation: HandshakeAllThreads (Deoptimize)
Event: 28.395 Executing VM operation: HandshakeAllThreads (Deoptimize) done
Event: 28.415 Executing VM operation: ParallelGCFailedAllocation (Allocation Failure)
Event: 28.418 Executing VM operation: ParallelGCFailedAllocation (Allocation Failure) done
Event: 29.425 Executing VM operation: Cleanup

Memory protections (0 events):
No events

Nmethod flushes (0 events):
No events

Events (20 events):
Event: 7.557 Thread 0x0000024ddd338120 Thread added: 0x0000024ddda03130
Event: 9.224 Thread 0x0000024ddda03130 Thread exited: 0x0000024ddda03130
Event: 9.224 Thread 0x0000024ddda02a90 Thread exited: 0x0000024ddda02a90
Event: 17.972 Thread 0x0000024ddd338120 Thread added: 0x0000024de2580580
Event: 18.074 Thread 0x0000024ddd8c4b50 Thread added: 0x0000024de22b6f70
Event: 18.336 Thread 0x0000024de2580580 Thread exited: 0x0000024de2580580
Event: 26.161 Thread 0x0000024ddd8c4b50 Thread added: 0x0000024de224d680
Event: 26.219 Thread 0x0000024ddd8c4b50 Thread added: 0x0000024de22b40e0
Event: 26.363 Thread 0x0000024ddd338120 Thread added: 0x0000024de23d17a0
Event: 26.637 Thread 0x0000024ddd8c4b50 Thread added: 0x0000024ddde9bf20
Event: 26.995 Thread 0x0000024de23d17a0 Thread exited: 0x0000024de23d17a0
Event: 27.020 Thread 0x0000024ddd8c4b50 Thread added: 0x0000024ddde9d960
Event: 27.053 Thread 0x0000024ddd8c4b50 Thread added: 0x0000024ddde9ab70
Event: 27.072 Thread 0x0000024ddd8c4b50 Thread added: 0x0000024ddde9b890
Event: 27.175 Thread 0x0000024ddd338120 Thread added: 0x0000024de2ac84b0
Event: 27.858 Thread 0x0000024de2ac84b0 Thread added: 0x0000024ddd72b6a0
Event: 27.973 Thread 0x0000024ddd72b6a0 Thread exited: 0x0000024ddd72b6a0
Event: 28.253 Thread 0x0000024ddd8c4b50 Thread added: 0x0000024ddde9dff0
Event: 28.353 Thread 0x0000024ddd338120 Thread added: 0x0000024de2e87b90
Event: 28.688 Thread 0x0000024de2e87b90 Thread exited: 0x0000024de2e87b90


Dynamic libraries:
0x00007ff723b90000 - 0x00007ff723b9e000 	c:\Users\DELL\.vscode\extensions\redhat.java-1.41.1-win32-x64\jre\21.0.6-win32-x86_64\bin\java.exe
0x00007ffe73f40000 - 0x00007ffe741a6000 	C:\WINDOWS\SYSTEM32\ntdll.dll
0x00007ffe72eb0000 - 0x00007ffe72f79000 	C:\WINDOWS\System32\KERNEL32.DLL
0x00007ffe712b0000 - 0x00007ffe7167c000 	C:\WINDOWS\System32\KERNELBASE.dll
0x00007ffe6dc40000 - 0x00007ffe6dcde000 	C:\WINDOWS\SYSTEM32\apphelp.dll
0x00007ffe71160000 - 0x00007ffe712ab000 	C:\WINDOWS\System32\ucrtbase.dll
0x00007ffe61200000 - 0x00007ffe6121e000 	c:\Users\DELL\.vscode\extensions\redhat.java-1.41.1-win32-x64\jre\21.0.6-win32-x86_64\bin\VCRUNTIME140.dll
0x00007ffe61230000 - 0x00007ffe61248000 	c:\Users\DELL\.vscode\extensions\redhat.java-1.41.1-win32-x64\jre\21.0.6-win32-x86_64\bin\jli.dll
0x00007ffe73bf0000 - 0x00007ffe73dba000 	C:\WINDOWS\System32\USER32.dll
0x00007ffe5b7e0000 - 0x00007ffe5ba7a000 	C:\WINDOWS\WinSxS\amd64_microsoft.windows.common-controls_6595b64144ccf1df_6.0.26100.3912_none_3e07963ce335137e\COMCTL32.dll
0x00007ffe727c0000 - 0x00007ffe72869000 	C:\WINDOWS\System32\msvcrt.dll
0x00007ffe71a10000 - 0x00007ffe71a37000 	C:\WINDOWS\System32\win32u.dll
0x00007ffe73ed0000 - 0x00007ffe73efb000 	C:\WINDOWS\System32\GDI32.dll
0x00007ffe71a40000 - 0x00007ffe71b72000 	C:\WINDOWS\System32\gdi32full.dll
0x00007ffe71720000 - 0x00007ffe717c3000 	C:\WINDOWS\System32\msvcp_win.dll
0x00007ffe72700000 - 0x00007ffe72730000 	C:\WINDOWS\System32\IMM32.DLL
0x00007ffe6bd30000 - 0x00007ffe6bd3c000 	c:\Users\DELL\.vscode\extensions\redhat.java-1.41.1-win32-x64\jre\21.0.6-win32-x86_64\bin\vcruntime140_1.dll
0x00007ffe4e530000 - 0x00007ffe4e5bd000 	c:\Users\DELL\.vscode\extensions\redhat.java-1.41.1-win32-x64\jre\21.0.6-win32-x86_64\bin\msvcp140.dll
0x00007ffe0fab0000 - 0x00007ffe10840000 	c:\Users\DELL\.vscode\extensions\redhat.java-1.41.1-win32-x64\jre\21.0.6-win32-x86_64\bin\server\jvm.dll
0x00007ffe72de0000 - 0x00007ffe72e92000 	C:\WINDOWS\System32\ADVAPI32.dll
0x00007ffe71e20000 - 0x00007ffe71ec6000 	C:\WINDOWS\System32\sechost.dll
0x00007ffe71d00000 - 0x00007ffe71e16000 	C:\WINDOWS\System32\RPCRT4.dll
0x00007ffe736c0000 - 0x00007ffe73734000 	C:\WINDOWS\System32\WS2_32.dll
0x00007ffe6fd00000 - 0x00007ffe6fd5e000 	C:\WINDOWS\SYSTEM32\POWRPROF.dll
0x00007ffe683a0000 - 0x00007ffe683d6000 	C:\WINDOWS\SYSTEM32\WINMM.dll
0x00007ffe67fd0000 - 0x00007ffe67fdb000 	C:\WINDOWS\SYSTEM32\VERSION.dll
0x00007ffe6fce0000 - 0x00007ffe6fcf4000 	C:\WINDOWS\SYSTEM32\UMPDC.dll
0x00007ffe6ffb0000 - 0x00007ffe6ffca000 	C:\WINDOWS\SYSTEM32\kernel.appcore.dll
0x00007ffe6b230000 - 0x00007ffe6b23a000 	c:\Users\DELL\.vscode\extensions\redhat.java-1.41.1-win32-x64\jre\21.0.6-win32-x86_64\bin\jimage.dll
0x00007ffe6e600000 - 0x00007ffe6e841000 	C:\WINDOWS\SYSTEM32\DBGHELP.DLL
0x00007ffe72a50000 - 0x00007ffe72dd4000 	C:\WINDOWS\System32\combase.dll
0x00007ffe737b0000 - 0x00007ffe73890000 	C:\WINDOWS\System32\OLEAUT32.dll
0x00007ffe582e0000 - 0x00007ffe58319000 	C:\WINDOWS\SYSTEM32\dbgcore.DLL
0x00007ffe71680000 - 0x00007ffe71719000 	C:\WINDOWS\System32\bcryptPrimitives.dll
0x00007ffe63520000 - 0x00007ffe6352f000 	c:\Users\DELL\.vscode\extensions\redhat.java-1.41.1-win32-x64\jre\21.0.6-win32-x86_64\bin\instrument.dll
0x00007ffe5cbb0000 - 0x00007ffe5cbcf000 	c:\Users\DELL\.vscode\extensions\redhat.java-1.41.1-win32-x64\jre\21.0.6-win32-x86_64\bin\java.dll
0x00007ffe71f00000 - 0x00007ffe7262d000 	C:\WINDOWS\System32\SHELL32.dll
0x00007ffe71b80000 - 0x00007ffe71cf4000 	C:\WINDOWS\System32\wintypes.dll
0x00007ffe6ed40000 - 0x00007ffe6f596000 	C:\WINDOWS\SYSTEM32\windows.storage.dll
0x00007ffe73dd0000 - 0x00007ffe73ebf000 	C:\WINDOWS\System32\SHCORE.dll
0x00007ffe73740000 - 0x00007ffe737a9000 	C:\WINDOWS\System32\shlwapi.dll
0x00007ffe70fe0000 - 0x00007ffe7100f000 	C:\WINDOWS\SYSTEM32\profapi.dll
0x00007ffe5d040000 - 0x00007ffe5d058000 	c:\Users\DELL\.vscode\extensions\redhat.java-1.41.1-win32-x64\jre\21.0.6-win32-x86_64\bin\zip.dll
0x00007ffe5cb50000 - 0x00007ffe5cb60000 	C:\Users\DELL\.vscode\extensions\redhat.java-1.41.1-win32-x64\jre\21.0.6-win32-x86_64\bin\net.dll
0x00007ffe68110000 - 0x00007ffe6822e000 	C:\WINDOWS\SYSTEM32\WINHTTP.dll
0x00007ffe70520000 - 0x00007ffe7058a000 	C:\WINDOWS\system32\mswsock.dll
0x00007ffe5aad0000 - 0x00007ffe5aae6000 	C:\Users\DELL\.vscode\extensions\redhat.java-1.41.1-win32-x64\jre\21.0.6-win32-x86_64\bin\nio.dll
0x00007ffe5cb00000 - 0x00007ffe5cb10000 	c:\Users\DELL\.vscode\extensions\redhat.java-1.41.1-win32-x64\jre\21.0.6-win32-x86_64\bin\verify.dll
0x00007ffe4e2c0000 - 0x00007ffe4e305000 	C:\Users\DELL\AppData\Roaming\Code\User\globalStorage\redhat.java\1.41.1\config_win\org.eclipse.equinox.launcher\org.eclipse.equinox.launcher.win32.win32.x86_64_1.2.1300.v20250331-1702\eclipse_11911.dll
0x00007ffe72f80000 - 0x00007ffe7311f000 	C:\WINDOWS\System32\ole32.dll
0x00007ffe707c0000 - 0x00007ffe707dc000 	C:\WINDOWS\SYSTEM32\CRYPTSP.dll
0x00007ffe6ff10000 - 0x00007ffe6ff4a000 	C:\WINDOWS\system32\rsaenh.dll
0x00007ffe705c0000 - 0x00007ffe705eb000 	C:\WINDOWS\SYSTEM32\USERENV.dll
0x00007ffe70fb0000 - 0x00007ffe70fd6000 	C:\WINDOWS\SYSTEM32\bcrypt.dll
0x00007ffe707e0000 - 0x00007ffe707ec000 	C:\WINDOWS\SYSTEM32\CRYPTBASE.dll
0x00007ffe6f9f0000 - 0x00007ffe6fa23000 	C:\WINDOWS\SYSTEM32\IPHLPAPI.DLL
0x00007ffe72ea0000 - 0x00007ffe72eaa000 	C:\WINDOWS\System32\NSI.dll
0x00007ffe4e4e0000 - 0x00007ffe4e529000 	C:\Users\DELL\AppData\Local\Temp\jna-2094529\jna7791618404391626787.dll
0x00007ffe72920000 - 0x00007ffe72928000 	C:\WINDOWS\System32\PSAPI.DLL

dbghelp: loaded successfully - version: 4.0.5 - missing functions: none
symbol engine: initialized successfully - sym options: 0x614 - pdb path: .;c:\Users\DELL\.vscode\extensions\redhat.java-1.41.1-win32-x64\jre\21.0.6-win32-x86_64\bin;C:\WINDOWS\SYSTEM32;C:\WINDOWS\WinSxS\amd64_microsoft.windows.common-controls_6595b64144ccf1df_6.0.26100.3912_none_3e07963ce335137e;c:\Users\DELL\.vscode\extensions\redhat.java-1.41.1-win32-x64\jre\21.0.6-win32-x86_64\bin\server;C:\Users\DELL\AppData\Roaming\Code\User\globalStorage\redhat.java\1.41.1\config_win\org.eclipse.equinox.launcher\org.eclipse.equinox.launcher.win32.win32.x86_64_1.2.1300.v20250331-1702;C:\Users\DELL\AppData\Local\Temp\jna-2094529

VM Arguments:
jvm_args: --add-modules=ALL-SYSTEM --add-opens=java.base/java.util=ALL-UNNAMED --add-opens=java.base/java.lang=ALL-UNNAMED --add-opens=java.base/sun.nio.fs=ALL-UNNAMED -Declipse.application=org.eclipse.jdt.ls.core.id1 -Dosgi.bundles.defaultStartLevel=4 -Declipse.product=org.eclipse.jdt.ls.core.product -Djava.import.generatesMetadataFilesAtProjectRoot=false -DDetectVMInstallationsJob.disabled=true -Dfile.encoding=utf8 -XX:+UseParallelGC -XX:GCTimeRatio=4 -XX:AdaptiveSizePolicyWeight=90 -Dsun.zip.disableMemoryMapping=true -Xmx1G -Xms100m -Xlog:disable -javaagent:c:\Users\DELL\.vscode\extensions\redhat.java-1.41.1-win32-x64\lombok\lombok-1.18.36.jar -XX:+HeapDumpOnOutOfMemoryError -XX:HeapDumpPath=c:\Users\DELL\AppData\Roaming\Code\User\workspaceStorage\3445d51e809f9ea81cb50ad7f9c6bd4c\redhat.java -Daether.dependencyCollector.impl=bf 
java_command: c:\Users\DELL\.vscode\extensions\redhat.java-1.41.1-win32-x64\server\plugins\org.eclipse.equinox.launcher_1.7.0.v20250331-1702.jar -configuration c:\Users\DELL\AppData\Roaming\Code\User\globalStorage\redhat.java\1.41.1\config_win -data c:\Users\DELL\AppData\Roaming\Code\User\workspaceStorage\3445d51e809f9ea81cb50ad7f9c6bd4c\redhat.java\jdt_ws --pipe=\\.\pipe\lsp-85c581282f589db4a166e92134e9ea0b-sock
java_class_path (initial): c:\Users\DELL\.vscode\extensions\redhat.java-1.41.1-win32-x64\server\plugins\org.eclipse.equinox.launcher_1.7.0.v20250331-1702.jar
Launcher Type: SUN_STANDARD

[Global flags]
    uintx AdaptiveSizePolicyWeight                 = 90                                        {product} {command line}
     intx CICompilerCount                          = 4                                         {product} {ergonomic}
    uintx GCTimeRatio                              = 4                                         {product} {command line}
     bool HeapDumpOnOutOfMemoryError               = true                                   {manageable} {command line}
    ccstr HeapDumpPath                             = c:\Users\DELL\AppData\Roaming\Code\User\workspaceStorage\3445d51e809f9ea81cb50ad7f9c6bd4c\redhat.java         {manageable} {command line}
   size_t InitialHeapSize                          = 104857600                                 {product} {command line}
   size_t MaxHeapSize                              = 1073741824                                {product} {command line}
   size_t MaxNewSize                               = 357564416                                 {product} {ergonomic}
   size_t MinHeapDeltaBytes                        = 524288                                    {product} {ergonomic}
   size_t MinHeapSize                              = 104857600                                 {product} {command line}
   size_t NewSize                                  = 34603008                                  {product} {ergonomic}
    uintx NonNMethodCodeHeapSize                   = 5839372                                {pd product} {ergonomic}
    uintx NonProfiledCodeHeapSize                  = 122909434                              {pd product} {ergonomic}
   size_t OldSize                                  = 70254592                                  {product} {ergonomic}
    uintx ProfiledCodeHeapSize                     = 122909434                              {pd product} {ergonomic}
    uintx ReservedCodeCacheSize                    = 251658240                              {pd product} {ergonomic}
     bool SegmentedCodeCache                       = true                                      {product} {ergonomic}
   size_t SoftMaxHeapSize                          = 1073741824                             {manageable} {ergonomic}
     bool UseCompressedOops                        = true                           {product lp64_product} {ergonomic}
     bool UseLargePagesIndividualAllocation        = false                                  {pd product} {ergonomic}
     bool UseParallelGC                            = true                                      {product} {command line}

Logging:
Log output configuration:
 #0: stdout all=off uptime,level,tags foldmultilines=false
 #1: stderr all=off uptime,level,tags foldmultilines=false

Environment Variables:
JAVA_HOME=C:\Program Files\Java\jdk-17\
CLASSPATH=C:\Program Files\Java\jdk-22\lib\sqlite-jdbc-3.34.0.jar
PATH=C:\Program Files\Python312\Scripts\;C:\Program Files\Python312\;C:\Program Files\Common Files\Oracle\Java\javapath;C:\WINDOWS\system32;C:\WINDOWS;C:\WINDOWS\System32\Wbem;C:\WINDOWS\System32\WindowsPowerShell\v1.0\;C:\WINDOWS\System32\OpenSSH\;C:\Program Files\Java\jdk-22\bin;C:\Program Files\Git\cmd;C:\Program Files\nodejs\;C:\Program Files\Java\jdk-17\bin;C:\Program Files\MySQL\MySQL Shell 8.0\bin\;C:\Users\DELL\AppData\Local\Microsoft\WindowsApps;C:\Users\DELL\AppData\Local\Programs\Microsoft VS Code\bin;C:\Users\DELL\AppData\Local\Microsoft\WinGet\Packages\Schniz.fnm_Microsoft.Winget.Source_8wekyb3d8bbwe;C:\Users\DELL\AppData\Roaming\npm;C:\Users\DELL\AppData\Local\Pub\Cache\bin;E:\Mongosh\;C:\Flutter\src\flutter\bin;
USERNAME=DELL
OS=Windows_NT
PROCESSOR_IDENTIFIER=Intel64 Family 6 Model 140 Stepping 1, GenuineIntel
TMP=C:\Users\DELL\AppData\Local\Temp
TEMP=C:\Users\DELL\AppData\Local\Temp




Periodic native trim disabled

---------------  S Y S T E M  ---------------

OS:
 Windows 11 , 64 bit Build 26100 (10.0.26100.3912)
OS uptime: 0 days 7:46 hours
Hyper-V role detected

CPU: total 8 (initial active 8) (4 cores per cpu, 2 threads per core) family 6 model 140 stepping 1 microcode 0xbc, cx8, cmov, fxsr, ht, mmx, 3dnowpref, sse, sse2, sse3, ssse3, sse4.1, sse4.2, popcnt, lzcnt, tsc, tscinvbit, avx, avx2, aes, erms, clmul, bmi1, bmi2, adx, avx512f, avx512dq, avx512cd, avx512bw, avx512vl, sha, fma, vzeroupper, avx512_vpopcntdq, avx512_vpclmulqdq, avx512_vaes, avx512_vnni, clflush, clflushopt, clwb, avx512_vbmi2, avx512_vbmi, hv, rdtscp, rdpid, fsrm, gfni, avx512_bitalg, f16c, cet_ibt, cet_ss, avx512_ifma
Processor Information for the first 8 processors :
  Max Mhz: 2419, Current Mhz: 2419, Mhz Limit: 2419

Memory: 4k page, system-wide physical 7926M (1984M free)
TotalPageFile size 7926M (AvailPageFile size 14M)
current process WorkingSet (physical memory assigned to process): 180M, peak: 180M
current process commit charge ("private bytes"): 273M, peak: 274M

vm_info: OpenJDK 64-Bit Server VM (21.0.6+7-LTS) for windows-amd64 JRE (21.0.6+7-LTS), built on 2025-01-21T00:00:00Z by "admin" with MS VC++ 17.7 (VS2022)

END.
