#
# There is insufficient memory for the Java Runtime Environment to continue.
# Native memory allocation (malloc) failed to allocate 1151696 bytes. Error detail: Chunk::new
# Possible reasons:
#   The system is out of physical RAM or swap space
#   This process is running with CompressedOops enabled, and the Java Heap may be blocking the growth of the native heap
# Possible solutions:
#   Reduce memory load on the system
#   Increase physical memory or swap space
#   Check if swap backing store is full
#   Decrease Java heap size (-Xmx/-Xms)
#   Decrease number of Java threads
#   Decrease Java thread stack sizes (-Xss)
#   Set larger code cache with -XX:ReservedCodeCacheSize=
#   JVM is running with Unscaled Compressed Oops mode in which the Java heap is
#     placed in the first 4GB address space. The Java Heap base address is the
#     maximum limit for the native heap growth. Please use -XX:HeapBaseMinAddress
#     to set the Java Heap base and to place the Java Heap above 4GB virtual address.
# This output file may be truncated or incomplete.
#
#  Out of Memory Error (arena.cpp:168), pid=12832, tid=15300
#
# JRE version: OpenJDK Runtime Environment Temurin-21.0.6+7 (21.0.6+7) (build 21.0.6+7-LTS)
# Java VM: OpenJDK 64-Bit Server VM Temurin-21.0.6+7 (21.0.6+7-LTS, mixed mode, sharing, tiered, compressed oops, compressed class ptrs, parallel gc, windows-amd64)
# No core dump will be written. Minidumps are not enabled by default on client versions of Windows
#

---------------  S U M M A R Y ------------

Command Line: --add-modules=ALL-SYSTEM --add-opens=java.base/java.util=ALL-UNNAMED --add-opens=java.base/java.lang=ALL-UNNAMED --add-opens=java.base/sun.nio.fs=ALL-UNNAMED -Declipse.application=org.eclipse.jdt.ls.core.id1 -Dosgi.bundles.defaultStartLevel=4 -Declipse.product=org.eclipse.jdt.ls.core.product -Djava.import.generatesMetadataFilesAtProjectRoot=false -DDetectVMInstallationsJob.disabled=true -Dfile.encoding=utf8 -XX:+UseParallelGC -XX:GCTimeRatio=4 -XX:AdaptiveSizePolicyWeight=90 -Dsun.zip.disableMemoryMapping=true -Xmx1G -Xms100m -Xlog:disable -javaagent:c:\Users\DELL\.vscode\extensions\redhat.java-1.41.1-win32-x64\lombok\lombok-1.18.36.jar c:\Users\DELL\.vscode\extensions\redhat.java-1.41.1-win32-x64\server\plugins\org.eclipse.equinox.launcher_1.7.0.v20250331-1702.jar -configuration c:\Users\DELL\AppData\Roaming\Code\User\globalStorage\redhat.java\1.41.1\config_ss_win -data c:\Users\DELL\AppData\Roaming\Code\User\workspaceStorage\3445d51e809f9ea81cb50ad7f9c6bd4c\redhat.java\ss_ws --pipe=\\.\pipe\lsp-12ee8f02b6b0eccdddcb9466fb57a3ce-sock

Host: 11th Gen Intel(R) Core(TM) i5-1135G7 @ 2.40GHz, 8 cores, 7G,  Windows 11 , 64 bit Build 26100 (10.0.26100.3912)
Time: Thu May 15 21:23:34 2025 India Standard Time elapsed time: 7.894677 seconds (0d 0h 0m 7s)

---------------  T H R E A D  ---------------

Current thread (0x00000287b37c0310):  JavaThread "C2 CompilerThread1" daemon [_thread_in_native, id=15300, stack(0x000000f798900000,0x000000f798a00000) (1024K)]


Current CompileTask:
C2:7894 4708 %     4       org.lombokweb.asm.SymbolTable::<init> @ 98 (536 bytes)

Stack: [0x000000f798900000,0x000000f798a00000]
Native frames: (J=compiled Java code, j=interpreted, Vv=VM code, C=native code)
V  [jvm.dll+0x6cdee9]
V  [jvm.dll+0x8a83d1]
V  [jvm.dll+0x8aa8fe]
V  [jvm.dll+0x8aafe3]
V  [jvm.dll+0x27f706]
V  [jvm.dll+0xc500d]
V  [jvm.dll+0xc5543]
V  [jvm.dll+0x2f2acd]
V  [jvm.dll+0x5f6a2a]
V  [jvm.dll+0x250bb2]
V  [jvm.dll+0x250f6f]
V  [jvm.dll+0x249834]
V  [jvm.dll+0x246ec4]
V  [jvm.dll+0x1c75ee]
V  [jvm.dll+0x25685a]
V  [jvm.dll+0x254dfa]
V  [jvm.dll+0x3f0256]
V  [jvm.dll+0x851f8b]
V  [jvm.dll+0x6cc5ed]
C  [ucrtbase.dll+0x37b0]
C  [KERNEL32.DLL+0x2e8d7]
C  [ntdll.dll+0x9c5dc]


---------------  P R O C E S S  ---------------

Threads class SMR info:
_java_thread_list=0x00000287fdbecfc0, length=37, elements={
0x000002879f3ee9d0, 0x00000287b37943d0, 0x00000287b37976f0, 0x00000287b37a01c0,
0x00000287b37a2fd0, 0x00000287b37a87f0, 0x00000287b37a9240, 0x00000287b37b12e0,
0x00000287b37beea0, 0x000002879f4551b0, 0x00000287f64b8220, 0x00000287b37c0310,
0x00000287f6e05be0, 0x00000287fb2dd0b0, 0x00000287fb2dda90, 0x00000287fb481f70,
0x00000287fb298fc0, 0x00000287fb30e040, 0x00000287fb336600, 0x00000287fb35fe80,
0x00000287fb360510, 0x00000287fb35ead0, 0x00000287fb35ddb0, 0x00000287fb35d090,
0x00000287fb35e440, 0x00000287fb35f160, 0x00000287fb35f7f0, 0x00000287fb35d720,
0x00000287fc6b4bb0, 0x00000287fc6b5240, 0x00000287fc6b4520, 0x00000287fc6b65f0,
0x00000287fc6b8d50, 0x00000287fc6b58d0, 0x00000287fc6b93e0, 0x00000287fc6b6c80,
0x00000287b37bf570
}

Java Threads: ( => current thread )
  0x000002879f3ee9d0 JavaThread "main"                              [_thread_blocked, id=4628, stack(0x000000f797b00000,0x000000f797c00000) (1024K)]
  0x00000287b37943d0 JavaThread "Reference Handler"          daemon [_thread_blocked, id=4944, stack(0x000000f797f00000,0x000000f798000000) (1024K)]
  0x00000287b37976f0 JavaThread "Finalizer"                  daemon [_thread_blocked, id=2800, stack(0x000000f798000000,0x000000f798100000) (1024K)]
  0x00000287b37a01c0 JavaThread "Signal Dispatcher"          daemon [_thread_blocked, id=15308, stack(0x000000f798100000,0x000000f798200000) (1024K)]
  0x00000287b37a2fd0 JavaThread "Attach Listener"            daemon [_thread_blocked, id=13260, stack(0x000000f798200000,0x000000f798300000) (1024K)]
  0x00000287b37a87f0 JavaThread "Service Thread"             daemon [_thread_blocked, id=9272, stack(0x000000f798300000,0x000000f798400000) (1024K)]
  0x00000287b37a9240 JavaThread "Monitor Deflation Thread"   daemon [_thread_blocked, id=12788, stack(0x000000f798400000,0x000000f798500000) (1024K)]
  0x00000287b37b12e0 JavaThread "C2 CompilerThread0"         daemon [_thread_in_native, id=7580, stack(0x000000f798500000,0x000000f798600000) (1024K)]
  0x00000287b37beea0 JavaThread "C1 CompilerThread0"         daemon [_thread_blocked, id=14380, stack(0x000000f798600000,0x000000f798700000) (1024K)]
  0x000002879f4551b0 JavaThread "Common-Cleaner"             daemon [_thread_blocked, id=14632, stack(0x000000f798700000,0x000000f798800000) (1024K)]
  0x00000287f64b8220 JavaThread "Notification Thread"        daemon [_thread_blocked, id=6256, stack(0x000000f798800000,0x000000f798900000) (1024K)]
=>0x00000287b37c0310 JavaThread "C2 CompilerThread1"         daemon [_thread_in_native, id=15300, stack(0x000000f798900000,0x000000f798a00000) (1024K)]
  0x00000287f6e05be0 JavaThread "Active Thread: Equinox Container: 40a2be1a-30d1-44ef-8ef5-2b27612b74eb"        [_thread_blocked, id=3968, stack(0x000000f799100000,0x000000f799200000) (1024K)]
  0x00000287fb2dd0b0 JavaThread "Framework Event Dispatcher: Equinox Container: 40a2be1a-30d1-44ef-8ef5-2b27612b74eb" daemon [_thread_blocked, id=13952, stack(0x000000f799200000,0x000000f799300000) (1024K)]
  0x00000287fb2dda90 JavaThread "Start Level: Equinox Container: 40a2be1a-30d1-44ef-8ef5-2b27612b74eb" daemon [_thread_blocked, id=15160, stack(0x000000f799300000,0x000000f799400000) (1024K)]
  0x00000287fb481f70 JavaThread "SCR Component Actor"        daemon [_thread_blocked, id=12016, stack(0x000000f799400000,0x000000f799500000) (1024K)]
  0x00000287fb298fc0 JavaThread "Worker-JM"                         [_thread_blocked, id=12256, stack(0x000000f799700000,0x000000f799800000) (1024K)]
  0x00000287fb30e040 JavaThread "JNA Cleaner"                daemon [_thread_blocked, id=2736, stack(0x000000f799800000,0x000000f799900000) (1024K)]
  0x00000287fb336600 JavaThread "Worker-0"                          [_thread_blocked, id=15164, stack(0x000000f799900000,0x000000f799a00000) (1024K)]
  0x00000287fb35fe80 JavaThread "Worker-1"                          [_thread_blocked, id=376, stack(0x000000f799a00000,0x000000f799b00000) (1024K)]
  0x00000287fb360510 JavaThread "Thread-2"                   daemon [_thread_in_native, id=14092, stack(0x000000f799d00000,0x000000f799e00000) (1024K)]
  0x00000287fb35ead0 JavaThread "Thread-3"                   daemon [_thread_in_native, id=3068, stack(0x000000f799e00000,0x000000f799f00000) (1024K)]
  0x00000287fb35ddb0 JavaThread "Thread-4"                   daemon [_thread_in_native, id=7832, stack(0x000000f799f00000,0x000000f79a000000) (1024K)]
  0x00000287fb35d090 JavaThread "Thread-5"                   daemon [_thread_in_native, id=5572, stack(0x000000f79a000000,0x000000f79a100000) (1024K)]
  0x00000287fb35e440 JavaThread "Thread-6"                   daemon [_thread_in_native, id=10532, stack(0x000000f79a100000,0x000000f79a200000) (1024K)]
  0x00000287fb35f160 JavaThread "Thread-7"                   daemon [_thread_in_native, id=5348, stack(0x000000f79a200000,0x000000f79a300000) (1024K)]
  0x00000287fb35f7f0 JavaThread "Thread-8"                   daemon [_thread_in_native, id=8836, stack(0x000000f79a300000,0x000000f79a400000) (1024K)]
  0x00000287fb35d720 JavaThread "Thread-9"                   daemon [_thread_in_native, id=7556, stack(0x000000f79a400000,0x000000f79a500000) (1024K)]
  0x00000287fc6b4bb0 JavaThread "Thread-10"                  daemon [_thread_in_native, id=1520, stack(0x000000f79a500000,0x000000f79a600000) (1024K)]
  0x00000287fc6b5240 JavaThread "pool-2-thread-1"                   [_thread_blocked, id=14948, stack(0x000000f79a600000,0x000000f79a700000) (1024K)]
  0x00000287fc6b4520 JavaThread "Worker-2"                          [_thread_blocked, id=3060, stack(0x000000f79a700000,0x000000f79a800000) (1024K)]
  0x00000287fc6b65f0 JavaThread "WorkspaceEventsHandler"            [_thread_blocked, id=6544, stack(0x000000f79a800000,0x000000f79a900000) (1024K)]
  0x00000287fc6b8d50 JavaThread "pool-1-thread-1"                   [_thread_in_native, id=13396, stack(0x000000f79a900000,0x000000f79aa00000) (1024K)]
  0x00000287fc6b58d0 JavaThread "ForkJoinPool.commonPool-worker-1" daemon [_thread_blocked, id=14624, stack(0x000000f798a00000,0x000000f798b00000) (1024K)]
  0x00000287fc6b93e0 JavaThread "ForkJoinPool.commonPool-worker-2" daemon [_thread_blocked, id=1800, stack(0x000000f79aa00000,0x000000f79ab00000) (1024K)]
  0x00000287fc6b6c80 JavaThread "ForkJoinPool.commonPool-worker-3" daemon [_thread_blocked, id=13664, stack(0x000000f79ab00000,0x000000f79ac00000) (1024K)]
  0x00000287b37bf570 JavaThread "C2 CompilerThread2"         daemon [_thread_in_native, id=5868, stack(0x000000f79ac00000,0x000000f79ad00000) (1024K)]
Total: 37

Other Threads:
  0x00000287b37934a0 VMThread "VM Thread"                           [id=11828, stack(0x000000f797e00000,0x000000f797f00000) (1024K)]
  0x000002879f452390 WatcherThread "VM Periodic Task Thread"        [id=6000, stack(0x000000f797d00000,0x000000f797e00000) (1024K)]
  0x000002879f405430 WorkerThread "GC Thread#0"                     [id=7584, stack(0x000000f797c00000,0x000000f797d00000) (1024K)]
  0x00000287f6c954b0 WorkerThread "GC Thread#1"                     [id=9476, stack(0x000000f798b00000,0x000000f798c00000) (1024K)]
  0x00000287f6bd6ee0 WorkerThread "GC Thread#2"                     [id=12992, stack(0x000000f798c00000,0x000000f798d00000) (1024K)]
  0x00000287f6bd7280 WorkerThread "GC Thread#3"                     [id=10784, stack(0x000000f798d00000,0x000000f798e00000) (1024K)]
  0x00000287f6dac4a0 WorkerThread "GC Thread#4"                     [id=8272, stack(0x000000f798e00000,0x000000f798f00000) (1024K)]
  0x00000287f6dac840 WorkerThread "GC Thread#5"                     [id=8616, stack(0x000000f798f00000,0x000000f799000000) (1024K)]
  0x00000287f6dacbe0 WorkerThread "GC Thread#6"                     [id=7084, stack(0x000000f799000000,0x000000f799100000) (1024K)]
  0x00000287fb1c5540 WorkerThread "GC Thread#7"                     [id=6684, stack(0x000000f799500000,0x000000f799600000) (1024K)]
Total: 10

Threads with active compile tasks:
C2 CompilerThread0  7918 4749       4       org.lombokweb.asm.ClassReader::readMethod (1070 bytes)
C2 CompilerThread1  7918 4708 %     4       org.lombokweb.asm.SymbolTable::<init> @ 98 (536 bytes)
C2 CompilerThread2  7918 4760 %     4       org.lombokweb.asm.ClassReader::readCode @ 2187 (5117 bytes)
Total: 3

VM state: not at safepoint (normal execution)

VM Mutex/Monitor currently owned by a thread: None

Heap address: 0x00000000c0000000, size: 1024 MB, Compressed Oops mode: 32-bit

CDS archive(s) mapped at: [0x00000287b4000000-0x00000287b4ba0000-0x00000287b4ba0000), size 12189696, SharedBaseAddress: 0x00000287b4000000, ArchiveRelocationMode: 1.
Compressed class space mapped at: 0x00000287b5000000-0x00000287f5000000, reserved size: 1073741824
Narrow klass base: 0x00000287b4000000, Narrow klass shift: 0, Narrow klass range: 0x100000000

GC Precious Log:
 CardTable entry size: 512
 CPUs: 8 total, 8 available
 Memory: 7926M
 Large Page Support: Disabled
 NUMA Support: Disabled
 Compressed Oops: Enabled (32-bit)
 Alignments: Space 512K, Generation 512K, Heap 2M
 Heap Min Capacity: 100M
 Heap Initial Capacity: 100M
 Heap Max Capacity: 1G
 Pre-touch: Disabled
 Parallel Workers: 8

Heap:
 PSYoungGen      total 21504K, used 5319K [0x00000000eab00000, 0x00000000ec200000, 0x0000000100000000)
  eden space 20480K, 21% used [0x00000000eab00000,0x00000000eaf4c320,0x00000000ebf00000)
  from space 1024K, 89% used [0x00000000ebf00000,0x00000000ebfe5970,0x00000000ec000000)
  to   space 1536K, 0% used [0x00000000ec080000,0x00000000ec080000,0x00000000ec200000)
 ParOldGen       total 68608K, used 29426K [0x00000000c0000000, 0x00000000c4300000, 0x00000000eab00000)
  object space 68608K, 42% used [0x00000000c0000000,0x00000000c1cbca50,0x00000000c4300000)
 Metaspace       used 36197K, committed 37120K, reserved 1114112K
  class space    used 3564K, committed 3968K, reserved 1048576K

Card table byte_map: [0x000002879ed80000,0x000002879ef90000] _byte_map_base: 0x000002879e780000

Marking Bits: (ParMarkBitMap*) 0x00007ffe10763260
 Begin Bits: [0x00000287b15d0000, 0x00000287b25d0000)
 End Bits:   [0x00000287b25d0000, 0x00000287b35d0000)

Polling page: 0x000002879d400000

Metaspace:

Usage:
  Non-class:     31.87 MB used.
      Class:      3.48 MB used.
       Both:     35.35 MB used.

Virtual space:
  Non-class space:       64.00 MB reserved,      32.38 MB ( 51%) committed,  1 nodes.
      Class space:        1.00 GB reserved,       3.88 MB ( <1%) committed,  1 nodes.
             Both:        1.06 GB reserved,      36.25 MB (  3%) committed. 

Chunk freelists:
   Non-Class:  14.88 MB
       Class:  12.15 MB
        Both:  27.02 MB

MaxMetaspaceSize: unlimited
CompressedClassSpaceSize: 1.00 GB
Initial GC threshold: 21.00 MB
Current GC threshold: 58.38 MB
CDS: on
 - commit_granule_bytes: 65536.
 - commit_granule_words: 8192.
 - virtual_space_node_default_size: 8388608.
 - enlarge_chunks_in_place: 1.
 - use_allocation_guard: 0.


Internal statistics:

num_allocs_failed_limit: 6.
num_arena_births: 856.
num_arena_deaths: 134.
num_vsnodes_births: 2.
num_vsnodes_deaths: 0.
num_space_committed: 580.
num_space_uncommitted: 0.
num_chunks_returned_to_freelist: 189.
num_chunks_taken_from_freelist: 2457.
num_chunk_merges: 63.
num_chunk_splits: 1512.
num_chunks_enlarged: 887.
num_inconsistent_stats: 0.

CodeHeap 'non-profiled nmethods': size=120000Kb used=2582Kb max_used=2712Kb free=117417Kb
 bounds [0x00000287aa0a0000, 0x00000287aa350000, 0x00000287b15d0000]
CodeHeap 'profiled nmethods': size=120000Kb used=8915Kb max_used=9262Kb free=111084Kb
 bounds [0x00000287a25d0000, 0x00000287a2f40000, 0x00000287a9b00000]
CodeHeap 'non-nmethods': size=5760Kb used=1382Kb max_used=1432Kb free=4377Kb
 bounds [0x00000287a9b00000, 0x00000287a9d70000, 0x00000287aa0a0000]
 total_blobs=5051 nmethods=4379 adapters=578
 compilation: enabled
              stopped_count=0, restarted_count=0
 full_count=0

Compilation events (20 events):
Event: 6.841 Thread 0x00000287b37beea0 4764       3       org.lombokweb.asm.MethodWriter::visitCode (1 bytes)
Event: 6.841 Thread 0x00000287b37beea0 nmethod 4764 0x00000287a26c0b10 code [0x00000287a26c0ca0, 0x00000287a26c0da8]
Event: 6.841 Thread 0x00000287b37beea0 4765       3       org.lombokweb.asm.MethodWriter::visitMaxs (60 bytes)
Event: 6.841 Thread 0x00000287b37beea0 nmethod 4765 0x00000287a27b9290 code [0x00000287a27b9460, 0x00000287a27b9718]
Event: 6.841 Thread 0x00000287b37beea0 4766       3       org.lombokweb.asm.MethodWriter::visitEnd (1 bytes)
Event: 6.841 Thread 0x00000287b37beea0 nmethod 4766 0x00000287a27f4090 code [0x00000287a27f4220, 0x00000287a27f4328]
Event: 6.842 Thread 0x00000287b37beea0 4767       3       lombok.patcher.MethodLogistics::loadOpcodeFor (145 bytes)
Event: 6.843 Thread 0x00000287b37beea0 nmethod 4767 0x00000287a2657a10 code [0x00000287a2657cc0, 0x00000287a2658938]
Event: 6.844 Thread 0x00000287b37beea0 4768       3       lombok.patcher.MethodLogistics::generateLoadOpcodeForParam (37 bytes)
Event: 6.845 Thread 0x00000287b37beea0 nmethod 4768 0x00000287a27f6410 code [0x00000287a27f6600, 0x00000287a27f6bb8]
Event: 6.847 Thread 0x00000287b37beea0 4769       3       org.lombokweb.asm.Handler::getExceptionTableSize (10 bytes)
Event: 6.847 Thread 0x00000287b37beea0 nmethod 4769 0x00000287a2681910 code [0x00000287a2681ac0, 0x00000287a2681cb8]
Event: 6.848 Thread 0x00000287b37beea0 4770       3       org.lombokweb.asm.Handler::putExceptionTable (63 bytes)
Event: 6.848 Thread 0x00000287b37beea0 nmethod 4770 0x00000287a29dc690 code [0x00000287a29dc8a0, 0x00000287a29dcce0]
Event: 6.849 Thread 0x00000287b37beea0 4771       3       org.lombokweb.asm.MethodWriter::visitIntInsn (113 bytes)
Event: 6.850 Thread 0x00000287b37beea0 nmethod 4771 0x00000287a280d190 code [0x00000287a280d380, 0x00000287a280d7d0]
Event: 6.853 Thread 0x00000287b37beea0 4773       3       org.lombokweb.asm.MethodVisitor::visitIntInsn (17 bytes)
Event: 6.853 Thread 0x00000287b37beea0 nmethod 4773 0x00000287a289a390 code [0x00000287a289a540, 0x00000287a289a748]
Event: 6.853 Thread 0x00000287b37beea0 4774       3       org.lombokweb.asm.MethodWriter::visitLdcInsn (215 bytes)
Event: 6.854 Thread 0x00000287b37beea0 nmethod 4774 0x00000287a261a790 code [0x00000287a261aa20, 0x00000287a261b520]

GC Heap History (20 events):
Event: 5.685 GC heap after
{Heap after GC invocations=11 (full 1):
 PSYoungGen      total 26624K, used 3779K [0x00000000eab00000, 0x00000000ecb00000, 0x0000000100000000)
  eden space 22528K, 0% used [0x00000000eab00000,0x00000000eab00000,0x00000000ec100000)
  from space 4096K, 92% used [0x00000000ec700000,0x00000000ecab0f68,0x00000000ecb00000)
  to   space 4608K, 0% used [0x00000000ec200000,0x00000000ec200000,0x00000000ec680000)
 ParOldGen       total 68608K, used 12838K [0x00000000c0000000, 0x00000000c4300000, 0x00000000eab00000)
  object space 68608K, 18% used [0x00000000c0000000,0x00000000c0c89bc0,0x00000000c4300000)
 Metaspace       used 31492K, committed 32448K, reserved 1114112K
  class space    used 3084K, committed 3520K, reserved 1048576K
}
Event: 5.791 GC heap before
{Heap before GC invocations=12 (full 1):
 PSYoungGen      total 26624K, used 26307K [0x00000000eab00000, 0x00000000ecb00000, 0x0000000100000000)
  eden space 22528K, 100% used [0x00000000eab00000,0x00000000ec100000,0x00000000ec100000)
  from space 4096K, 92% used [0x00000000ec700000,0x00000000ecab0f68,0x00000000ecb00000)
  to   space 4608K, 0% used [0x00000000ec200000,0x00000000ec200000,0x00000000ec680000)
 ParOldGen       total 68608K, used 12838K [0x00000000c0000000, 0x00000000c4300000, 0x00000000eab00000)
  object space 68608K, 18% used [0x00000000c0000000,0x00000000c0c89bc0,0x00000000c4300000)
 Metaspace       used 31960K, committed 32896K, reserved 1114112K
  class space    used 3159K, committed 3584K, reserved 1048576K
}
Event: 5.796 GC heap after
{Heap after GC invocations=12 (full 1):
 PSYoungGen      total 25088K, used 2769K [0x00000000eab00000, 0x00000000ec780000, 0x0000000100000000)
  eden space 22016K, 0% used [0x00000000eab00000,0x00000000eab00000,0x00000000ec080000)
  from space 3072K, 90% used [0x00000000ec200000,0x00000000ec4b4480,0x00000000ec500000)
  to   space 2560K, 0% used [0x00000000ec500000,0x00000000ec500000,0x00000000ec780000)
 ParOldGen       total 68608K, used 16420K [0x00000000c0000000, 0x00000000c4300000, 0x00000000eab00000)
  object space 68608K, 23% used [0x00000000c0000000,0x00000000c1009380,0x00000000c4300000)
 Metaspace       used 31960K, committed 32896K, reserved 1114112K
  class space    used 3159K, committed 3584K, reserved 1048576K
}
Event: 5.850 GC heap before
{Heap before GC invocations=13 (full 1):
 PSYoungGen      total 25088K, used 24785K [0x00000000eab00000, 0x00000000ec780000, 0x0000000100000000)
  eden space 22016K, 100% used [0x00000000eab00000,0x00000000ec080000,0x00000000ec080000)
  from space 3072K, 90% used [0x00000000ec200000,0x00000000ec4b4480,0x00000000ec500000)
  to   space 2560K, 0% used [0x00000000ec500000,0x00000000ec500000,0x00000000ec780000)
 ParOldGen       total 68608K, used 16420K [0x00000000c0000000, 0x00000000c4300000, 0x00000000eab00000)
  object space 68608K, 23% used [0x00000000c0000000,0x00000000c1009380,0x00000000c4300000)
 Metaspace       used 31977K, committed 32896K, reserved 1114112K
  class space    used 3160K, committed 3584K, reserved 1048576K
}
Event: 5.854 GC heap after
{Heap after GC invocations=13 (full 1):
 PSYoungGen      total 23040K, used 2530K [0x00000000eab00000, 0x00000000ecc80000, 0x0000000100000000)
  eden space 20480K, 0% used [0x00000000eab00000,0x00000000eab00000,0x00000000ebf00000)
  from space 2560K, 98% used [0x00000000ec500000,0x00000000ec778810,0x00000000ec780000)
  to   space 6144K, 0% used [0x00000000ebf00000,0x00000000ebf00000,0x00000000ec500000)
 ParOldGen       total 68608K, used 19112K [0x00000000c0000000, 0x00000000c4300000, 0x00000000eab00000)
  object space 68608K, 27% used [0x00000000c0000000,0x00000000c12aa140,0x00000000c4300000)
 Metaspace       used 31977K, committed 32896K, reserved 1114112K
  class space    used 3160K, committed 3584K, reserved 1048576K
}
Event: 5.909 GC heap before
{Heap before GC invocations=14 (full 1):
 PSYoungGen      total 23040K, used 23010K [0x00000000eab00000, 0x00000000ecc80000, 0x0000000100000000)
  eden space 20480K, 100% used [0x00000000eab00000,0x00000000ebf00000,0x00000000ebf00000)
  from space 2560K, 98% used [0x00000000ec500000,0x00000000ec778810,0x00000000ec780000)
  to   space 6144K, 0% used [0x00000000ebf00000,0x00000000ebf00000,0x00000000ec500000)
 ParOldGen       total 68608K, used 19112K [0x00000000c0000000, 0x00000000c4300000, 0x00000000eab00000)
  object space 68608K, 27% used [0x00000000c0000000,0x00000000c12aa140,0x00000000c4300000)
 Metaspace       used 32008K, committed 33024K, reserved 1114112K
  class space    used 3160K, committed 3584K, reserved 1048576K
}
Event: 5.913 GC heap after
{Heap after GC invocations=14 (full 1):
 PSYoungGen      total 23040K, used 2308K [0x00000000eab00000, 0x00000000ec600000, 0x0000000100000000)
  eden space 20480K, 0% used [0x00000000eab00000,0x00000000eab00000,0x00000000ebf00000)
  from space 2560K, 90% used [0x00000000ebf00000,0x00000000ec141000,0x00000000ec180000)
  to   space 3584K, 0% used [0x00000000ec280000,0x00000000ec280000,0x00000000ec600000)
 ParOldGen       total 68608K, used 21510K [0x00000000c0000000, 0x00000000c4300000, 0x00000000eab00000)
  object space 68608K, 31% used [0x00000000c0000000,0x00000000c1501b00,0x00000000c4300000)
 Metaspace       used 32008K, committed 33024K, reserved 1114112K
  class space    used 3160K, committed 3584K, reserved 1048576K
}
Event: 5.985 GC heap before
{Heap before GC invocations=15 (full 1):
 PSYoungGen      total 23040K, used 22788K [0x00000000eab00000, 0x00000000ec600000, 0x0000000100000000)
  eden space 20480K, 100% used [0x00000000eab00000,0x00000000ebf00000,0x00000000ebf00000)
  from space 2560K, 90% used [0x00000000ebf00000,0x00000000ec141000,0x00000000ec180000)
  to   space 3584K, 0% used [0x00000000ec280000,0x00000000ec280000,0x00000000ec600000)
 ParOldGen       total 68608K, used 21510K [0x00000000c0000000, 0x00000000c4300000, 0x00000000eab00000)
  object space 68608K, 31% used [0x00000000c0000000,0x00000000c1501b00,0x00000000c4300000)
 Metaspace       used 32103K, committed 33088K, reserved 1114112K
  class space    used 3160K, committed 3584K, reserved 1048576K
}
Event: 5.990 GC heap after
{Heap after GC invocations=15 (full 1):
 PSYoungGen      total 23040K, used 2400K [0x00000000eab00000, 0x00000000ec500000, 0x0000000100000000)
  eden space 20480K, 0% used [0x00000000eab00000,0x00000000eab00000,0x00000000ebf00000)
  from space 2560K, 93% used [0x00000000ec280000,0x00000000ec4d8010,0x00000000ec500000)
  to   space 2560K, 0% used [0x00000000ebf00000,0x00000000ebf00000,0x00000000ec180000)
 ParOldGen       total 68608K, used 23692K [0x00000000c0000000, 0x00000000c4300000, 0x00000000eab00000)
  object space 68608K, 34% used [0x00000000c0000000,0x00000000c1723128,0x00000000c4300000)
 Metaspace       used 32103K, committed 33088K, reserved 1114112K
  class space    used 3160K, committed 3584K, reserved 1048576K
}
Event: 6.032 GC heap before
{Heap before GC invocations=16 (full 1):
 PSYoungGen      total 23040K, used 22880K [0x00000000eab00000, 0x00000000ec500000, 0x0000000100000000)
  eden space 20480K, 100% used [0x00000000eab00000,0x00000000ebf00000,0x00000000ebf00000)
  from space 2560K, 93% used [0x00000000ec280000,0x00000000ec4d8010,0x00000000ec500000)
  to   space 2560K, 0% used [0x00000000ebf00000,0x00000000ebf00000,0x00000000ec180000)
 ParOldGen       total 68608K, used 23692K [0x00000000c0000000, 0x00000000c4300000, 0x00000000eab00000)
  object space 68608K, 34% used [0x00000000c0000000,0x00000000c1723128,0x00000000c4300000)
 Metaspace       used 32163K, committed 33152K, reserved 1114112K
  class space    used 3160K, committed 3584K, reserved 1048576K
}
Event: 6.037 GC heap after
{Heap after GC invocations=16 (full 1):
 PSYoungGen      total 23040K, used 2112K [0x00000000eab00000, 0x00000000ec400000, 0x0000000100000000)
  eden space 20480K, 0% used [0x00000000eab00000,0x00000000eab00000,0x00000000ebf00000)
  from space 2560K, 82% used [0x00000000ebf00000,0x00000000ec110000,0x00000000ec180000)
  to   space 2560K, 0% used [0x00000000ec180000,0x00000000ec180000,0x00000000ec400000)
 ParOldGen       total 68608K, used 26020K [0x00000000c0000000, 0x00000000c4300000, 0x00000000eab00000)
  object space 68608K, 37% used [0x00000000c0000000,0x00000000c1969138,0x00000000c4300000)
 Metaspace       used 32163K, committed 33152K, reserved 1114112K
  class space    used 3160K, committed 3584K, reserved 1048576K
}
Event: 6.367 GC heap before
{Heap before GC invocations=17 (full 1):
 PSYoungGen      total 23040K, used 22563K [0x00000000eab00000, 0x00000000ec400000, 0x0000000100000000)
  eden space 20480K, 99% used [0x00000000eab00000,0x00000000ebef8ea0,0x00000000ebf00000)
  from space 2560K, 82% used [0x00000000ebf00000,0x00000000ec110000,0x00000000ec180000)
  to   space 2560K, 0% used [0x00000000ec180000,0x00000000ec180000,0x00000000ec400000)
 ParOldGen       total 68608K, used 26020K [0x00000000c0000000, 0x00000000c4300000, 0x00000000eab00000)
  object space 68608K, 37% used [0x00000000c0000000,0x00000000c1969138,0x00000000c4300000)
 Metaspace       used 34042K, committed 35008K, reserved 1114112K
  class space    used 3403K, committed 3840K, reserved 1048576K
}
Event: 6.370 GC heap after
{Heap after GC invocations=17 (full 1):
 PSYoungGen      total 22016K, used 1144K [0x00000000eab00000, 0x00000000ec300000, 0x0000000100000000)
  eden space 20480K, 0% used [0x00000000eab00000,0x00000000eab00000,0x00000000ebf00000)
  from space 1536K, 74% used [0x00000000ec180000,0x00000000ec29e0b0,0x00000000ec300000)
  to   space 1536K, 0% used [0x00000000ec000000,0x00000000ec000000,0x00000000ec180000)
 ParOldGen       total 68608K, used 28028K [0x00000000c0000000, 0x00000000c4300000, 0x00000000eab00000)
  object space 68608K, 40% used [0x00000000c0000000,0x00000000c1b5f338,0x00000000c4300000)
 Metaspace       used 34042K, committed 35008K, reserved 1114112K
  class space    used 3403K, committed 3840K, reserved 1048576K
}
Event: 6.582 GC heap before
{Heap before GC invocations=18 (full 1):
 PSYoungGen      total 22016K, used 19439K [0x00000000eab00000, 0x00000000ec300000, 0x0000000100000000)
  eden space 20480K, 89% used [0x00000000eab00000,0x00000000ebcddb60,0x00000000ebf00000)
  from space 1536K, 74% used [0x00000000ec180000,0x00000000ec29e0b0,0x00000000ec300000)
  to   space 1536K, 0% used [0x00000000ec000000,0x00000000ec000000,0x00000000ec180000)
 ParOldGen       total 68608K, used 28028K [0x00000000c0000000, 0x00000000c4300000, 0x00000000eab00000)
  object space 68608K, 40% used [0x00000000c0000000,0x00000000c1b5f338,0x00000000c4300000)
 Metaspace       used 34879K, committed 35840K, reserved 1114112K
  class space    used 3500K, committed 3904K, reserved 1048576K
}
Event: 6.584 GC heap after
{Heap after GC invocations=18 (full 1):
 PSYoungGen      total 20992K, used 384K [0x00000000eab00000, 0x00000000ec200000, 0x0000000100000000)
  eden space 20480K, 0% used [0x00000000eab00000,0x00000000eab00000,0x00000000ebf00000)
  from space 512K, 75% used [0x00000000ec000000,0x00000000ec060010,0x00000000ec080000)
  to   space 1024K, 0% used [0x00000000ec100000,0x00000000ec100000,0x00000000ec200000)
 ParOldGen       total 68608K, used 29000K [0x00000000c0000000, 0x00000000c4300000, 0x00000000eab00000)
  object space 68608K, 42% used [0x00000000c0000000,0x00000000c1c520e0,0x00000000c4300000)
 Metaspace       used 34879K, committed 35840K, reserved 1114112K
  class space    used 3500K, committed 3904K, reserved 1048576K
}
Event: 6.584 GC heap before
{Heap before GC invocations=19 (full 2):
 PSYoungGen      total 20992K, used 384K [0x00000000eab00000, 0x00000000ec200000, 0x0000000100000000)
  eden space 20480K, 0% used [0x00000000eab00000,0x00000000eab00000,0x00000000ebf00000)
  from space 512K, 75% used [0x00000000ec000000,0x00000000ec060010,0x00000000ec080000)
  to   space 1024K, 0% used [0x00000000ec100000,0x00000000ec100000,0x00000000ec200000)
 ParOldGen       total 68608K, used 29000K [0x00000000c0000000, 0x00000000c4300000, 0x00000000eab00000)
  object space 68608K, 42% used [0x00000000c0000000,0x00000000c1c520e0,0x00000000c4300000)
 Metaspace       used 34879K, committed 35840K, reserved 1114112K
  class space    used 3500K, committed 3904K, reserved 1048576K
}
Event: 6.631 GC heap after
{Heap after GC invocations=19 (full 2):
 PSYoungGen      total 20992K, used 0K [0x00000000eab00000, 0x00000000ec200000, 0x0000000100000000)
  eden space 20480K, 0% used [0x00000000eab00000,0x00000000eab00000,0x00000000ebf00000)
  from space 512K, 0% used [0x00000000ec000000,0x00000000ec000000,0x00000000ec080000)
  to   space 1024K, 0% used [0x00000000ec100000,0x00000000ec100000,0x00000000ec200000)
 ParOldGen       total 68608K, used 27886K [0x00000000c0000000, 0x00000000c4300000, 0x00000000eab00000)
  object space 68608K, 40% used [0x00000000c0000000,0x00000000c1b3bb00,0x00000000c4300000)
 Metaspace       used 34775K, committed 35840K, reserved 1114112K
  class space    used 3470K, committed 3904K, reserved 1048576K
}
Event: 6.788 GC heap before
{Heap before GC invocations=20 (full 2):
 PSYoungGen      total 20992K, used 20450K [0x00000000eab00000, 0x00000000ec200000, 0x0000000100000000)
  eden space 20480K, 99% used [0x00000000eab00000,0x00000000ebef88a0,0x00000000ebf00000)
  from space 512K, 0% used [0x00000000ec000000,0x00000000ec000000,0x00000000ec080000)
  to   space 1024K, 0% used [0x00000000ec100000,0x00000000ec100000,0x00000000ec200000)
 ParOldGen       total 68608K, used 27886K [0x00000000c0000000, 0x00000000c4300000, 0x00000000eab00000)
  object space 68608K, 40% used [0x00000000c0000000,0x00000000c1b3bb00,0x00000000c4300000)
 Metaspace       used 35982K, committed 36928K, reserved 1114112K
  class space    used 3559K, committed 3968K, reserved 1048576K
}
Event: 6.789 GC heap after
{Heap after GC invocations=20 (full 2):
 PSYoungGen      total 21504K, used 993K [0x00000000eab00000, 0x00000000ec300000, 0x0000000100000000)
  eden space 20480K, 0% used [0x00000000eab00000,0x00000000eab00000,0x00000000ebf00000)
  from space 1024K, 97% used [0x00000000ec100000,0x00000000ec1f87a8,0x00000000ec200000)
  to   space 2048K, 0% used [0x00000000ebf00000,0x00000000ebf00000,0x00000000ec100000)
 ParOldGen       total 68608K, used 28476K [0x00000000c0000000, 0x00000000c4300000, 0x00000000eab00000)
  object space 68608K, 41% used [0x00000000c0000000,0x00000000c1bcf020,0x00000000c4300000)
 Metaspace       used 35982K, committed 36928K, reserved 1114112K
  class space    used 3559K, committed 3968K, reserved 1048576K
}
Event: 6.884 GC heap before
{Heap before GC invocations=21 (full 2):
 PSYoungGen      total 21504K, used 21473K [0x00000000eab00000, 0x00000000ec300000, 0x0000000100000000)
  eden space 20480K, 100% used [0x00000000eab00000,0x00000000ebf00000,0x00000000ebf00000)
  from space 1024K, 97% used [0x00000000ec100000,0x00000000ec1f87a8,0x00000000ec200000)
  to   space 2048K, 0% used [0x00000000ebf00000,0x00000000ebf00000,0x00000000ec100000)
 ParOldGen       total 68608K, used 28476K [0x00000000c0000000, 0x00000000c4300000, 0x00000000eab00000)
  object space 68608K, 41% used [0x00000000c0000000,0x00000000c1bcf020,0x00000000c4300000)
 Metaspace       used 36004K, committed 36928K, reserved 1114112K
  class space    used 3559K, committed 3968K, reserved 1048576K
}

Dll operation events (10 events):
Event: 0.015 Loaded shared library c:\Users\DELL\.vscode\extensions\redhat.java-1.41.1-win32-x64\jre\21.0.6-win32-x86_64\bin\java.dll
Event: 1.098 Loaded shared library c:\Users\DELL\.vscode\extensions\redhat.java-1.41.1-win32-x64\jre\21.0.6-win32-x86_64\bin\zip.dll
Event: 1.117 Loaded shared library C:\Users\DELL\.vscode\extensions\redhat.java-1.41.1-win32-x64\jre\21.0.6-win32-x86_64\bin\instrument.dll
Event: 1.121 Loaded shared library C:\Users\DELL\.vscode\extensions\redhat.java-1.41.1-win32-x64\jre\21.0.6-win32-x86_64\bin\net.dll
Event: 1.123 Loaded shared library C:\Users\DELL\.vscode\extensions\redhat.java-1.41.1-win32-x64\jre\21.0.6-win32-x86_64\bin\nio.dll
Event: 1.125 Loaded shared library C:\Users\DELL\.vscode\extensions\redhat.java-1.41.1-win32-x64\jre\21.0.6-win32-x86_64\bin\zip.dll
Event: 1.139 Loaded shared library C:\Users\DELL\.vscode\extensions\redhat.java-1.41.1-win32-x64\jre\21.0.6-win32-x86_64\bin\jimage.dll
Event: 1.204 Loaded shared library c:\Users\DELL\.vscode\extensions\redhat.java-1.41.1-win32-x64\jre\21.0.6-win32-x86_64\bin\verify.dll
Event: 1.954 Loaded shared library C:\Users\DELL\AppData\Roaming\Code\User\globalStorage\redhat.java\1.41.1\config_ss_win\org.eclipse.equinox.launcher\org.eclipse.equinox.launcher.win32.win32.x86_64_1.2.1300.v20250331-1702\eclipse_11911.dll
Event: 2.604 Loaded shared library C:\Users\DELL\AppData\Local\Temp\jna-2094529\jna11545333926071128959.dll

Deoptimization events (20 events):
Event: 6.790 Thread 0x00000287fc6b8d50 Uncommon trap: trap_request=0xffffffde fr.pc=0x00000287aa1ee2c0 relative=0x0000000000007b80
Event: 6.790 Thread 0x00000287fc6b8d50 Uncommon trap: reason=class_check action=maybe_recompile pc=0x00000287aa1ee2c0 method=lombok.patcher.PatchScript$MethodPatcher.visitMethod(ILjava/lang/String;Ljava/lang/String;Ljava/lang/String;[Ljava/lang/String;)Lorg/lombokweb/asm/MethodVisitor; @ 101 c
Event: 6.790 Thread 0x00000287fc6b8d50 DEOPT PACKING pc=0x00000287aa1ee2c0 sp=0x000000f79a9f9c00
Event: 6.790 Thread 0x00000287fc6b8d50 DEOPT UNPACKING pc=0x00000287a9b56da2 sp=0x000000f79a9f9ba8 mode 2
Event: 6.790 Thread 0x00000287fc6b8d50 Uncommon trap: trap_request=0xffffffde fr.pc=0x00000287aa1ee2c0 relative=0x0000000000007b80
Event: 6.790 Thread 0x00000287fc6b8d50 Uncommon trap: reason=class_check action=maybe_recompile pc=0x00000287aa1ee2c0 method=lombok.patcher.PatchScript$MethodPatcher.visitMethod(ILjava/lang/String;Ljava/lang/String;Ljava/lang/String;[Ljava/lang/String;)Lorg/lombokweb/asm/MethodVisitor; @ 101 c
Event: 6.790 Thread 0x00000287fc6b8d50 DEOPT PACKING pc=0x00000287aa1ee2c0 sp=0x000000f79a9f9c00
Event: 6.790 Thread 0x00000287fc6b8d50 DEOPT UNPACKING pc=0x00000287a9b56da2 sp=0x000000f79a9f9ba8 mode 2
Event: 6.791 Thread 0x00000287fc6b8d50 Uncommon trap: trap_request=0xffffffde fr.pc=0x00000287aa1ee2c0 relative=0x0000000000007b80
Event: 6.791 Thread 0x00000287fc6b8d50 Uncommon trap: reason=class_check action=maybe_recompile pc=0x00000287aa1ee2c0 method=lombok.patcher.PatchScript$MethodPatcher.visitMethod(ILjava/lang/String;Ljava/lang/String;Ljava/lang/String;[Ljava/lang/String;)Lorg/lombokweb/asm/MethodVisitor; @ 101 c
Event: 6.791 Thread 0x00000287fc6b8d50 DEOPT PACKING pc=0x00000287aa1ee2c0 sp=0x000000f79a9f9c00
Event: 6.791 Thread 0x00000287fc6b8d50 DEOPT UNPACKING pc=0x00000287a9b56da2 sp=0x000000f79a9f9ba8 mode 2
Event: 6.791 Thread 0x00000287fc6b8d50 Uncommon trap: trap_request=0xffffffde fr.pc=0x00000287aa1ee2c0 relative=0x0000000000007b80
Event: 6.791 Thread 0x00000287fc6b8d50 Uncommon trap: reason=class_check action=maybe_recompile pc=0x00000287aa1ee2c0 method=lombok.patcher.PatchScript$MethodPatcher.visitMethod(ILjava/lang/String;Ljava/lang/String;Ljava/lang/String;[Ljava/lang/String;)Lorg/lombokweb/asm/MethodVisitor; @ 101 c
Event: 6.791 Thread 0x00000287fc6b8d50 DEOPT PACKING pc=0x00000287aa1ee2c0 sp=0x000000f79a9f9c00
Event: 6.791 Thread 0x00000287fc6b8d50 DEOPT UNPACKING pc=0x00000287a9b56da2 sp=0x000000f79a9f9ba8 mode 2
Event: 6.791 Thread 0x00000287fc6b8d50 Uncommon trap: trap_request=0xffffffde fr.pc=0x00000287aa1c7b68 relative=0x0000000000003388
Event: 6.791 Thread 0x00000287fc6b8d50 Uncommon trap: reason=class_check action=maybe_recompile pc=0x00000287aa1c7b68 method=lombok.patcher.PatchScript$MethodPatcher.visitMethod(ILjava/lang/String;Ljava/lang/String;Ljava/lang/String;[Ljava/lang/String;)Lorg/lombokweb/asm/MethodVisitor; @ 101 c
Event: 6.791 Thread 0x00000287fc6b8d50 DEOPT PACKING pc=0x00000287aa1c7b68 sp=0x000000f79a9f9b50
Event: 6.791 Thread 0x00000287fc6b8d50 DEOPT UNPACKING pc=0x00000287a9b56da2 sp=0x000000f79a9f9ba8 mode 2

Classes loaded (20 events):
Event: 5.606 Loading class java/lang/runtime/ObjectMethods$1
Event: 5.606 Loading class java/lang/runtime/ObjectMethods$1 done
Event: 5.735 Loading class java/lang/invoke/MethodHandleImpl$CountingWrapper
Event: 5.735 Loading class java/lang/invoke/MethodHandleImpl$CountingWrapper done
Event: 5.749 Loading class java/util/AbstractList$ListItr
Event: 5.749 Loading class java/util/AbstractList$ListItr done
Event: 5.763 Loading class java/nio/channels/Channels$ReadableByteChannelImpl
Event: 5.763 Loading class java/nio/channels/Channels$ReadableByteChannelImpl done
Event: 5.765 Loading class java/nio/channels/NonWritableChannelException
Event: 5.765 Loading class java/nio/channels/NonWritableChannelException done
Event: 5.878 Loading class java/lang/invoke/MethodHandleImpl$CountingWrapper$1
Event: 5.878 Loading class java/lang/invoke/MethodHandleImpl$CountingWrapper$1 done
Event: 6.101 Loading class java/lang/ExceptionInInitializerError
Event: 6.101 Loading class java/lang/ExceptionInInitializerError done
Event: 6.420 Loading class java/util/Vector$1
Event: 6.420 Loading class java/util/Vector$1 done
Event: 6.685 Loading class java/util/regex/Pattern$Caret
Event: 6.685 Loading class java/util/regex/Pattern$Caret done
Event: 6.715 Loading class java/util/regex/Pattern$LazyLoop
Event: 6.715 Loading class java/util/regex/Pattern$LazyLoop done

Classes unloaded (20 events):
Event: 6.593 Thread 0x00000287b37934a0 Unloading class 0x00000287b5355c00 'java/lang/invoke/LambdaForm$MH+0x00000287b5355c00'
Event: 6.593 Thread 0x00000287b37934a0 Unloading class 0x00000287b5355800 'java/lang/invoke/LambdaForm$MH+0x00000287b5355800'
Event: 6.593 Thread 0x00000287b37934a0 Unloading class 0x00000287b5355000 'java/lang/invoke/LambdaForm$MH+0x00000287b5355000'
Event: 6.593 Thread 0x00000287b37934a0 Unloading class 0x00000287b5354800 'java/lang/invoke/LambdaForm$MH+0x00000287b5354800'
Event: 6.593 Thread 0x00000287b37934a0 Unloading class 0x00000287b5354c00 'java/lang/invoke/LambdaForm$MH+0x00000287b5354c00'
Event: 6.593 Thread 0x00000287b37934a0 Unloading class 0x00000287b5354000 'java/lang/invoke/LambdaForm$MH+0x00000287b5354000'
Event: 6.593 Thread 0x00000287b37934a0 Unloading class 0x00000287b5353c00 'java/lang/invoke/LambdaForm$MH+0x00000287b5353c00'
Event: 6.593 Thread 0x00000287b37934a0 Unloading class 0x00000287b5353800 'java/lang/invoke/LambdaForm$MH+0x00000287b5353800'
Event: 6.593 Thread 0x00000287b37934a0 Unloading class 0x00000287b5352c00 'java/lang/invoke/LambdaForm$MH+0x00000287b5352c00'
Event: 6.593 Thread 0x00000287b37934a0 Unloading class 0x00000287b5352800 'java/lang/invoke/LambdaForm$MH+0x00000287b5352800'
Event: 6.593 Thread 0x00000287b37934a0 Unloading class 0x00000287b5353000 'java/lang/invoke/LambdaForm$MH+0x00000287b5353000'
Event: 6.593 Thread 0x00000287b37934a0 Unloading class 0x00000287b5352400 'java/lang/invoke/LambdaForm$MH+0x00000287b5352400'
Event: 6.593 Thread 0x00000287b37934a0 Unloading class 0x00000287b5351c00 'java/lang/invoke/LambdaForm$MH+0x00000287b5351c00'
Event: 6.593 Thread 0x00000287b37934a0 Unloading class 0x00000287b5351800 'java/lang/invoke/LambdaForm$MH+0x00000287b5351800'
Event: 6.593 Thread 0x00000287b37934a0 Unloading class 0x00000287b5350c00 'java/lang/invoke/LambdaForm$MH+0x00000287b5350c00'
Event: 6.593 Thread 0x00000287b37934a0 Unloading class 0x00000287b5351000 'java/lang/invoke/LambdaForm$MH+0x00000287b5351000'
Event: 6.593 Thread 0x00000287b37934a0 Unloading class 0x00000287b5350800 'java/lang/invoke/LambdaForm$MH+0x00000287b5350800'
Event: 6.593 Thread 0x00000287b37934a0 Unloading class 0x00000287b5350400 'java/lang/invoke/LambdaForm$DMH+0x00000287b5350400'
Event: 6.593 Thread 0x00000287b37934a0 Unloading class 0x00000287b534d800 'java/lang/invoke/LambdaForm$DMH+0x00000287b534d800'
Event: 6.593 Thread 0x00000287b37934a0 Unloading class 0x00000287b5350000 'java/lang/invoke/LambdaForm$DMH+0x00000287b5350000'

Classes redefined (0 events):
No events

Internal exceptions (20 events):
Event: 5.614 Thread 0x00000287fc6b93e0 Exception <a 'java/lang/NoSuchMethodError'{0x00000000eb537a28}: 'int java.lang.invoke.Invokers$Holder.linkToTargetMethod(java.lang.Object, java.lang.Object)'> (0x00000000eb537a28) 
thrown [s\src\hotspot\share\interpreter\linkResolver.cpp, line 773]
Event: 5.615 Thread 0x00000287fc6b8d50 Exception <a 'java/lang/NoSuchMethodError'{0x00000000eb547748}: 'int java.lang.invoke.Invokers$Holder.linkToTargetMethod(java.lang.Object, java.lang.Object)'> (0x00000000eb547748) 
thrown [s\src\hotspot\share\interpreter\linkResolver.cpp, line 773]
Event: 5.615 Thread 0x00000287fc6b58d0 Exception <a 'java/lang/NoSuchMethodError'{0x00000000eb53ffd0}: 'int java.lang.invoke.Invokers$Holder.linkToTargetMethod(java.lang.Object, java.lang.Object)'> (0x00000000eb53ffd0) 
thrown [s\src\hotspot\share\interpreter\linkResolver.cpp, line 773]
Event: 5.733 Thread 0x00000287fc6b58d0 Exception <a 'java/lang/NoSuchMethodError'{0x00000000eb677a68}: 'int java.lang.invoke.DirectMethodHandle$Holder.invokeSpecial(java.lang.Object, java.lang.Object, java.lang.Object, java.lang.Object)'> (0x00000000eb677a68) 
thrown [s\src\hotspot\share\interpreter\linkResolver.cpp, line 773]
Event: 5.733 Thread 0x00000287fc6b6c80 Exception <a 'java/lang/NoSuchMethodError'{0x00000000eb68a378}: 'int java.lang.invoke.DirectMethodHandle$Holder.invokeSpecial(java.lang.Object, java.lang.Object, java.lang.Object, java.lang.Object)'> (0x00000000eb68a378) 
thrown [s\src\hotspot\share\interpreter\linkResolver.cpp, line 773]
Event: 5.733 Thread 0x00000287fc6b8d50 Exception <a 'java/lang/NoSuchMethodError'{0x00000000eb664768}: 'int java.lang.invoke.DirectMethodHandle$Holder.invokeSpecial(java.lang.Object, java.lang.Object, java.lang.Object, java.lang.Object)'> (0x00000000eb664768) 
thrown [s\src\hotspot\share\interpreter\linkResolver.cpp, line 773]
Event: 5.735 Thread 0x00000287fc6b6c80 Exception <a 'java/lang/NoSuchMethodError'{0x00000000eb694518}: 'java.lang.Object java.lang.invoke.DirectMethodHandle$Holder.invokeStatic(java.lang.Object, int, java.lang.Object, java.lang.Object)'> (0x00000000eb694518) 
thrown [s\src\hotspot\share\interpreter\linkResolver.cpp, line 773]
Event: 5.735 Thread 0x00000287fc6b8d50 Exception <a 'java/lang/NoSuchMethodError'{0x00000000eb671a68}: 'java.lang.Object java.lang.invoke.DirectMethodHandle$Holder.invokeStatic(java.lang.Object, int, java.lang.Object, java.lang.Object)'> (0x00000000eb671a68) 
thrown [s\src\hotspot\share\interpreter\linkResolver.cpp, line 773]
Event: 5.735 Thread 0x00000287fc6b6c80 Exception <a 'java/lang/NoSuchMethodError'{0x00000000eb698258}: 'java.lang.Object java.lang.invoke.DelegatingMethodHandle$Holder.delegate(java.lang.Object, int, java.lang.Object, java.lang.Object)'> (0x00000000eb698258) 
thrown [s\src\hotspot\share\interpreter\linkResolver.cpp, line 773]
Event: 5.735 Thread 0x00000287fc6b8d50 Exception <a 'java/lang/NoSuchMethodError'{0x00000000eb69d548}: 'java.lang.Object java.lang.invoke.DelegatingMethodHandle$Holder.delegate(java.lang.Object, int, java.lang.Object, java.lang.Object)'> (0x00000000eb69d548) 
thrown [s\src\hotspot\share\interpreter\linkResolver.cpp, line 773]
Event: 5.738 Thread 0x00000287fc6b6c80 Exception <a 'java/lang/NoSuchMethodError'{0x00000000eb6eb5d8}: 'int java.lang.invoke.Invokers$Holder.linkToTargetMethod(java.lang.Object, java.lang.Object, java.lang.Object)'> (0x00000000eb6eb5d8) 
thrown [s\src\hotspot\share\interpreter\linkResolver.cpp, line 773]
Event: 5.738 Thread 0x00000287fc6b8d50 Exception <a 'java/lang/NoSuchMethodError'{0x00000000eb6a8a30}: 'int java.lang.invoke.Invokers$Holder.linkToTargetMethod(java.lang.Object, java.lang.Object, java.lang.Object)'> (0x00000000eb6a8a30) 
thrown [s\src\hotspot\share\interpreter\linkResolver.cpp, line 773]
Event: 5.738 Thread 0x00000287fc6b58d0 Exception <a 'java/lang/NoSuchMethodError'{0x00000000eb6dc628}: 'int java.lang.invoke.Invokers$Holder.linkToTargetMethod(java.lang.Object, java.lang.Object, java.lang.Object)'> (0x00000000eb6dc628) 
thrown [s\src\hotspot\share\interpreter\linkResolver.cpp, line 773]
Event: 6.311 Thread 0x00000287fc6b6c80 Exception <a 'java/lang/LinkageError'{0x00000000ebb639b0}: loader lombok.launch.ShadowClassLoader @47af00df attempted duplicate class definition for lombok.launch.PatchFixesHider$Transform. (lombok.launch.PatchFixesHider$Transform is in unnamed module of loader lombok.launch.ShadowClassLoader @47af00df, parent loader org.eclipse.osgi.internal.loader.EquinoxClassLoader @dbdba7c)> (0x00000000ebb639b0) 
thrown [s\src\hotspot\share\classfile\systemDictionary.cpp, line 1682]
Event: 6.312 Thread 0x00000287fc6b8d50 Exception <a 'java/lang/LinkageError'{0x00000000ebaa57a0}: loader lombok.launch.ShadowClassLoader @47af00df attempted duplicate class definition for lombok.launch.PatchFixesHider$Transform. (lombok.launch.PatchFixesHider$Transform is in unnamed module of loader lombok.launch.ShadowClassLoader @47af00df, parent loader org.eclipse.osgi.internal.loader.EquinoxClassLoader @dbdba7c)> (0x00000000ebaa57a0) 
thrown [s\src\hotspot\share\classfile\systemDictionary.cpp, line 1682]
Event: 6.312 Thread 0x00000287fc6b58d0 Exception <a 'java/lang/LinkageError'{0x00000000ebae0fd8}: loader lombok.launch.ShadowClassLoader @47af00df attempted duplicate class definition for lombok.launch.PatchFixesHider$Transform. (lombok.launch.PatchFixesHider$Transform is in unnamed module of loader lombok.launch.ShadowClassLoader @47af00df, parent loader org.eclipse.osgi.internal.loader.EquinoxClassLoader @dbdba7c)> (0x00000000ebae0fd8) 
thrown [s\src\hotspot\share\classfile\systemDictionary.cpp, line 1682]
Event: 6.649 Thread 0x00000287fc6b93e0 Implicit null exception at 0x00000287aa29011d to 0x00000287aa290bf8
Event: 6.732 Thread 0x00000287fc6b93e0 Exception <a 'java/lang/LinkageError'{0x00000000eb2caa48}: loader lombok.launch.ShadowClassLoader @47af00df attempted duplicate class definition for lombok.launch.PatchFixesHider$ValPortal. (lombok.launch.PatchFixesHider$ValPortal is in unnamed module of loader lombok.launch.ShadowClassLoader @47af00df, parent loader org.eclipse.osgi.internal.loader.EquinoxClassLoader @dbdba7c)> (0x00000000eb2caa48) 
thrown [s\src\hotspot\share\classfile\systemDictionary.cpp, line 1682]
Event: 6.732 Thread 0x00000287fc6b6c80 Exception <a 'java/lang/LinkageError'{0x00000000eb26b080}: loader lombok.launch.ShadowClassLoader @47af00df attempted duplicate class definition for lombok.launch.PatchFixesHider$ValPortal. (lombok.launch.PatchFixesHider$ValPortal is in unnamed module of loader lombok.launch.ShadowClassLoader @47af00df, parent loader org.eclipse.osgi.internal.loader.EquinoxClassLoader @dbdba7c)> (0x00000000eb26b080) 
thrown [s\src\hotspot\share\classfile\systemDictionary.cpp, line 1682]
Event: 6.732 Thread 0x00000287fc6b58d0 Exception <a 'java/lang/LinkageError'{0x00000000eb308968}: loader lombok.launch.ShadowClassLoader @47af00df attempted duplicate class definition for lombok.launch.PatchFixesHider$ValPortal. (lombok.launch.PatchFixesHider$ValPortal is in unnamed module of loader lombok.launch.ShadowClassLoader @47af00df, parent loader org.eclipse.osgi.internal.loader.EquinoxClassLoader @dbdba7c)> (0x00000000eb308968) 
thrown [s\src\hotspot\share\classfile\systemDictionary.cpp, line 1682]

ZGC Phase Switch (0 events):
No events

VM Operations (20 events):
Event: 5.685 Executing VM operation: ParallelGCFailedAllocation (Allocation Failure) done
Event: 5.791 Executing VM operation: ParallelGCFailedAllocation (Allocation Failure)
Event: 5.796 Executing VM operation: ParallelGCFailedAllocation (Allocation Failure) done
Event: 5.850 Executing VM operation: ParallelGCFailedAllocation (Allocation Failure)
Event: 5.855 Executing VM operation: ParallelGCFailedAllocation (Allocation Failure) done
Event: 5.909 Executing VM operation: ParallelGCFailedAllocation (Allocation Failure)
Event: 5.913 Executing VM operation: ParallelGCFailedAllocation (Allocation Failure) done
Event: 5.985 Executing VM operation: ParallelGCFailedAllocation (Allocation Failure)
Event: 5.990 Executing VM operation: ParallelGCFailedAllocation (Allocation Failure) done
Event: 6.032 Executing VM operation: ParallelGCFailedAllocation (Allocation Failure)
Event: 6.037 Executing VM operation: ParallelGCFailedAllocation (Allocation Failure) done
Event: 6.264 Executing VM operation: HandshakeAllThreads (Deoptimize)
Event: 6.264 Executing VM operation: HandshakeAllThreads (Deoptimize) done
Event: 6.367 Executing VM operation: ParallelGCFailedAllocation (Allocation Failure)
Event: 6.370 Executing VM operation: ParallelGCFailedAllocation (Allocation Failure) done
Event: 6.582 Executing VM operation: CollectForMetadataAllocation (Metadata GC Threshold)
Event: 6.631 Executing VM operation: CollectForMetadataAllocation (Metadata GC Threshold) done
Event: 6.787 Executing VM operation: ParallelGCFailedAllocation (Allocation Failure)
Event: 6.789 Executing VM operation: ParallelGCFailedAllocation (Allocation Failure) done
Event: 6.884 Executing VM operation: ParallelGCFailedAllocation (Allocation Failure)

Memory protections (0 events):
No events

Nmethod flushes (20 events):
Event: 6.600 Thread 0x00000287b37934a0 flushing  nmethod 0x00000287a2920290
Event: 6.600 Thread 0x00000287b37934a0 flushing  nmethod 0x00000287a2975710
Event: 6.600 Thread 0x00000287b37934a0 flushing  nmethod 0x00000287a29dc690
Event: 6.600 Thread 0x00000287b37934a0 flushing  nmethod 0x00000287a29dcb10
Event: 6.600 Thread 0x00000287b37934a0 flushing  nmethod 0x00000287a2a08810
Event: 6.600 Thread 0x00000287b37934a0 flushing  nmethod 0x00000287a2a08c10
Event: 6.600 Thread 0x00000287b37934a0 flushing  nmethod 0x00000287a2a09610
Event: 6.600 Thread 0x00000287b37934a0 flushing  nmethod 0x00000287a2a0e290
Event: 6.600 Thread 0x00000287b37934a0 flushing  nmethod 0x00000287a2a44090
Event: 6.600 Thread 0x00000287b37934a0 flushing  nmethod 0x00000287a2a87810
Event: 6.600 Thread 0x00000287b37934a0 flushing  nmethod 0x00000287a2a88510
Event: 6.600 Thread 0x00000287b37934a0 flushing  nmethod 0x00000287a2a88910
Event: 6.600 Thread 0x00000287b37934a0 flushing  nmethod 0x00000287a2a8c210
Event: 6.600 Thread 0x00000287b37934a0 flushing  nmethod 0x00000287a2a94b10
Event: 6.600 Thread 0x00000287b37934a0 flushing  nmethod 0x00000287a2a95910
Event: 6.600 Thread 0x00000287b37934a0 flushing  nmethod 0x00000287a2a9cd10
Event: 6.600 Thread 0x00000287b37934a0 flushing  nmethod 0x00000287a2a9f190
Event: 6.600 Thread 0x00000287b37934a0 flushing  nmethod 0x00000287a2aa1b90
Event: 6.600 Thread 0x00000287b37934a0 flushing  nmethod 0x00000287a2aa3110
Event: 6.600 Thread 0x00000287b37934a0 flushing  nmethod 0x00000287a2aa3e90

Events (20 events):
Event: 4.804 Thread 0x00000287fb35d720 Thread exited: 0x00000287fb35d720
Event: 4.904 Thread 0x00000287b37beea0 Thread added: 0x00000287b37c1780
Event: 5.045 Thread 0x000002879f3ee9d0 Thread added: 0x00000287fb360510
Event: 5.045 Thread 0x000002879f3ee9d0 Thread added: 0x00000287fb35ead0
Event: 5.045 Thread 0x000002879f3ee9d0 Thread added: 0x00000287fb35ddb0
Event: 5.045 Thread 0x000002879f3ee9d0 Thread added: 0x00000287fb35d090
Event: 5.045 Thread 0x000002879f3ee9d0 Thread added: 0x00000287fb35e440
Event: 5.046 Thread 0x000002879f3ee9d0 Thread added: 0x00000287fb35f160
Event: 5.046 Thread 0x000002879f3ee9d0 Thread added: 0x00000287fb35f7f0
Event: 5.046 Thread 0x000002879f3ee9d0 Thread added: 0x00000287fb35d720
Event: 5.046 Thread 0x000002879f3ee9d0 Thread added: 0x00000287fc6b4bb0
Event: 5.065 Thread 0x000002879f3ee9d0 Thread added: 0x00000287fc6b5240
Event: 5.150 Thread 0x00000287fb336600 Thread added: 0x00000287fc6b4520
Event: 5.205 Thread 0x000002879f3ee9d0 Thread added: 0x00000287fc6b65f0
Event: 5.205 Thread 0x000002879f3ee9d0 Thread added: 0x00000287fc6b8d50
Event: 5.434 Thread 0x00000287b37c1780 Thread exited: 0x00000287b37c1780
Event: 5.462 Thread 0x00000287fc6b8d50 Thread added: 0x00000287fc6b58d0
Event: 5.464 Thread 0x00000287fc6b8d50 Thread added: 0x00000287fc6b93e0
Event: 5.465 Thread 0x00000287fc6b8d50 Thread added: 0x00000287fc6b6c80
Event: 5.570 Thread 0x00000287b37b12e0 Thread added: 0x00000287b37bf570


Dynamic libraries:
0x00007ff723b90000 - 0x00007ff723b9e000 	c:\Users\DELL\.vscode\extensions\redhat.java-1.41.1-win32-x64\jre\21.0.6-win32-x86_64\bin\java.exe
0x00007ffe73f40000 - 0x00007ffe741a6000 	C:\WINDOWS\SYSTEM32\ntdll.dll
0x00007ffe72eb0000 - 0x00007ffe72f79000 	C:\WINDOWS\System32\KERNEL32.DLL
0x00007ffe712b0000 - 0x00007ffe7167c000 	C:\WINDOWS\System32\KERNELBASE.dll
0x00007ffe6dc40000 - 0x00007ffe6dcde000 	C:\WINDOWS\SYSTEM32\apphelp.dll
0x00007ffe71160000 - 0x00007ffe712ab000 	C:\WINDOWS\System32\ucrtbase.dll
0x00007ffe61230000 - 0x00007ffe61248000 	c:\Users\DELL\.vscode\extensions\redhat.java-1.41.1-win32-x64\jre\21.0.6-win32-x86_64\bin\jli.dll
0x00007ffe73bf0000 - 0x00007ffe73dba000 	C:\WINDOWS\System32\USER32.dll
0x00007ffe71a10000 - 0x00007ffe71a37000 	C:\WINDOWS\System32\win32u.dll
0x00007ffe73ed0000 - 0x00007ffe73efb000 	C:\WINDOWS\System32\GDI32.dll
0x00007ffe71a40000 - 0x00007ffe71b72000 	C:\WINDOWS\System32\gdi32full.dll
0x00007ffe71720000 - 0x00007ffe717c3000 	C:\WINDOWS\System32\msvcp_win.dll
0x00007ffe61200000 - 0x00007ffe6121e000 	c:\Users\DELL\.vscode\extensions\redhat.java-1.41.1-win32-x64\jre\21.0.6-win32-x86_64\bin\VCRUNTIME140.dll
0x00007ffe5b7e0000 - 0x00007ffe5ba7a000 	C:\WINDOWS\WinSxS\amd64_microsoft.windows.common-controls_6595b64144ccf1df_6.0.26100.3912_none_3e07963ce335137e\COMCTL32.dll
0x00007ffe727c0000 - 0x00007ffe72869000 	C:\WINDOWS\System32\msvcrt.dll
0x00007ffe72700000 - 0x00007ffe72730000 	C:\WINDOWS\System32\IMM32.DLL
0x00007ffe6bd30000 - 0x00007ffe6bd3c000 	c:\Users\DELL\.vscode\extensions\redhat.java-1.41.1-win32-x64\jre\21.0.6-win32-x86_64\bin\vcruntime140_1.dll
0x00007ffe4e530000 - 0x00007ffe4e5bd000 	c:\Users\DELL\.vscode\extensions\redhat.java-1.41.1-win32-x64\jre\21.0.6-win32-x86_64\bin\msvcp140.dll
0x00007ffe0fab0000 - 0x00007ffe10840000 	c:\Users\DELL\.vscode\extensions\redhat.java-1.41.1-win32-x64\jre\21.0.6-win32-x86_64\bin\server\jvm.dll
0x00007ffe72de0000 - 0x00007ffe72e92000 	C:\WINDOWS\System32\ADVAPI32.dll
0x00007ffe71e20000 - 0x00007ffe71ec6000 	C:\WINDOWS\System32\sechost.dll
0x00007ffe71d00000 - 0x00007ffe71e16000 	C:\WINDOWS\System32\RPCRT4.dll
0x00007ffe736c0000 - 0x00007ffe73734000 	C:\WINDOWS\System32\WS2_32.dll
0x00007ffe6fd00000 - 0x00007ffe6fd5e000 	C:\WINDOWS\SYSTEM32\POWRPROF.dll
0x00007ffe67fd0000 - 0x00007ffe67fdb000 	C:\WINDOWS\SYSTEM32\VERSION.dll
0x00007ffe683a0000 - 0x00007ffe683d6000 	C:\WINDOWS\SYSTEM32\WINMM.dll
0x00007ffe6fce0000 - 0x00007ffe6fcf4000 	C:\WINDOWS\SYSTEM32\UMPDC.dll
0x00007ffe6ffb0000 - 0x00007ffe6ffca000 	C:\WINDOWS\SYSTEM32\kernel.appcore.dll
0x00007ffe6b230000 - 0x00007ffe6b23a000 	c:\Users\DELL\.vscode\extensions\redhat.java-1.41.1-win32-x64\jre\21.0.6-win32-x86_64\bin\jimage.dll
0x00007ffe6e600000 - 0x00007ffe6e841000 	C:\WINDOWS\SYSTEM32\DBGHELP.DLL
0x00007ffe72a50000 - 0x00007ffe72dd4000 	C:\WINDOWS\System32\combase.dll
0x00007ffe737b0000 - 0x00007ffe73890000 	C:\WINDOWS\System32\OLEAUT32.dll
0x00007ffe582e0000 - 0x00007ffe58319000 	C:\WINDOWS\SYSTEM32\dbgcore.DLL
0x00007ffe71680000 - 0x00007ffe71719000 	C:\WINDOWS\System32\bcryptPrimitives.dll
0x00007ffe63520000 - 0x00007ffe6352f000 	c:\Users\DELL\.vscode\extensions\redhat.java-1.41.1-win32-x64\jre\21.0.6-win32-x86_64\bin\instrument.dll
0x00007ffe5cbb0000 - 0x00007ffe5cbcf000 	c:\Users\DELL\.vscode\extensions\redhat.java-1.41.1-win32-x64\jre\21.0.6-win32-x86_64\bin\java.dll
0x00007ffe71f00000 - 0x00007ffe7262d000 	C:\WINDOWS\System32\SHELL32.dll
0x00007ffe71b80000 - 0x00007ffe71cf4000 	C:\WINDOWS\System32\wintypes.dll
0x00007ffe6ed40000 - 0x00007ffe6f596000 	C:\WINDOWS\SYSTEM32\windows.storage.dll
0x00007ffe73dd0000 - 0x00007ffe73ebf000 	C:\WINDOWS\System32\SHCORE.dll
0x00007ffe73740000 - 0x00007ffe737a9000 	C:\WINDOWS\System32\shlwapi.dll
0x00007ffe70fe0000 - 0x00007ffe7100f000 	C:\WINDOWS\SYSTEM32\profapi.dll
0x00007ffe5d040000 - 0x00007ffe5d058000 	c:\Users\DELL\.vscode\extensions\redhat.java-1.41.1-win32-x64\jre\21.0.6-win32-x86_64\bin\zip.dll
0x00007ffe5cb50000 - 0x00007ffe5cb60000 	C:\Users\DELL\.vscode\extensions\redhat.java-1.41.1-win32-x64\jre\21.0.6-win32-x86_64\bin\net.dll
0x00007ffe68110000 - 0x00007ffe6822e000 	C:\WINDOWS\SYSTEM32\WINHTTP.dll
0x00007ffe70520000 - 0x00007ffe7058a000 	C:\WINDOWS\system32\mswsock.dll
0x00007ffe5aad0000 - 0x00007ffe5aae6000 	C:\Users\DELL\.vscode\extensions\redhat.java-1.41.1-win32-x64\jre\21.0.6-win32-x86_64\bin\nio.dll
0x00007ffe5cb00000 - 0x00007ffe5cb10000 	c:\Users\DELL\.vscode\extensions\redhat.java-1.41.1-win32-x64\jre\21.0.6-win32-x86_64\bin\verify.dll
0x00007ffe4e270000 - 0x00007ffe4e2b5000 	C:\Users\DELL\AppData\Roaming\Code\User\globalStorage\redhat.java\1.41.1\config_ss_win\org.eclipse.equinox.launcher\org.eclipse.equinox.launcher.win32.win32.x86_64_1.2.1300.v20250331-1702\eclipse_11911.dll
0x00007ffe72f80000 - 0x00007ffe7311f000 	C:\WINDOWS\System32\ole32.dll
0x00007ffe707c0000 - 0x00007ffe707dc000 	C:\WINDOWS\SYSTEM32\CRYPTSP.dll
0x00007ffe6ff10000 - 0x00007ffe6ff4a000 	C:\WINDOWS\system32\rsaenh.dll
0x00007ffe705c0000 - 0x00007ffe705eb000 	C:\WINDOWS\SYSTEM32\USERENV.dll
0x00007ffe70fb0000 - 0x00007ffe70fd6000 	C:\WINDOWS\SYSTEM32\bcrypt.dll
0x00007ffe707e0000 - 0x00007ffe707ec000 	C:\WINDOWS\SYSTEM32\CRYPTBASE.dll
0x00007ffe6f9f0000 - 0x00007ffe6fa23000 	C:\WINDOWS\SYSTEM32\IPHLPAPI.DLL
0x00007ffe72ea0000 - 0x00007ffe72eaa000 	C:\WINDOWS\System32\NSI.dll
0x00007ffe4e220000 - 0x00007ffe4e269000 	C:\Users\DELL\AppData\Local\Temp\jna-2094529\jna11545333926071128959.dll
0x00007ffe72920000 - 0x00007ffe72928000 	C:\WINDOWS\System32\PSAPI.DLL
0x00007ffe6aeb0000 - 0x00007ffe6aecf000 	C:\WINDOWS\SYSTEM32\dhcpcsvc6.DLL
0x00007ffe6ab00000 - 0x00007ffe6ab25000 	C:\WINDOWS\SYSTEM32\dhcpcsvc.DLL

dbghelp: loaded successfully - version: 4.0.5 - missing functions: none
symbol engine: initialized successfully - sym options: 0x614 - pdb path: .;c:\Users\DELL\.vscode\extensions\redhat.java-1.41.1-win32-x64\jre\21.0.6-win32-x86_64\bin;C:\WINDOWS\SYSTEM32;C:\WINDOWS\WinSxS\amd64_microsoft.windows.common-controls_6595b64144ccf1df_6.0.26100.3912_none_3e07963ce335137e;c:\Users\DELL\.vscode\extensions\redhat.java-1.41.1-win32-x64\jre\21.0.6-win32-x86_64\bin\server;C:\Users\DELL\AppData\Roaming\Code\User\globalStorage\redhat.java\1.41.1\config_ss_win\org.eclipse.equinox.launcher\org.eclipse.equinox.launcher.win32.win32.x86_64_1.2.1300.v20250331-1702;C:\Users\DELL\AppData\Local\Temp\jna-2094529

VM Arguments:
jvm_args: --add-modules=ALL-SYSTEM --add-opens=java.base/java.util=ALL-UNNAMED --add-opens=java.base/java.lang=ALL-UNNAMED --add-opens=java.base/sun.nio.fs=ALL-UNNAMED -Declipse.application=org.eclipse.jdt.ls.core.id1 -Dosgi.bundles.defaultStartLevel=4 -Declipse.product=org.eclipse.jdt.ls.core.product -Djava.import.generatesMetadataFilesAtProjectRoot=false -DDetectVMInstallationsJob.disabled=true -Dfile.encoding=utf8 -XX:+UseParallelGC -XX:GCTimeRatio=4 -XX:AdaptiveSizePolicyWeight=90 -Dsun.zip.disableMemoryMapping=true -Xmx1G -Xms100m -Xlog:disable -javaagent:c:\Users\DELL\.vscode\extensions\redhat.java-1.41.1-win32-x64\lombok\lombok-1.18.36.jar 
java_command: c:\Users\DELL\.vscode\extensions\redhat.java-1.41.1-win32-x64\server\plugins\org.eclipse.equinox.launcher_1.7.0.v20250331-1702.jar -configuration c:\Users\DELL\AppData\Roaming\Code\User\globalStorage\redhat.java\1.41.1\config_ss_win -data c:\Users\DELL\AppData\Roaming\Code\User\workspaceStorage\3445d51e809f9ea81cb50ad7f9c6bd4c\redhat.java\ss_ws --pipe=\\.\pipe\lsp-12ee8f02b6b0eccdddcb9466fb57a3ce-sock
java_class_path (initial): c:\Users\DELL\.vscode\extensions\redhat.java-1.41.1-win32-x64\server\plugins\org.eclipse.equinox.launcher_1.7.0.v20250331-1702.jar
Launcher Type: SUN_STANDARD

[Global flags]
    uintx AdaptiveSizePolicyWeight                 = 90                                        {product} {command line}
     intx CICompilerCount                          = 4                                         {product} {ergonomic}
    uintx GCTimeRatio                              = 4                                         {product} {command line}
   size_t InitialHeapSize                          = 104857600                                 {product} {command line}
   size_t MaxHeapSize                              = 1073741824                                {product} {command line}
   size_t MaxNewSize                               = 357564416                                 {product} {ergonomic}
   size_t MinHeapDeltaBytes                        = 524288                                    {product} {ergonomic}
   size_t MinHeapSize                              = 104857600                                 {product} {command line}
   size_t NewSize                                  = 34603008                                  {product} {ergonomic}
    uintx NonNMethodCodeHeapSize                   = 5839372                                {pd product} {ergonomic}
    uintx NonProfiledCodeHeapSize                  = 122909434                              {pd product} {ergonomic}
   size_t OldSize                                  = 70254592                                  {product} {ergonomic}
    uintx ProfiledCodeHeapSize                     = 122909434                              {pd product} {ergonomic}
    uintx ReservedCodeCacheSize                    = 251658240                              {pd product} {ergonomic}
     bool SegmentedCodeCache                       = true                                      {product} {ergonomic}
   size_t SoftMaxHeapSize                          = 1073741824                             {manageable} {ergonomic}
     bool UseCompressedOops                        = true                           {product lp64_product} {ergonomic}
     bool UseLargePagesIndividualAllocation        = false                                  {pd product} {ergonomic}
     bool UseParallelGC                            = true                                      {product} {command line}

Logging:
Log output configuration:
 #0: stdout all=off uptime,level,tags foldmultilines=false
 #1: stderr all=off uptime,level,tags foldmultilines=false

Environment Variables:
JAVA_HOME=C:\Program Files\Java\jdk-17\
CLASSPATH=C:\Program Files\Java\jdk-22\lib\sqlite-jdbc-3.34.0.jar
PATH=C:\Program Files\Python312\Scripts\;C:\Program Files\Python312\;C:\Program Files\Common Files\Oracle\Java\javapath;C:\WINDOWS\system32;C:\WINDOWS;C:\WINDOWS\System32\Wbem;C:\WINDOWS\System32\WindowsPowerShell\v1.0\;C:\WINDOWS\System32\OpenSSH\;C:\Program Files\Java\jdk-22\bin;C:\Program Files\Git\cmd;C:\Program Files\nodejs\;C:\Program Files\Java\jdk-17\bin;C:\Program Files\MySQL\MySQL Shell 8.0\bin\;C:\Users\DELL\AppData\Local\Microsoft\WindowsApps;C:\Users\DELL\AppData\Local\Programs\Microsoft VS Code\bin;C:\Users\DELL\AppData\Local\Microsoft\WinGet\Packages\Schniz.fnm_Microsoft.Winget.Source_8wekyb3d8bbwe;C:\Users\DELL\AppData\Roaming\npm;C:\Users\DELL\AppData\Local\Pub\Cache\bin;E:\Mongosh\;C:\Flutter\src\flutter\bin;
USERNAME=DELL
OS=Windows_NT
PROCESSOR_IDENTIFIER=Intel64 Family 6 Model 140 Stepping 1, GenuineIntel
TMP=C:\Users\DELL\AppData\Local\Temp
TEMP=C:\Users\DELL\AppData\Local\Temp




Periodic native trim disabled

---------------  S Y S T E M  ---------------

OS:
 Windows 11 , 64 bit Build 26100 (10.0.26100.3912)
OS uptime: 0 days 7:46 hours
Hyper-V role detected

CPU: total 8 (initial active 8) (4 cores per cpu, 2 threads per core) family 6 model 140 stepping 1 microcode 0xbc, cx8, cmov, fxsr, ht, mmx, 3dnowpref, sse, sse2, sse3, ssse3, sse4.1, sse4.2, popcnt, lzcnt, tsc, tscinvbit, avx, avx2, aes, erms, clmul, bmi1, bmi2, adx, avx512f, avx512dq, avx512cd, avx512bw, avx512vl, sha, fma, vzeroupper, avx512_vpopcntdq, avx512_vpclmulqdq, avx512_vaes, avx512_vnni, clflush, clflushopt, clwb, avx512_vbmi2, avx512_vbmi, hv, rdtscp, rdpid, fsrm, gfni, avx512_bitalg, f16c, cet_ibt, cet_ss, avx512_ifma
Processor Information for the first 8 processors :
  Max Mhz: 2419, Current Mhz: 2419, Mhz Limit: 2419

Memory: 4k page, system-wide physical 7926M (1984M free)
TotalPageFile size 7926M (AvailPageFile size 14M)
current process WorkingSet (physical memory assigned to process): 205M, peak: 206M
current process commit charge ("private bytes"): 278M, peak: 285M

vm_info: OpenJDK 64-Bit Server VM (21.0.6+7-LTS) for windows-amd64 JRE (21.0.6+7-LTS), built on 2025-01-21T00:00:00Z by "admin" with MS VC++ 17.7 (VS2022)

END.
