#
# There is insufficient memory for the Java Runtime Environment to continue.
# Native memory allocation (malloc) failed to allocate 1857520 bytes. Error detail: Chunk::new
# Possible reasons:
#   The system is out of physical RAM or swap space
#   This process is running with CompressedOops enabled, and the Java Heap may be blocking the growth of the native heap
# Possible solutions:
#   Reduce memory load on the system
#   Increase physical memory or swap space
#   Check if swap backing store is full
#   Decrease Java heap size (-Xmx/-Xms)
#   Decrease number of Java threads
#   Decrease Java thread stack sizes (-Xss)
#   Set larger code cache with -XX:ReservedCodeCacheSize=
#   JVM is running with Unscaled Compressed Oops mode in which the Java heap is
#     placed in the first 4GB address space. The Java Heap base address is the
#     maximum limit for the native heap growth. Please use -XX:HeapBaseMinAddress
#     to set the Java Heap base and to place the Java Heap above 4GB virtual address.
# This output file may be truncated or incomplete.
#
#  Out of Memory Error (arena.cpp:168), pid=3884, tid=7912
#
# JRE version: OpenJDK Runtime Environment Temurin-21.0.6+7 (21.0.6+7) (build 21.0.6+7-LTS)
# Java VM: OpenJDK 64-Bit Server VM Temurin-21.0.6+7 (21.0.6+7-LTS, mixed mode, sharing, tiered, compressed oops, compressed class ptrs, parallel gc, windows-amd64)
# No core dump will be written. Minidumps are not enabled by default on client versions of Windows
#

---------------  S U M M A R Y ------------

Command Line: --add-modules=ALL-SYSTEM --add-opens=java.base/java.util=ALL-UNNAMED --add-opens=java.base/java.lang=ALL-UNNAMED --add-opens=java.base/sun.nio.fs=ALL-UNNAMED -Declipse.application=org.eclipse.jdt.ls.core.id1 -Dosgi.bundles.defaultStartLevel=4 -Declipse.product=org.eclipse.jdt.ls.core.product -Djava.import.generatesMetadataFilesAtProjectRoot=false -DDetectVMInstallationsJob.disabled=true -Dfile.encoding=utf8 -XX:+UseParallelGC -XX:GCTimeRatio=4 -XX:AdaptiveSizePolicyWeight=90 -Dsun.zip.disableMemoryMapping=true -Xmx1G -Xms100m -Xlog:disable -javaagent:c:\Users\DELL\.vscode\extensions\redhat.java-1.41.1-win32-x64\lombok\lombok-1.18.36.jar -XX:+HeapDumpOnOutOfMemoryError -XX:HeapDumpPath=c:\Users\DELL\AppData\Roaming\Code\User\workspaceStorage\3445d51e809f9ea81cb50ad7f9c6bd4c\redhat.java -Daether.dependencyCollector.impl=bf c:\Users\DELL\.vscode\extensions\redhat.java-1.41.1-win32-x64\server\plugins\org.eclipse.equinox.launcher_1.7.0.v20250331-1702.jar -configuration c:\Users\DELL\AppData\Roaming\Code\User\globalStorage\redhat.java\1.41.1\config_win -data c:\Users\DELL\AppData\Roaming\Code\User\workspaceStorage\3445d51e809f9ea81cb50ad7f9c6bd4c\redhat.java\jdt_ws --pipe=\\.\pipe\lsp-28301f581502a355771735a52d087f77-sock

Host: 11th Gen Intel(R) Core(TM) i5-1135G7 @ 2.40GHz, 8 cores, 7G,  Windows 11 , 64 bit Build 26100 (10.0.26100.3912)
Time: Tue May 13 21:49:01 2025 India Standard Time elapsed time: 21.220738 seconds (0d 0h 0m 21s)

---------------  T H R E A D  ---------------

Current thread (0x000001d5f8ea0360):  JavaThread "C2 CompilerThread1" daemon [_thread_in_native, id=7912, stack(0x0000006612500000,0x0000006612600000) (1024K)]


Current CompileTask:
C2:21221 8494   !   4       org.eclipse.osgi.internal.loader.BundleLoader::findClass0 (491 bytes)

Stack: [0x0000006612500000,0x0000006612600000]
Native frames: (J=compiled Java code, j=interpreted, Vv=VM code, C=native code)
V  [jvm.dll+0x6cdee9]
V  [jvm.dll+0x8a83d1]
V  [jvm.dll+0x8aa8fe]
V  [jvm.dll+0x8aafe3]
V  [jvm.dll+0x27f706]
V  [jvm.dll+0xc500d]
V  [jvm.dll+0xc5543]
V  [jvm.dll+0x3b678c]
V  [jvm.dll+0x1e0009]
V  [jvm.dll+0x247b42]
V  [jvm.dll+0x246fcf]
V  [jvm.dll+0x1c75ee]
V  [jvm.dll+0x25685a]
V  [jvm.dll+0x254dfa]
V  [jvm.dll+0x3f0256]
V  [jvm.dll+0x851f8b]
V  [jvm.dll+0x6cc5ed]
C  [ucrtbase.dll+0x37b0]
C  [KERNEL32.DLL+0x2e8d7]
C  [ntdll.dll+0x9c5dc]


---------------  P R O C E S S  ---------------

Threads class SMR info:
_java_thread_list=0x000001d5fb8312c0, length=62, elements={
0x000001d599d3b330, 0x000001d5ef1c49f0, 0x000001d5ef1c6a60, 0x000001d5ef1ca1f0,
0x000001d5ef1cae40, 0x000001d5ef1ccfa0, 0x000001d5ef1db9d0, 0x000001d5ef1dfd20,
0x000001d5f0ba0110, 0x000001d5f0c62f90, 0x000001d5f0ec3050, 0x000001d5f5a9c1c0,
0x000001d5f59e6040, 0x000001d5f59a5020, 0x000001d5f5bf44b0, 0x000001d5f5aa6f10,
0x000001d5f5997ad0, 0x000001d5f5aef600, 0x000001d5f5aefc90, 0x000001d5f5aeef70,
0x000001d5f5aee8e0, 0x000001d5f5af0320, 0x000001d5f5aee250, 0x000001d5f5af1040,
0x000001d5f5af09b0, 0x000001d5f5af16d0, 0x000001d5f66371d0, 0x000001d5f66364b0,
0x000001d5f6636b40, 0x000001d5f6635790, 0x000001d5f6634a70, 0x000001d5f6637860,
0x000001d5f66343e0, 0x000001d5f6635e20, 0x000001d5f6637ef0, 0x000001d5f6635100,
0x000001d5f6639fc0, 0x000001d5f663a650, 0x000001d5f663ace0, 0x000001d5f663b370,
0x000001d5f663ba00, 0x000001d5f6638c10, 0x000001d5f6638580, 0x000001d5f66392a0,
0x000001d5f6639930, 0x000001d5f81bbb80, 0x000001d5f81bc210, 0x000001d5f81bb4f0,
0x000001d5f81bcf30, 0x000001d5f81bdc50, 0x000001d5f81be2e0, 0x000001d5f81bae60,
0x000001d5f81c1760, 0x000001d5f81be970, 0x000001d5f81c03b0, 0x000001d5f81c10d0,
0x000001d5f8ea0360, 0x000001d5f8ea1100, 0x000001d5f81bf000, 0x000001d5f81c1df0,
0x000001d5f81bf690, 0x000001d5f81bfd20
}

Java Threads: ( => current thread )
  0x000001d599d3b330 JavaThread "main"                              [_thread_blocked, id=9736, stack(0x0000006611800000,0x0000006611900000) (1024K)]
  0x000001d5ef1c49f0 JavaThread "Reference Handler"          daemon [_thread_blocked, id=13160, stack(0x0000006611c00000,0x0000006611d00000) (1024K)]
  0x000001d5ef1c6a60 JavaThread "Finalizer"                  daemon [_thread_blocked, id=6780, stack(0x0000006611d00000,0x0000006611e00000) (1024K)]
  0x000001d5ef1ca1f0 JavaThread "Signal Dispatcher"          daemon [_thread_blocked, id=4804, stack(0x0000006611e00000,0x0000006611f00000) (1024K)]
  0x000001d5ef1cae40 JavaThread "Attach Listener"            daemon [_thread_blocked, id=12308, stack(0x0000006611f00000,0x0000006612000000) (1024K)]
  0x000001d5ef1ccfa0 JavaThread "Service Thread"             daemon [_thread_blocked, id=7672, stack(0x0000006612000000,0x0000006612100000) (1024K)]
  0x000001d5ef1db9d0 JavaThread "Monitor Deflation Thread"   daemon [_thread_blocked, id=7560, stack(0x0000006612100000,0x0000006612200000) (1024K)]
  0x000001d5ef1dfd20 JavaThread "C2 CompilerThread0"         daemon [_thread_in_native, id=10388, stack(0x0000006612200000,0x0000006612300000) (1024K)]
  0x000001d5f0ba0110 JavaThread "C1 CompilerThread0"         daemon [_thread_in_native, id=1348, stack(0x0000006612300000,0x0000006612400000) (1024K)]
  0x000001d5f0c62f90 JavaThread "Common-Cleaner"             daemon [_thread_blocked, id=3408, stack(0x0000006612400000,0x0000006612500000) (1024K)]
  0x000001d5f0ec3050 JavaThread "Notification Thread"        daemon [_thread_blocked, id=3572, stack(0x0000006612600000,0x0000006612700000) (1024K)]
  0x000001d5f5a9c1c0 JavaThread "Active Thread: Equinox Container: 608222db-9db7-4e8d-99e6-de2d43305188"        [_thread_blocked, id=10472, stack(0x0000006612e00000,0x0000006612f00000) (1024K)]
  0x000001d5f59e6040 JavaThread "Refresh Thread: Equinox Container: 608222db-9db7-4e8d-99e6-de2d43305188" daemon [_thread_blocked, id=13084, stack(0x0000006612f00000,0x0000006613000000) (1024K)]
  0x000001d5f59a5020 JavaThread "Framework Event Dispatcher: Equinox Container: 608222db-9db7-4e8d-99e6-de2d43305188" daemon [_thread_blocked, id=13232, stack(0x0000006613100000,0x0000006613200000) (1024K)]
  0x000001d5f5bf44b0 JavaThread "Start Level: Equinox Container: 608222db-9db7-4e8d-99e6-de2d43305188" daemon [_thread_blocked, id=8896, stack(0x0000006613200000,0x0000006613300000) (1024K)]
  0x000001d5f5aa6f10 JavaThread "Bundle File Closer"         daemon [_thread_blocked, id=8892, stack(0x0000006613300000,0x0000006613400000) (1024K)]
  0x000001d5f5997ad0 JavaThread "SCR Component Actor"        daemon [_thread_blocked, id=11716, stack(0x0000006613400000,0x0000006613500000) (1024K)]
  0x000001d5f5aef600 JavaThread "Worker-JM"                         [_thread_blocked, id=4196, stack(0x0000006612700000,0x0000006612800000) (1024K)]
  0x000001d5f5aefc90 JavaThread "JNA Cleaner"                daemon [_thread_blocked, id=7184, stack(0x0000006613600000,0x0000006613700000) (1024K)]
  0x000001d5f5aeef70 JavaThread "Worker-0: Publish Diagnostics"        [_thread_in_Java, id=7636, stack(0x0000006613700000,0x0000006613800000) (1024K)]
  0x000001d5f5aee8e0 JavaThread "Worker-1"                          [_thread_blocked, id=10164, stack(0x0000006613800000,0x0000006613900000) (1024K)]
  0x000001d5f5af0320 JavaThread "Worker-2"                          [_thread_blocked, id=8768, stack(0x0000006613900000,0x0000006613a00000) (1024K)]
  0x000001d5f5aee250 JavaThread "Java indexing"              daemon [_thread_blocked, id=7272, stack(0x0000006613a00000,0x0000006613b00000) (1024K)]
  0x000001d5f5af1040 JavaThread "Worker-3"                          [_thread_blocked, id=2504, stack(0x0000006613b00000,0x0000006613c00000) (1024K)]
  0x000001d5f5af09b0 JavaThread "Worker-4"                          [_thread_blocked, id=9272, stack(0x0000006613c00000,0x0000006613d00000) (1024K)]
  0x000001d5f5af16d0 JavaThread "Worker-5"                          [_thread_blocked, id=8284, stack(0x0000006614000000,0x0000006614100000) (1024K)]
  0x000001d5f66371d0 JavaThread "Worker-6"                          [_thread_blocked, id=2200, stack(0x0000006614100000,0x0000006614200000) (1024K)]
  0x000001d5f66364b0 JavaThread "Worker-7: Initialize workspace"        [_thread_in_native, id=7676, stack(0x0000006614200000,0x0000006614300000) (1024K)]
  0x000001d5f6636b40 JavaThread "Thread-2"                   daemon [_thread_in_native, id=12116, stack(0x0000006614300000,0x0000006614400000) (1024K)]
  0x000001d5f6635790 JavaThread "Thread-3"                   daemon [_thread_in_native, id=6960, stack(0x0000006614400000,0x0000006614500000) (1024K)]
  0x000001d5f6634a70 JavaThread "Thread-4"                   daemon [_thread_in_native, id=9696, stack(0x0000006614500000,0x0000006614600000) (1024K)]
  0x000001d5f6637860 JavaThread "Thread-5"                   daemon [_thread_in_native, id=7736, stack(0x0000006614600000,0x0000006614700000) (1024K)]
  0x000001d5f66343e0 JavaThread "Thread-6"                   daemon [_thread_in_native, id=12644, stack(0x0000006614700000,0x0000006614800000) (1024K)]
  0x000001d5f6635e20 JavaThread "Thread-7"                   daemon [_thread_in_native, id=9448, stack(0x0000006614800000,0x0000006614900000) (1024K)]
  0x000001d5f6637ef0 JavaThread "Thread-8"                   daemon [_thread_in_native, id=7192, stack(0x0000006614900000,0x0000006614a00000) (1024K)]
  0x000001d5f6635100 JavaThread "Thread-9"                   daemon [_thread_in_native, id=1520, stack(0x0000006614a00000,0x0000006614b00000) (1024K)]
  0x000001d5f6639fc0 JavaThread "Thread-10"                  daemon [_thread_in_native, id=12472, stack(0x0000006614b00000,0x0000006614c00000) (1024K)]
  0x000001d5f663a650 JavaThread "pool-2-thread-1"                   [_thread_blocked, id=5224, stack(0x0000006614c00000,0x0000006614d00000) (1024K)]
  0x000001d5f663ace0 JavaThread "WorkspaceEventsHandler"            [_thread_blocked, id=6624, stack(0x0000006614d00000,0x0000006614e00000) (1024K)]
  0x000001d5f663b370 JavaThread "pool-1-thread-1"                   [_thread_blocked, id=7876, stack(0x0000006614e00000,0x0000006614f00000) (1024K)]
  0x000001d5f663ba00 JavaThread "LocalFile Deleter"          daemon [_thread_blocked, id=3816, stack(0x0000006614f00000,0x0000006615000000) (1024K)]
  0x000001d5f6638c10 JavaThread "Compiler Source File Reader" daemon [_thread_blocked, id=1472, stack(0x0000006615000000,0x0000006615100000) (1024K)]
  0x000001d5f6638580 JavaThread "Compiler Source File Reader" daemon [_thread_blocked, id=6012, stack(0x0000006615100000,0x0000006615200000) (1024K)]
  0x000001d5f66392a0 JavaThread "Compiler Source File Reader" daemon [_thread_blocked, id=4796, stack(0x0000006615200000,0x0000006615300000) (1024K)]
  0x000001d5f6639930 JavaThread "Compiler Source File Reader" daemon [_thread_blocked, id=12840, stack(0x0000006615300000,0x0000006615400000) (1024K)]
  0x000001d5f81bbb80 JavaThread "Compiler Source File Reader" daemon [_thread_blocked, id=10820, stack(0x0000006615400000,0x0000006615500000) (1024K)]
  0x000001d5f81bc210 JavaThread "Compiler Source File Reader" daemon [_thread_blocked, id=6528, stack(0x0000006615500000,0x0000006615600000) (1024K)]
  0x000001d5f81bb4f0 JavaThread "Compiler Processing Task"   daemon [_thread_blocked, id=6008, stack(0x0000006613500000,0x0000006613600000) (1024K)]
  0x000001d5f81bcf30 JavaThread "Compiler Class File Writer" daemon [_thread_blocked, id=12616, stack(0x0000006615600000,0x0000006615700000) (1024K)]
  0x000001d5f81bdc50 JavaThread "Compiler Class File Writer" daemon [_thread_blocked, id=11584, stack(0x0000006615700000,0x0000006615800000) (1024K)]
  0x000001d5f81be2e0 JavaThread "Compiler Class File Writer" daemon [_thread_blocked, id=8316, stack(0x0000006615800000,0x0000006615900000) (1024K)]
  0x000001d5f81bae60 JavaThread "Compiler Class File Writer" daemon [_thread_blocked, id=1820, stack(0x0000006615900000,0x0000006615a00000) (1024K)]
  0x000001d5f81c1760 JavaThread "Compiler Class File Writer" daemon [_thread_blocked, id=8312, stack(0x0000006615a00000,0x0000006615b00000) (1024K)]
  0x000001d5f81be970 JavaThread "Compiler Class File Writer" daemon [_thread_blocked, id=2964, stack(0x0000006615b00000,0x0000006615c00000) (1024K)]
  0x000001d5f81c03b0 JavaThread "ForkJoinPool.commonPool-worker-1" daemon [_thread_in_Java, id=4172, stack(0x0000006615c00000,0x0000006615d00000) (1024K)]
  0x000001d5f81c10d0 JavaThread "ForkJoinPool.commonPool-worker-2" daemon [_thread_blocked, id=10016, stack(0x0000006615d00000,0x0000006615e00000) (1024K)]
=>0x000001d5f8ea0360 JavaThread "C2 CompilerThread1"         daemon [_thread_in_native, id=7912, stack(0x0000006612500000,0x0000006612600000) (1024K)]
  0x000001d5f8ea1100 JavaThread "C2 CompilerThread2"         daemon [_thread_in_native, id=6568, stack(0x0000006613d00000,0x0000006613e00000) (1024K)]
  0x000001d5f81bf000 JavaThread "ForkJoinPool.commonPool-worker-3" daemon [_thread_blocked, id=5628, stack(0x0000006615e00000,0x0000006615f00000) (1024K)]
  0x000001d5f81c1df0 JavaThread "ForkJoinPool.commonPool-worker-4" daemon [_thread_in_native, id=2868, stack(0x0000006615f00000,0x0000006616000000) (1024K)]
  0x000001d5f81bf690 JavaThread "ForkJoinPool.commonPool-worker-5" daemon [_thread_blocked, id=8964, stack(0x0000006616000000,0x0000006616100000) (1024K)]
  0x000001d5f81bfd20 JavaThread "ForkJoinPool.commonPool-worker-6" daemon [_thread_blocked, id=1028, stack(0x0000006616100000,0x0000006616200000) (1024K)]
Total: 62

Other Threads:
  0x000001d599dfe770 VMThread "VM Thread"                           [id=2596, stack(0x0000006611b00000,0x0000006611c00000) (1024K)]
  0x000001d599da8980 WatcherThread "VM Periodic Task Thread"        [id=7892, stack(0x0000006611a00000,0x0000006611b00000) (1024K)]
  0x000001d599d59640 WorkerThread "GC Thread#0"                     [id=1828, stack(0x0000006611900000,0x0000006611a00000) (1024K)]
  0x000001d5f0f08c90 WorkerThread "GC Thread#1"                     [id=6496, stack(0x0000006612800000,0x0000006612900000) (1024K)]
  0x000001d5f0f09030 WorkerThread "GC Thread#2"                     [id=3392, stack(0x0000006612900000,0x0000006612a00000) (1024K)]
  0x000001d5f0f093d0 WorkerThread "GC Thread#3"                     [id=11312, stack(0x0000006612a00000,0x0000006612b00000) (1024K)]
  0x000001d5f0f09770 WorkerThread "GC Thread#4"                     [id=13208, stack(0x0000006612b00000,0x0000006612c00000) (1024K)]
  0x000001d5f0f09b10 WorkerThread "GC Thread#5"                     [id=6948, stack(0x0000006612c00000,0x0000006612d00000) (1024K)]
  0x000001d5f56d6880 WorkerThread "GC Thread#6"                     [id=4852, stack(0x0000006612d00000,0x0000006612e00000) (1024K)]
  0x000001d5f5abddd0 WorkerThread "GC Thread#7"                     [id=7620, stack(0x0000006613000000,0x0000006613100000) (1024K)]
Total: 10

Threads with active compile tasks:
C2 CompilerThread0  21278 8513       4       java.util.regex.Pattern::atom (422 bytes)
C2 CompilerThread1  21278 8494   !   4       org.eclipse.osgi.internal.loader.BundleLoader::findClass0 (491 bytes)
C2 CompilerThread2  21278 8349   !   4       org.eclipse.osgi.internal.loader.classpath.ClasspathManager::defineClass (636 bytes)
Total: 3

VM state: not at safepoint (normal execution)

VM Mutex/Monitor currently owned by a thread: None

Heap address: 0x00000000c0000000, size: 1024 MB, Compressed Oops mode: 32-bit

CDS archive(s) mapped at: [0x000001d5ae000000-0x000001d5aeba0000-0x000001d5aeba0000), size 12189696, SharedBaseAddress: 0x000001d5ae000000, ArchiveRelocationMode: 1.
Compressed class space mapped at: 0x000001d5af000000-0x000001d5ef000000, reserved size: 1073741824
Narrow klass base: 0x000001d5ae000000, Narrow klass shift: 0, Narrow klass range: 0x100000000

GC Precious Log:
 CardTable entry size: 512
 CPUs: 8 total, 8 available
 Memory: 7926M
 Large Page Support: Disabled
 NUMA Support: Disabled
 Compressed Oops: Enabled (32-bit)
 Alignments: Space 512K, Generation 512K, Heap 2M
 Heap Min Capacity: 100M
 Heap Initial Capacity: 100M
 Heap Max Capacity: 1G
 Pre-touch: Disabled
 Parallel Workers: 8

Heap:
 PSYoungGen      total 9728K, used 5976K [0x00000000eab00000, 0x00000000eb800000, 0x0000000100000000)
  eden space 8704K, 62% used [0x00000000eab00000,0x00000000eb0523a0,0x00000000eb380000)
  from space 1024K, 51% used [0x00000000eb700000,0x00000000eb783ca8,0x00000000eb800000)
  to   space 1024K, 0% used [0x00000000eb580000,0x00000000eb580000,0x00000000eb680000)
 ParOldGen       total 325632K, used 164778K [0x00000000c0000000, 0x00000000d3e00000, 0x00000000eab00000)
  object space 325632K, 50% used [0x00000000c0000000,0x00000000ca0ea870,0x00000000d3e00000)
 Metaspace       used 60371K, committed 61824K, reserved 1114112K
  class space    used 6310K, committed 6912K, reserved 1048576K

Card table byte_map: [0x000001d5996e0000,0x000001d5998f0000] _byte_map_base: 0x000001d5990e0000

Marking Bits: (ParMarkBitMap*) 0x00007fff39073260
 Begin Bits: [0x000001d5abf30000, 0x000001d5acf30000)
 End Bits:   [0x000001d5acf30000, 0x000001d5adf30000)

Polling page: 0x000001d597c00000

Metaspace:

Usage:
  Non-class:     52.79 MB used.
      Class:      6.16 MB used.
       Both:     58.96 MB used.

Virtual space:
  Non-class space:       64.00 MB reserved,      53.62 MB ( 84%) committed,  1 nodes.
      Class space:        1.00 GB reserved,       6.75 MB ( <1%) committed,  1 nodes.
             Both:        1.06 GB reserved,      60.38 MB (  6%) committed. 

Chunk freelists:
   Non-Class:  10.31 MB
       Class:  9.28 MB
        Both:  19.59 MB

MaxMetaspaceSize: unlimited
CompressedClassSpaceSize: 1.00 GB
Initial GC threshold: 21.00 MB
Current GC threshold: 97.31 MB
CDS: on
 - commit_granule_bytes: 65536.
 - commit_granule_words: 8192.
 - virtual_space_node_default_size: 8388608.
 - enlarge_chunks_in_place: 1.
 - use_allocation_guard: 0.


Internal statistics:

num_allocs_failed_limit: 9.
num_arena_births: 1022.
num_arena_deaths: 26.
num_vsnodes_births: 2.
num_vsnodes_deaths: 0.
num_space_committed: 966.
num_space_uncommitted: 0.
num_chunks_returned_to_freelist: 38.
num_chunks_taken_from_freelist: 3887.
num_chunk_merges: 16.
num_chunk_splits: 2360.
num_chunks_enlarged: 1319.
num_inconsistent_stats: 0.

CodeHeap 'non-profiled nmethods': size=120000Kb used=5626Kb max_used=5675Kb free=114374Kb
 bounds [0x000001d5a4a00000, 0x000001d5a4fa0000, 0x000001d5abf30000]
CodeHeap 'profiled nmethods': size=120000Kb used=18235Kb max_used=18235Kb free=101764Kb
 bounds [0x000001d59cf30000, 0x000001d59e100000, 0x000001d5a4460000]
CodeHeap 'non-nmethods': size=5760Kb used=1449Kb max_used=1514Kb free=4310Kb
 bounds [0x000001d5a4460000, 0x000001d5a46d0000, 0x000001d5a4a00000]
 total_blobs=8906 nmethods=8151 adapters=661
 compilation: enabled
              stopped_count=0, restarted_count=0
 full_count=0

Compilation events (20 events):
Event: 21.083 Thread 0x000001d5f0ba0110 nmethod 8911 0x000001d59e0e8390 code [0x000001d59e0e8560, 0x000001d59e0e87c0]
Event: 21.083 Thread 0x000001d5f0ba0110 8912       2       org.eclipse.jdt.internal.core.BinaryMethod::<init> (28 bytes)
Event: 21.083 Thread 0x000001d5f0ba0110 nmethod 8912 0x000001d59e0e8910 code [0x000001d59e0e8ac0, 0x000001d59e0e8c90]
Event: 21.083 Thread 0x000001d5f0ba0110 8910       2       org.eclipse.jdt.internal.core.BinaryType::getElementInfo (34 bytes)
Event: 21.084 Thread 0x000001d5f0ba0110 nmethod 8910 0x000001d59e0e8d90 code [0x000001d59e0e8f60, 0x000001d59e0e9130]
Event: 21.084 Thread 0x000001d5f0ba0110 8905       2       java.lang.invoke.DirectMethodHandle$Holder::invokeVirtual (14 bytes)
Event: 21.084 Thread 0x000001d5f0ba0110 nmethod 8905 0x000001d59e0e9290 code [0x000001d59e0e9440, 0x000001d59e0e9598]
Event: 21.085 Thread 0x000001d5f0ba0110 8916       1       org.eclipse.lsp4j.jsonrpc.messages.RequestMessage::getMethod (5 bytes)
Event: 21.086 Thread 0x000001d5f0ba0110 nmethod 8916 0x000001d5a4ba7710 code [0x000001d5a4ba78a0, 0x000001d5a4ba7968]
Event: 21.086 Thread 0x000001d5f0ba0110 8909       1       org.eclipse.core.runtime.spi.RegistryContributor::getId (5 bytes)
Event: 21.086 Thread 0x000001d5f0ba0110 nmethod 8909 0x000001d5a4ba7410 code [0x000001d5a4ba75a0, 0x000001d5a4ba7668]
Event: 21.088 Thread 0x000001d5f0ba0110 8917       2       java.util.TreeMap::<init> (20 bytes)
Event: 21.088 Thread 0x000001d5f0ba0110 nmethod 8917 0x000001d59e0e9690 code [0x000001d59e0e9820, 0x000001d59e0e9950]
Event: 21.095 Thread 0x000001d5f0ba0110 8918       2       java.net.URI::needsNormalization (184 bytes)
Event: 21.101 Thread 0x000001d5f0ba0110 nmethod 8918 0x000001d59e0e9a10 code [0x000001d59e0e9c40, 0x000001d59e0ea778]
Event: 21.102 Thread 0x000001d5f0ba0110 8919       2       java.lang.Long::parseLong (272 bytes)
Event: 21.105 Thread 0x000001d5f0ba0110 nmethod 8919 0x000001d59e0eb010 code [0x000001d59e0eb300, 0x000001d59e0ebe98]
Event: 21.105 Thread 0x000001d5f0ba0110 8920       2       org.eclipse.jdt.internal.core.PackageFragmentRoot::equals (58 bytes)
Event: 21.106 Thread 0x000001d5f0ba0110 nmethod 8920 0x000001d59e0ec690 code [0x000001d59e0ec900, 0x000001d59e0ece80]
Event: 21.112 Thread 0x000001d5f0ba0110 8921       2       org.eclipse.jdt.internal.compiler.lookup.BinaryModuleBinding::resolvePackages (231 bytes)

GC Heap History (20 events):
Event: 19.586 GC heap before
{Heap before GC invocations=374 (full 2):
 PSYoungGen      total 7680K, used 7661K [0x00000000eab00000, 0x00000000ebb00000, 0x0000000100000000)
  eden space 5632K, 99% used [0x00000000eab00000,0x00000000eb07d638,0x00000000eb080000)
  from space 2048K, 99% used [0x00000000eb080000,0x00000000eb27e118,0x00000000eb280000)
  to   space 4608K, 0% used [0x00000000eb680000,0x00000000eb680000,0x00000000ebb00000)
 ParOldGen       total 310272K, used 309848K [0x00000000c0000000, 0x00000000d2f00000, 0x00000000eab00000)
  object space 310272K, 99% used [0x00000000c0000000,0x00000000d2e96230,0x00000000d2f00000)
 Metaspace       used 57273K, committed 58496K, reserved 1114112K
  class space    used 5985K, committed 6464K, reserved 1048576K
}
Event: 19.590 GC heap after
{Heap after GC invocations=374 (full 2):
 PSYoungGen      total 9728K, used 2340K [0x00000000eab00000, 0x00000000eb900000, 0x0000000100000000)
  eden space 7168K, 0% used [0x00000000eab00000,0x00000000eab00000,0x00000000eb200000)
  from space 2560K, 91% used [0x00000000eb680000,0x00000000eb8c90d8,0x00000000eb900000)
  to   space 3072K, 0% used [0x00000000eb300000,0x00000000eb300000,0x00000000eb600000)
 ParOldGen       total 311808K, used 311668K [0x00000000c0000000, 0x00000000d3080000, 0x00000000eab00000)
  object space 311808K, 99% used [0x00000000c0000000,0x00000000d305d248,0x00000000d3080000)
 Metaspace       used 57273K, committed 58496K, reserved 1114112K
  class space    used 5985K, committed 6464K, reserved 1048576K
}
Event: 19.599 GC heap before
{Heap before GC invocations=375 (full 2):
 PSYoungGen      total 9728K, used 9508K [0x00000000eab00000, 0x00000000eb900000, 0x0000000100000000)
  eden space 7168K, 100% used [0x00000000eab00000,0x00000000eb200000,0x00000000eb200000)
  from space 2560K, 91% used [0x00000000eb680000,0x00000000eb8c90d8,0x00000000eb900000)
  to   space 3072K, 0% used [0x00000000eb300000,0x00000000eb300000,0x00000000eb600000)
 ParOldGen       total 311808K, used 311668K [0x00000000c0000000, 0x00000000d3080000, 0x00000000eab00000)
  object space 311808K, 99% used [0x00000000c0000000,0x00000000d305d248,0x00000000d3080000)
 Metaspace       used 57273K, committed 58496K, reserved 1114112K
  class space    used 5985K, committed 6464K, reserved 1048576K
}
Event: 19.603 GC heap after
{Heap after GC invocations=375 (full 2):
 PSYoungGen      total 11264K, used 2991K [0x00000000eab00000, 0x00000000eba80000, 0x0000000100000000)
  eden space 8192K, 0% used [0x00000000eab00000,0x00000000eab00000,0x00000000eb300000)
  from space 3072K, 97% used [0x00000000eb300000,0x00000000eb5ebcd0,0x00000000eb600000)
  to   space 3584K, 0% used [0x00000000eb700000,0x00000000eb700000,0x00000000eba80000)
 ParOldGen       total 313856K, used 313790K [0x00000000c0000000, 0x00000000d3280000, 0x00000000eab00000)
  object space 313856K, 99% used [0x00000000c0000000,0x00000000d326f9b8,0x00000000d3280000)
 Metaspace       used 57273K, committed 58496K, reserved 1114112K
  class space    used 5985K, committed 6464K, reserved 1048576K
}
Event: 19.619 GC heap before
{Heap before GC invocations=376 (full 2):
 PSYoungGen      total 11264K, used 11183K [0x00000000eab00000, 0x00000000eba80000, 0x0000000100000000)
  eden space 8192K, 100% used [0x00000000eab00000,0x00000000eb300000,0x00000000eb300000)
  from space 3072K, 97% used [0x00000000eb300000,0x00000000eb5ebcd0,0x00000000eb600000)
  to   space 3584K, 0% used [0x00000000eb700000,0x00000000eb700000,0x00000000eba80000)
 ParOldGen       total 313856K, used 313790K [0x00000000c0000000, 0x00000000d3280000, 0x00000000eab00000)
  object space 313856K, 99% used [0x00000000c0000000,0x00000000d326f9b8,0x00000000d3280000)
 Metaspace       used 57273K, committed 58496K, reserved 1114112K
  class space    used 5985K, committed 6464K, reserved 1048576K
}
Event: 19.623 GC heap after
{Heap after GC invocations=376 (full 2):
 PSYoungGen      total 12288K, used 3454K [0x00000000eab00000, 0x00000000ebc00000, 0x0000000100000000)
  eden space 8704K, 0% used [0x00000000eab00000,0x00000000eab00000,0x00000000eb380000)
  from space 3584K, 96% used [0x00000000eb700000,0x00000000eba5fbe0,0x00000000eba80000)
  to   space 3584K, 0% used [0x00000000eb380000,0x00000000eb380000,0x00000000eb700000)
 ParOldGen       total 316928K, used 316640K [0x00000000c0000000, 0x00000000d3580000, 0x00000000eab00000)
  object space 316928K, 99% used [0x00000000c0000000,0x00000000d35381a0,0x00000000d3580000)
 Metaspace       used 57273K, committed 58496K, reserved 1114112K
  class space    used 5985K, committed 6464K, reserved 1048576K
}
Event: 19.642 GC heap before
{Heap before GC invocations=377 (full 2):
 PSYoungGen      total 12288K, used 12158K [0x00000000eab00000, 0x00000000ebc00000, 0x0000000100000000)
  eden space 8704K, 100% used [0x00000000eab00000,0x00000000eb380000,0x00000000eb380000)
  from space 3584K, 96% used [0x00000000eb700000,0x00000000eba5fbe0,0x00000000eba80000)
  to   space 3584K, 0% used [0x00000000eb380000,0x00000000eb380000,0x00000000eb700000)
 ParOldGen       total 316928K, used 316640K [0x00000000c0000000, 0x00000000d3580000, 0x00000000eab00000)
  object space 316928K, 99% used [0x00000000c0000000,0x00000000d35381a0,0x00000000d3580000)
 Metaspace       used 57273K, committed 58496K, reserved 1114112K
  class space    used 5985K, committed 6464K, reserved 1048576K
}
Event: 19.646 GC heap after
{Heap after GC invocations=377 (full 2):
 PSYoungGen      total 12288K, used 3230K [0x00000000eab00000, 0x00000000ebc80000, 0x0000000100000000)
  eden space 8704K, 0% used [0x00000000eab00000,0x00000000eab00000,0x00000000eb380000)
  from space 3584K, 90% used [0x00000000eb380000,0x00000000eb6a7b90,0x00000000eb700000)
  to   space 3584K, 0% used [0x00000000eb900000,0x00000000eb900000,0x00000000ebc80000)
 ParOldGen       total 320512K, used 320053K [0x00000000c0000000, 0x00000000d3900000, 0x00000000eab00000)
  object space 320512K, 99% used [0x00000000c0000000,0x00000000d388d7f0,0x00000000d3900000)
 Metaspace       used 57273K, committed 58496K, reserved 1114112K
  class space    used 5985K, committed 6464K, reserved 1048576K
}
Event: 19.839 GC heap before
{Heap before GC invocations=378 (full 2):
 PSYoungGen      total 12288K, used 11934K [0x00000000eab00000, 0x00000000ebc80000, 0x0000000100000000)
  eden space 8704K, 100% used [0x00000000eab00000,0x00000000eb380000,0x00000000eb380000)
  from space 3584K, 90% used [0x00000000eb380000,0x00000000eb6a7b90,0x00000000eb700000)
  to   space 3584K, 0% used [0x00000000eb900000,0x00000000eb900000,0x00000000ebc80000)
 ParOldGen       total 320512K, used 320053K [0x00000000c0000000, 0x00000000d3900000, 0x00000000eab00000)
  object space 320512K, 99% used [0x00000000c0000000,0x00000000d388d7f0,0x00000000d3900000)
 Metaspace       used 57745K, committed 59008K, reserved 1114112K
  class space    used 6033K, committed 6528K, reserved 1048576K
}
Event: 19.844 GC heap after
{Heap after GC invocations=378 (full 2):
 PSYoungGen      total 11264K, used 2234K [0x00000000eab00000, 0x00000000ebb80000, 0x0000000100000000)
  eden space 8704K, 0% used [0x00000000eab00000,0x00000000eab00000,0x00000000eb380000)
  from space 2560K, 87% used [0x00000000eb900000,0x00000000ebb2ea40,0x00000000ebb80000)
  to   space 3072K, 0% used [0x00000000eb580000,0x00000000eb580000,0x00000000eb880000)
 ParOldGen       total 323584K, used 323231K [0x00000000c0000000, 0x00000000d3c00000, 0x00000000eab00000)
  object space 323584K, 99% used [0x00000000c0000000,0x00000000d3ba7c38,0x00000000d3c00000)
 Metaspace       used 57745K, committed 59008K, reserved 1114112K
  class space    used 6033K, committed 6528K, reserved 1048576K
}
Event: 20.118 GC heap before
{Heap before GC invocations=379 (full 2):
 PSYoungGen      total 11264K, used 10333K [0x00000000eab00000, 0x00000000ebb80000, 0x0000000100000000)
  eden space 8704K, 93% used [0x00000000eab00000,0x00000000eb2e8bf8,0x00000000eb380000)
  from space 2560K, 87% used [0x00000000eb900000,0x00000000ebb2ea40,0x00000000ebb80000)
  to   space 3072K, 0% used [0x00000000eb580000,0x00000000eb580000,0x00000000eb880000)
 ParOldGen       total 323584K, used 323231K [0x00000000c0000000, 0x00000000d3c00000, 0x00000000eab00000)
  object space 323584K, 99% used [0x00000000c0000000,0x00000000d3ba7c38,0x00000000d3c00000)
 Metaspace       used 58474K, committed 59776K, reserved 1114112K
  class space    used 6150K, committed 6720K, reserved 1048576K
}
Event: 20.125 GC heap after
{Heap after GC invocations=379 (full 2):
 PSYoungGen      total 9728K, used 848K [0x00000000eab00000, 0x00000000eb980000, 0x0000000100000000)
  eden space 8704K, 0% used [0x00000000eab00000,0x00000000eab00000,0x00000000eb380000)
  from space 1024K, 82% used [0x00000000eb580000,0x00000000eb654050,0x00000000eb680000)
  to   space 1536K, 0% used [0x00000000eb800000,0x00000000eb800000,0x00000000eb980000)
 ParOldGen       total 325632K, used 325130K [0x00000000c0000000, 0x00000000d3e00000, 0x00000000eab00000)
  object space 325632K, 99% used [0x00000000c0000000,0x00000000d3d82a90,0x00000000d3e00000)
 Metaspace       used 58474K, committed 59776K, reserved 1114112K
  class space    used 6150K, committed 6720K, reserved 1048576K
}
Event: 20.125 GC heap before
{Heap before GC invocations=380 (full 3):
 PSYoungGen      total 9728K, used 848K [0x00000000eab00000, 0x00000000eb980000, 0x0000000100000000)
  eden space 8704K, 0% used [0x00000000eab00000,0x00000000eab00000,0x00000000eb380000)
  from space 1024K, 82% used [0x00000000eb580000,0x00000000eb654050,0x00000000eb680000)
  to   space 1536K, 0% used [0x00000000eb800000,0x00000000eb800000,0x00000000eb980000)
 ParOldGen       total 325632K, used 325130K [0x00000000c0000000, 0x00000000d3e00000, 0x00000000eab00000)
  object space 325632K, 99% used [0x00000000c0000000,0x00000000d3d82a90,0x00000000d3e00000)
 Metaspace       used 58474K, committed 59776K, reserved 1114112K
  class space    used 6150K, committed 6720K, reserved 1048576K
}
Event: 20.364 GC heap after
{Heap after GC invocations=380 (full 3):
 PSYoungGen      total 9728K, used 0K [0x00000000eab00000, 0x00000000eb980000, 0x0000000100000000)
  eden space 8704K, 0% used [0x00000000eab00000,0x00000000eab00000,0x00000000eb380000)
  from space 1024K, 0% used [0x00000000eb580000,0x00000000eb580000,0x00000000eb680000)
  to   space 1536K, 0% used [0x00000000eb800000,0x00000000eb800000,0x00000000eb980000)
 ParOldGen       total 325632K, used 163784K [0x00000000c0000000, 0x00000000d3e00000, 0x00000000eab00000)
  object space 325632K, 50% used [0x00000000c0000000,0x00000000c9ff2048,0x00000000d3e00000)
 Metaspace       used 58474K, committed 59776K, reserved 1114112K
  class space    used 6150K, committed 6720K, reserved 1048576K
}
Event: 20.554 GC heap before
{Heap before GC invocations=381 (full 3):
 PSYoungGen      total 9728K, used 8704K [0x00000000eab00000, 0x00000000eb980000, 0x0000000100000000)
  eden space 8704K, 100% used [0x00000000eab00000,0x00000000eb380000,0x00000000eb380000)
  from space 1024K, 0% used [0x00000000eb580000,0x00000000eb580000,0x00000000eb680000)
  to   space 1536K, 0% used [0x00000000eb800000,0x00000000eb800000,0x00000000eb980000)
 ParOldGen       total 325632K, used 163784K [0x00000000c0000000, 0x00000000d3e00000, 0x00000000eab00000)
  object space 325632K, 50% used [0x00000000c0000000,0x00000000c9ff2048,0x00000000d3e00000)
 Metaspace       used 59008K, committed 60416K, reserved 1114112K
  class space    used 6207K, committed 6848K, reserved 1048576K
}
Event: 20.559 GC heap after
{Heap after GC invocations=381 (full 3):
 PSYoungGen      total 9728K, used 656K [0x00000000eab00000, 0x00000000eb900000, 0x0000000100000000)
  eden space 8704K, 0% used [0x00000000eab00000,0x00000000eab00000,0x00000000eb380000)
  from space 1024K, 64% used [0x00000000eb800000,0x00000000eb8a4010,0x00000000eb900000)
  to   space 1024K, 0% used [0x00000000eb580000,0x00000000eb580000,0x00000000eb680000)
 ParOldGen       total 325632K, used 163784K [0x00000000c0000000, 0x00000000d3e00000, 0x00000000eab00000)
  object space 325632K, 50% used [0x00000000c0000000,0x00000000c9ff2048,0x00000000d3e00000)
 Metaspace       used 59008K, committed 60416K, reserved 1114112K
  class space    used 6207K, committed 6848K, reserved 1048576K
}
Event: 20.865 GC heap before
{Heap before GC invocations=382 (full 3):
 PSYoungGen      total 9728K, used 9360K [0x00000000eab00000, 0x00000000eb900000, 0x0000000100000000)
  eden space 8704K, 100% used [0x00000000eab00000,0x00000000eb380000,0x00000000eb380000)
  from space 1024K, 64% used [0x00000000eb800000,0x00000000eb8a4010,0x00000000eb900000)
  to   space 1024K, 0% used [0x00000000eb580000,0x00000000eb580000,0x00000000eb680000)
 ParOldGen       total 325632K, used 163784K [0x00000000c0000000, 0x00000000d3e00000, 0x00000000eab00000)
  object space 325632K, 50% used [0x00000000c0000000,0x00000000c9ff2048,0x00000000d3e00000)
 Metaspace       used 59330K, committed 60736K, reserved 1114112K
  class space    used 6224K, committed 6848K, reserved 1048576K
}
Event: 20.868 GC heap after
{Heap after GC invocations=382 (full 3):
 PSYoungGen      total 9728K, used 1008K [0x00000000eab00000, 0x00000000eb880000, 0x0000000100000000)
  eden space 8704K, 0% used [0x00000000eab00000,0x00000000eab00000,0x00000000eb380000)
  from space 1024K, 98% used [0x00000000eb580000,0x00000000eb67c030,0x00000000eb680000)
  to   space 1536K, 0% used [0x00000000eb700000,0x00000000eb700000,0x00000000eb880000)
 ParOldGen       total 325632K, used 164025K [0x00000000c0000000, 0x00000000d3e00000, 0x00000000eab00000)
  object space 325632K, 50% used [0x00000000c0000000,0x00000000ca02e590,0x00000000d3e00000)
 Metaspace       used 59330K, committed 60736K, reserved 1114112K
  class space    used 6224K, committed 6848K, reserved 1048576K
}
Event: 21.091 GC heap before
{Heap before GC invocations=383 (full 3):
 PSYoungGen      total 9728K, used 9712K [0x00000000eab00000, 0x00000000eb880000, 0x0000000100000000)
  eden space 8704K, 100% used [0x00000000eab00000,0x00000000eb380000,0x00000000eb380000)
  from space 1024K, 98% used [0x00000000eb580000,0x00000000eb67c030,0x00000000eb680000)
  to   space 1536K, 0% used [0x00000000eb700000,0x00000000eb700000,0x00000000eb880000)
 ParOldGen       total 325632K, used 164025K [0x00000000c0000000, 0x00000000d3e00000, 0x00000000eab00000)
  object space 325632K, 50% used [0x00000000c0000000,0x00000000ca02e590,0x00000000d3e00000)
 Metaspace       used 60029K, committed 61440K, reserved 1114112K
  class space    used 6286K, committed 6912K, reserved 1048576K
}
Event: 21.095 GC heap after
{Heap after GC invocations=383 (full 3):
 PSYoungGen      total 9728K, used 527K [0x00000000eab00000, 0x00000000eb800000, 0x0000000100000000)
  eden space 8704K, 0% used [0x00000000eab00000,0x00000000eab00000,0x00000000eb380000)
  from space 1024K, 51% used [0x00000000eb700000,0x00000000eb783ca8,0x00000000eb800000)
  to   space 1024K, 0% used [0x00000000eb580000,0x00000000eb580000,0x00000000eb680000)
 ParOldGen       total 325632K, used 164778K [0x00000000c0000000, 0x00000000d3e00000, 0x00000000eab00000)
  object space 325632K, 50% used [0x00000000c0000000,0x00000000ca0ea870,0x00000000d3e00000)
 Metaspace       used 60029K, committed 61440K, reserved 1114112K
  class space    used 6286K, committed 6912K, reserved 1048576K
}

Dll operation events (10 events):
Event: 0.017 Loaded shared library c:\Users\DELL\.vscode\extensions\redhat.java-1.41.1-win32-x64\jre\21.0.6-win32-x86_64\bin\java.dll
Event: 0.162 Loaded shared library c:\Users\DELL\.vscode\extensions\redhat.java-1.41.1-win32-x64\jre\21.0.6-win32-x86_64\bin\zip.dll
Event: 0.199 Loaded shared library C:\Users\DELL\.vscode\extensions\redhat.java-1.41.1-win32-x64\jre\21.0.6-win32-x86_64\bin\instrument.dll
Event: 0.208 Loaded shared library C:\Users\DELL\.vscode\extensions\redhat.java-1.41.1-win32-x64\jre\21.0.6-win32-x86_64\bin\net.dll
Event: 0.213 Loaded shared library C:\Users\DELL\.vscode\extensions\redhat.java-1.41.1-win32-x64\jre\21.0.6-win32-x86_64\bin\nio.dll
Event: 0.218 Loaded shared library C:\Users\DELL\.vscode\extensions\redhat.java-1.41.1-win32-x64\jre\21.0.6-win32-x86_64\bin\zip.dll
Event: 0.250 Loaded shared library C:\Users\DELL\.vscode\extensions\redhat.java-1.41.1-win32-x64\jre\21.0.6-win32-x86_64\bin\jimage.dll
Event: 0.374 Loaded shared library c:\Users\DELL\.vscode\extensions\redhat.java-1.41.1-win32-x64\jre\21.0.6-win32-x86_64\bin\verify.dll
Event: 1.919 Loaded shared library C:\Users\DELL\AppData\Roaming\Code\User\globalStorage\redhat.java\1.41.1\config_win\org.eclipse.equinox.launcher\org.eclipse.equinox.launcher.win32.win32.x86_64_1.2.1300.v20250331-1702\eclipse_11911.dll
Event: 4.150 Loaded shared library C:\Users\DELL\AppData\Local\Temp\jna-2094529\jna5834992655975749106.dll

Deoptimization events (20 events):
Event: 20.827 Thread 0x000001d5f663b370 DEOPT PACKING pc=0x000001d59da06e26 sp=0x0000006614efe450
Event: 20.827 Thread 0x000001d5f663b370 DEOPT UNPACKING pc=0x000001d5a44b78e2 sp=0x0000006614efd940 mode 0
Event: 20.828 Thread 0x000001d5f663b370 DEOPT PACKING pc=0x000001d59da06e26 sp=0x0000006614efe450
Event: 20.828 Thread 0x000001d5f663b370 DEOPT UNPACKING pc=0x000001d5a44b78e2 sp=0x0000006614efd940 mode 0
Event: 20.830 Thread 0x000001d5f663b370 DEOPT PACKING pc=0x000001d59da06e26 sp=0x0000006614efe450
Event: 20.830 Thread 0x000001d5f663b370 DEOPT UNPACKING pc=0x000001d5a44b78e2 sp=0x0000006614efd940 mode 0
Event: 20.958 Thread 0x000001d5f81bf000 Uncommon trap: trap_request=0xffffff45 fr.pc=0x000001d5a4ce52c8 relative=0x00000000000000a8
Event: 20.958 Thread 0x000001d5f81bf000 Uncommon trap: reason=unstable_if action=reinterpret pc=0x000001d5a4ce52c8 method=org.eclipse.jdt.internal.compiler.parser.Scanner.setSource([C)V @ 1 c2
Event: 20.958 Thread 0x000001d5f81bf000 DEOPT PACKING pc=0x000001d5a4ce52c8 sp=0x0000006615efdd30
Event: 20.958 Thread 0x000001d5f81bf000 DEOPT UNPACKING pc=0x000001d5a44b6da2 sp=0x0000006615efdcc8 mode 2
Event: 20.958 Thread 0x000001d5f81bf000 Uncommon trap: trap_request=0xffffff45 fr.pc=0x000001d5a4ee1aec relative=0x00000000000023ec
Event: 20.958 Thread 0x000001d5f81bf000 Uncommon trap: reason=unstable_if action=reinterpret pc=0x000001d5a4ee1aec method=org.eclipse.jdt.internal.compiler.parser.Scanner.internalScanIdentifierOrKeyword(II[C)Lorg/eclipse/jdt/internal/compiler/parser/TerminalToken; @ 1077 c2
Event: 20.958 Thread 0x000001d5f81bf000 DEOPT PACKING pc=0x000001d5a4ee1aec sp=0x0000006615efdd50
Event: 20.958 Thread 0x000001d5f81bf000 DEOPT UNPACKING pc=0x000001d5a44b6da2 sp=0x0000006615efdce8 mode 2
Event: 21.063 Thread 0x000001d5f81bf000 DEOPT PACKING pc=0x000001d59d119b26 sp=0x0000006615efd8e0
Event: 21.063 Thread 0x000001d5f81bf000 DEOPT UNPACKING pc=0x000001d5a44b78e2 sp=0x0000006615efcdd0 mode 0
Event: 21.071 Thread 0x000001d5f81bf000 Uncommon trap: trap_request=0xffffff6e fr.pc=0x000001d5a4afbc18 relative=0x0000000000000178
Event: 21.071 Thread 0x000001d5f81bf000 Uncommon trap: reason=loop_limit_check action=maybe_recompile pc=0x000001d5a4afbc18 method=java.lang.StringLatin1.lastIndexOf([BII)I @ 19 c2
Event: 21.072 Thread 0x000001d5f81bf000 DEOPT PACKING pc=0x000001d5a4afbc18 sp=0x0000006615efe440
Event: 21.072 Thread 0x000001d5f81bf000 DEOPT UNPACKING pc=0x000001d5a44b6da2 sp=0x0000006615efe2f8 mode 2

Classes loaded (20 events):
Event: 13.473 Loading class java/util/concurrent/CompletableFuture$UniAccept
Event: 13.474 Loading class java/util/concurrent/CompletableFuture$UniAccept done
Event: 13.475 Loading class java/util/concurrent/CompletableFuture$UniExceptionally
Event: 13.479 Loading class java/util/concurrent/CompletableFuture$UniExceptionally done
Event: 13.624 Loading class java/util/Collections$SynchronizedRandomAccessList
Event: 13.625 Loading class java/util/Collections$SynchronizedList
Event: 13.625 Loading class java/util/Collections$SynchronizedList done
Event: 13.625 Loading class java/util/Collections$SynchronizedRandomAccessList done
Event: 13.749 Loading class java/util/concurrent/CompletableFuture$Signaller
Event: 13.750 Loading class java/util/concurrent/CompletableFuture$Signaller done
Event: 19.762 Loading class sun/nio/fs/WindowsFileCopy
Event: 19.763 Loading class sun/nio/fs/WindowsFileCopy done
Event: 19.851 Loading class java/nio/charset/CharacterCodingException
Event: 19.852 Loading class java/nio/charset/CharacterCodingException done
Event: 19.852 Loading class java/io/SequenceInputStream
Event: 19.852 Loading class java/io/SequenceInputStream done
Event: 20.442 Loading class java/util/LinkedList$LLSpliterator
Event: 20.443 Loading class java/util/LinkedList$LLSpliterator done
Event: 20.462 Loading class javax/xml/transform/TransformerConfigurationException
Event: 20.463 Loading class javax/xml/transform/TransformerConfigurationException done

Classes unloaded (13 events):
Event: 4.881 Thread 0x000001d599dfe770 Unloading class 0x000001d5af193c00 'java/lang/invoke/LambdaForm$MH+0x000001d5af193c00'
Event: 4.881 Thread 0x000001d599dfe770 Unloading class 0x000001d5af193800 'java/lang/invoke/LambdaForm$MH+0x000001d5af193800'
Event: 4.881 Thread 0x000001d599dfe770 Unloading class 0x000001d5af193400 'java/lang/invoke/LambdaForm$MH+0x000001d5af193400'
Event: 4.881 Thread 0x000001d599dfe770 Unloading class 0x000001d5af193000 'java/lang/invoke/LambdaForm$MH+0x000001d5af193000'
Event: 4.881 Thread 0x000001d599dfe770 Unloading class 0x000001d5af192c00 'java/lang/invoke/LambdaForm$BMH+0x000001d5af192c00'
Event: 4.881 Thread 0x000001d599dfe770 Unloading class 0x000001d5af192800 'java/lang/invoke/LambdaForm$DMH+0x000001d5af192800'
Event: 4.881 Thread 0x000001d599dfe770 Unloading class 0x000001d5af191400 'java/lang/invoke/LambdaForm$DMH+0x000001d5af191400'
Event: 6.369 Thread 0x000001d599dfe770 Unloading class 0x000001d5af320000 'java/lang/invoke/LambdaForm$MH+0x000001d5af320000'
Event: 6.369 Thread 0x000001d599dfe770 Unloading class 0x000001d5af31f400 'java/lang/invoke/LambdaForm$MH+0x000001d5af31f400'
Event: 6.369 Thread 0x000001d599dfe770 Unloading class 0x000001d5af31ec00 'java/lang/invoke/LambdaForm$MH+0x000001d5af31ec00'
Event: 6.369 Thread 0x000001d599dfe770 Unloading class 0x000001d5af31e400 'java/lang/invoke/LambdaForm$MH+0x000001d5af31e400'
Event: 6.369 Thread 0x000001d599dfe770 Unloading class 0x000001d5af31e000 'java/lang/invoke/LambdaForm$DMH+0x000001d5af31e000'
Event: 6.369 Thread 0x000001d599dfe770 Unloading class 0x000001d5af31c400 'java/lang/invoke/LambdaForm$MH+0x000001d5af31c400'

Classes redefined (0 events):
No events

Internal exceptions (20 events):
Event: 19.878 Thread 0x000001d5f81c03b0 Exception <a 'java/lang/IncompatibleClassChangeError'{0x00000000eac79448}: Found class java.lang.Object, but interface was expected> (0x00000000eac79448) 
thrown [s\src\hotspot\share\interpreter\linkResolver.cpp, line 840]
Event: 20.806 Thread 0x000001d5f663b370 Exception <a 'sun/nio/fs/WindowsException'{0x00000000eb188bb8}> (0x00000000eb188bb8) 
thrown [s\src\hotspot\share\prims\jni.cpp, line 520]
Event: 20.806 Thread 0x000001d5f663b370 Exception <a 'sun/nio/fs/WindowsException'{0x00000000eb1891e8}> (0x00000000eb1891e8) 
thrown [s\src\hotspot\share\prims\jni.cpp, line 520]
Event: 20.807 Thread 0x000001d5f663b370 Exception <a 'sun/nio/fs/WindowsException'{0x00000000eb18c560}> (0x00000000eb18c560) 
thrown [s\src\hotspot\share\prims\jni.cpp, line 520]
Event: 20.807 Thread 0x000001d5f663b370 Exception <a 'sun/nio/fs/WindowsException'{0x00000000eb18cb90}> (0x00000000eb18cb90) 
thrown [s\src\hotspot\share\prims\jni.cpp, line 520]
Event: 20.835 Thread 0x000001d5f663b370 Exception <a 'sun/nio/fs/WindowsException'{0x00000000eb28a5c0}> (0x00000000eb28a5c0) 
thrown [s\src\hotspot\share\prims\jni.cpp, line 520]
Event: 20.835 Thread 0x000001d5f663b370 Exception <a 'sun/nio/fs/WindowsException'{0x00000000eb28b0c0}> (0x00000000eb28b0c0) 
thrown [s\src\hotspot\share\prims\jni.cpp, line 520]
Event: 20.838 Thread 0x000001d5f663b370 Exception <a 'sun/nio/fs/WindowsException'{0x00000000eb294be8}> (0x00000000eb294be8) 
thrown [s\src\hotspot\share\prims\jni.cpp, line 520]
Event: 20.838 Thread 0x000001d5f663b370 Exception <a 'sun/nio/fs/WindowsException'{0x00000000eb2954c8}> (0x00000000eb2954c8) 
thrown [s\src\hotspot\share\prims\jni.cpp, line 520]
Event: 20.839 Thread 0x000001d5f663b370 Exception <a 'sun/nio/fs/WindowsException'{0x00000000eb2985b8}> (0x00000000eb2985b8) 
thrown [s\src\hotspot\share\prims\jni.cpp, line 520]
Event: 20.839 Thread 0x000001d5f663b370 Exception <a 'sun/nio/fs/WindowsException'{0x00000000eb298e98}> (0x00000000eb298e98) 
thrown [s\src\hotspot\share\prims\jni.cpp, line 520]
Event: 20.844 Thread 0x000001d5f663b370 Exception <a 'sun/nio/fs/WindowsException'{0x00000000eb2ab860}> (0x00000000eb2ab860) 
thrown [s\src\hotspot\share\prims\jni.cpp, line 520]
Event: 20.844 Thread 0x000001d5f663b370 Exception <a 'sun/nio/fs/WindowsException'{0x00000000eb2abe90}> (0x00000000eb2abe90) 
thrown [s\src\hotspot\share\prims\jni.cpp, line 520]
Event: 20.845 Thread 0x000001d5f663b370 Exception <a 'sun/nio/fs/WindowsException'{0x00000000eb2aca18}> (0x00000000eb2aca18) 
thrown [s\src\hotspot\share\prims\jni.cpp, line 520]
Event: 20.845 Thread 0x000001d5f663b370 Exception <a 'sun/nio/fs/WindowsException'{0x00000000eb2ad048}> (0x00000000eb2ad048) 
thrown [s\src\hotspot\share\prims\jni.cpp, line 520]
Event: 20.856 Thread 0x000001d5f663b370 Exception <a 'java/lang/IncompatibleClassChangeError'{0x00000000eb2fd130}: Found class java.lang.Object, but interface was expected> (0x00000000eb2fd130) 
thrown [s\src\hotspot\share\interpreter\linkResolver.cpp, line 840]
Event: 20.877 Thread 0x000001d5f663b370 Exception <a 'java/lang/IncompatibleClassChangeError'{0x00000000eabb6938}: Found class java.lang.Object, but interface was expected> (0x00000000eabb6938) 
thrown [s\src\hotspot\share\interpreter\linkResolver.cpp, line 840]
Event: 20.958 Thread 0x000001d5f81bf000 Implicit null exception at 0x000001d5a4ce525a to 0x000001d5a4ce52b3
Event: 21.062 Thread 0x000001d5f663b370 Exception <a 'java/lang/IncompatibleClassChangeError'{0x00000000eb1fb0e8}: Found class java.lang.Object, but interface was expected> (0x00000000eb1fb0e8) 
thrown [s\src\hotspot\share\interpreter\linkResolver.cpp, line 840]
Event: 21.069 Thread 0x000001d5f663b370 Exception <a 'java/lang/IncompatibleClassChangeError'{0x00000000eb236250}: Found class java.lang.Object, but interface was expected> (0x00000000eb236250) 
thrown [s\src\hotspot\share\interpreter\linkResolver.cpp, line 840]

ZGC Phase Switch (0 events):
No events

VM Operations (20 events):
Event: 19.839 Executing VM operation: ParallelGCFailedAllocation (Allocation Failure)
Event: 19.844 Executing VM operation: ParallelGCFailedAllocation (Allocation Failure) done
Event: 19.938 Executing VM operation: HandshakeAllThreads (Deoptimize)
Event: 19.938 Executing VM operation: HandshakeAllThreads (Deoptimize) done
Event: 19.949 Executing VM operation: HandshakeAllThreads (Deoptimize)
Event: 19.949 Executing VM operation: HandshakeAllThreads (Deoptimize) done
Event: 19.953 Executing VM operation: HandshakeAllThreads (Deoptimize)
Event: 19.953 Executing VM operation: HandshakeAllThreads (Deoptimize) done
Event: 20.118 Executing VM operation: CollectForMetadataAllocation (Metadata GC Threshold)
Event: 20.364 Executing VM operation: CollectForMetadataAllocation (Metadata GC Threshold) done
Event: 20.485 Executing VM operation: HandshakeAllThreads (Deoptimize)
Event: 20.486 Executing VM operation: HandshakeAllThreads (Deoptimize) done
Event: 20.489 Executing VM operation: HandshakeAllThreads (Deoptimize)
Event: 20.489 Executing VM operation: HandshakeAllThreads (Deoptimize) done
Event: 20.554 Executing VM operation: ParallelGCFailedAllocation (Allocation Failure)
Event: 20.559 Executing VM operation: ParallelGCFailedAllocation (Allocation Failure) done
Event: 20.864 Executing VM operation: ParallelGCFailedAllocation (Allocation Failure)
Event: 20.868 Executing VM operation: ParallelGCFailedAllocation (Allocation Failure) done
Event: 21.091 Executing VM operation: ParallelGCFailedAllocation (Allocation Failure)
Event: 21.095 Executing VM operation: ParallelGCFailedAllocation (Allocation Failure) done

Memory protections (0 events):
No events

Nmethod flushes (20 events):
Event: 20.225 Thread 0x000001d599dfe770 flushing  nmethod 0x000001d59d7e8e90
Event: 20.225 Thread 0x000001d599dfe770 flushing  nmethod 0x000001d59d7eb190
Event: 20.225 Thread 0x000001d599dfe770 flushing  nmethod 0x000001d59d7eb890
Event: 20.225 Thread 0x000001d599dfe770 flushing  nmethod 0x000001d59d806f90
Event: 20.225 Thread 0x000001d599dfe770 flushing  nmethod 0x000001d59d80f990
Event: 20.225 Thread 0x000001d599dfe770 flushing  nmethod 0x000001d59d810090
Event: 20.225 Thread 0x000001d599dfe770 flushing  nmethod 0x000001d59d810890
Event: 20.225 Thread 0x000001d599dfe770 flushing  nmethod 0x000001d59d811310
Event: 20.225 Thread 0x000001d599dfe770 flushing  nmethod 0x000001d59d811890
Event: 20.225 Thread 0x000001d599dfe770 flushing  nmethod 0x000001d59d812390
Event: 20.225 Thread 0x000001d599dfe770 flushing  nmethod 0x000001d59d817710
Event: 20.225 Thread 0x000001d599dfe770 flushing  nmethod 0x000001d59d818990
Event: 20.225 Thread 0x000001d599dfe770 flushing  nmethod 0x000001d59d820f90
Event: 20.225 Thread 0x000001d599dfe770 flushing  nmethod 0x000001d59d839010
Event: 20.225 Thread 0x000001d599dfe770 flushing  nmethod 0x000001d59d84b790
Event: 20.225 Thread 0x000001d599dfe770 flushing  nmethod 0x000001d59d859510
Event: 20.225 Thread 0x000001d599dfe770 flushing  nmethod 0x000001d59d85ad90
Event: 20.225 Thread 0x000001d599dfe770 flushing  nmethod 0x000001d59d88b910
Event: 20.225 Thread 0x000001d599dfe770 flushing  nmethod 0x000001d59d891010
Event: 20.225 Thread 0x000001d599dfe770 flushing  nmethod 0x000001d59d892c90

Events (20 events):
Event: 11.529 Thread 0x000001d5f66371d0 Thread added: 0x000001d5f81bcf30
Event: 11.537 Thread 0x000001d5f66371d0 Thread added: 0x000001d5f81bdc50
Event: 11.546 Thread 0x000001d5f66371d0 Thread added: 0x000001d5f81be2e0
Event: 11.554 Thread 0x000001d5f66371d0 Thread added: 0x000001d5f81bae60
Event: 11.566 Thread 0x000001d5f66371d0 Thread added: 0x000001d5f81c1760
Event: 11.587 Thread 0x000001d5f66371d0 Thread added: 0x000001d5f81be970
Event: 13.467 Thread 0x000001d5f663b370 Thread added: 0x000001d5f81c03b0
Event: 13.473 Thread 0x000001d5f663b370 Thread added: 0x000001d5f81c10d0
Event: 17.071 Thread 0x000001d5f62d7940 Thread exited: 0x000001d5f62d7940
Event: 17.235 Thread 0x000001d5f5c25660 Thread exited: 0x000001d5f5c25660
Event: 18.655 Thread 0x000001d5ef1dfd20 Thread added: 0x000001d5f8ea2c40
Event: 18.938 Thread 0x000001d5f8ea2c40 Thread exited: 0x000001d5f8ea2c40
Event: 19.068 Thread 0x000001d5f0ba0110 Thread added: 0x000001d5f8ea0360
Event: 19.068 Thread 0x000001d5f0ba0110 Thread added: 0x000001d5f8ea17d0
Event: 19.495 Thread 0x000001d5f8ea17d0 Thread exited: 0x000001d5f8ea17d0
Event: 19.676 Thread 0x000001d5f0ba0110 Thread added: 0x000001d5f8ea1100
Event: 19.783 Thread 0x000001d5f663b370 Thread added: 0x000001d5f81bf000
Event: 21.074 Thread 0x000001d5f663b370 Thread added: 0x000001d5f81c1df0
Event: 21.082 Thread 0x000001d5f663b370 Thread added: 0x000001d5f81bf690
Event: 21.083 Thread 0x000001d5f81c03b0 Thread added: 0x000001d5f81bfd20


Dynamic libraries:
0x00007ff63df20000 - 0x00007ff63df2e000 	c:\Users\DELL\.vscode\extensions\redhat.java-1.41.1-win32-x64\jre\21.0.6-win32-x86_64\bin\java.exe
0x00007fff8afa0000 - 0x00007fff8b206000 	C:\WINDOWS\SYSTEM32\ntdll.dll
0x00007fff8a5e0000 - 0x00007fff8a6a9000 	C:\WINDOWS\System32\KERNEL32.DLL
0x00007fff88810000 - 0x00007fff88bdc000 	C:\WINDOWS\System32\KERNELBASE.dll
0x00007fff88be0000 - 0x00007fff88d2b000 	C:\WINDOWS\System32\ucrtbase.dll
0x00007fff78860000 - 0x00007fff78878000 	c:\Users\DELL\.vscode\extensions\redhat.java-1.41.1-win32-x64\jre\21.0.6-win32-x86_64\bin\jli.dll
0x00007fff78840000 - 0x00007fff7885e000 	c:\Users\DELL\.vscode\extensions\redhat.java-1.41.1-win32-x64\jre\21.0.6-win32-x86_64\bin\VCRUNTIME140.dll
0x00007fff8a6b0000 - 0x00007fff8a87a000 	C:\WINDOWS\System32\USER32.dll
0x00007fff88d30000 - 0x00007fff88d57000 	C:\WINDOWS\System32\win32u.dll
0x00007fff8a0a0000 - 0x00007fff8a0cb000 	C:\WINDOWS\System32\GDI32.dll
0x00007fff88310000 - 0x00007fff88442000 	C:\WINDOWS\System32\gdi32full.dll
0x00007fff702b0000 - 0x00007fff7054a000 	C:\WINDOWS\WinSxS\amd64_microsoft.windows.common-controls_6595b64144ccf1df_6.0.26100.3912_none_3e07963ce335137e\COMCTL32.dll
0x00007fff88260000 - 0x00007fff88303000 	C:\WINDOWS\System32\msvcp_win.dll
0x00007fff8aa70000 - 0x00007fff8ab19000 	C:\WINDOWS\System32\msvcrt.dll
0x00007fff896a0000 - 0x00007fff896d0000 	C:\WINDOWS\System32\IMM32.DLL
0x00007fff78830000 - 0x00007fff7883c000 	c:\Users\DELL\.vscode\extensions\redhat.java-1.41.1-win32-x64\jre\21.0.6-win32-x86_64\bin\vcruntime140_1.dll
0x00007fff475c0000 - 0x00007fff4764d000 	c:\Users\DELL\.vscode\extensions\redhat.java-1.41.1-win32-x64\jre\21.0.6-win32-x86_64\bin\msvcp140.dll
0x00007fff383c0000 - 0x00007fff39150000 	c:\Users\DELL\.vscode\extensions\redhat.java-1.41.1-win32-x64\jre\21.0.6-win32-x86_64\bin\server\jvm.dll
0x00007fff899f0000 - 0x00007fff89aa2000 	C:\WINDOWS\System32\ADVAPI32.dll
0x00007fff895f0000 - 0x00007fff89696000 	C:\WINDOWS\System32\sechost.dll
0x00007fff88d90000 - 0x00007fff88ea6000 	C:\WINDOWS\System32\RPCRT4.dll
0x00007fff8aba0000 - 0x00007fff8ac14000 	C:\WINDOWS\System32\WS2_32.dll
0x00007fff86d60000 - 0x00007fff86dbe000 	C:\WINDOWS\SYSTEM32\POWRPROF.dll
0x00007fff7edb0000 - 0x00007fff7ede6000 	C:\WINDOWS\SYSTEM32\WINMM.dll
0x00007fff78570000 - 0x00007fff7857b000 	C:\WINDOWS\SYSTEM32\VERSION.dll
0x00007fff86d40000 - 0x00007fff86d54000 	C:\WINDOWS\SYSTEM32\UMPDC.dll
0x00007fff87010000 - 0x00007fff8702a000 	C:\WINDOWS\SYSTEM32\kernel.appcore.dll
0x00007fff78820000 - 0x00007fff7882a000 	c:\Users\DELL\.vscode\extensions\redhat.java-1.41.1-win32-x64\jre\21.0.6-win32-x86_64\bin\jimage.dll
0x00007fff857d0000 - 0x00007fff85a11000 	C:\WINDOWS\SYSTEM32\DBGHELP.DLL
0x00007fff89d10000 - 0x00007fff8a094000 	C:\WINDOWS\System32\combase.dll
0x00007fff89900000 - 0x00007fff899e0000 	C:\WINDOWS\System32\OLEAUT32.dll
0x00007fff6b070000 - 0x00007fff6b0a9000 	C:\WINDOWS\SYSTEM32\dbgcore.DLL
0x00007fff88130000 - 0x00007fff881c9000 	C:\WINDOWS\System32\bcryptPrimitives.dll
0x00007fff784c0000 - 0x00007fff784cf000 	c:\Users\DELL\.vscode\extensions\redhat.java-1.41.1-win32-x64\jre\21.0.6-win32-x86_64\bin\instrument.dll
0x00007fff784a0000 - 0x00007fff784bf000 	c:\Users\DELL\.vscode\extensions\redhat.java-1.41.1-win32-x64\jre\21.0.6-win32-x86_64\bin\java.dll
0x00007fff88eb0000 - 0x00007fff895dd000 	C:\WINDOWS\System32\SHELL32.dll
0x00007fff88450000 - 0x00007fff885c4000 	C:\WINDOWS\System32\wintypes.dll
0x00007fff85d80000 - 0x00007fff865d6000 	C:\WINDOWS\SYSTEM32\windows.storage.dll
0x00007fff8ae60000 - 0x00007fff8af4f000 	C:\WINDOWS\System32\SHCORE.dll
0x00007fff897e0000 - 0x00007fff89849000 	C:\WINDOWS\System32\shlwapi.dll
0x00007fff88040000 - 0x00007fff8806f000 	C:\WINDOWS\SYSTEM32\profapi.dll
0x00007fff78480000 - 0x00007fff78498000 	c:\Users\DELL\.vscode\extensions\redhat.java-1.41.1-win32-x64\jre\21.0.6-win32-x86_64\bin\zip.dll
0x00007fff71120000 - 0x00007fff71130000 	C:\Users\DELL\.vscode\extensions\redhat.java-1.41.1-win32-x64\jre\21.0.6-win32-x86_64\bin\net.dll
0x00007fff7ec80000 - 0x00007fff7ed9e000 	C:\WINDOWS\SYSTEM32\WINHTTP.dll
0x00007fff87580000 - 0x00007fff875ea000 	C:\WINDOWS\system32\mswsock.dll
0x00007fff6a100000 - 0x00007fff6a116000 	C:\Users\DELL\.vscode\extensions\redhat.java-1.41.1-win32-x64\jre\21.0.6-win32-x86_64\bin\nio.dll
0x00007fff71000000 - 0x00007fff71010000 	c:\Users\DELL\.vscode\extensions\redhat.java-1.41.1-win32-x64\jre\21.0.6-win32-x86_64\bin\verify.dll
0x00007fff46bf0000 - 0x00007fff46c35000 	C:\Users\DELL\AppData\Roaming\Code\User\globalStorage\redhat.java\1.41.1\config_win\org.eclipse.equinox.launcher\org.eclipse.equinox.launcher.win32.win32.x86_64_1.2.1300.v20250331-1702\eclipse_11911.dll
0x00007fff89ab0000 - 0x00007fff89c4f000 	C:\WINDOWS\System32\ole32.dll
0x00007fff87820000 - 0x00007fff8783c000 	C:\WINDOWS\SYSTEM32\CRYPTSP.dll
0x00007fff86f70000 - 0x00007fff86faa000 	C:\WINDOWS\system32\rsaenh.dll
0x00007fff87620000 - 0x00007fff8764b000 	C:\WINDOWS\SYSTEM32\USERENV.dll
0x00007fff88010000 - 0x00007fff88036000 	C:\WINDOWS\SYSTEM32\bcrypt.dll
0x00007fff87840000 - 0x00007fff8784c000 	C:\WINDOWS\SYSTEM32\CRYPTBASE.dll
0x00007fff86a50000 - 0x00007fff86a83000 	C:\WINDOWS\SYSTEM32\IPHLPAPI.DLL
0x00007fff8ae50000 - 0x00007fff8ae5a000 	C:\WINDOWS\System32\NSI.dll
0x00007fff46620000 - 0x00007fff46669000 	C:\Users\DELL\AppData\Local\Temp\jna-2094529\jna5834992655975749106.dll
0x00007fff895e0000 - 0x00007fff895e8000 	C:\WINDOWS\System32\PSAPI.DLL
0x00007fff82270000 - 0x00007fff8228f000 	C:\WINDOWS\SYSTEM32\dhcpcsvc6.DLL
0x00007fff82240000 - 0x00007fff82265000 	C:\WINDOWS\SYSTEM32\dhcpcsvc.DLL

dbghelp: loaded successfully - version: 4.0.5 - missing functions: none
symbol engine: initialized successfully - sym options: 0x614 - pdb path: .;c:\Users\DELL\.vscode\extensions\redhat.java-1.41.1-win32-x64\jre\21.0.6-win32-x86_64\bin;C:\WINDOWS\SYSTEM32;C:\WINDOWS\WinSxS\amd64_microsoft.windows.common-controls_6595b64144ccf1df_6.0.26100.3912_none_3e07963ce335137e;c:\Users\DELL\.vscode\extensions\redhat.java-1.41.1-win32-x64\jre\21.0.6-win32-x86_64\bin\server;C:\Users\DELL\AppData\Roaming\Code\User\globalStorage\redhat.java\1.41.1\config_win\org.eclipse.equinox.launcher\org.eclipse.equinox.launcher.win32.win32.x86_64_1.2.1300.v20250331-1702;C:\Users\DELL\AppData\Local\Temp\jna-2094529

VM Arguments:
jvm_args: --add-modules=ALL-SYSTEM --add-opens=java.base/java.util=ALL-UNNAMED --add-opens=java.base/java.lang=ALL-UNNAMED --add-opens=java.base/sun.nio.fs=ALL-UNNAMED -Declipse.application=org.eclipse.jdt.ls.core.id1 -Dosgi.bundles.defaultStartLevel=4 -Declipse.product=org.eclipse.jdt.ls.core.product -Djava.import.generatesMetadataFilesAtProjectRoot=false -DDetectVMInstallationsJob.disabled=true -Dfile.encoding=utf8 -XX:+UseParallelGC -XX:GCTimeRatio=4 -XX:AdaptiveSizePolicyWeight=90 -Dsun.zip.disableMemoryMapping=true -Xmx1G -Xms100m -Xlog:disable -javaagent:c:\Users\DELL\.vscode\extensions\redhat.java-1.41.1-win32-x64\lombok\lombok-1.18.36.jar -XX:+HeapDumpOnOutOfMemoryError -XX:HeapDumpPath=c:\Users\DELL\AppData\Roaming\Code\User\workspaceStorage\3445d51e809f9ea81cb50ad7f9c6bd4c\redhat.java -Daether.dependencyCollector.impl=bf 
java_command: c:\Users\DELL\.vscode\extensions\redhat.java-1.41.1-win32-x64\server\plugins\org.eclipse.equinox.launcher_1.7.0.v20250331-1702.jar -configuration c:\Users\DELL\AppData\Roaming\Code\User\globalStorage\redhat.java\1.41.1\config_win -data c:\Users\DELL\AppData\Roaming\Code\User\workspaceStorage\3445d51e809f9ea81cb50ad7f9c6bd4c\redhat.java\jdt_ws --pipe=\\.\pipe\lsp-28301f581502a355771735a52d087f77-sock
java_class_path (initial): c:\Users\DELL\.vscode\extensions\redhat.java-1.41.1-win32-x64\server\plugins\org.eclipse.equinox.launcher_1.7.0.v20250331-1702.jar
Launcher Type: SUN_STANDARD

[Global flags]
    uintx AdaptiveSizePolicyWeight                 = 90                                        {product} {command line}
     intx CICompilerCount                          = 4                                         {product} {ergonomic}
    uintx GCTimeRatio                              = 4                                         {product} {command line}
     bool HeapDumpOnOutOfMemoryError               = true                                   {manageable} {command line}
    ccstr HeapDumpPath                             = c:\Users\DELL\AppData\Roaming\Code\User\workspaceStorage\3445d51e809f9ea81cb50ad7f9c6bd4c\redhat.java         {manageable} {command line}
   size_t InitialHeapSize                          = 104857600                                 {product} {command line}
   size_t MaxHeapSize                              = 1073741824                                {product} {command line}
   size_t MaxNewSize                               = 357564416                                 {product} {ergonomic}
   size_t MinHeapDeltaBytes                        = 524288                                    {product} {ergonomic}
   size_t MinHeapSize                              = 104857600                                 {product} {command line}
   size_t NewSize                                  = 34603008                                  {product} {ergonomic}
    uintx NonNMethodCodeHeapSize                   = 5839372                                {pd product} {ergonomic}
    uintx NonProfiledCodeHeapSize                  = 122909434                              {pd product} {ergonomic}
   size_t OldSize                                  = 70254592                                  {product} {ergonomic}
    uintx ProfiledCodeHeapSize                     = 122909434                              {pd product} {ergonomic}
    uintx ReservedCodeCacheSize                    = 251658240                              {pd product} {ergonomic}
     bool SegmentedCodeCache                       = true                                      {product} {ergonomic}
   size_t SoftMaxHeapSize                          = 1073741824                             {manageable} {ergonomic}
     bool UseCompressedOops                        = true                           {product lp64_product} {ergonomic}
     bool UseLargePagesIndividualAllocation        = false                                  {pd product} {ergonomic}
     bool UseParallelGC                            = true                                      {product} {command line}

Logging:
Log output configuration:
 #0: stdout all=off uptime,level,tags foldmultilines=false
 #1: stderr all=off uptime,level,tags foldmultilines=false

Environment Variables:
JAVA_HOME=C:\Program Files\Java\jdk-17\
CLASSPATH=C:\Program Files\Java\jdk-22\lib\sqlite-jdbc-3.34.0.jar
PATH=C:\Program Files\Python312\Scripts\;C:\Program Files\Python312\;C:\Program Files\Common Files\Oracle\Java\javapath;C:\WINDOWS\system32;C:\WINDOWS;C:\WINDOWS\System32\Wbem;C:\WINDOWS\System32\WindowsPowerShell\v1.0\;C:\WINDOWS\System32\OpenSSH\;C:\Program Files\Java\jdk-22\bin;C:\Program Files\Git\cmd;C:\Program Files\nodejs\;C:\Program Files\Java\jdk-17\bin;C:\Program Files\MySQL\MySQL Shell 8.0\bin\;C:\Users\DELL\AppData\Local\Microsoft\WindowsApps;C:\Users\DELL\AppData\Local\Programs\Microsoft VS Code\bin;C:\Users\DELL\AppData\Local\Microsoft\WinGet\Packages\Schniz.fnm_Microsoft.Winget.Source_8wekyb3d8bbwe;C:\Users\DELL\AppData\Roaming\npm;C:\Users\DELL\AppData\Local\Pub\Cache\bin;E:\Mongosh\;C:\Flutter\src\flutter\bin;
USERNAME=DELL
OS=Windows_NT
PROCESSOR_IDENTIFIER=Intel64 Family 6 Model 140 Stepping 1, GenuineIntel
TMP=C:\Users\DELL\AppData\Local\Temp
TEMP=C:\Users\DELL\AppData\Local\Temp




Periodic native trim disabled

---------------  S Y S T E M  ---------------

OS:
 Windows 11 , 64 bit Build 26100 (10.0.26100.3912)
OS uptime: 0 days 0:06 hours
Hyper-V role detected

CPU: total 8 (initial active 8) (4 cores per cpu, 2 threads per core) family 6 model 140 stepping 1 microcode 0xbc, cx8, cmov, fxsr, ht, mmx, 3dnowpref, sse, sse2, sse3, ssse3, sse4.1, sse4.2, popcnt, lzcnt, tsc, tscinvbit, avx, avx2, aes, erms, clmul, bmi1, bmi2, adx, avx512f, avx512dq, avx512cd, avx512bw, avx512vl, sha, fma, vzeroupper, avx512_vpopcntdq, avx512_vpclmulqdq, avx512_vaes, avx512_vnni, clflush, clflushopt, clwb, avx512_vbmi2, avx512_vbmi, hv, rdtscp, rdpid, fsrm, gfni, avx512_bitalg, f16c, cet_ibt, cet_ss, avx512_ifma
Processor Information for processor 0
  Max Mhz: 2419, Current Mhz: 2419, Mhz Limit: 2419
Processor Information for processor 1
  Max Mhz: 2419, Current Mhz: 2419, Mhz Limit: 2419
Processor Information for processor 2
  Max Mhz: 2419, Current Mhz: 1209, Mhz Limit: 2419
Processor Information for processor 3
  Max Mhz: 2419, Current Mhz: 2419, Mhz Limit: 2419
Processor Information for processor 4
  Max Mhz: 2419, Current Mhz: 1209, Mhz Limit: 2419
Processor Information for processor 5
  Max Mhz: 2419, Current Mhz: 1209, Mhz Limit: 2419
Processor Information for processor 6
  Max Mhz: 2419, Current Mhz: 1209, Mhz Limit: 2419
Processor Information for processor 7
  Max Mhz: 2419, Current Mhz: 1209, Mhz Limit: 2419

Memory: 4k page, system-wide physical 7926M (1202M free)
TotalPageFile size 7926M (AvailPageFile size 9M)
current process WorkingSet (physical memory assigned to process): 704M, peak: 708M
current process commit charge ("private bytes"): 619M, peak: 622M

vm_info: OpenJDK 64-Bit Server VM (21.0.6+7-LTS) for windows-amd64 JRE (21.0.6+7-LTS), built on 2025-01-21T00:00:00Z by "admin" with MS VC++ 17.7 (VS2022)

END.
