#
# There is insufficient memory for the Java Runtime Environment to continue.
# Native memory allocation (malloc) failed to allocate 1051056 bytes. Error detail: Chunk::new
# Possible reasons:
#   The system is out of physical RAM or swap space
#   This process is running with CompressedOops enabled, and the Java Heap may be blocking the growth of the native heap
# Possible solutions:
#   Reduce memory load on the system
#   Increase physical memory or swap space
#   Check if swap backing store is full
#   Decrease Java heap size (-Xmx/-Xms)
#   Decrease number of Java threads
#   Decrease Java thread stack sizes (-Xss)
#   Set larger code cache with -XX:ReservedCodeCacheSize=
#   JVM is running with Unscaled Compressed Oops mode in which the Java heap is
#     placed in the first 4GB address space. The Java Heap base address is the
#     maximum limit for the native heap growth. Please use -XX:HeapBaseMinAddress
#     to set the Java Heap base and to place the Java Heap above 4GB virtual address.
# This output file may be truncated or incomplete.
#
#  Out of Memory Error (arena.cpp:168), pid=12964, tid=14320
#
# JRE version: OpenJDK Runtime Environment Temurin-21.0.7+6 (21.0.7+6) (build 21.0.7+6-LTS)
# Java VM: OpenJDK 64-Bit Server VM Temurin-21.0.7+6 (21.0.7+6-LTS, mixed mode, sharing, tiered, compressed oops, compressed class ptrs, parallel gc, windows-amd64)
# No core dump will be written. Minidumps are not enabled by default on client versions of Windows
#

---------------  S U M M A R Y ------------

Command Line: --add-modules=ALL-SYSTEM --add-opens=java.base/java.util=ALL-UNNAMED --add-opens=java.base/java.lang=ALL-UNNAMED --add-opens=java.base/sun.nio.fs=ALL-UNNAMED -Declipse.application=org.eclipse.jdt.ls.core.id1 -Dosgi.bundles.defaultStartLevel=4 -Declipse.product=org.eclipse.jdt.ls.core.product -Djava.import.generatesMetadataFilesAtProjectRoot=false -DDetectVMInstallationsJob.disabled=true -Dfile.encoding=utf8 -XX:+UseParallelGC -XX:GCTimeRatio=4 -XX:AdaptiveSizePolicyWeight=90 -Dsun.zip.disableMemoryMapping=true -Xmx1G -Xms100m -Xlog:disable -javaagent:c:\Users\DELL\.vscode\extensions\redhat.java-1.42.0-win32-x64\lombok\lombok-1.18.36.jar -XX:+HeapDumpOnOutOfMemoryError -XX:HeapDumpPath=c:\Users\DELL\AppData\Roaming\Code\User\workspaceStorage\3445d51e809f9ea81cb50ad7f9c6bd4c\redhat.java -Daether.dependencyCollector.impl=bf c:\Users\DELL\.vscode\extensions\redhat.java-1.42.0-win32-x64\server\plugins\org.eclipse.equinox.launcher_1.7.0.v20250424-1814.jar -configuration c:\Users\DELL\AppData\Roaming\Code\User\globalStorage\redhat.java\1.42.0\config_win -data c:\Users\DELL\AppData\Roaming\Code\User\workspaceStorage\3445d51e809f9ea81cb50ad7f9c6bd4c\redhat.java\jdt_ws --pipe=\\.\pipe\lsp-da557e2fa8e0a11c6955902f6108ad0b-sock

Host: 11th Gen Intel(R) Core(TM) i5-1135G7 @ 2.40GHz, 8 cores, 7G,  Windows 11 , 64 bit Build 26100 (10.0.26100.3912)
Time: Sat May 17 23:42:44 2025 India Standard Time elapsed time: 26.305026 seconds (0d 0h 0m 26s)

---------------  T H R E A D  ---------------

Current thread (0x000001fccb869700):  JavaThread "C2 CompilerThread0" daemon [_thread_in_native, id=14320, stack(0x000000bb35700000,0x000000bb35800000) (1024K)]


Current CompileTask:
C2:26305 4616       4       org.eclipse.osgi.internal.loader.BundleLoader::addExportedProvidersFor (167 bytes)

Stack: [0x000000bb35700000,0x000000bb35800000]
Native frames: (J=compiled Java code, j=interpreted, Vv=VM code, C=native code)
V  [jvm.dll+0x6ce119]
V  [jvm.dll+0x8a84a1]
V  [jvm.dll+0x8aa9ce]
V  [jvm.dll+0x8ab0b3]
V  [jvm.dll+0x27f8a6]
V  [jvm.dll+0xc507d]
V  [jvm.dll+0xc55b3]
V  [jvm.dll+0x3b68f2]
V  [jvm.dll+0x382aa5]
V  [jvm.dll+0x381f0a]
V  [jvm.dll+0x247af0]
V  [jvm.dll+0x2470cf]
V  [jvm.dll+0x1c760e]
V  [jvm.dll+0x25695a]
V  [jvm.dll+0x254efa]
V  [jvm.dll+0x3f03f6]
V  [jvm.dll+0x851f6b]
V  [jvm.dll+0x6cc7dd]
C  [ucrtbase.dll+0x37b0]
C  [KERNEL32.DLL+0x2e8d7]
C  [ntdll.dll+0x9c5dc]


---------------  P R O C E S S  ---------------

Threads class SMR info:
_java_thread_list=0x000001fd161d5d90, length=38, elements={
0x000001fcb749cf70, 0x000001fccb84b060, 0x000001fccb84dc40, 0x000001fccb8557b0,
0x000001fccb856400, 0x000001fccb857eb0, 0x000001fccb85d640, 0x000001fccb869700,
0x000001fccb889c50, 0x000001fd0e2d26f0, 0x000001fd0e61e890, 0x000001fd0ea63550,
0x000001fd0ea47d20, 0x000001fd130a1390, 0x000001fd130a20b0, 0x000001fd13824360,
0x000001fd13823640, 0x000001fd13822290, 0x000001fd0eb6dc70, 0x000001fd138249f0,
0x000001fd13822920, 0x000001fd13822fb0, 0x000001fd13823cd0, 0x000001fd13a89e30,
0x000001fd13821570, 0x000001fd13825080, 0x000001fd13821c00, 0x000001fd13827150,
0x000001fd138277e0, 0x000001fd13825da0, 0x000001fd13827e70, 0x000001fd13826ac0,
0x000001fd13825710, 0x000001fd13828500, 0x000001fd13828b90, 0x000001fd13826430,
0x000001fd130a2740, 0x000001fd130a1a20
}

Java Threads: ( => current thread )
  0x000001fcb749cf70 JavaThread "main"                              [_thread_in_vm, id=8596, stack(0x000000bb34d00000,0x000000bb34e00000) (1024K)]
  0x000001fccb84b060 JavaThread "Reference Handler"          daemon [_thread_blocked, id=7808, stack(0x000000bb35100000,0x000000bb35200000) (1024K)]
  0x000001fccb84dc40 JavaThread "Finalizer"                  daemon [_thread_blocked, id=7460, stack(0x000000bb35200000,0x000000bb35300000) (1024K)]
  0x000001fccb8557b0 JavaThread "Signal Dispatcher"          daemon [_thread_blocked, id=11888, stack(0x000000bb35300000,0x000000bb35400000) (1024K)]
  0x000001fccb856400 JavaThread "Attach Listener"            daemon [_thread_blocked, id=10252, stack(0x000000bb35400000,0x000000bb35500000) (1024K)]
  0x000001fccb857eb0 JavaThread "Service Thread"             daemon [_thread_blocked, id=12296, stack(0x000000bb35500000,0x000000bb35600000) (1024K)]
  0x000001fccb85d640 JavaThread "Monitor Deflation Thread"   daemon [_thread_blocked, id=13004, stack(0x000000bb35600000,0x000000bb35700000) (1024K)]
=>0x000001fccb869700 JavaThread "C2 CompilerThread0"         daemon [_thread_in_native, id=14320, stack(0x000000bb35700000,0x000000bb35800000) (1024K)]
  0x000001fccb889c50 JavaThread "C1 CompilerThread0"         daemon [_thread_blocked, id=9700, stack(0x000000bb35800000,0x000000bb35900000) (1024K)]
  0x000001fd0e2d26f0 JavaThread "Common-Cleaner"             daemon [_thread_blocked, id=11672, stack(0x000000bb35900000,0x000000bb35a00000) (1024K)]
  0x000001fd0e61e890 JavaThread "Notification Thread"        daemon [_thread_blocked, id=2252, stack(0x000000bb35b00000,0x000000bb35c00000) (1024K)]
  0x000001fd0ea63550 JavaThread "Active Thread: Equinox Container: a3c26e4f-606e-4ab6-9eab-82f8f99b5046"        [_thread_blocked, id=13352, stack(0x000000bb36900000,0x000000bb36a00000) (1024K)]
  0x000001fd0ea47d20 JavaThread "Framework Event Dispatcher: Equinox Container: a3c26e4f-606e-4ab6-9eab-82f8f99b5046" daemon [_thread_blocked, id=13540, stack(0x000000bb35a00000,0x000000bb35b00000) (1024K)]
  0x000001fd130a1390 JavaThread "Start Level: Equinox Container: a3c26e4f-606e-4ab6-9eab-82f8f99b5046" daemon [_thread_blocked, id=13596, stack(0x000000bb35c00000,0x000000bb35d00000) (1024K)]
  0x000001fd130a20b0 JavaThread "Refresh Thread: Equinox Container: a3c26e4f-606e-4ab6-9eab-82f8f99b5046" daemon [_thread_blocked, id=8496, stack(0x000000bb36c00000,0x000000bb36d00000) (1024K)]
  0x000001fd13824360 JavaThread "Bundle File Closer"         daemon [_thread_blocked, id=14284, stack(0x000000bb36b00000,0x000000bb36c00000) (1024K)]
  0x000001fd13823640 JavaThread "SCR Component Actor"        daemon [_thread_blocked, id=7724, stack(0x000000bb36300000,0x000000bb36400000) (1024K)]
  0x000001fd13822290 JavaThread "SCR Component Registry"     daemon [_thread_blocked, id=13196, stack(0x000000bb36400000,0x000000bb36500000) (1024K)]
  0x000001fd0eb6dc70 JavaThread "C2 CompilerThread1"         daemon [_thread_in_native, id=14248, stack(0x000000bb36500000,0x000000bb36600000) (1024K)]
  0x000001fd138249f0 JavaThread "Worker-JM"                         [_thread_blocked, id=5780, stack(0x000000bb36600000,0x000000bb36700000) (1024K)]
  0x000001fd13822920 JavaThread "JNA Cleaner"                daemon [_thread_blocked, id=3020, stack(0x000000bb36700000,0x000000bb36800000) (1024K)]
  0x000001fd13822fb0 JavaThread "Worker-0: Initialize After Load"        [_thread_blocked, id=11324, stack(0x000000bb36800000,0x000000bb36900000) (1024K)]
  0x000001fd13823cd0 JavaThread "Worker-1"                          [_thread_blocked, id=14276, stack(0x000000bb36d00000,0x000000bb36e00000) (1024K)]
  0x000001fd13a89e30 JavaThread "C2 CompilerThread2"         daemon [_thread_in_native, id=9540, stack(0x000000bb36e00000,0x000000bb36f00000) (1024K)]
  0x000001fd13821570 JavaThread "Java indexing"              daemon [_thread_blocked, id=13656, stack(0x000000bb36f00000,0x000000bb37000000) (1024K)]
  0x000001fd13825080 JavaThread "Worker-2: Repository registry initialization"        [_thread_blocked, id=11292, stack(0x000000bb37200000,0x000000bb37300000) (1024K)]
  0x000001fd13821c00 JavaThread "Worker-3: Updating Maven Dependencies"        [_thread_in_vm, id=13100, stack(0x000000bb37300000,0x000000bb37400000) (1024K)]
  0x000001fd13827150 JavaThread "Thread-2"                   daemon [_thread_in_native, id=11364, stack(0x000000bb37400000,0x000000bb37500000) (1024K)]
  0x000001fd138277e0 JavaThread "Thread-3"                   daemon [_thread_in_native, id=10464, stack(0x000000bb37500000,0x000000bb37600000) (1024K)]
  0x000001fd13825da0 JavaThread "Thread-4"                   daemon [_thread_in_native, id=11688, stack(0x000000bb37600000,0x000000bb37700000) (1024K)]
  0x000001fd13827e70 JavaThread "Thread-5"                   daemon [_thread_in_native, id=2092, stack(0x000000bb37700000,0x000000bb37800000) (1024K)]
  0x000001fd13826ac0 JavaThread "Thread-6"                   daemon [_thread_in_native, id=10908, stack(0x000000bb37800000,0x000000bb37900000) (1024K)]
  0x000001fd13825710 JavaThread "Thread-7"                   daemon [_thread_in_native, id=14128, stack(0x000000bb37900000,0x000000bb37a00000) (1024K)]
  0x000001fd13828500 JavaThread "Thread-8"                   daemon [_thread_in_native, id=8248, stack(0x000000bb37a00000,0x000000bb37b00000) (1024K)]
  0x000001fd13828b90 JavaThread "Thread-9"                   daemon [_thread_in_native, id=11740, stack(0x000000bb37b00000,0x000000bb37c00000) (1024K)]
  0x000001fd13826430 JavaThread "Thread-10"                  daemon [_thread_in_native, id=11580, stack(0x000000bb37c00000,0x000000bb37d00000) (1024K)]
  0x000001fd130a2740 JavaThread "pool-2-thread-1"                   [_thread_blocked, id=8096, stack(0x000000bb37d00000,0x000000bb37e00000) (1024K)]
  0x000001fd130a1a20 JavaThread "Worker-4"                          [_thread_blocked, id=7396, stack(0x000000bb37e00000,0x000000bb37f00000) (1024K)]
Total: 38

Other Threads:
  0x000001fccb8325d0 VMThread "VM Thread"                           [id=14116, stack(0x000000bb35000000,0x000000bb35100000) (1024K)]
  0x000001fcb7506e50 WatcherThread "VM Periodic Task Thread"        [id=12928, stack(0x000000bb34f00000,0x000000bb35000000) (1024K)]
  0x000001fcb74bb280 WorkerThread "GC Thread#0"                     [id=13276, stack(0x000000bb34e00000,0x000000bb34f00000) (1024K)]
  0x000001fd0ee1ebd0 WorkerThread "GC Thread#1"                     [id=12676, stack(0x000000bb35d00000,0x000000bb35e00000) (1024K)]
  0x000001fd0ed624f0 WorkerThread "GC Thread#2"                     [id=2372, stack(0x000000bb35e00000,0x000000bb35f00000) (1024K)]
  0x000001fd0ed62890 WorkerThread "GC Thread#3"                     [id=12364, stack(0x000000bb35f00000,0x000000bb36000000) (1024K)]
  0x000001fd0ed62c30 WorkerThread "GC Thread#4"                     [id=11700, stack(0x000000bb36000000,0x000000bb36100000) (1024K)]
  0x000001fd0ede47e0 WorkerThread "GC Thread#5"                     [id=6036, stack(0x000000bb36100000,0x000000bb36200000) (1024K)]
  0x000001fd0ede4b80 WorkerThread "GC Thread#6"                     [id=8068, stack(0x000000bb36200000,0x000000bb36300000) (1024K)]
  0x000001fd0ea77c50 WorkerThread "GC Thread#7"                     [id=9124, stack(0x000000bb36a00000,0x000000bb36b00000) (1024K)]
Total: 10

Threads with active compile tasks:
C2 CompilerThread0  26360 4616       4       org.eclipse.osgi.internal.loader.BundleLoader::addExportedProvidersFor (167 bytes)
C2 CompilerThread1  26361 4641       4       java.lang.AbstractStringBuilder::append (45 bytes)
C2 CompilerThread2  26362 4319       4       org.lombokweb.asm.ClassReader::readMethod (1070 bytes)
Total: 3

VM state: not at safepoint (normal execution)

VM Mutex/Monitor currently owned by a thread: None

Heap address: 0x00000000c0000000, size: 1024 MB, Compressed Oops mode: 32-bit

CDS archive(s) mapped at: [0x000001fccc000000-0x000001fcccba0000-0x000001fcccba0000), size 12189696, SharedBaseAddress: 0x000001fccc000000, ArchiveRelocationMode: 1.
Compressed class space mapped at: 0x000001fccd000000-0x000001fd0d000000, reserved size: 1073741824
Narrow klass base: 0x000001fccc000000, Narrow klass shift: 0, Narrow klass range: 0x100000000

GC Precious Log:
 CardTable entry size: 512
 CPUs: 8 total, 8 available
 Memory: 7926M
 Large Page Support: Disabled
 NUMA Support: Disabled
 Compressed Oops: Enabled (32-bit)
 Alignments: Space 512K, Generation 512K, Heap 2M
 Heap Min Capacity: 100M
 Heap Initial Capacity: 100M
 Heap Max Capacity: 1G
 Pre-touch: Disabled
 Parallel Workers: 8

Heap:
 PSYoungGen      total 23552K, used 15951K [0x00000000eab00000, 0x00000000ec800000, 0x0000000100000000)
  eden space 22016K, 65% used [0x00000000eab00000,0x00000000eb917fe0,0x00000000ec080000)
  from space 1536K, 98% used [0x00000000ec680000,0x00000000ec7fc000,0x00000000ec800000)
  to   space 3584K, 0% used [0x00000000ec100000,0x00000000ec100000,0x00000000ec480000)
 ParOldGen       total 68608K, used 16114K [0x00000000c0000000, 0x00000000c4300000, 0x00000000eab00000)
  object space 68608K, 23% used [0x00000000c0000000,0x00000000c0fbca90,0x00000000c4300000)
 Metaspace       used 33266K, committed 34240K, reserved 1114112K
  class space    used 3260K, committed 3648K, reserved 1048576K

Card table byte_map: [0x000001fcb6d50000,0x000001fcb6f60000] _byte_map_base: 0x000001fcb6750000

Marking Bits: (ParMarkBitMap*) 0x00007ffa754a31f0
 Begin Bits: [0x000001fcc9690000, 0x000001fcca690000)
 End Bits:   [0x000001fcca690000, 0x000001fccb690000)

Polling page: 0x000001fcb51f0000

Metaspace:

Usage:
  Non-class:     29.30 MB used.
      Class:      3.19 MB used.
       Both:     32.49 MB used.

Virtual space:
  Non-class space:       64.00 MB reserved,      29.88 MB ( 47%) committed,  1 nodes.
      Class space:        1.00 GB reserved,       3.56 MB ( <1%) committed,  1 nodes.
             Both:        1.06 GB reserved,      33.44 MB (  3%) committed. 

Chunk freelists:
   Non-Class:  1.77 MB
       Class:  12.45 MB
        Both:  14.22 MB

MaxMetaspaceSize: unlimited
CompressedClassSpaceSize: 1.00 GB
Initial GC threshold: 21.00 MB
Current GC threshold: 35.00 MB
CDS: on
 - commit_granule_bytes: 65536.
 - commit_granule_words: 8192.
 - virtual_space_node_default_size: 8388608.
 - enlarge_chunks_in_place: 1.
 - use_allocation_guard: 0.


Internal statistics:

num_allocs_failed_limit: 3.
num_arena_births: 744.
num_arena_deaths: 14.
num_vsnodes_births: 2.
num_vsnodes_deaths: 0.
num_space_committed: 535.
num_space_uncommitted: 0.
num_chunks_returned_to_freelist: 17.
num_chunks_taken_from_freelist: 2097.
num_chunk_merges: 9.
num_chunk_splits: 1358.
num_chunks_enlarged: 847.
num_inconsistent_stats: 0.

CodeHeap 'non-profiled nmethods': size=120000Kb used=2381Kb max_used=2381Kb free=117619Kb
 bounds [0x000001fcc2160000, 0x000001fcc23d0000, 0x000001fcc9690000]
CodeHeap 'profiled nmethods': size=120000Kb used=10236Kb max_used=10236Kb free=109763Kb
 bounds [0x000001fcba690000, 0x000001fcbb090000, 0x000001fcc1bc0000]
CodeHeap 'non-nmethods': size=5760Kb used=1362Kb max_used=1397Kb free=4397Kb
 bounds [0x000001fcc1bc0000, 0x000001fcc1e30000, 0x000001fcc2160000]
 total_blobs=5404 nmethods=4759 adapters=551
 compilation: enabled
              stopped_count=0, restarted_count=0
 full_count=0

Compilation events (20 events):
Event: 25.359 Thread 0x000001fccb889c50 4752       2       java.util.regex.Pattern::newSlice (181 bytes)
Event: 25.360 Thread 0x000001fccb889c50 nmethod 4752 0x000001fcbb085f10 code [0x000001fcbb0861a0, 0x000001fcbb086af0]
Event: 25.360 Thread 0x000001fccb889c50 4753       2       org.eclipse.core.internal.jobs.JobListeners::getJobListenerTimeout (4 bytes)
Event: 25.361 Thread 0x000001fccb889c50 nmethod 4753 0x000001fcbb086f90 code [0x000001fcbb087120, 0x000001fcbb087210]
Event: 25.415 Thread 0x000001fccb889c50 4754       2       org.eclipse.core.internal.jobs.InternalJob::getState (60 bytes)
Event: 25.415 Thread 0x000001fccb889c50 nmethod 4754 0x000001fcbb087290 code [0x000001fcbb087440, 0x000001fcbb087600]
Event: 25.437 Thread 0x000001fccb889c50 4755       2       java.util.regex.Pattern$$Lambda/0x000001fccd066ef8::is (5 bytes)
Event: 25.437 Thread 0x000001fccb889c50 nmethod 4755 0x000001fcbb087690 code [0x000001fcbb087820, 0x000001fcbb087970]
Event: 25.448 Thread 0x000001fccb889c50 4756       2       org.eclipse.core.runtime.jobs.Job::getState (5 bytes)
Event: 25.449 Thread 0x000001fccb889c50 nmethod 4756 0x000001fcbb087a10 code [0x000001fcbb087bc0, 0x000001fcbb087ce8]
Event: 25.489 Thread 0x000001fccb889c50 4757       2       java.util.regex.Pattern$CharProperty::match (71 bytes)
Event: 25.490 Thread 0x000001fccb889c50 nmethod 4757 0x000001fcbb087d90 code [0x000001fcbb087f60, 0x000001fcbb0881b8]
Event: 25.512 Thread 0x000001fccb889c50 4758       2       org.eclipse.core.runtime.Assert::isLegal (15 bytes)
Event: 25.512 Thread 0x000001fccb889c50 nmethod 4758 0x000001fcbb088310 code [0x000001fcbb0884c0, 0x000001fcbb088660]
Event: 25.534 Thread 0x000001fccb889c50 4759       2       java.util.regex.Pattern::compile (537 bytes)
Event: 25.538 Thread 0x000001fccb889c50 nmethod 4759 0x000001fcbb088710 code [0x000001fcbb088a20, 0x000001fcbb089ac8]
Event: 25.546 Thread 0x000001fccb889c50 4760       2       java.util.regex.Pattern$Node::study (21 bytes)
Event: 25.546 Thread 0x000001fccb889c50 nmethod 4760 0x000001fcbb08a190 code [0x000001fcbb08a340, 0x000001fcbb08a4b8]
Event: 25.591 Thread 0x000001fccb889c50 4761   !   2       java.util.regex.Pattern::RemoveQEQuoting (370 bytes)
Event: 26.301 Thread 0x000001fccb889c50 nmethod 4761 0x000001fcbb08a590 code [0x000001fcbb08a7e0, 0x000001fcbb08b208]

GC Heap History (20 events):
Event: 12.715 GC heap before
{Heap before GC invocations=4 (full 0):
 PSYoungGen      total 29696K, used 29688K [0x00000000eab00000, 0x00000000ecc00000, 0x0000000100000000)
  eden space 25600K, 100% used [0x00000000eab00000,0x00000000ec400000,0x00000000ec400000)
  from space 4096K, 99% used [0x00000000ec400000,0x00000000ec7fe180,0x00000000ec800000)
  to   space 4096K, 0% used [0x00000000ec800000,0x00000000ec800000,0x00000000ecc00000)
 ParOldGen       total 68608K, used 5006K [0x00000000c0000000, 0x00000000c4300000, 0x00000000eab00000)
  object space 68608K, 7% used [0x00000000c0000000,0x00000000c04e3ac8,0x00000000c4300000)
 Metaspace       used 9960K, committed 10240K, reserved 1114112K
  class space    used 1011K, committed 1152K, reserved 1048576K
}
Event: 12.721 GC heap after
{Heap after GC invocations=4 (full 0):
 PSYoungGen      total 29696K, used 4070K [0x00000000eab00000, 0x00000000ecc00000, 0x0000000100000000)
  eden space 25600K, 0% used [0x00000000eab00000,0x00000000eab00000,0x00000000ec400000)
  from space 4096K, 99% used [0x00000000ec800000,0x00000000ecbf9a38,0x00000000ecc00000)
  to   space 4096K, 0% used [0x00000000ec400000,0x00000000ec400000,0x00000000ec800000)
 ParOldGen       total 68608K, used 9818K [0x00000000c0000000, 0x00000000c4300000, 0x00000000eab00000)
  object space 68608K, 14% used [0x00000000c0000000,0x00000000c0996bc8,0x00000000c4300000)
 Metaspace       used 9960K, committed 10240K, reserved 1114112K
  class space    used 1011K, committed 1152K, reserved 1048576K
}
Event: 23.377 GC heap before
{Heap before GC invocations=5 (full 0):
 PSYoungGen      total 29696K, used 29670K [0x00000000eab00000, 0x00000000ecc00000, 0x0000000100000000)
  eden space 25600K, 100% used [0x00000000eab00000,0x00000000ec400000,0x00000000ec400000)
  from space 4096K, 99% used [0x00000000ec800000,0x00000000ecbf9a38,0x00000000ecc00000)
  to   space 4096K, 0% used [0x00000000ec400000,0x00000000ec400000,0x00000000ec800000)
 ParOldGen       total 68608K, used 9818K [0x00000000c0000000, 0x00000000c4300000, 0x00000000eab00000)
  object space 68608K, 14% used [0x00000000c0000000,0x00000000c0996bc8,0x00000000c4300000)
 Metaspace       used 12376K, committed 12800K, reserved 1114112K
  class space    used 1258K, committed 1472K, reserved 1048576K
}
Event: 23.381 GC heap after
{Heap after GC invocations=5 (full 0):
 PSYoungGen      total 29184K, used 4070K [0x00000000eab00000, 0x00000000ed080000, 0x0000000100000000)
  eden space 25088K, 0% used [0x00000000eab00000,0x00000000eab00000,0x00000000ec380000)
  from space 4096K, 99% used [0x00000000ec400000,0x00000000ec7f9aa8,0x00000000ec800000)
  to   space 6656K, 0% used [0x00000000eca00000,0x00000000eca00000,0x00000000ed080000)
 ParOldGen       total 68608K, used 10714K [0x00000000c0000000, 0x00000000c4300000, 0x00000000eab00000)
  object space 68608K, 15% used [0x00000000c0000000,0x00000000c0a76be8,0x00000000c4300000)
 Metaspace       used 12376K, committed 12800K, reserved 1114112K
  class space    used 1258K, committed 1472K, reserved 1048576K
}
Event: 23.761 GC heap before
{Heap before GC invocations=6 (full 0):
 PSYoungGen      total 29184K, used 29158K [0x00000000eab00000, 0x00000000ed080000, 0x0000000100000000)
  eden space 25088K, 100% used [0x00000000eab00000,0x00000000ec380000,0x00000000ec380000)
  from space 4096K, 99% used [0x00000000ec400000,0x00000000ec7f9aa8,0x00000000ec800000)
  to   space 6656K, 0% used [0x00000000eca00000,0x00000000eca00000,0x00000000ed080000)
 ParOldGen       total 68608K, used 10714K [0x00000000c0000000, 0x00000000c4300000, 0x00000000eab00000)
  object space 68608K, 15% used [0x00000000c0000000,0x00000000c0a76be8,0x00000000c4300000)
 Metaspace       used 15609K, committed 16128K, reserved 1114112K
  class space    used 1544K, committed 1792K, reserved 1048576K
}
Event: 23.765 GC heap after
{Heap after GC invocations=6 (full 0):
 PSYoungGen      total 30720K, used 5797K [0x00000000eab00000, 0x00000000ed000000, 0x0000000100000000)
  eden space 24576K, 0% used [0x00000000eab00000,0x00000000eab00000,0x00000000ec300000)
  from space 6144K, 94% used [0x00000000eca00000,0x00000000ecfa9568,0x00000000ed000000)
  to   space 6144K, 0% used [0x00000000ec400000,0x00000000ec400000,0x00000000eca00000)
 ParOldGen       total 68608K, used 10722K [0x00000000c0000000, 0x00000000c4300000, 0x00000000eab00000)
  object space 68608K, 15% used [0x00000000c0000000,0x00000000c0a78be8,0x00000000c4300000)
 Metaspace       used 15609K, committed 16128K, reserved 1114112K
  class space    used 1544K, committed 1792K, reserved 1048576K
}
Event: 24.196 GC heap before
{Heap before GC invocations=7 (full 0):
 PSYoungGen      total 30720K, used 30373K [0x00000000eab00000, 0x00000000ed000000, 0x0000000100000000)
  eden space 24576K, 100% used [0x00000000eab00000,0x00000000ec300000,0x00000000ec300000)
  from space 6144K, 94% used [0x00000000eca00000,0x00000000ecfa9568,0x00000000ed000000)
  to   space 6144K, 0% used [0x00000000ec400000,0x00000000ec400000,0x00000000eca00000)
 ParOldGen       total 68608K, used 10722K [0x00000000c0000000, 0x00000000c4300000, 0x00000000eab00000)
  object space 68608K, 15% used [0x00000000c0000000,0x00000000c0a78be8,0x00000000c4300000)
 Metaspace       used 18805K, committed 19456K, reserved 1114112K
  class space    used 1895K, committed 2176K, reserved 1048576K
}
Event: 24.201 GC heap after
{Heap after GC invocations=7 (full 0):
 PSYoungGen      total 29184K, used 5082K [0x00000000eab00000, 0x00000000ecd80000, 0x0000000100000000)
  eden space 24064K, 0% used [0x00000000eab00000,0x00000000eab00000,0x00000000ec280000)
  from space 5120K, 99% used [0x00000000ec400000,0x00000000ec8f6990,0x00000000ec900000)
  to   space 4608K, 0% used [0x00000000ec900000,0x00000000ec900000,0x00000000ecd80000)
 ParOldGen       total 68608K, used 11924K [0x00000000c0000000, 0x00000000c4300000, 0x00000000eab00000)
  object space 68608K, 17% used [0x00000000c0000000,0x00000000c0ba5118,0x00000000c4300000)
 Metaspace       used 18805K, committed 19456K, reserved 1114112K
  class space    used 1895K, committed 2176K, reserved 1048576K
}
Event: 24.405 GC heap before
{Heap before GC invocations=8 (full 0):
 PSYoungGen      total 29184K, used 23318K [0x00000000eab00000, 0x00000000ecd80000, 0x0000000100000000)
  eden space 24064K, 75% used [0x00000000eab00000,0x00000000ebccf208,0x00000000ec280000)
  from space 5120K, 99% used [0x00000000ec400000,0x00000000ec8f6990,0x00000000ec900000)
  to   space 4608K, 0% used [0x00000000ec900000,0x00000000ec900000,0x00000000ecd80000)
 ParOldGen       total 68608K, used 11924K [0x00000000c0000000, 0x00000000c4300000, 0x00000000eab00000)
  object space 68608K, 17% used [0x00000000c0000000,0x00000000c0ba5118,0x00000000c4300000)
 Metaspace       used 20692K, committed 21504K, reserved 1114112K
  class space    used 2105K, committed 2496K, reserved 1048576K
}
Event: 24.408 GC heap after
{Heap after GC invocations=8 (full 0):
 PSYoungGen      total 28672K, used 4596K [0x00000000eab00000, 0x00000000ecd80000, 0x0000000100000000)
  eden space 24064K, 0% used [0x00000000eab00000,0x00000000eab00000,0x00000000ec280000)
  from space 4608K, 99% used [0x00000000ec900000,0x00000000ecd7d198,0x00000000ecd80000)
  to   space 5632K, 0% used [0x00000000ec280000,0x00000000ec280000,0x00000000ec800000)
 ParOldGen       total 68608K, used 12763K [0x00000000c0000000, 0x00000000c4300000, 0x00000000eab00000)
  object space 68608K, 18% used [0x00000000c0000000,0x00000000c0c76e60,0x00000000c4300000)
 Metaspace       used 20692K, committed 21504K, reserved 1114112K
  class space    used 2105K, committed 2496K, reserved 1048576K
}
Event: 24.408 GC heap before
{Heap before GC invocations=9 (full 1):
 PSYoungGen      total 28672K, used 4596K [0x00000000eab00000, 0x00000000ecd80000, 0x0000000100000000)
  eden space 24064K, 0% used [0x00000000eab00000,0x00000000eab00000,0x00000000ec280000)
  from space 4608K, 99% used [0x00000000ec900000,0x00000000ecd7d198,0x00000000ecd80000)
  to   space 5632K, 0% used [0x00000000ec280000,0x00000000ec280000,0x00000000ec800000)
 ParOldGen       total 68608K, used 12763K [0x00000000c0000000, 0x00000000c4300000, 0x00000000eab00000)
  object space 68608K, 18% used [0x00000000c0000000,0x00000000c0c76e60,0x00000000c4300000)
 Metaspace       used 20692K, committed 21504K, reserved 1114112K
  class space    used 2105K, committed 2496K, reserved 1048576K
}
Event: 24.434 GC heap after
{Heap after GC invocations=9 (full 1):
 PSYoungGen      total 28672K, used 0K [0x00000000eab00000, 0x00000000ecd80000, 0x0000000100000000)
  eden space 24064K, 0% used [0x00000000eab00000,0x00000000eab00000,0x00000000ec280000)
  from space 4608K, 0% used [0x00000000ec900000,0x00000000ec900000,0x00000000ecd80000)
  to   space 5632K, 0% used [0x00000000ec280000,0x00000000ec280000,0x00000000ec800000)
 ParOldGen       total 68608K, used 12819K [0x00000000c0000000, 0x00000000c4300000, 0x00000000eab00000)
  object space 68608K, 18% used [0x00000000c0000000,0x00000000c0c84fc0,0x00000000c4300000)
 Metaspace       used 20679K, committed 21504K, reserved 1114112K
  class space    used 2101K, committed 2496K, reserved 1048576K
}
Event: 24.572 GC heap before
{Heap before GC invocations=10 (full 1):
 PSYoungGen      total 28672K, used 24064K [0x00000000eab00000, 0x00000000ecd80000, 0x0000000100000000)
  eden space 24064K, 100% used [0x00000000eab00000,0x00000000ec280000,0x00000000ec280000)
  from space 4608K, 0% used [0x00000000ec900000,0x00000000ec900000,0x00000000ecd80000)
  to   space 5632K, 0% used [0x00000000ec280000,0x00000000ec280000,0x00000000ec800000)
 ParOldGen       total 68608K, used 12819K [0x00000000c0000000, 0x00000000c4300000, 0x00000000eab00000)
  object space 68608K, 18% used [0x00000000c0000000,0x00000000c0c84fc0,0x00000000c4300000)
 Metaspace       used 23047K, committed 23872K, reserved 1114112K
  class space    used 2267K, committed 2624K, reserved 1048576K
}
Event: 24.573 GC heap after
{Heap after GC invocations=10 (full 1):
 PSYoungGen      total 24576K, used 705K [0x00000000eab00000, 0x00000000ec980000, 0x0000000100000000)
  eden space 23552K, 0% used [0x00000000eab00000,0x00000000eab00000,0x00000000ec200000)
  from space 1024K, 68% used [0x00000000ec280000,0x00000000ec3307c0,0x00000000ec380000)
  to   space 2560K, 0% used [0x00000000ec700000,0x00000000ec700000,0x00000000ec980000)
 ParOldGen       total 68608K, used 12827K [0x00000000c0000000, 0x00000000c4300000, 0x00000000eab00000)
  object space 68608K, 18% used [0x00000000c0000000,0x00000000c0c86fc0,0x00000000c4300000)
 Metaspace       used 23047K, committed 23872K, reserved 1114112K
  class space    used 2267K, committed 2624K, reserved 1048576K
}
Event: 24.722 GC heap before
{Heap before GC invocations=11 (full 1):
 PSYoungGen      total 24576K, used 23729K [0x00000000eab00000, 0x00000000ec980000, 0x0000000100000000)
  eden space 23552K, 97% used [0x00000000eab00000,0x00000000ec17bdf0,0x00000000ec200000)
  from space 1024K, 68% used [0x00000000ec280000,0x00000000ec3307c0,0x00000000ec380000)
  to   space 2560K, 0% used [0x00000000ec700000,0x00000000ec700000,0x00000000ec980000)
 ParOldGen       total 68608K, used 12827K [0x00000000c0000000, 0x00000000c4300000, 0x00000000eab00000)
  object space 68608K, 18% used [0x00000000c0000000,0x00000000c0c86fc0,0x00000000c4300000)
 Metaspace       used 26462K, committed 27264K, reserved 1114112K
  class space    used 2533K, committed 2880K, reserved 1048576K
}
Event: 24.723 GC heap after
{Heap after GC invocations=11 (full 1):
 PSYoungGen      total 24064K, used 910K [0x00000000eab00000, 0x00000000ec800000, 0x0000000100000000)
  eden space 23040K, 0% used [0x00000000eab00000,0x00000000eab00000,0x00000000ec180000)
  from space 1024K, 88% used [0x00000000ec700000,0x00000000ec7e3ab8,0x00000000ec800000)
  to   space 1536K, 0% used [0x00000000ec500000,0x00000000ec500000,0x00000000ec680000)
 ParOldGen       total 68608K, used 12835K [0x00000000c0000000, 0x00000000c4300000, 0x00000000eab00000)
  object space 68608K, 18% used [0x00000000c0000000,0x00000000c0c88fc0,0x00000000c4300000)
 Metaspace       used 26462K, committed 27264K, reserved 1114112K
  class space    used 2533K, committed 2880K, reserved 1048576K
}
Event: 24.917 GC heap before
{Heap before GC invocations=12 (full 1):
 PSYoungGen      total 24064K, used 23950K [0x00000000eab00000, 0x00000000ec800000, 0x0000000100000000)
  eden space 23040K, 100% used [0x00000000eab00000,0x00000000ec180000,0x00000000ec180000)
  from space 1024K, 88% used [0x00000000ec700000,0x00000000ec7e3ab8,0x00000000ec800000)
  to   space 1536K, 0% used [0x00000000ec500000,0x00000000ec500000,0x00000000ec680000)
 ParOldGen       total 68608K, used 12835K [0x00000000c0000000, 0x00000000c4300000, 0x00000000eab00000)
  object space 68608K, 18% used [0x00000000c0000000,0x00000000c0c88fc0,0x00000000c4300000)
 Metaspace       used 27971K, committed 28800K, reserved 1114112K
  class space    used 2639K, committed 3008K, reserved 1048576K
}
Event: 24.919 GC heap after
{Heap after GC invocations=12 (full 1):
 PSYoungGen      total 24064K, used 1534K [0x00000000eab00000, 0x00000000ec800000, 0x0000000100000000)
  eden space 22528K, 0% used [0x00000000eab00000,0x00000000eab00000,0x00000000ec100000)
  from space 1536K, 99% used [0x00000000ec500000,0x00000000ec67f870,0x00000000ec680000)
  to   space 1536K, 0% used [0x00000000ec680000,0x00000000ec680000,0x00000000ec800000)
 ParOldGen       total 68608K, used 14376K [0x00000000c0000000, 0x00000000c4300000, 0x00000000eab00000)
  object space 68608K, 20% used [0x00000000c0000000,0x00000000c0e0a290,0x00000000c4300000)
 Metaspace       used 27971K, committed 28800K, reserved 1114112K
  class space    used 2639K, committed 3008K, reserved 1048576K
}
Event: 25.179 GC heap before
{Heap before GC invocations=13 (full 1):
 PSYoungGen      total 24064K, used 24062K [0x00000000eab00000, 0x00000000ec800000, 0x0000000100000000)
  eden space 22528K, 100% used [0x00000000eab00000,0x00000000ec100000,0x00000000ec100000)
  from space 1536K, 99% used [0x00000000ec500000,0x00000000ec67f870,0x00000000ec680000)
  to   space 1536K, 0% used [0x00000000ec680000,0x00000000ec680000,0x00000000ec800000)
 ParOldGen       total 68608K, used 14376K [0x00000000c0000000, 0x00000000c4300000, 0x00000000eab00000)
  object space 68608K, 20% used [0x00000000c0000000,0x00000000c0e0a290,0x00000000c4300000)
 Metaspace       used 31258K, committed 32128K, reserved 1114112K
  class space    used 3008K, committed 3392K, reserved 1048576K
}
Event: 25.181 GC heap after
{Heap after GC invocations=13 (full 1):
 PSYoungGen      total 23552K, used 1520K [0x00000000eab00000, 0x00000000ec800000, 0x0000000100000000)
  eden space 22016K, 0% used [0x00000000eab00000,0x00000000eab00000,0x00000000ec080000)
  from space 1536K, 98% used [0x00000000ec680000,0x00000000ec7fc000,0x00000000ec800000)
  to   space 3584K, 0% used [0x00000000ec100000,0x00000000ec100000,0x00000000ec480000)
 ParOldGen       total 68608K, used 16114K [0x00000000c0000000, 0x00000000c4300000, 0x00000000eab00000)
  object space 68608K, 23% used [0x00000000c0000000,0x00000000c0fbca90,0x00000000c4300000)
 Metaspace       used 31258K, committed 32128K, reserved 1114112K
  class space    used 3008K, committed 3392K, reserved 1048576K
}

Dll operation events (10 events):
Event: 0.012 Loaded shared library c:\Users\DELL\.vscode\extensions\redhat.java-1.42.0-win32-x64\jre\21.0.7-win32-x86_64\bin\java.dll
Event: 0.073 Loaded shared library c:\Users\DELL\.vscode\extensions\redhat.java-1.42.0-win32-x64\jre\21.0.7-win32-x86_64\bin\zip.dll
Event: 0.103 Loaded shared library C:\Users\DELL\.vscode\extensions\redhat.java-1.42.0-win32-x64\jre\21.0.7-win32-x86_64\bin\instrument.dll
Event: 0.108 Loaded shared library C:\Users\DELL\.vscode\extensions\redhat.java-1.42.0-win32-x64\jre\21.0.7-win32-x86_64\bin\net.dll
Event: 0.110 Loaded shared library C:\Users\DELL\.vscode\extensions\redhat.java-1.42.0-win32-x64\jre\21.0.7-win32-x86_64\bin\nio.dll
Event: 0.122 Loaded shared library C:\Users\DELL\.vscode\extensions\redhat.java-1.42.0-win32-x64\jre\21.0.7-win32-x86_64\bin\zip.dll
Event: 0.180 Loaded shared library C:\Users\DELL\.vscode\extensions\redhat.java-1.42.0-win32-x64\jre\21.0.7-win32-x86_64\bin\jimage.dll
Event: 0.295 Loaded shared library c:\Users\DELL\.vscode\extensions\redhat.java-1.42.0-win32-x64\jre\21.0.7-win32-x86_64\bin\verify.dll
Event: 11.030 Loaded shared library C:\Users\DELL\AppData\Roaming\Code\User\globalStorage\redhat.java\1.42.0\config_win\org.eclipse.equinox.launcher\org.eclipse.equinox.launcher.win32.win32.x86_64_1.2.1300.v20250331-1702\eclipse_11911.dll
Event: 23.991 Loaded shared library C:\Users\DELL\AppData\Local\Temp\jna-2094529\jna3436788387062361142.dll

Deoptimization events (20 events):
Event: 25.226 Thread 0x000001fd13821c00 Uncommon trap: trap_request=0xffffff45 fr.pc=0x000001fcc22cbe9c relative=0x0000000000000c3c
Event: 25.226 Thread 0x000001fd13821c00 Uncommon trap: reason=unstable_if action=reinterpret pc=0x000001fcc22cbe9c method=java.io.BufferedInputStream.implRead([BII)I @ 30 c2
Event: 25.226 Thread 0x000001fd13821c00 DEOPT PACKING pc=0x000001fcc22cbe9c sp=0x000000bb373fe9b0
Event: 25.226 Thread 0x000001fd13821c00 DEOPT UNPACKING pc=0x000001fcc1c16da2 sp=0x000000bb373fe908 mode 2
Event: 25.226 Thread 0x000001fd13821c00 Uncommon trap: trap_request=0xffffffde fr.pc=0x000001fcc2360fb8 relative=0x00000000000000f8
Event: 25.226 Thread 0x000001fd13821c00 Uncommon trap: reason=class_check action=maybe_recompile pc=0x000001fcc2360fb8 method=java.lang.Character.codePointAt(Ljava/lang/CharSequence;I)I @ 2 c2
Event: 25.226 Thread 0x000001fd13821c00 DEOPT PACKING pc=0x000001fcc2360fb8 sp=0x000000bb373fe7f0
Event: 25.226 Thread 0x000001fd13821c00 DEOPT UNPACKING pc=0x000001fcc1c16da2 sp=0x000000bb373fe778 mode 2
Event: 25.227 Thread 0x000001fd13821c00 Uncommon trap: trap_request=0xffffffde fr.pc=0x000001fcc2360fb8 relative=0x00000000000000f8
Event: 25.227 Thread 0x000001fd13821c00 Uncommon trap: reason=class_check action=maybe_recompile pc=0x000001fcc2360fb8 method=java.lang.Character.codePointAt(Ljava/lang/CharSequence;I)I @ 2 c2
Event: 25.227 Thread 0x000001fd13821c00 DEOPT PACKING pc=0x000001fcc2360fb8 sp=0x000000bb373fe7f0
Event: 25.227 Thread 0x000001fd13821c00 DEOPT UNPACKING pc=0x000001fcc1c16da2 sp=0x000000bb373fe778 mode 2
Event: 25.227 Thread 0x000001fd13821c00 Uncommon trap: trap_request=0xffffffde fr.pc=0x000001fcc2360fb8 relative=0x00000000000000f8
Event: 25.227 Thread 0x000001fd13821c00 Uncommon trap: reason=class_check action=maybe_recompile pc=0x000001fcc2360fb8 method=java.lang.Character.codePointAt(Ljava/lang/CharSequence;I)I @ 2 c2
Event: 25.227 Thread 0x000001fd13821c00 DEOPT PACKING pc=0x000001fcc2360fb8 sp=0x000000bb373fe7f0
Event: 25.227 Thread 0x000001fd13821c00 DEOPT UNPACKING pc=0x000001fcc1c16da2 sp=0x000000bb373fe778 mode 2
Event: 25.227 Thread 0x000001fd13821c00 Uncommon trap: trap_request=0xffffffde fr.pc=0x000001fcc2360fb8 relative=0x00000000000000f8
Event: 25.227 Thread 0x000001fd13821c00 Uncommon trap: reason=class_check action=maybe_recompile pc=0x000001fcc2360fb8 method=java.lang.Character.codePointAt(Ljava/lang/CharSequence;I)I @ 2 c2
Event: 25.227 Thread 0x000001fd13821c00 DEOPT PACKING pc=0x000001fcc2360fb8 sp=0x000000bb373fe7f0
Event: 25.227 Thread 0x000001fd13821c00 DEOPT UNPACKING pc=0x000001fcc1c16da2 sp=0x000000bb373fe778 mode 2

Classes loaded (20 events):
Event: 25.226 Loading class java/io/FileReader
Event: 25.226 Loading class java/io/FileReader done
Event: 25.227 Loading class java/util/concurrent/atomic/AtomicLongArray
Event: 25.227 Loading class java/util/concurrent/atomic/AtomicLongArray done
Event: 25.232 Loading class jdk/internal/vm/annotation/IntrinsicCandidate
Event: 25.232 Loading class jdk/internal/vm/annotation/IntrinsicCandidate done
Event: 25.238 Loading class java/lang/reflect/WildcardType
Event: 25.238 Loading class java/lang/reflect/WildcardType done
Event: 25.288 Loading class java/util/concurrent/atomic/AtomicReferenceFieldUpdater
Event: 25.288 Loading class java/util/concurrent/atomic/AtomicReferenceFieldUpdater done
Event: 25.288 Loading class java/util/concurrent/atomic/AtomicReferenceFieldUpdater$AtomicReferenceFieldUpdaterImpl
Event: 25.288 Loading class java/util/concurrent/atomic/AtomicReferenceFieldUpdater$AtomicReferenceFieldUpdaterImpl done
Event: 25.289 Loading class java/util/concurrent/atomic/AtomicReferenceFieldUpdater$AtomicReferenceFieldUpdaterImpl$1
Event: 25.289 Loading class java/util/concurrent/atomic/AtomicReferenceFieldUpdater$AtomicReferenceFieldUpdaterImpl$1 done
Event: 25.292 Loading class sun/reflect/generics/tree/BottomSignature
Event: 25.292 Loading class sun/reflect/generics/tree/BottomSignature done
Event: 25.292 Loading class sun/reflect/generics/tree/Wildcard
Event: 25.292 Loading class sun/reflect/generics/tree/Wildcard done
Event: 25.292 Loading class sun/reflect/generics/reflectiveObjects/WildcardTypeImpl
Event: 25.292 Loading class sun/reflect/generics/reflectiveObjects/WildcardTypeImpl done

Classes unloaded (7 events):
Event: 24.414 Thread 0x000001fccb8325d0 Unloading class 0x000001fccd1abc00 'java/lang/invoke/LambdaForm$MH+0x000001fccd1abc00'
Event: 24.414 Thread 0x000001fccb8325d0 Unloading class 0x000001fccd1ab800 'java/lang/invoke/LambdaForm$MH+0x000001fccd1ab800'
Event: 24.414 Thread 0x000001fccb8325d0 Unloading class 0x000001fccd1ab400 'java/lang/invoke/LambdaForm$MH+0x000001fccd1ab400'
Event: 24.414 Thread 0x000001fccb8325d0 Unloading class 0x000001fccd1ab000 'java/lang/invoke/LambdaForm$MH+0x000001fccd1ab000'
Event: 24.414 Thread 0x000001fccb8325d0 Unloading class 0x000001fccd1aac00 'java/lang/invoke/LambdaForm$BMH+0x000001fccd1aac00'
Event: 24.414 Thread 0x000001fccb8325d0 Unloading class 0x000001fccd1aa800 'java/lang/invoke/LambdaForm$DMH+0x000001fccd1aa800'
Event: 24.414 Thread 0x000001fccb8325d0 Unloading class 0x000001fccd1a9400 'java/lang/invoke/LambdaForm$DMH+0x000001fccd1a9400'

Classes redefined (0 events):
No events

Internal exceptions (20 events):
Event: 25.057 Thread 0x000001fd130a1390 Exception <a 'java/io/FileNotFoundException'{0x00000000eb249180}> (0x00000000eb249180) 
thrown [s\src\hotspot\share\prims\jni.cpp, line 520]
Event: 25.071 Thread 0x000001fd130a1390 Exception <a 'java/lang/UnsatisfiedLinkError'{0x00000000eb35bfd8}: The specified procedure could not be found.
> (0x00000000eb35bfd8) 
thrown [s\src\hotspot\share\prims\jni.cpp, line 539]
Event: 25.074 Thread 0x000001fd130a1390 Exception <a 'java/io/FileNotFoundException'{0x00000000eb373840}> (0x00000000eb373840) 
thrown [s\src\hotspot\share\prims\jni.cpp, line 520]
Event: 25.081 Thread 0x000001fd130a1390 Exception <a 'java/io/FileNotFoundException'{0x00000000eb3fb3d0}> (0x00000000eb3fb3d0) 
thrown [s\src\hotspot\share\prims\jni.cpp, line 520]
Event: 25.085 Thread 0x000001fd130a1390 Exception <a 'java/lang/UnsatisfiedLinkError'{0x00000000eb42d3f0}: The specified procedure could not be found.
> (0x00000000eb42d3f0) 
thrown [s\src\hotspot\share\prims\jni.cpp, line 539]
Event: 25.142 Thread 0x000001fd13823cd0 Exception <a 'java/lang/NoSuchMethodError'{0x00000000ebb87670}: 'void java.lang.invoke.DirectMethodHandle$Holder.invokeStaticInit(java.lang.Object, java.lang.Object, java.lang.Object, java.lang.Object)'> (0x00000000ebb87670) 
thrown [s\src\hotspot\share\interpreter\linkResolver.cpp, line 773]
Event: 25.161 Thread 0x000001fcb749cf70 Exception <a 'java/lang/NoSuchMethodError'{0x00000000ebe75870}: 'java.lang.Object java.lang.invoke.DirectMethodHandle$Holder.invokeStatic(java.lang.Object, long, java.lang.Object)'> (0x00000000ebe75870) 
thrown [s\src\hotspot\share\interpreter\linkResolver.cpp, line 773]
Event: 25.162 Thread 0x000001fcb749cf70 Exception <a 'java/lang/NoSuchMethodError'{0x00000000ebe8af30}: 'java.lang.Object java.lang.invoke.DirectMethodHandle$Holder.invokeStaticInit(java.lang.Object, long, java.lang.Object)'> (0x00000000ebe8af30) 
thrown [s\src\hotspot\share\interpreter\linkResolver.cpp, line 773]
Event: 25.162 Thread 0x000001fcb749cf70 Exception <a 'java/lang/NoSuchMethodError'{0x00000000ebea7bb8}: 'java.lang.Object java.lang.invoke.DirectMethodHandle$Holder.newInvokeSpecial(java.lang.Object, long)'> (0x00000000ebea7bb8) 
thrown [s\src\hotspot\share\interpreter\linkResolver.cpp, line 773]
Event: 25.195 Thread 0x000001fd13821c00 Exception <a 'java/lang/NoSuchMethodError'{0x00000000eacaed90}: 'java.lang.Object java.lang.invoke.DirectMethodHandle$Holder.invokeStaticInit(java.lang.Object, java.lang.Object, java.lang.Object, java.lang.Object, java.lang.Object, java.lang.Object, java.lang.Object)'> (0x00000000eacaed90) 
thrown [s\src\hotspot\share\interpreter\linkResolver.cpp, line 773]
Event: 25.196 Thread 0x000001fd13821c00 Exception <a 'java/lang/NoSuchMethodError'{0x00000000eacb36d8}: 'java.lang.Object java.lang.invoke.Invokers$Holder.invoke_MT(java.lang.Object, java.lang.Object, java.lang.Object, java.lang.Object, java.lang.Object, java.lang.Object, java.lang.Object, java.lang.Object, java.lang.Object)'> (0x00000000eacb36d8) 
thrown [s\src\hotspot\share\interpreter\linkResolver.cpp, line 773]
Event: 25.202 Thread 0x000001fd13821c00 Exception <a 'java/lang/NoSuchMethodError'{0x00000000eadad898}: 'int java.lang.invoke.DirectMethodHandle$Holder.invokeVirtual(java.lang.Object, java.lang.Object, java.lang.Object)'> (0x00000000eadad898) 
thrown [s\src\hotspot\share\interpreter\linkResolver.cpp, line 773]
Event: 25.202 Thread 0x000001fd13821c00 Exception <a 'java/lang/NoSuchMethodError'{0x00000000eadb1930}: 'int java.lang.invoke.DirectMethodHandle$Holder.invokeStaticInit(java.lang.Object, int, int)'> (0x00000000eadb1930) 
thrown [s\src\hotspot\share\interpreter\linkResolver.cpp, line 773]
Event: 25.203 Thread 0x000001fd13821c00 Exception <a 'java/lang/NoSuchMethodError'{0x00000000eade17b8}: 'int java.lang.invoke.DirectMethodHandle$Holder.invokeStaticInit(java.lang.Object, long, long)'> (0x00000000eade17b8) 
thrown [s\src\hotspot\share\interpreter\linkResolver.cpp, line 773]
Event: 25.205 Thread 0x000001fd13821c00 Exception <a 'java/lang/NoSuchMethodError'{0x00000000eadecf18}: 'int java.lang.invoke.DirectMethodHandle$Holder.invokeStaticInit(java.lang.Object, float, float)'> (0x00000000eadecf18) 
thrown [s\src\hotspot\share\interpreter\linkResolver.cpp, line 773]
Event: 25.205 Thread 0x000001fd13821c00 Exception <a 'java/lang/NoSuchMethodError'{0x00000000eae0db50}: 'int java.lang.invoke.DirectMethodHandle$Holder.invokeStaticInit(java.lang.Object, double, double)'> (0x00000000eae0db50) 
thrown [s\src\hotspot\share\interpreter\linkResolver.cpp, line 773]
Event: 25.206 Thread 0x000001fd13821c00 Exception <a 'java/lang/NoSuchMethodError'{0x00000000eae255d0}: 'int java.lang.invoke.DirectMethodHandle$Holder.invokeStatic(java.lang.Object, long)'> (0x00000000eae255d0) 
thrown [s\src\hotspot\share\interpreter\linkResolver.cpp, line 773]
Event: 25.209 Thread 0x000001fd13821c00 Exception <a 'java/lang/NoSuchMethodError'{0x00000000eae66398}: 'int java.lang.invoke.DirectMethodHandle$Holder.invokeSpecial(java.lang.Object, java.lang.Object, int, int)'> (0x00000000eae66398) 
thrown [s\src\hotspot\share\interpreter\linkResolver.cpp, line 773]
Event: 25.210 Thread 0x000001fd13821c00 Exception <a 'java/lang/NoSuchMethodError'{0x00000000eae8a6a0}: 'int java.lang.invoke.Invokers$Holder.linkToTargetMethod(java.lang.Object, java.lang.Object)'> (0x00000000eae8a6a0) 
thrown [s\src\hotspot\share\interpreter\linkResolver.cpp, line 773]
Event: 25.266 Thread 0x000001fd13821c00 Exception <a 'java/lang/NoSuchMethodError'{0x00000000eb49aab0}: 'java.lang.Object java.lang.invoke.DirectMethodHandle$Holder.invokeSpecialIFC(java.lang.Object, java.lang.Object, java.lang.Object, java.lang.Object)'> (0x00000000eb49aab0) 
thrown [s\src\hotspot\share\interpreter\linkResolver.cpp, line 773]

ZGC Phase Switch (0 events):
No events

VM Operations (20 events):
Event: 24.434 Executing VM operation: CollectForMetadataAllocation (Metadata GC Threshold) done
Event: 24.572 Executing VM operation: ParallelGCFailedAllocation (Allocation Failure)
Event: 24.573 Executing VM operation: ParallelGCFailedAllocation (Allocation Failure) done
Event: 24.722 Executing VM operation: ParallelGCFailedAllocation (Allocation Failure)
Event: 24.723 Executing VM operation: ParallelGCFailedAllocation (Allocation Failure) done
Event: 24.828 Executing VM operation: HandshakeAllThreads (Deoptimize)
Event: 24.828 Executing VM operation: HandshakeAllThreads (Deoptimize) done
Event: 24.905 Executing VM operation: HandshakeAllThreads (Deoptimize)
Event: 24.905 Executing VM operation: HandshakeAllThreads (Deoptimize) done
Event: 24.917 Executing VM operation: ParallelGCFailedAllocation (Allocation Failure)
Event: 24.919 Executing VM operation: ParallelGCFailedAllocation (Allocation Failure) done
Event: 24.982 Executing VM operation: HandshakeAllThreads (Deoptimize)
Event: 24.982 Executing VM operation: HandshakeAllThreads (Deoptimize) done
Event: 25.007 Executing VM operation: HandshakeAllThreads (Deoptimize)
Event: 25.007 Executing VM operation: HandshakeAllThreads (Deoptimize) done
Event: 25.179 Executing VM operation: ParallelGCFailedAllocation (Allocation Failure)
Event: 25.181 Executing VM operation: ParallelGCFailedAllocation (Allocation Failure) done
Event: 25.217 Executing VM operation: HandshakeAllThreads (Deoptimize)
Event: 25.217 Executing VM operation: HandshakeAllThreads (Deoptimize) done
Event: 26.221 Executing VM operation: Cleanup

Memory protections (0 events):
No events

Nmethod flushes (0 events):
No events

Events (20 events):
Event: 23.485 Thread 0x000001fccb889c50 Thread added: 0x000001fd0eb6dc70
Event: 23.652 Thread 0x000001fd130a1390 Thread added: 0x000001fd138249f0
Event: 24.010 Thread 0x000001fd130a1390 Thread added: 0x000001fd13822920
Event: 24.035 Thread 0x000001fd130a1390 Thread added: 0x000001fd13822fb0
Event: 24.056 Thread 0x000001fd130a1390 Thread added: 0x000001fd13823cd0
Event: 24.543 Thread 0x000001fd0eb6dc70 Thread added: 0x000001fd13a89e30
Event: 24.894 Thread 0x000001fd130a1390 Thread added: 0x000001fd13821570
Event: 25.126 Thread 0x000001fd13823cd0 Thread added: 0x000001fd13825080
Event: 25.147 Thread 0x000001fd13825080 Thread added: 0x000001fd13821c00
Event: 25.174 Thread 0x000001fcb749cf70 Thread added: 0x000001fd13827150
Event: 25.174 Thread 0x000001fcb749cf70 Thread added: 0x000001fd138277e0
Event: 25.174 Thread 0x000001fcb749cf70 Thread added: 0x000001fd13825da0
Event: 25.174 Thread 0x000001fcb749cf70 Thread added: 0x000001fd13827e70
Event: 25.174 Thread 0x000001fcb749cf70 Thread added: 0x000001fd13826ac0
Event: 25.174 Thread 0x000001fcb749cf70 Thread added: 0x000001fd13825710
Event: 25.174 Thread 0x000001fcb749cf70 Thread added: 0x000001fd13828500
Event: 25.175 Thread 0x000001fcb749cf70 Thread added: 0x000001fd13828b90
Event: 25.175 Thread 0x000001fcb749cf70 Thread added: 0x000001fd13826430
Event: 25.192 Thread 0x000001fcb749cf70 Thread added: 0x000001fd130a2740
Event: 26.301 Thread 0x000001fd13823cd0 Thread added: 0x000001fd130a1a20


Dynamic libraries:
0x00007ff681350000 - 0x00007ff68135e000 	c:\Users\DELL\.vscode\extensions\redhat.java-1.42.0-win32-x64\jre\21.0.7-win32-x86_64\bin\java.exe
0x00007ffad1400000 - 0x00007ffad1666000 	C:\WINDOWS\SYSTEM32\ntdll.dll
0x00007ffad10e0000 - 0x00007ffad11a9000 	C:\WINDOWS\System32\KERNEL32.DLL
0x00007fface700000 - 0x00007ffaceacc000 	C:\WINDOWS\System32\KERNELBASE.dll
0x00007ffacead0000 - 0x00007ffacec1b000 	C:\WINDOWS\System32\ucrtbase.dll
0x00007ffacb070000 - 0x00007ffacb088000 	c:\Users\DELL\.vscode\extensions\redhat.java-1.42.0-win32-x64\jre\21.0.7-win32-x86_64\bin\jli.dll
0x00007ffacf390000 - 0x00007ffacf55a000 	C:\WINDOWS\System32\USER32.dll
0x00007fface6d0000 - 0x00007fface6f7000 	C:\WINDOWS\System32\win32u.dll
0x00007ffad1070000 - 0x00007ffad109b000 	C:\WINDOWS\System32\GDI32.dll
0x00007fface590000 - 0x00007fface6c2000 	C:\WINDOWS\System32\gdi32full.dll
0x00007ffacece0000 - 0x00007ffaced83000 	C:\WINDOWS\System32\msvcp_win.dll
0x00007ffac9120000 - 0x00007ffac913e000 	c:\Users\DELL\.vscode\extensions\redhat.java-1.42.0-win32-x64\jre\21.0.7-win32-x86_64\bin\VCRUNTIME140.dll
0x00007ffab76a0000 - 0x00007ffab793a000 	C:\WINDOWS\WinSxS\amd64_microsoft.windows.common-controls_6595b64144ccf1df_6.0.26100.3912_none_3e07963ce335137e\COMCTL32.dll
0x00007ffad00b0000 - 0x00007ffad0159000 	C:\WINDOWS\System32\msvcrt.dll
0x00007ffad06b0000 - 0x00007ffad06e0000 	C:\WINDOWS\System32\IMM32.DLL
0x00007ffacb100000 - 0x00007ffacb10c000 	c:\Users\DELL\.vscode\extensions\redhat.java-1.42.0-win32-x64\jre\21.0.7-win32-x86_64\bin\vcruntime140_1.dll
0x00007ffaad440000 - 0x00007ffaad4cd000 	c:\Users\DELL\.vscode\extensions\redhat.java-1.42.0-win32-x64\jre\21.0.7-win32-x86_64\bin\msvcp140.dll
0x00007ffa747f0000 - 0x00007ffa75580000 	c:\Users\DELL\.vscode\extensions\redhat.java-1.42.0-win32-x64\jre\21.0.7-win32-x86_64\bin\server\jvm.dll
0x00007ffacfc60000 - 0x00007ffacfd12000 	C:\WINDOWS\System32\ADVAPI32.dll
0x00007ffacf8f0000 - 0x00007ffacf996000 	C:\WINDOWS\System32\sechost.dll
0x00007ffacf1c0000 - 0x00007ffacf2d6000 	C:\WINDOWS\System32\RPCRT4.dll
0x00007ffad0ff0000 - 0x00007ffad1064000 	C:\WINDOWS\System32\WS2_32.dll
0x00007ffacd1c0000 - 0x00007ffacd21e000 	C:\WINDOWS\SYSTEM32\POWRPROF.dll
0x00007ffac73b0000 - 0x00007ffac73e6000 	C:\WINDOWS\SYSTEM32\WINMM.dll
0x00007ffac52d0000 - 0x00007ffac52db000 	C:\WINDOWS\SYSTEM32\VERSION.dll
0x00007ffacd1a0000 - 0x00007ffacd1b4000 	C:\WINDOWS\SYSTEM32\UMPDC.dll
0x00007ffacd470000 - 0x00007ffacd48a000 	C:\WINDOWS\SYSTEM32\kernel.appcore.dll
0x00007ffac4ff0000 - 0x00007ffac4ffa000 	c:\Users\DELL\.vscode\extensions\redhat.java-1.42.0-win32-x64\jre\21.0.7-win32-x86_64\bin\jimage.dll
0x00007ffacbc30000 - 0x00007ffacbe71000 	C:\WINDOWS\SYSTEM32\DBGHELP.DLL
0x00007ffacfd20000 - 0x00007ffad00a4000 	C:\WINDOWS\System32\combase.dll
0x00007ffacf9c0000 - 0x00007ffacfaa0000 	C:\WINDOWS\System32\OLEAUT32.dll
0x00007ffab6840000 - 0x00007ffab6879000 	C:\WINDOWS\SYSTEM32\dbgcore.DLL
0x00007ffaced90000 - 0x00007ffacee29000 	C:\WINDOWS\System32\bcryptPrimitives.dll
0x00007ffac09c0000 - 0x00007ffac09cf000 	c:\Users\DELL\.vscode\extensions\redhat.java-1.42.0-win32-x64\jre\21.0.7-win32-x86_64\bin\instrument.dll
0x00007ffabe6a0000 - 0x00007ffabe6bf000 	c:\Users\DELL\.vscode\extensions\redhat.java-1.42.0-win32-x64\jre\21.0.7-win32-x86_64\bin\java.dll
0x00007ffad06f0000 - 0x00007ffad0e1d000 	C:\WINDOWS\System32\SHELL32.dll
0x00007ffacefb0000 - 0x00007ffacf124000 	C:\WINDOWS\System32\wintypes.dll
0x00007ffacc200000 - 0x00007ffacca56000 	C:\WINDOWS\SYSTEM32\windows.storage.dll
0x00007ffacf560000 - 0x00007ffacf64f000 	C:\WINDOWS\System32\SHCORE.dll
0x00007ffad01b0000 - 0x00007ffad0219000 	C:\WINDOWS\System32\shlwapi.dll
0x00007fface4a0000 - 0x00007fface4cf000 	C:\WINDOWS\SYSTEM32\profapi.dll
0x00007ffabd750000 - 0x00007ffabd768000 	c:\Users\DELL\.vscode\extensions\redhat.java-1.42.0-win32-x64\jre\21.0.7-win32-x86_64\bin\zip.dll
0x00007ffac09b0000 - 0x00007ffac09c0000 	C:\Users\DELL\.vscode\extensions\redhat.java-1.42.0-win32-x64\jre\21.0.7-win32-x86_64\bin\net.dll
0x00007ffac7250000 - 0x00007ffac736e000 	C:\WINDOWS\SYSTEM32\WINHTTP.dll
0x00007ffacd9e0000 - 0x00007ffacda4a000 	C:\WINDOWS\system32\mswsock.dll
0x00007ffabd790000 - 0x00007ffabd7a6000 	C:\Users\DELL\.vscode\extensions\redhat.java-1.42.0-win32-x64\jre\21.0.7-win32-x86_64\bin\nio.dll
0x00007ffabe520000 - 0x00007ffabe530000 	c:\Users\DELL\.vscode\extensions\redhat.java-1.42.0-win32-x64\jre\21.0.7-win32-x86_64\bin\verify.dll
0x00007ffaace70000 - 0x00007ffaaceb5000 	C:\Users\DELL\AppData\Roaming\Code\User\globalStorage\redhat.java\1.42.0\config_win\org.eclipse.equinox.launcher\org.eclipse.equinox.launcher.win32.win32.x86_64_1.2.1300.v20250331-1702\eclipse_11911.dll
0x00007ffacfab0000 - 0x00007ffacfc4f000 	C:\WINDOWS\System32\ole32.dll
0x00007ffacdc80000 - 0x00007ffacdc9c000 	C:\WINDOWS\SYSTEM32\CRYPTSP.dll
0x00007ffacd3d0000 - 0x00007ffacd40a000 	C:\WINDOWS\system32\rsaenh.dll
0x00007ffacda80000 - 0x00007ffacdaab000 	C:\WINDOWS\SYSTEM32\USERENV.dll
0x00007fface470000 - 0x00007fface496000 	C:\WINDOWS\SYSTEM32\bcrypt.dll
0x00007ffacdca0000 - 0x00007ffacdcac000 	C:\WINDOWS\SYSTEM32\CRYPTBASE.dll
0x00007ffacce50000 - 0x00007ffacce83000 	C:\WINDOWS\SYSTEM32\IPHLPAPI.DLL
0x00007ffacf9a0000 - 0x00007ffacf9aa000 	C:\WINDOWS\System32\NSI.dll
0x00007ffaacda0000 - 0x00007ffaacde9000 	C:\Users\DELL\AppData\Local\Temp\jna-2094529\jna3436788387062361142.dll
0x00007ffad11b0000 - 0x00007ffad11b8000 	C:\WINDOWS\System32\PSAPI.DLL
0x00007ffac8b10000 - 0x00007ffac8b2f000 	C:\WINDOWS\SYSTEM32\dhcpcsvc6.DLL
0x00007ffac8a70000 - 0x00007ffac8a95000 	C:\WINDOWS\SYSTEM32\dhcpcsvc.DLL

dbghelp: loaded successfully - version: 4.0.5 - missing functions: none
symbol engine: initialized successfully - sym options: 0x614 - pdb path: .;c:\Users\DELL\.vscode\extensions\redhat.java-1.42.0-win32-x64\jre\21.0.7-win32-x86_64\bin;C:\WINDOWS\SYSTEM32;C:\WINDOWS\WinSxS\amd64_microsoft.windows.common-controls_6595b64144ccf1df_6.0.26100.3912_none_3e07963ce335137e;c:\Users\DELL\.vscode\extensions\redhat.java-1.42.0-win32-x64\jre\21.0.7-win32-x86_64\bin\server;C:\Users\DELL\AppData\Roaming\Code\User\globalStorage\redhat.java\1.42.0\config_win\org.eclipse.equinox.launcher\org.eclipse.equinox.launcher.win32.win32.x86_64_1.2.1300.v20250331-1702;C:\Users\DELL\AppData\Local\Temp\jna-2094529

VM Arguments:
jvm_args: --add-modules=ALL-SYSTEM --add-opens=java.base/java.util=ALL-UNNAMED --add-opens=java.base/java.lang=ALL-UNNAMED --add-opens=java.base/sun.nio.fs=ALL-UNNAMED -Declipse.application=org.eclipse.jdt.ls.core.id1 -Dosgi.bundles.defaultStartLevel=4 -Declipse.product=org.eclipse.jdt.ls.core.product -Djava.import.generatesMetadataFilesAtProjectRoot=false -DDetectVMInstallationsJob.disabled=true -Dfile.encoding=utf8 -XX:+UseParallelGC -XX:GCTimeRatio=4 -XX:AdaptiveSizePolicyWeight=90 -Dsun.zip.disableMemoryMapping=true -Xmx1G -Xms100m -Xlog:disable -javaagent:c:\Users\DELL\.vscode\extensions\redhat.java-1.42.0-win32-x64\lombok\lombok-1.18.36.jar -XX:+HeapDumpOnOutOfMemoryError -XX:HeapDumpPath=c:\Users\DELL\AppData\Roaming\Code\User\workspaceStorage\3445d51e809f9ea81cb50ad7f9c6bd4c\redhat.java -Daether.dependencyCollector.impl=bf 
java_command: c:\Users\DELL\.vscode\extensions\redhat.java-1.42.0-win32-x64\server\plugins\org.eclipse.equinox.launcher_1.7.0.v20250424-1814.jar -configuration c:\Users\DELL\AppData\Roaming\Code\User\globalStorage\redhat.java\1.42.0\config_win -data c:\Users\DELL\AppData\Roaming\Code\User\workspaceStorage\3445d51e809f9ea81cb50ad7f9c6bd4c\redhat.java\jdt_ws --pipe=\\.\pipe\lsp-da557e2fa8e0a11c6955902f6108ad0b-sock
java_class_path (initial): c:\Users\DELL\.vscode\extensions\redhat.java-1.42.0-win32-x64\server\plugins\org.eclipse.equinox.launcher_1.7.0.v20250424-1814.jar
Launcher Type: SUN_STANDARD

[Global flags]
    uintx AdaptiveSizePolicyWeight                 = 90                                        {product} {command line}
     intx CICompilerCount                          = 4                                         {product} {ergonomic}
    uintx GCTimeRatio                              = 4                                         {product} {command line}
     bool HeapDumpOnOutOfMemoryError               = true                                   {manageable} {command line}
    ccstr HeapDumpPath                             = c:\Users\DELL\AppData\Roaming\Code\User\workspaceStorage\3445d51e809f9ea81cb50ad7f9c6bd4c\redhat.java         {manageable} {command line}
   size_t InitialHeapSize                          = 104857600                                 {product} {command line}
   size_t MaxHeapSize                              = 1073741824                                {product} {command line}
   size_t MaxNewSize                               = 357564416                                 {product} {ergonomic}
   size_t MinHeapDeltaBytes                        = 524288                                    {product} {ergonomic}
   size_t MinHeapSize                              = 104857600                                 {product} {command line}
   size_t NewSize                                  = 34603008                                  {product} {ergonomic}
    uintx NonNMethodCodeHeapSize                   = 5839372                                {pd product} {ergonomic}
    uintx NonProfiledCodeHeapSize                  = 122909434                              {pd product} {ergonomic}
   size_t OldSize                                  = 70254592                                  {product} {ergonomic}
    uintx ProfiledCodeHeapSize                     = 122909434                              {pd product} {ergonomic}
    uintx ReservedCodeCacheSize                    = 251658240                              {pd product} {ergonomic}
     bool SegmentedCodeCache                       = true                                      {product} {ergonomic}
   size_t SoftMaxHeapSize                          = 1073741824                             {manageable} {ergonomic}
     bool UseCompressedOops                        = true                           {product lp64_product} {ergonomic}
     bool UseLargePagesIndividualAllocation        = false                                  {pd product} {ergonomic}
     bool UseParallelGC                            = true                                      {product} {command line}

Logging:
Log output configuration:
 #0: stdout all=off uptime,level,tags foldmultilines=false
 #1: stderr all=off uptime,level,tags foldmultilines=false

Environment Variables:
JAVA_HOME=C:\Program Files\Java\jdk-17\
CLASSPATH=C:\Program Files\Java\jdk-22\lib\sqlite-jdbc-3.34.0.jar
PATH=C:\Program Files\Python312\Scripts\;C:\Program Files\Python312\;C:\Program Files\Common Files\Oracle\Java\javapath;C:\WINDOWS\system32;C:\WINDOWS;C:\WINDOWS\System32\Wbem;C:\WINDOWS\System32\WindowsPowerShell\v1.0\;C:\WINDOWS\System32\OpenSSH\;C:\Program Files\Java\jdk-22\bin;C:\Program Files\Git\cmd;C:\Program Files\nodejs\;C:\Program Files\Java\jdk-17\bin;C:\Program Files\MySQL\MySQL Shell 8.0\bin\;C:\Users\DELL\AppData\Local\Microsoft\WindowsApps;C:\Users\DELL\AppData\Local\Programs\Microsoft VS Code\bin;C:\Users\DELL\AppData\Local\Microsoft\WinGet\Packages\Schniz.fnm_Microsoft.Winget.Source_8wekyb3d8bbwe;C:\Users\DELL\AppData\Roaming\npm;C:\Users\DELL\AppData\Local\Pub\Cache\bin;E:\Mongosh\;C:\Flutter\src\flutter\bin;
USERNAME=DELL
OS=Windows_NT
PROCESSOR_IDENTIFIER=Intel64 Family 6 Model 140 Stepping 1, GenuineIntel
TMP=C:\Users\DELL\AppData\Local\Temp
TEMP=C:\Users\DELL\AppData\Local\Temp




Periodic native trim disabled

---------------  S Y S T E M  ---------------

OS:
 Windows 11 , 64 bit Build 26100 (10.0.26100.3912)
OS uptime: 0 days 1:57 hours
Hyper-V role detected

CPU: total 8 (initial active 8) (4 cores per cpu, 2 threads per core) family 6 model 140 stepping 1 microcode 0xbc, cx8, cmov, fxsr, ht, mmx, 3dnowpref, sse, sse2, sse3, ssse3, sse4.1, sse4.2, popcnt, lzcnt, tsc, tscinvbit, avx, avx2, aes, erms, clmul, bmi1, bmi2, adx, avx512f, avx512dq, avx512cd, avx512bw, avx512vl, sha, fma, vzeroupper, avx512_vpopcntdq, avx512_vpclmulqdq, avx512_vaes, avx512_vnni, clflush, clflushopt, clwb, avx512_vbmi2, avx512_vbmi, hv, rdtscp, rdpid, fsrm, gfni, avx512_bitalg, f16c, cet_ibt, cet_ss, avx512_ifma
Processor Information for the first 8 processors :
  Max Mhz: 2419, Current Mhz: 2419, Mhz Limit: 2419

Memory: 4k page, system-wide physical 7926M (1724M free)
TotalPageFile size 7926M (AvailPageFile size 14M)
current process WorkingSet (physical memory assigned to process): 202M, peak: 202M
current process commit charge ("private bytes"): 293M, peak: 293M

vm_info: OpenJDK 64-Bit Server VM (21.0.7+6-LTS) for windows-amd64 JRE (21.0.7+6-LTS), built on 2025-04-15T00:00:00Z by "admin" with MS VC++ 17.7 (VS2022)

END.
